[2025-07-11T20:28:53.828+0000] {local_task_job_runner.py:120} INFO - ::group::Pre task execution logs
[2025-07-11T20:28:53.932+0000] {taskinstance.py:2076} INFO - Dependencies all met for dep_context=non-requeueable deps ti=<TaskInstance: daily_github_inference.cleanup_old_files manual__2025-07-11T20:28:33.112389+00:00 [queued]>
[2025-07-11T20:28:53.972+0000] {taskinstance.py:2076} INFO - Dependencies all met for dep_context=requeueable deps ti=<TaskInstance: daily_github_inference.cleanup_old_files manual__2025-07-11T20:28:33.112389+00:00 [queued]>
[2025-07-11T20:28:53.973+0000] {taskinstance.py:2306} INFO - Starting attempt 1 of 2
[2025-07-11T20:28:53.996+0000] {taskinstance.py:2330} INFO - Executing <Task(PythonOperator): cleanup_old_files> on 2025-07-11 20:28:33.112389+00:00
[2025-07-11T20:28:54.005+0000] {logging_mixin.py:188} WARNING - /home/***/.local/lib/python3.12/site-packages/***/task/task_runner/standard_task_runner.py:61 DeprecationWarning: This process (pid=237) is multi-threaded, use of fork() may lead to deadlocks in the child.
[2025-07-11T20:28:54.006+0000] {standard_task_runner.py:63} INFO - Started process 241 to run task
[2025-07-11T20:28:54.005+0000] {standard_task_runner.py:90} INFO - Running: ['***', 'tasks', 'run', 'daily_github_inference', 'cleanup_old_files', 'manual__2025-07-11T20:28:33.112389+00:00', '--job-id', '121', '--raw', '--subdir', 'DAGS_FOLDER/daily_github_inference.py', '--cfg-path', '/tmp/tmptp2da91t']
[2025-07-11T20:28:54.007+0000] {standard_task_runner.py:91} INFO - Job 121: Subtask cleanup_old_files
[2025-07-11T20:28:54.019+0000] {logging_mixin.py:188} WARNING - /home/***/.local/lib/python3.12/site-packages/***/settings.py:195 DeprecationWarning: The sql_alchemy_conn option in [core] has been moved to the sql_alchemy_conn option in [database] - the old setting has been used, but please update your config.
[2025-07-11T20:28:54.044+0000] {task_command.py:426} INFO - Running <TaskInstance: daily_github_inference.cleanup_old_files manual__2025-07-11T20:28:33.112389+00:00 [running]> on host 3e5763139738
[2025-07-11T20:28:54.286+0000] {taskinstance.py:2648} INFO - Exporting env vars: AIRFLOW_CTX_DAG_OWNER='rajat' AIRFLOW_CTX_DAG_ID='daily_github_inference' AIRFLOW_CTX_TASK_ID='cleanup_old_files' AIRFLOW_CTX_EXECUTION_DATE='2025-07-11T20:28:33.112389+00:00' AIRFLOW_CTX_TRY_NUMBER='1' AIRFLOW_CTX_DAG_RUN_ID='manual__2025-07-11T20:28:33.112389+00:00'
[2025-07-11T20:28:54.288+0000] {taskinstance.py:430} INFO - ::endgroup::
[2025-07-11T20:28:54.357+0000] {logging_mixin.py:188} INFO - [CLEANUP] Deleted 3 old files.
[2025-07-11T20:28:54.358+0000] {logging_mixin.py:188} INFO -  - data/raw/2025-07-07-15.json.gz
[2025-07-11T20:28:54.358+0000] {logging_mixin.py:188} INFO -  - data/features/actor_predictions_2025-07-07-15.parquet
[2025-07-11T20:28:54.358+0000] {logging_mixin.py:188} INFO -  - data/features/actor_features_2025-07-07-15.parquet
[2025-07-11T20:28:54.359+0000] {logging_mixin.py:188} INFO - [CLEANUP] Retained timestamps: ['2025-07-08-15', '2025-07-09-15', '2025-07-10-15']
[2025-07-11T20:28:54.359+0000] {python.py:237} INFO - Done. Returned value was: None
[2025-07-11T20:28:54.362+0000] {taskinstance.py:441} INFO - ::group::Post task execution logs
[2025-07-11T20:28:54.371+0000] {taskinstance.py:1206} INFO - Marking task as SUCCESS. dag_id=daily_github_inference, task_id=cleanup_old_files, run_id=manual__2025-07-11T20:28:33.112389+00:00, execution_date=20250711T202833, start_date=20250711T202853, end_date=20250711T202854
[2025-07-11T20:28:54.424+0000] {local_task_job_runner.py:240} INFO - Task exited with return code 0
[2025-07-11T20:28:54.456+0000] {taskinstance.py:3498} INFO - 0 downstream tasks scheduled from follow-on schedule check
[2025-07-11T20:28:54.462+0000] {local_task_job_runner.py:222} INFO - ::endgroup::
