[2025-07-04T11:37:20.421+0000] {local_task_job_runner.py:120} INFO - ::group::Pre task execution logs
[2025-07-04T11:37:20.460+0000] {taskinstance.py:2076} INFO - Dependencies all met for dep_context=non-requeueable deps ti=<TaskInstance: daily_github_inference.run_inference manual__2025-07-04T11:37:18.988421+00:00 [queued]>
[2025-07-04T11:37:20.469+0000] {taskinstance.py:2076} INFO - Dependencies all met for dep_context=requeueable deps ti=<TaskInstance: daily_github_inference.run_inference manual__2025-07-04T11:37:18.988421+00:00 [queued]>
[2025-07-04T11:37:20.469+0000] {taskinstance.py:2306} INFO - Starting attempt 1 of 2
[2025-07-04T11:37:20.483+0000] {taskinstance.py:2330} INFO - Executing <Task(PythonOperator): run_inference> on 2025-07-04 11:37:18.988421+00:00
[2025-07-04T11:37:20.501+0000] {logging_mixin.py:188} WARNING - /home/***/.local/lib/python3.12/site-packages/***/task/task_runner/standard_task_runner.py:61 DeprecationWarning: This process (pid=183) is multi-threaded, use of fork() may lead to deadlocks in the child.
[2025-07-04T11:37:20.502+0000] {standard_task_runner.py:63} INFO - Started process 185 to run task
[2025-07-04T11:37:20.500+0000] {standard_task_runner.py:90} INFO - Running: ['***', 'tasks', 'run', 'daily_github_inference', 'run_inference', 'manual__2025-07-04T11:37:18.988421+00:00', '--job-id', '2', '--raw', '--subdir', 'DAGS_FOLDER/inference_dag.py', '--cfg-path', '/tmp/tmp_2wv6lty']
[2025-07-04T11:37:20.504+0000] {standard_task_runner.py:91} INFO - Job 2: Subtask run_inference
[2025-07-04T11:37:20.526+0000] {logging_mixin.py:188} WARNING - /home/***/.local/lib/python3.12/site-packages/***/settings.py:195 DeprecationWarning: The sql_alchemy_conn option in [core] has been moved to the sql_alchemy_conn option in [database] - the old setting has been used, but please update your config.
[2025-07-04T11:37:20.566+0000] {task_command.py:426} INFO - Running <TaskInstance: daily_github_inference.run_inference manual__2025-07-04T11:37:18.988421+00:00 [running]> on host 575da08c5502
[2025-07-04T11:37:20.679+0000] {taskinstance.py:2648} INFO - Exporting env vars: AIRFLOW_CTX_DAG_OWNER='rajat' AIRFLOW_CTX_DAG_ID='daily_github_inference' AIRFLOW_CTX_TASK_ID='run_inference' AIRFLOW_CTX_EXECUTION_DATE='2025-07-04T11:37:18.988421+00:00' AIRFLOW_CTX_TRY_NUMBER='1' AIRFLOW_CTX_DAG_RUN_ID='manual__2025-07-04T11:37:18.988421+00:00'
[2025-07-04T11:37:20.679+0000] {taskinstance.py:430} INFO - ::endgroup::
[2025-07-04T11:37:22.947+0000] {taskinstance.py:441} INFO - ::group::Post task execution logs
[2025-07-04T11:37:22.947+0000] {taskinstance.py:2905} ERROR - Task failed with exception
Traceback (most recent call last):
  File "/home/airflow/.local/lib/python3.12/site-packages/airflow/models/taskinstance.py", line 465, in _execute_task
    result = _execute_callable(context=context, **execute_callable_kwargs)
             ^^^^^^^^^^^^^^^^^^^^^^^^^^^^^^^^^^^^^^^^^^^^^^^^^^^^^^^^^^^^^
  File "/home/airflow/.local/lib/python3.12/site-packages/airflow/models/taskinstance.py", line 432, in _execute_callable
    return execute_callable(context=context, **execute_callable_kwargs)
           ^^^^^^^^^^^^^^^^^^^^^^^^^^^^^^^^^^^^^^^^^^^^^^^^^^^^^^^^^^^^
  File "/home/airflow/.local/lib/python3.12/site-packages/airflow/models/baseoperator.py", line 400, in wrapper
    return func(self, *args, **kwargs)
           ^^^^^^^^^^^^^^^^^^^^^^^^^^^
  File "/home/airflow/.local/lib/python3.12/site-packages/airflow/operators/python.py", line 235, in execute
    return_value = self.execute_callable()
                   ^^^^^^^^^^^^^^^^^^^^^^^
  File "/home/airflow/.local/lib/python3.12/site-packages/airflow/operators/python.py", line 252, in execute_callable
    return self.python_callable(*self.op_args, **self.op_kwargs)
           ^^^^^^^^^^^^^^^^^^^^^^^^^^^^^^^^^^^^^^^^^^^^^^^^^^^^^
  File "/opt/airflow/github_pipeline/inference.py", line 5, in run_inference
    import joblib
ModuleNotFoundError: No module named 'joblib'
[2025-07-04T11:37:22.959+0000] {taskinstance.py:1206} INFO - Marking task as UP_FOR_RETRY. dag_id=daily_github_inference, task_id=run_inference, run_id=manual__2025-07-04T11:37:18.988421+00:00, execution_date=20250704T113718, start_date=20250704T113720, end_date=20250704T113722
[2025-07-04T11:37:22.972+0000] {standard_task_runner.py:110} ERROR - Failed to execute job 2 for task run_inference (No module named 'joblib'; 185)
[2025-07-04T11:37:22.989+0000] {local_task_job_runner.py:240} INFO - Task exited with return code 1
[2025-07-04T11:37:23.006+0000] {taskinstance.py:3498} INFO - 0 downstream tasks scheduled from follow-on schedule check
[2025-07-04T11:37:23.008+0000] {local_task_job_runner.py:222} INFO - ::endgroup::
