[2025-07-11T20:18:14.638+0000] {local_task_job_runner.py:120} INFO - ::group::Pre task execution logs
[2025-07-11T20:18:14.678+0000] {taskinstance.py:2076} INFO - Dependencies all met for dep_context=non-requeueable deps ti=<TaskInstance: daily_github_inference.run_feature_engineering scheduled__2025-07-10T00:00:00+00:00 [queued]>
[2025-07-11T20:18:14.687+0000] {taskinstance.py:2076} INFO - Dependencies all met for dep_context=requeueable deps ti=<TaskInstance: daily_github_inference.run_feature_engineering scheduled__2025-07-10T00:00:00+00:00 [queued]>
[2025-07-11T20:18:14.687+0000] {taskinstance.py:2306} INFO - Starting attempt 1 of 2
[2025-07-11T20:18:14.704+0000] {taskinstance.py:2330} INFO - Executing <Task(PythonOperator): run_feature_engineering> on 2025-07-10 00:00:00+00:00
[2025-07-11T20:18:14.715+0000] {logging_mixin.py:188} WARNING - /home/***/.local/lib/python3.12/site-packages/***/task/task_runner/standard_task_runner.py:61 DeprecationWarning: This process (pid=194) is multi-threaded, use of fork() may lead to deadlocks in the child.
[2025-07-11T20:18:14.716+0000] {standard_task_runner.py:63} INFO - Started process 198 to run task
[2025-07-11T20:18:14.717+0000] {standard_task_runner.py:90} INFO - Running: ['***', 'tasks', 'run', 'daily_github_inference', 'run_feature_engineering', 'scheduled__2025-07-10T00:00:00+00:00', '--job-id', '109', '--raw', '--subdir', 'DAGS_FOLDER/daily_github_inference.py', '--cfg-path', '/tmp/tmp4tlnq6hw']
[2025-07-11T20:18:14.720+0000] {standard_task_runner.py:91} INFO - Job 109: Subtask run_feature_engineering
[2025-07-11T20:18:14.739+0000] {logging_mixin.py:188} WARNING - /home/***/.local/lib/python3.12/site-packages/***/settings.py:195 DeprecationWarning: The sql_alchemy_conn option in [core] has been moved to the sql_alchemy_conn option in [database] - the old setting has been used, but please update your config.
[2025-07-11T20:18:14.779+0000] {task_command.py:426} INFO - Running <TaskInstance: daily_github_inference.run_feature_engineering scheduled__2025-07-10T00:00:00+00:00 [running]> on host 67f854b37ae3
[2025-07-11T20:18:14.877+0000] {taskinstance.py:2648} INFO - Exporting env vars: AIRFLOW_CTX_DAG_OWNER='rajat' AIRFLOW_CTX_DAG_ID='daily_github_inference' AIRFLOW_CTX_TASK_ID='run_feature_engineering' AIRFLOW_CTX_EXECUTION_DATE='2025-07-10T00:00:00+00:00' AIRFLOW_CTX_TRY_NUMBER='1' AIRFLOW_CTX_DAG_RUN_ID='scheduled__2025-07-10T00:00:00+00:00'
[2025-07-11T20:18:14.878+0000] {taskinstance.py:430} INFO - ::endgroup::
[2025-07-11T20:18:18.257+0000] {logging_mixin.py:188} INFO - [INFO] Saved engineered features to: local → features/actor_features_2025-07-09-15.parquet
[2025-07-11T20:18:18.266+0000] {logging_mixin.py:188} INFO -            actor            timestamp_hour  ...  fork_count  repo_diversity
0      0-9-10-12 2025-07-09 15:00:00+00:00  ...           0               1
1         0-skar 2025-07-09 15:00:00+00:00  ...           0               1
2  0000MAILY1111 2025-07-09 15:00:00+00:00  ...           0               1
3          000RF 2025-07-09 15:00:00+00:00  ...           0               1
4     0011Ashwin 2025-07-09 15:00:00+00:00  ...           0               1

[5 rows x 7 columns]
[2025-07-11T20:18:18.268+0000] {python.py:237} INFO - Done. Returned value was: None
[2025-07-11T20:18:18.268+0000] {taskinstance.py:441} INFO - ::group::Post task execution logs
[2025-07-11T20:18:18.277+0000] {taskinstance.py:1206} INFO - Marking task as SUCCESS. dag_id=daily_github_inference, task_id=run_feature_engineering, run_id=scheduled__2025-07-10T00:00:00+00:00, execution_date=20250710T000000, start_date=20250711T201814, end_date=20250711T201818
[2025-07-11T20:18:18.330+0000] {local_task_job_runner.py:240} INFO - Task exited with return code 0
[2025-07-11T20:18:18.366+0000] {taskinstance.py:3498} INFO - 1 downstream tasks scheduled from follow-on schedule check
[2025-07-11T20:18:18.368+0000] {local_task_job_runner.py:222} INFO - ::endgroup::
