[2025-07-11T20:17:49.810+0000] {local_task_job_runner.py:120} INFO - ::group::Pre task execution logs
[2025-07-11T20:17:49.950+0000] {taskinstance.py:2076} INFO - Dependencies all met for dep_context=non-requeueable deps ti=<TaskInstance: daily_github_inference.download_and_parse_github_data scheduled__2025-07-10T00:00:00+00:00 [queued]>
[2025-07-11T20:17:49.984+0000] {taskinstance.py:2076} INFO - Dependencies all met for dep_context=requeueable deps ti=<TaskInstance: daily_github_inference.download_and_parse_github_data scheduled__2025-07-10T00:00:00+00:00 [queued]>
[2025-07-11T20:17:49.984+0000] {taskinstance.py:2306} INFO - Starting attempt 1 of 2
[2025-07-11T20:17:50.015+0000] {taskinstance.py:2330} INFO - Executing <Task(PythonOperator): download_and_parse_github_data> on 2025-07-10 00:00:00+00:00
[2025-07-11T20:17:50.042+0000] {standard_task_runner.py:90} INFO - Running: ['***', 'tasks', 'run', 'daily_github_inference', 'download_and_parse_github_data', 'scheduled__2025-07-10T00:00:00+00:00', '--job-id', '108', '--raw', '--subdir', 'DAGS_FOLDER/daily_github_inference.py', '--cfg-path', '/tmp/tmp7fxt1731']
[2025-07-11T20:17:50.043+0000] {logging_mixin.py:188} WARNING - /home/***/.local/lib/python3.12/site-packages/***/task/task_runner/standard_task_runner.py:61 DeprecationWarning: This process (pid=167) is multi-threaded, use of fork() may lead to deadlocks in the child.
[2025-07-11T20:17:50.049+0000] {standard_task_runner.py:63} INFO - Started process 174 to run task
[2025-07-11T20:17:50.047+0000] {standard_task_runner.py:91} INFO - Job 108: Subtask download_and_parse_github_data
[2025-07-11T20:17:50.087+0000] {logging_mixin.py:188} WARNING - /home/***/.local/lib/python3.12/site-packages/***/settings.py:195 DeprecationWarning: The sql_alchemy_conn option in [core] has been moved to the sql_alchemy_conn option in [database] - the old setting has been used, but please update your config.
[2025-07-11T20:17:50.194+0000] {task_command.py:426} INFO - Running <TaskInstance: daily_github_inference.download_and_parse_github_data scheduled__2025-07-10T00:00:00+00:00 [running]> on host 67f854b37ae3
[2025-07-11T20:17:50.701+0000] {taskinstance.py:2648} INFO - Exporting env vars: AIRFLOW_CTX_DAG_OWNER='rajat' AIRFLOW_CTX_DAG_ID='daily_github_inference' AIRFLOW_CTX_TASK_ID='download_and_parse_github_data' AIRFLOW_CTX_EXECUTION_DATE='2025-07-10T00:00:00+00:00' AIRFLOW_CTX_TRY_NUMBER='1' AIRFLOW_CTX_DAG_RUN_ID='scheduled__2025-07-10T00:00:00+00:00'
[2025-07-11T20:17:50.702+0000] {taskinstance.py:430} INFO - ::endgroup::
[2025-07-11T20:17:51.295+0000] {logging_mixin.py:188} INFO - [INFO] Starting ingestion for timestamp: 2025-07-09-15
[2025-07-11T20:17:52.575+0000] {logging_mixin.py:188} INFO - [INFO] Downloaded https://data.gharchive.org/2025-07-09-15.json.gz to data/raw/2025-07-09-15.json.gz
[2025-07-11T20:18:12.002+0000] {logging_mixin.py:188} INFO - [INFO] Parsed 100000 events
[2025-07-11T20:18:12.004+0000] {logging_mixin.py:188} INFO - [INFO] Saved structured data to data/processed/2025-07-09-15.parquet
[2025-07-11T20:18:12.061+0000] {python.py:237} INFO - Done. Returned value was: None
[2025-07-11T20:18:12.062+0000] {taskinstance.py:441} INFO - ::group::Post task execution logs
[2025-07-11T20:18:12.084+0000] {taskinstance.py:1206} INFO - Marking task as SUCCESS. dag_id=daily_github_inference, task_id=download_and_parse_github_data, run_id=scheduled__2025-07-10T00:00:00+00:00, execution_date=20250710T000000, start_date=20250711T201749, end_date=20250711T201812
[2025-07-11T20:18:12.185+0000] {local_task_job_runner.py:240} INFO - Task exited with return code 0
[2025-07-11T20:18:12.205+0000] {taskinstance.py:3498} INFO - 1 downstream tasks scheduled from follow-on schedule check
[2025-07-11T20:18:12.206+0000] {local_task_job_runner.py:222} INFO - ::endgroup::
