[2025-07-01T14:18:53.159+0000] {manager.py:469} INFO - Processing files using up to 2 processes at a time 
[2025-07-01T14:18:53.161+0000] {manager.py:470} INFO - Process each file at most once every 30 seconds
[2025-07-01T14:18:53.161+0000] {manager.py:471} INFO - Checking for new files in /opt/airflow/dags every 300 seconds
[2025-07-01T14:18:53.162+0000] {manager.py:738} INFO - Searching for files in /opt/airflow/dags
[2025-07-01T14:18:53.164+0000] {manager.py:741} INFO - There are 2 files in /opt/airflow/dags
[2025-07-01T14:18:53.639+0000] {manager.py:879} INFO - 
================================================================================
DAG File Processing Stats

File Path                              PID  Runtime      # DAGs    # Errors  Last Runtime    Last Run
-----------------------------------  -----  ---------  --------  ----------  --------------  ----------
/opt/airflow/dags/retraining_dag.py    159  0.27s             0           0
/opt/airflow/dags/inference_dag.py     163  0.24s             0           0
================================================================================
[2025-07-01T14:19:24.270+0000] {manager.py:879} INFO - 
================================================================================
DAG File Processing Stats

File Path                            PID    Runtime      # DAGs    # Errors  Last Runtime    Last Run
-----------------------------------  -----  ---------  --------  ----------  --------------  -------------------
/opt/airflow/dags/retraining_dag.py                           0           1  3.77s           2025-07-01T14:18:57
/opt/airflow/dags/inference_dag.py                            1           0  4.80s           2025-07-01T14:18:58
================================================================================
[2025-07-01T14:19:54.781+0000] {manager.py:879} INFO - 
================================================================================
DAG File Processing Stats

File Path                            PID    Runtime      # DAGs    # Errors  Last Runtime    Last Run
-----------------------------------  -----  ---------  --------  ----------  --------------  -------------------
/opt/airflow/dags/retraining_dag.py                           0           1  0.32s           2025-07-01T14:19:27
/opt/airflow/dags/inference_dag.py                            1           0  0.47s           2025-07-01T14:19:28
================================================================================
[2025-07-01T14:20:25.258+0000] {manager.py:879} INFO - 
================================================================================
DAG File Processing Stats

File Path                            PID    Runtime      # DAGs    # Errors  Last Runtime    Last Run
-----------------------------------  -----  ---------  --------  ----------  --------------  -------------------
/opt/airflow/dags/retraining_dag.py                           0           1  0.33s           2025-07-01T14:19:58
/opt/airflow/dags/inference_dag.py                            1           0  0.53s           2025-07-01T14:19:59
================================================================================
[2025-07-01T14:20:55.694+0000] {manager.py:879} INFO - 
================================================================================
DAG File Processing Stats

File Path                            PID    Runtime      # DAGs    # Errors  Last Runtime    Last Run
-----------------------------------  -----  ---------  --------  ----------  --------------  -------------------
/opt/airflow/dags/retraining_dag.py                           0           1  0.31s           2025-07-01T14:20:28
/opt/airflow/dags/inference_dag.py                            1           0  0.46s           2025-07-01T14:20:30
================================================================================
[2025-07-01T14:21:26.163+0000] {manager.py:879} INFO - 
================================================================================
DAG File Processing Stats

File Path                            PID    Runtime      # DAGs    # Errors  Last Runtime    Last Run
-----------------------------------  -----  ---------  --------  ----------  --------------  -------------------
/opt/airflow/dags/retraining_dag.py                           0           1  0.34s           2025-07-01T14:20:59
/opt/airflow/dags/inference_dag.py                            1           0  0.43s           2025-07-01T14:21:00
================================================================================
[2025-07-01T14:21:56.609+0000] {manager.py:879} INFO - 
================================================================================
DAG File Processing Stats

File Path                            PID    Runtime      # DAGs    # Errors  Last Runtime    Last Run
-----------------------------------  -----  ---------  --------  ----------  --------------  -------------------
/opt/airflow/dags/retraining_dag.py                           0           1  0.31s           2025-07-01T14:21:29
/opt/airflow/dags/inference_dag.py                            1           0  0.40s           2025-07-01T14:21:30
================================================================================
[2025-07-01T14:22:27.096+0000] {manager.py:879} INFO - 
================================================================================
DAG File Processing Stats

File Path                            PID    Runtime      # DAGs    # Errors  Last Runtime    Last Run
-----------------------------------  -----  ---------  --------  ----------  --------------  -------------------
/opt/airflow/dags/retraining_dag.py                           0           1  0.35s           2025-07-01T14:21:59
/opt/airflow/dags/inference_dag.py                            1           0  0.40s           2025-07-01T14:22:01
================================================================================
[2025-07-01T14:22:57.564+0000] {manager.py:879} INFO - 
================================================================================
DAG File Processing Stats

File Path                            PID    Runtime      # DAGs    # Errors  Last Runtime    Last Run
-----------------------------------  -----  ---------  --------  ----------  --------------  -------------------
/opt/airflow/dags/retraining_dag.py                           0           1  0.34s           2025-07-01T14:22:30
/opt/airflow/dags/inference_dag.py                            1           0  0.41s           2025-07-01T14:22:31
================================================================================
[2025-07-01T14:23:28.013+0000] {manager.py:879} INFO - 
================================================================================
DAG File Processing Stats

File Path                            PID    Runtime      # DAGs    # Errors  Last Runtime    Last Run
-----------------------------------  -----  ---------  --------  ----------  --------------  -------------------
/opt/airflow/dags/retraining_dag.py                           0           1  0.32s           2025-07-01T14:23:00
/opt/airflow/dags/inference_dag.py                            1           0  0.44s           2025-07-01T14:23:02
================================================================================
[2025-07-01T14:23:53.420+0000] {manager.py:738} INFO - Searching for files in /opt/airflow/dags
[2025-07-01T14:23:53.422+0000] {manager.py:741} INFO - There are 2 files in /opt/airflow/dags
[2025-07-01T14:23:58.450+0000] {manager.py:879} INFO - 
================================================================================
DAG File Processing Stats

File Path                            PID    Runtime      # DAGs    # Errors  Last Runtime    Last Run
-----------------------------------  -----  ---------  --------  ----------  --------------  -------------------
/opt/airflow/dags/retraining_dag.py                           0           1  0.30s           2025-07-01T14:23:31
/opt/airflow/dags/inference_dag.py                            1           0  0.35s           2025-07-01T14:23:33
================================================================================
[2025-07-01T14:24:28.904+0000] {manager.py:879} INFO - 
================================================================================
DAG File Processing Stats

File Path                            PID    Runtime      # DAGs    # Errors  Last Runtime    Last Run
-----------------------------------  -----  ---------  --------  ----------  --------------  -------------------
/opt/airflow/dags/retraining_dag.py                           0           1  0.33s           2025-07-01T14:24:01
/opt/airflow/dags/inference_dag.py                            1           0  0.35s           2025-07-01T14:24:03
================================================================================
[2025-07-01T14:24:59.325+0000] {manager.py:879} INFO - 
================================================================================
DAG File Processing Stats

File Path                            PID    Runtime      # DAGs    # Errors  Last Runtime    Last Run
-----------------------------------  -----  ---------  --------  ----------  --------------  -------------------
/opt/airflow/dags/retraining_dag.py                           0           1  0.30s           2025-07-01T14:24:32
/opt/airflow/dags/inference_dag.py                            1           0  0.33s           2025-07-01T14:24:34
================================================================================
[2025-07-01T14:25:29.680+0000] {manager.py:879} INFO - 
================================================================================
DAG File Processing Stats

File Path                            PID    Runtime      # DAGs    # Errors  Last Runtime    Last Run
-----------------------------------  -----  ---------  --------  ----------  --------------  -------------------
/opt/airflow/dags/retraining_dag.py                           0           1  0.24s           2025-07-01T14:25:02
/opt/airflow/dags/inference_dag.py                            1           0  0.29s           2025-07-01T14:25:04
================================================================================
[2025-07-01T14:26:00.036+0000] {manager.py:879} INFO - 
================================================================================
DAG File Processing Stats

File Path                            PID    Runtime      # DAGs    # Errors  Last Runtime    Last Run
-----------------------------------  -----  ---------  --------  ----------  --------------  -------------------
/opt/airflow/dags/retraining_dag.py                           0           1  0.24s           2025-07-01T14:25:32
/opt/airflow/dags/inference_dag.py                            1           0  0.31s           2025-07-01T14:25:35
================================================================================
[2025-07-01T14:26:30.407+0000] {manager.py:879} INFO - 
================================================================================
DAG File Processing Stats

File Path                            PID    Runtime      # DAGs    # Errors  Last Runtime    Last Run
-----------------------------------  -----  ---------  --------  ----------  --------------  -------------------
/opt/airflow/dags/retraining_dag.py                           0           1  0.24s           2025-07-01T14:26:03
/opt/airflow/dags/inference_dag.py                            1           0  0.29s           2025-07-01T14:26:05
================================================================================
[2025-07-01T14:27:00.748+0000] {manager.py:879} INFO - 
================================================================================
DAG File Processing Stats

File Path                            PID    Runtime      # DAGs    # Errors  Last Runtime    Last Run
-----------------------------------  -----  ---------  --------  ----------  --------------  -------------------
/opt/airflow/dags/retraining_dag.py                           0           1  0.23s           2025-07-01T14:26:33
/opt/airflow/dags/inference_dag.py                            1           0  0.31s           2025-07-01T14:26:35
================================================================================
[2025-07-01T14:27:31.094+0000] {manager.py:879} INFO - 
================================================================================
DAG File Processing Stats

File Path                            PID    Runtime      # DAGs    # Errors  Last Runtime    Last Run
-----------------------------------  -----  ---------  --------  ----------  --------------  -------------------
/opt/airflow/dags/retraining_dag.py                           0           1  0.24s           2025-07-01T14:27:03
/opt/airflow/dags/inference_dag.py                            1           0  0.28s           2025-07-01T14:27:06
================================================================================
[2025-07-01T14:28:01.423+0000] {manager.py:879} INFO - 
================================================================================
DAG File Processing Stats

File Path                            PID    Runtime      # DAGs    # Errors  Last Runtime    Last Run
-----------------------------------  -----  ---------  --------  ----------  --------------  -------------------
/opt/airflow/dags/retraining_dag.py                           0           1  0.23s           2025-07-01T14:27:34
/opt/airflow/dags/inference_dag.py                            1           0  0.29s           2025-07-01T14:27:36
================================================================================
[2025-07-01T14:28:31.769+0000] {manager.py:879} INFO - 
================================================================================
DAG File Processing Stats

File Path                            PID    Runtime      # DAGs    # Errors  Last Runtime    Last Run
-----------------------------------  -----  ---------  --------  ----------  --------------  -------------------
/opt/airflow/dags/retraining_dag.py                           0           1  0.24s           2025-07-01T14:28:04
/opt/airflow/dags/inference_dag.py                            1           0  0.27s           2025-07-01T14:28:06
================================================================================
[2025-07-01T14:28:54.095+0000] {manager.py:738} INFO - Searching for files in /opt/airflow/dags
[2025-07-01T14:28:54.096+0000] {manager.py:741} INFO - There are 2 files in /opt/airflow/dags
[2025-07-01T14:29:02.130+0000] {manager.py:879} INFO - 
================================================================================
DAG File Processing Stats

File Path                            PID    Runtime      # DAGs    # Errors  Last Runtime    Last Run
-----------------------------------  -----  ---------  --------  ----------  --------------  -------------------
/opt/airflow/dags/retraining_dag.py                           0           1  0.25s           2025-07-01T14:28:35
/opt/airflow/dags/inference_dag.py                            1           0  0.29s           2025-07-01T14:28:37
================================================================================
[2025-07-01T14:29:32.465+0000] {manager.py:879} INFO - 
================================================================================
DAG File Processing Stats

File Path                            PID    Runtime      # DAGs    # Errors  Last Runtime    Last Run
-----------------------------------  -----  ---------  --------  ----------  --------------  -------------------
/opt/airflow/dags/retraining_dag.py                           0           1  0.23s           2025-07-01T14:29:05
/opt/airflow/dags/inference_dag.py                            1           0  0.35s           2025-07-01T14:29:07
================================================================================
[2025-07-01T14:30:02.814+0000] {manager.py:879} INFO - 
================================================================================
DAG File Processing Stats

File Path                            PID    Runtime      # DAGs    # Errors  Last Runtime    Last Run
-----------------------------------  -----  ---------  --------  ----------  --------------  -------------------
/opt/airflow/dags/retraining_dag.py                           0           1  0.24s           2025-07-01T14:29:35
/opt/airflow/dags/inference_dag.py                            1           0  0.31s           2025-07-01T14:29:38
================================================================================
[2025-07-01T14:30:33.213+0000] {manager.py:879} INFO - 
================================================================================
DAG File Processing Stats

File Path                            PID    Runtime      # DAGs    # Errors  Last Runtime    Last Run
-----------------------------------  -----  ---------  --------  ----------  --------------  -------------------
/opt/airflow/dags/retraining_dag.py                           0           1  0.27s           2025-07-01T14:30:06
/opt/airflow/dags/inference_dag.py                            1           0  0.30s           2025-07-01T14:30:09
================================================================================
[2025-07-01T14:31:03.615+0000] {manager.py:879} INFO - 
================================================================================
DAG File Processing Stats

File Path                            PID    Runtime      # DAGs    # Errors  Last Runtime    Last Run
-----------------------------------  -----  ---------  --------  ----------  --------------  -------------------
/opt/airflow/dags/retraining_dag.py                           0           1  0.28s           2025-07-01T14:30:36
/opt/airflow/dags/inference_dag.py                            1           0  0.28s           2025-07-01T14:30:39
================================================================================
[2025-07-01T14:31:33.955+0000] {manager.py:879} INFO - 
================================================================================
DAG File Processing Stats

File Path                            PID    Runtime      # DAGs    # Errors  Last Runtime    Last Run
-----------------------------------  -----  ---------  --------  ----------  --------------  -------------------
/opt/airflow/dags/retraining_dag.py                           0           1  0.23s           2025-07-01T14:31:06
/opt/airflow/dags/inference_dag.py                            1           0  0.81s           2025-07-01T14:31:10
================================================================================
[2025-07-01T14:32:04.070+0000] {manager.py:879} INFO - 
================================================================================
DAG File Processing Stats

File Path                            PID    Runtime      # DAGs    # Errors  Last Runtime    Last Run
-----------------------------------  -----  ---------  --------  ----------  --------------  -------------------
/opt/airflow/dags/retraining_dag.py                           0           1  0.36s           2025-07-01T14:31:37
/opt/airflow/dags/inference_dag.py                            1           0  0.26s           2025-07-01T14:31:41
================================================================================
[2025-07-01T14:32:34.661+0000] {manager.py:879} INFO - 
================================================================================
DAG File Processing Stats

File Path                            PID    Runtime      # DAGs    # Errors  Last Runtime    Last Run
-----------------------------------  -----  ---------  --------  ----------  --------------  -------------------
/opt/airflow/dags/retraining_dag.py                           0           1  0.23s           2025-07-01T14:32:07
/opt/airflow/dags/inference_dag.py                            1           0  0.28s           2025-07-01T14:32:11
================================================================================
[2025-07-01T14:32:55.057+0000] {manager.py:451} INFO - Exiting gracefully upon receiving signal 15
