[2025-07-06T00:02:39.532+0000] {processor.py:161} INFO - Started process (PID=161) to work on /opt/airflow/dags/daily_monitoring_dag.py
[2025-07-06T00:02:39.535+0000] {processor.py:830} INFO - Processing file /opt/airflow/dags/daily_monitoring_dag.py for tasks to queue
[2025-07-06T00:02:39.538+0000] {logging_mixin.py:188} INFO - [2025-07-06T00:02:39.538+0000] {dagbag.py:545} INFO - Filling up the DagBag from /opt/airflow/dags/daily_monitoring_dag.py
[2025-07-06T00:02:49.226+0000] {logging_mixin.py:188} WARNING - /home/airflow/.local/lib/python3.12/site-packages/evidently/core/metric_types.py:376 FutureWarning: In the future `np.bool` will be defined as the corresponding NumPy scalar.
[2025-07-06T00:02:49.807+0000] {processor.py:840} INFO - DAG(s) 'daily_monitoring_dag' retrieved from /opt/airflow/dags/daily_monitoring_dag.py
[2025-07-06T00:02:49.833+0000] {logging_mixin.py:188} INFO - [2025-07-06T00:02:49.833+0000] {dag.py:3096} INFO - Sync 1 DAGs
[2025-07-06T00:02:49.855+0000] {logging_mixin.py:188} INFO - [2025-07-06T00:02:49.855+0000] {dag.py:3954} INFO - Setting next_dagrun for daily_monitoring_dag to 2025-07-05 00:00:00+00:00, run_after=2025-07-06 00:00:00+00:00
[2025-07-06T00:02:49.874+0000] {processor.py:183} INFO - Processing /opt/airflow/dags/daily_monitoring_dag.py took 10.370 seconds
[2025-07-06T00:03:19.963+0000] {processor.py:161} INFO - Started process (PID=192) to work on /opt/airflow/dags/daily_monitoring_dag.py
[2025-07-06T00:03:19.964+0000] {processor.py:830} INFO - Processing file /opt/airflow/dags/daily_monitoring_dag.py for tasks to queue
[2025-07-06T00:03:19.965+0000] {logging_mixin.py:188} INFO - [2025-07-06T00:03:19.965+0000] {dagbag.py:545} INFO - Filling up the DagBag from /opt/airflow/dags/daily_monitoring_dag.py
[2025-07-06T00:03:23.911+0000] {logging_mixin.py:188} WARNING - /home/airflow/.local/lib/python3.12/site-packages/evidently/core/metric_types.py:376 FutureWarning: In the future `np.bool` will be defined as the corresponding NumPy scalar.
[2025-07-06T00:03:24.136+0000] {processor.py:840} INFO - DAG(s) 'daily_monitoring_dag' retrieved from /opt/airflow/dags/daily_monitoring_dag.py
[2025-07-06T00:03:24.211+0000] {logging_mixin.py:188} INFO - [2025-07-06T00:03:24.210+0000] {dag.py:3096} INFO - Sync 1 DAGs
[2025-07-06T00:03:24.224+0000] {logging_mixin.py:188} INFO - [2025-07-06T00:03:24.223+0000] {dag.py:3954} INFO - Setting next_dagrun for daily_monitoring_dag to 2025-07-05 00:00:00+00:00, run_after=2025-07-06 00:00:00+00:00
[2025-07-06T00:03:24.237+0000] {processor.py:183} INFO - Processing /opt/airflow/dags/daily_monitoring_dag.py took 4.278 seconds
[2025-07-06T00:03:54.321+0000] {processor.py:161} INFO - Started process (PID=228) to work on /opt/airflow/dags/daily_monitoring_dag.py
[2025-07-06T00:03:54.322+0000] {processor.py:830} INFO - Processing file /opt/airflow/dags/daily_monitoring_dag.py for tasks to queue
[2025-07-06T00:03:54.323+0000] {logging_mixin.py:188} INFO - [2025-07-06T00:03:54.323+0000] {dagbag.py:545} INFO - Filling up the DagBag from /opt/airflow/dags/daily_monitoring_dag.py
[2025-07-06T00:03:57.245+0000] {logging_mixin.py:188} WARNING - /home/airflow/.local/lib/python3.12/site-packages/evidently/core/metric_types.py:376 FutureWarning: In the future `np.bool` will be defined as the corresponding NumPy scalar.
[2025-07-06T00:03:57.511+0000] {processor.py:840} INFO - DAG(s) 'daily_monitoring_dag' retrieved from /opt/airflow/dags/daily_monitoring_dag.py
[2025-07-06T00:03:57.527+0000] {logging_mixin.py:188} INFO - [2025-07-06T00:03:57.526+0000] {dag.py:3096} INFO - Sync 1 DAGs
[2025-07-06T00:03:57.541+0000] {logging_mixin.py:188} INFO - [2025-07-06T00:03:57.541+0000] {dag.py:3954} INFO - Setting next_dagrun for daily_monitoring_dag to 2025-07-05 00:00:00+00:00, run_after=2025-07-06 00:00:00+00:00
[2025-07-06T00:03:57.554+0000] {processor.py:183} INFO - Processing /opt/airflow/dags/daily_monitoring_dag.py took 3.238 seconds
[2025-07-06T00:04:27.880+0000] {processor.py:161} INFO - Started process (PID=248) to work on /opt/airflow/dags/daily_monitoring_dag.py
[2025-07-06T00:04:27.881+0000] {processor.py:830} INFO - Processing file /opt/airflow/dags/daily_monitoring_dag.py for tasks to queue
[2025-07-06T00:04:27.882+0000] {logging_mixin.py:188} INFO - [2025-07-06T00:04:27.882+0000] {dagbag.py:545} INFO - Filling up the DagBag from /opt/airflow/dags/daily_monitoring_dag.py
[2025-07-06T00:04:30.720+0000] {logging_mixin.py:188} WARNING - /home/airflow/.local/lib/python3.12/site-packages/evidently/core/metric_types.py:376 FutureWarning: In the future `np.bool` will be defined as the corresponding NumPy scalar.
[2025-07-06T00:04:30.944+0000] {processor.py:840} INFO - DAG(s) 'daily_monitoring_dag' retrieved from /opt/airflow/dags/daily_monitoring_dag.py
[2025-07-06T00:04:30.959+0000] {logging_mixin.py:188} INFO - [2025-07-06T00:04:30.959+0000] {dag.py:3096} INFO - Sync 1 DAGs
[2025-07-06T00:04:30.975+0000] {logging_mixin.py:188} INFO - [2025-07-06T00:04:30.974+0000] {dag.py:3954} INFO - Setting next_dagrun for daily_monitoring_dag to 2025-07-05 00:00:00+00:00, run_after=2025-07-06 00:00:00+00:00
[2025-07-06T00:04:30.986+0000] {processor.py:183} INFO - Processing /opt/airflow/dags/daily_monitoring_dag.py took 3.112 seconds
[2025-07-06T00:05:01.458+0000] {processor.py:161} INFO - Started process (PID=268) to work on /opt/airflow/dags/daily_monitoring_dag.py
[2025-07-06T00:05:01.459+0000] {processor.py:830} INFO - Processing file /opt/airflow/dags/daily_monitoring_dag.py for tasks to queue
[2025-07-06T00:05:01.460+0000] {logging_mixin.py:188} INFO - [2025-07-06T00:05:01.460+0000] {dagbag.py:545} INFO - Filling up the DagBag from /opt/airflow/dags/daily_monitoring_dag.py
[2025-07-06T00:05:04.267+0000] {logging_mixin.py:188} WARNING - /home/airflow/.local/lib/python3.12/site-packages/evidently/core/metric_types.py:376 FutureWarning: In the future `np.bool` will be defined as the corresponding NumPy scalar.
[2025-07-06T00:05:04.529+0000] {processor.py:840} INFO - DAG(s) 'daily_monitoring_dag' retrieved from /opt/airflow/dags/daily_monitoring_dag.py
[2025-07-06T00:05:04.545+0000] {logging_mixin.py:188} INFO - [2025-07-06T00:05:04.544+0000] {dag.py:3096} INFO - Sync 1 DAGs
[2025-07-06T00:05:04.559+0000] {logging_mixin.py:188} INFO - [2025-07-06T00:05:04.559+0000] {dag.py:3954} INFO - Setting next_dagrun for daily_monitoring_dag to 2025-07-05 00:00:00+00:00, run_after=2025-07-06 00:00:00+00:00
[2025-07-06T00:05:04.571+0000] {processor.py:183} INFO - Processing /opt/airflow/dags/daily_monitoring_dag.py took 3.117 seconds
[2025-07-06T00:18:22.425+0000] {processor.py:161} INFO - Started process (PID=161) to work on /opt/airflow/dags/daily_monitoring_dag.py
[2025-07-06T00:18:22.426+0000] {processor.py:830} INFO - Processing file /opt/airflow/dags/daily_monitoring_dag.py for tasks to queue
[2025-07-06T00:18:22.432+0000] {logging_mixin.py:188} INFO - [2025-07-06T00:18:22.429+0000] {dagbag.py:545} INFO - Filling up the DagBag from /opt/airflow/dags/daily_monitoring_dag.py
[2025-07-06T00:18:33.804+0000] {logging_mixin.py:188} WARNING - /home/airflow/.local/lib/python3.12/site-packages/evidently/core/metric_types.py:376 FutureWarning: In the future `np.bool` will be defined as the corresponding NumPy scalar.
[2025-07-06T00:18:34.743+0000] {processor.py:840} INFO - DAG(s) 'daily_monitoring_dag' retrieved from /opt/airflow/dags/daily_monitoring_dag.py
[2025-07-06T00:18:34.887+0000] {logging_mixin.py:188} INFO - [2025-07-06T00:18:34.886+0000] {override.py:1829} INFO - Created Permission View: can delete on DAG:daily_monitoring_dag
[2025-07-06T00:18:34.896+0000] {logging_mixin.py:188} INFO - [2025-07-06T00:18:34.896+0000] {override.py:1829} INFO - Created Permission View: can edit on DAG:daily_monitoring_dag
[2025-07-06T00:18:34.906+0000] {logging_mixin.py:188} INFO - [2025-07-06T00:18:34.905+0000] {override.py:1829} INFO - Created Permission View: can read on DAG:daily_monitoring_dag
[2025-07-06T00:18:34.906+0000] {logging_mixin.py:188} INFO - [2025-07-06T00:18:34.906+0000] {dag.py:3096} INFO - Sync 1 DAGs
[2025-07-06T00:18:34.918+0000] {logging_mixin.py:188} INFO - [2025-07-06T00:18:34.918+0000] {dag.py:3118} INFO - Creating ORM DAG for daily_monitoring_dag
[2025-07-06T00:18:34.931+0000] {logging_mixin.py:188} INFO - [2025-07-06T00:18:34.931+0000] {dag.py:3954} INFO - Setting next_dagrun for daily_monitoring_dag to 2025-07-05 00:00:00+00:00, run_after=2025-07-06 00:00:00+00:00
[2025-07-06T00:18:34.946+0000] {processor.py:183} INFO - Processing /opt/airflow/dags/daily_monitoring_dag.py took 12.549 seconds
[2025-07-06T00:19:05.141+0000] {processor.py:161} INFO - Started process (PID=191) to work on /opt/airflow/dags/daily_monitoring_dag.py
[2025-07-06T00:19:05.142+0000] {processor.py:830} INFO - Processing file /opt/airflow/dags/daily_monitoring_dag.py for tasks to queue
[2025-07-06T00:19:05.144+0000] {logging_mixin.py:188} INFO - [2025-07-06T00:19:05.143+0000] {dagbag.py:545} INFO - Filling up the DagBag from /opt/airflow/dags/daily_monitoring_dag.py
[2025-07-06T00:19:08.736+0000] {logging_mixin.py:188} WARNING - /home/airflow/.local/lib/python3.12/site-packages/evidently/core/metric_types.py:376 FutureWarning: In the future `np.bool` will be defined as the corresponding NumPy scalar.
[2025-07-06T00:19:08.967+0000] {processor.py:840} INFO - DAG(s) 'daily_monitoring_dag' retrieved from /opt/airflow/dags/daily_monitoring_dag.py
[2025-07-06T00:19:08.982+0000] {logging_mixin.py:188} INFO - [2025-07-06T00:19:08.982+0000] {dag.py:3096} INFO - Sync 1 DAGs
[2025-07-06T00:19:08.996+0000] {logging_mixin.py:188} INFO - [2025-07-06T00:19:08.995+0000] {dag.py:3954} INFO - Setting next_dagrun for daily_monitoring_dag to 2025-07-05 00:00:00+00:00, run_after=2025-07-06 00:00:00+00:00
[2025-07-06T00:19:09.007+0000] {processor.py:183} INFO - Processing /opt/airflow/dags/daily_monitoring_dag.py took 3.873 seconds
[2025-07-06T00:19:39.314+0000] {processor.py:161} INFO - Started process (PID=241) to work on /opt/airflow/dags/daily_monitoring_dag.py
[2025-07-06T00:19:39.316+0000] {processor.py:830} INFO - Processing file /opt/airflow/dags/daily_monitoring_dag.py for tasks to queue
[2025-07-06T00:19:39.318+0000] {logging_mixin.py:188} INFO - [2025-07-06T00:19:39.317+0000] {dagbag.py:545} INFO - Filling up the DagBag from /opt/airflow/dags/daily_monitoring_dag.py
[2025-07-06T00:19:42.590+0000] {logging_mixin.py:188} WARNING - /home/airflow/.local/lib/python3.12/site-packages/evidently/core/metric_types.py:376 FutureWarning: In the future `np.bool` will be defined as the corresponding NumPy scalar.
[2025-07-06T00:19:42.811+0000] {processor.py:840} INFO - DAG(s) 'daily_monitoring_dag' retrieved from /opt/airflow/dags/daily_monitoring_dag.py
[2025-07-06T00:19:42.826+0000] {logging_mixin.py:188} INFO - [2025-07-06T00:19:42.826+0000] {dag.py:3096} INFO - Sync 1 DAGs
[2025-07-06T00:19:42.840+0000] {logging_mixin.py:188} INFO - [2025-07-06T00:19:42.839+0000] {dag.py:3954} INFO - Setting next_dagrun for daily_monitoring_dag to 2025-07-05 00:00:00+00:00, run_after=2025-07-06 00:00:00+00:00
[2025-07-06T00:19:42.852+0000] {processor.py:183} INFO - Processing /opt/airflow/dags/daily_monitoring_dag.py took 3.543 seconds
[2025-07-06T00:20:13.049+0000] {processor.py:161} INFO - Started process (PID=287) to work on /opt/airflow/dags/daily_monitoring_dag.py
[2025-07-06T00:20:13.050+0000] {processor.py:830} INFO - Processing file /opt/airflow/dags/daily_monitoring_dag.py for tasks to queue
[2025-07-06T00:20:13.052+0000] {logging_mixin.py:188} INFO - [2025-07-06T00:20:13.052+0000] {dagbag.py:545} INFO - Filling up the DagBag from /opt/airflow/dags/daily_monitoring_dag.py
[2025-07-06T00:20:16.091+0000] {logging_mixin.py:188} WARNING - /home/airflow/.local/lib/python3.12/site-packages/evidently/core/metric_types.py:376 FutureWarning: In the future `np.bool` will be defined as the corresponding NumPy scalar.
[2025-07-06T00:20:16.292+0000] {processor.py:840} INFO - DAG(s) 'daily_monitoring_dag' retrieved from /opt/airflow/dags/daily_monitoring_dag.py
[2025-07-06T00:20:16.307+0000] {logging_mixin.py:188} INFO - [2025-07-06T00:20:16.307+0000] {dag.py:3096} INFO - Sync 1 DAGs
[2025-07-06T00:20:16.322+0000] {logging_mixin.py:188} INFO - [2025-07-06T00:20:16.322+0000] {dag.py:3954} INFO - Setting next_dagrun for daily_monitoring_dag to 2025-07-05 00:00:00+00:00, run_after=2025-07-06 00:00:00+00:00
[2025-07-06T00:20:16.334+0000] {processor.py:183} INFO - Processing /opt/airflow/dags/daily_monitoring_dag.py took 3.292 seconds
[2025-07-06T00:20:46.621+0000] {processor.py:161} INFO - Started process (PID=308) to work on /opt/airflow/dags/daily_monitoring_dag.py
[2025-07-06T00:20:46.622+0000] {processor.py:830} INFO - Processing file /opt/airflow/dags/daily_monitoring_dag.py for tasks to queue
[2025-07-06T00:20:46.625+0000] {logging_mixin.py:188} INFO - [2025-07-06T00:20:46.624+0000] {dagbag.py:545} INFO - Filling up the DagBag from /opt/airflow/dags/daily_monitoring_dag.py
[2025-07-06T00:20:50.016+0000] {logging_mixin.py:188} WARNING - /home/airflow/.local/lib/python3.12/site-packages/evidently/core/metric_types.py:376 FutureWarning: In the future `np.bool` will be defined as the corresponding NumPy scalar.
[2025-07-06T00:20:50.286+0000] {processor.py:840} INFO - DAG(s) 'daily_monitoring_dag' retrieved from /opt/airflow/dags/daily_monitoring_dag.py
[2025-07-06T00:20:50.301+0000] {logging_mixin.py:188} INFO - [2025-07-06T00:20:50.301+0000] {dag.py:3096} INFO - Sync 1 DAGs
[2025-07-06T00:20:50.315+0000] {logging_mixin.py:188} INFO - [2025-07-06T00:20:50.315+0000] {dag.py:3954} INFO - Setting next_dagrun for daily_monitoring_dag to 2025-07-05 00:00:00+00:00, run_after=2025-07-06 00:00:00+00:00
[2025-07-06T00:20:50.327+0000] {processor.py:183} INFO - Processing /opt/airflow/dags/daily_monitoring_dag.py took 3.715 seconds
[2025-07-06T00:21:20.527+0000] {processor.py:161} INFO - Started process (PID=328) to work on /opt/airflow/dags/daily_monitoring_dag.py
[2025-07-06T00:21:20.527+0000] {processor.py:830} INFO - Processing file /opt/airflow/dags/daily_monitoring_dag.py for tasks to queue
[2025-07-06T00:21:20.529+0000] {logging_mixin.py:188} INFO - [2025-07-06T00:21:20.528+0000] {dagbag.py:545} INFO - Filling up the DagBag from /opt/airflow/dags/daily_monitoring_dag.py
[2025-07-06T00:21:23.292+0000] {logging_mixin.py:188} WARNING - /home/airflow/.local/lib/python3.12/site-packages/evidently/core/metric_types.py:376 FutureWarning: In the future `np.bool` will be defined as the corresponding NumPy scalar.
[2025-07-06T00:21:23.486+0000] {processor.py:840} INFO - DAG(s) 'daily_monitoring_dag' retrieved from /opt/airflow/dags/daily_monitoring_dag.py
[2025-07-06T00:21:23.501+0000] {logging_mixin.py:188} INFO - [2025-07-06T00:21:23.501+0000] {dag.py:3096} INFO - Sync 1 DAGs
[2025-07-06T00:21:23.515+0000] {logging_mixin.py:188} INFO - [2025-07-06T00:21:23.515+0000] {dag.py:3954} INFO - Setting next_dagrun for daily_monitoring_dag to 2025-07-05 00:00:00+00:00, run_after=2025-07-06 00:00:00+00:00
[2025-07-06T00:21:23.526+0000] {processor.py:183} INFO - Processing /opt/airflow/dags/daily_monitoring_dag.py took 3.004 seconds
[2025-07-06T00:21:53.970+0000] {processor.py:161} INFO - Started process (PID=348) to work on /opt/airflow/dags/daily_monitoring_dag.py
[2025-07-06T00:21:53.971+0000] {processor.py:830} INFO - Processing file /opt/airflow/dags/daily_monitoring_dag.py for tasks to queue
[2025-07-06T00:21:53.972+0000] {logging_mixin.py:188} INFO - [2025-07-06T00:21:53.972+0000] {dagbag.py:545} INFO - Filling up the DagBag from /opt/airflow/dags/daily_monitoring_dag.py
[2025-07-06T00:21:56.751+0000] {logging_mixin.py:188} WARNING - /home/airflow/.local/lib/python3.12/site-packages/evidently/core/metric_types.py:376 FutureWarning: In the future `np.bool` will be defined as the corresponding NumPy scalar.
[2025-07-06T00:21:56.964+0000] {processor.py:840} INFO - DAG(s) 'daily_monitoring_dag' retrieved from /opt/airflow/dags/daily_monitoring_dag.py
[2025-07-06T00:21:56.980+0000] {logging_mixin.py:188} INFO - [2025-07-06T00:21:56.980+0000] {dag.py:3096} INFO - Sync 1 DAGs
[2025-07-06T00:21:56.994+0000] {logging_mixin.py:188} INFO - [2025-07-06T00:21:56.994+0000] {dag.py:3954} INFO - Setting next_dagrun for daily_monitoring_dag to 2025-07-05 00:00:00+00:00, run_after=2025-07-06 00:00:00+00:00
[2025-07-06T00:21:57.006+0000] {processor.py:183} INFO - Processing /opt/airflow/dags/daily_monitoring_dag.py took 3.040 seconds
[2025-07-06T00:22:27.431+0000] {processor.py:161} INFO - Started process (PID=368) to work on /opt/airflow/dags/daily_monitoring_dag.py
[2025-07-06T00:22:27.432+0000] {processor.py:830} INFO - Processing file /opt/airflow/dags/daily_monitoring_dag.py for tasks to queue
[2025-07-06T00:22:27.433+0000] {logging_mixin.py:188} INFO - [2025-07-06T00:22:27.433+0000] {dagbag.py:545} INFO - Filling up the DagBag from /opt/airflow/dags/daily_monitoring_dag.py
[2025-07-06T00:22:30.132+0000] {logging_mixin.py:188} WARNING - /home/airflow/.local/lib/python3.12/site-packages/evidently/core/metric_types.py:376 FutureWarning: In the future `np.bool` will be defined as the corresponding NumPy scalar.
[2025-07-06T00:22:30.346+0000] {processor.py:840} INFO - DAG(s) 'daily_monitoring_dag' retrieved from /opt/airflow/dags/daily_monitoring_dag.py
[2025-07-06T00:22:30.362+0000] {logging_mixin.py:188} INFO - [2025-07-06T00:22:30.361+0000] {dag.py:3096} INFO - Sync 1 DAGs
[2025-07-06T00:22:30.376+0000] {logging_mixin.py:188} INFO - [2025-07-06T00:22:30.376+0000] {dag.py:3954} INFO - Setting next_dagrun for daily_monitoring_dag to 2025-07-05 00:00:00+00:00, run_after=2025-07-06 00:00:00+00:00
[2025-07-06T00:22:30.390+0000] {processor.py:183} INFO - Processing /opt/airflow/dags/daily_monitoring_dag.py took 2.964 seconds
[2025-07-06T00:23:00.906+0000] {processor.py:161} INFO - Started process (PID=388) to work on /opt/airflow/dags/daily_monitoring_dag.py
[2025-07-06T00:23:00.907+0000] {processor.py:830} INFO - Processing file /opt/airflow/dags/daily_monitoring_dag.py for tasks to queue
[2025-07-06T00:23:00.909+0000] {logging_mixin.py:188} INFO - [2025-07-06T00:23:00.908+0000] {dagbag.py:545} INFO - Filling up the DagBag from /opt/airflow/dags/daily_monitoring_dag.py
[2025-07-06T00:23:03.683+0000] {logging_mixin.py:188} WARNING - /home/airflow/.local/lib/python3.12/site-packages/evidently/core/metric_types.py:376 FutureWarning: In the future `np.bool` will be defined as the corresponding NumPy scalar.
[2025-07-06T00:23:03.882+0000] {processor.py:840} INFO - DAG(s) 'daily_monitoring_dag' retrieved from /opt/airflow/dags/daily_monitoring_dag.py
[2025-07-06T00:23:03.898+0000] {logging_mixin.py:188} INFO - [2025-07-06T00:23:03.897+0000] {dag.py:3096} INFO - Sync 1 DAGs
[2025-07-06T00:23:03.915+0000] {logging_mixin.py:188} INFO - [2025-07-06T00:23:03.915+0000] {dag.py:3954} INFO - Setting next_dagrun for daily_monitoring_dag to 2025-07-05 00:00:00+00:00, run_after=2025-07-06 00:00:00+00:00
[2025-07-06T00:23:03.946+0000] {processor.py:183} INFO - Processing /opt/airflow/dags/daily_monitoring_dag.py took 3.044 seconds
[2025-07-06T00:23:34.374+0000] {processor.py:161} INFO - Started process (PID=408) to work on /opt/airflow/dags/daily_monitoring_dag.py
[2025-07-06T00:23:34.375+0000] {processor.py:830} INFO - Processing file /opt/airflow/dags/daily_monitoring_dag.py for tasks to queue
[2025-07-06T00:23:34.376+0000] {logging_mixin.py:188} INFO - [2025-07-06T00:23:34.376+0000] {dagbag.py:545} INFO - Filling up the DagBag from /opt/airflow/dags/daily_monitoring_dag.py
[2025-07-06T00:23:37.144+0000] {logging_mixin.py:188} WARNING - /home/airflow/.local/lib/python3.12/site-packages/evidently/core/metric_types.py:376 FutureWarning: In the future `np.bool` will be defined as the corresponding NumPy scalar.
[2025-07-06T00:23:37.401+0000] {processor.py:840} INFO - DAG(s) 'daily_monitoring_dag' retrieved from /opt/airflow/dags/daily_monitoring_dag.py
[2025-07-06T00:23:37.419+0000] {logging_mixin.py:188} INFO - [2025-07-06T00:23:37.419+0000] {dag.py:3096} INFO - Sync 1 DAGs
[2025-07-06T00:23:37.435+0000] {logging_mixin.py:188} INFO - [2025-07-06T00:23:37.435+0000] {dag.py:3954} INFO - Setting next_dagrun for daily_monitoring_dag to 2025-07-05 00:00:00+00:00, run_after=2025-07-06 00:00:00+00:00
[2025-07-06T00:23:37.448+0000] {processor.py:183} INFO - Processing /opt/airflow/dags/daily_monitoring_dag.py took 3.079 seconds
[2025-07-06T00:24:07.595+0000] {processor.py:161} INFO - Started process (PID=428) to work on /opt/airflow/dags/daily_monitoring_dag.py
[2025-07-06T00:24:07.596+0000] {processor.py:830} INFO - Processing file /opt/airflow/dags/daily_monitoring_dag.py for tasks to queue
[2025-07-06T00:24:07.598+0000] {logging_mixin.py:188} INFO - [2025-07-06T00:24:07.597+0000] {dagbag.py:545} INFO - Filling up the DagBag from /opt/airflow/dags/daily_monitoring_dag.py
[2025-07-06T00:24:10.834+0000] {logging_mixin.py:188} WARNING - /home/airflow/.local/lib/python3.12/site-packages/evidently/core/metric_types.py:376 FutureWarning: In the future `np.bool` will be defined as the corresponding NumPy scalar.
[2025-07-06T00:24:11.105+0000] {processor.py:840} INFO - DAG(s) 'daily_monitoring_dag' retrieved from /opt/airflow/dags/daily_monitoring_dag.py
[2025-07-06T00:24:11.121+0000] {logging_mixin.py:188} INFO - [2025-07-06T00:24:11.121+0000] {dag.py:3096} INFO - Sync 1 DAGs
[2025-07-06T00:24:11.137+0000] {logging_mixin.py:188} INFO - [2025-07-06T00:24:11.137+0000] {dag.py:3954} INFO - Setting next_dagrun for daily_monitoring_dag to 2025-07-05 00:00:00+00:00, run_after=2025-07-06 00:00:00+00:00
[2025-07-06T00:24:11.150+0000] {processor.py:183} INFO - Processing /opt/airflow/dags/daily_monitoring_dag.py took 3.560 seconds
[2025-07-06T00:24:41.431+0000] {processor.py:161} INFO - Started process (PID=454) to work on /opt/airflow/dags/daily_monitoring_dag.py
[2025-07-06T00:24:41.431+0000] {processor.py:830} INFO - Processing file /opt/airflow/dags/daily_monitoring_dag.py for tasks to queue
[2025-07-06T00:24:41.433+0000] {logging_mixin.py:188} INFO - [2025-07-06T00:24:41.432+0000] {dagbag.py:545} INFO - Filling up the DagBag from /opt/airflow/dags/daily_monitoring_dag.py
[2025-07-06T00:24:44.265+0000] {logging_mixin.py:188} WARNING - /home/airflow/.local/lib/python3.12/site-packages/evidently/core/metric_types.py:376 FutureWarning: In the future `np.bool` will be defined as the corresponding NumPy scalar.
[2025-07-06T00:24:44.461+0000] {processor.py:840} INFO - DAG(s) 'daily_monitoring_dag' retrieved from /opt/airflow/dags/daily_monitoring_dag.py
[2025-07-06T00:24:44.476+0000] {logging_mixin.py:188} INFO - [2025-07-06T00:24:44.476+0000] {dag.py:3096} INFO - Sync 1 DAGs
[2025-07-06T00:24:44.491+0000] {logging_mixin.py:188} INFO - [2025-07-06T00:24:44.491+0000] {dag.py:3954} INFO - Setting next_dagrun for daily_monitoring_dag to 2025-07-05 00:00:00+00:00, run_after=2025-07-06 00:00:00+00:00
[2025-07-06T00:24:44.503+0000] {processor.py:183} INFO - Processing /opt/airflow/dags/daily_monitoring_dag.py took 3.077 seconds
[2025-07-06T00:25:15.035+0000] {processor.py:161} INFO - Started process (PID=477) to work on /opt/airflow/dags/daily_monitoring_dag.py
[2025-07-06T00:25:15.035+0000] {processor.py:830} INFO - Processing file /opt/airflow/dags/daily_monitoring_dag.py for tasks to queue
[2025-07-06T00:25:15.037+0000] {logging_mixin.py:188} INFO - [2025-07-06T00:25:15.036+0000] {dagbag.py:545} INFO - Filling up the DagBag from /opt/airflow/dags/daily_monitoring_dag.py
[2025-07-06T00:25:17.789+0000] {logging_mixin.py:188} WARNING - /home/airflow/.local/lib/python3.12/site-packages/evidently/core/metric_types.py:376 FutureWarning: In the future `np.bool` will be defined as the corresponding NumPy scalar.
[2025-07-06T00:25:17.990+0000] {processor.py:840} INFO - DAG(s) 'daily_monitoring_dag' retrieved from /opt/airflow/dags/daily_monitoring_dag.py
[2025-07-06T00:25:18.006+0000] {logging_mixin.py:188} INFO - [2025-07-06T00:25:18.006+0000] {dag.py:3096} INFO - Sync 1 DAGs
[2025-07-06T00:25:18.020+0000] {logging_mixin.py:188} INFO - [2025-07-06T00:25:18.019+0000] {dag.py:3954} INFO - Setting next_dagrun for daily_monitoring_dag to 2025-07-05 00:00:00+00:00, run_after=2025-07-06 00:00:00+00:00
[2025-07-06T00:25:18.032+0000] {processor.py:183} INFO - Processing /opt/airflow/dags/daily_monitoring_dag.py took 3.002 seconds
[2025-07-06T00:25:48.327+0000] {processor.py:161} INFO - Started process (PID=500) to work on /opt/airflow/dags/daily_monitoring_dag.py
[2025-07-06T00:25:48.328+0000] {processor.py:830} INFO - Processing file /opt/airflow/dags/daily_monitoring_dag.py for tasks to queue
[2025-07-06T00:25:48.329+0000] {logging_mixin.py:188} INFO - [2025-07-06T00:25:48.329+0000] {dagbag.py:545} INFO - Filling up the DagBag from /opt/airflow/dags/daily_monitoring_dag.py
[2025-07-06T00:25:51.151+0000] {logging_mixin.py:188} WARNING - /home/airflow/.local/lib/python3.12/site-packages/evidently/core/metric_types.py:376 FutureWarning: In the future `np.bool` will be defined as the corresponding NumPy scalar.
[2025-07-06T00:25:51.368+0000] {processor.py:840} INFO - DAG(s) 'daily_monitoring_dag' retrieved from /opt/airflow/dags/daily_monitoring_dag.py
[2025-07-06T00:25:51.383+0000] {logging_mixin.py:188} INFO - [2025-07-06T00:25:51.383+0000] {dag.py:3096} INFO - Sync 1 DAGs
[2025-07-06T00:25:51.399+0000] {logging_mixin.py:188} INFO - [2025-07-06T00:25:51.398+0000] {dag.py:3954} INFO - Setting next_dagrun for daily_monitoring_dag to 2025-07-05 00:00:00+00:00, run_after=2025-07-06 00:00:00+00:00
[2025-07-06T00:25:51.415+0000] {processor.py:183} INFO - Processing /opt/airflow/dags/daily_monitoring_dag.py took 3.093 seconds
[2025-07-06T00:26:21.944+0000] {processor.py:161} INFO - Started process (PID=520) to work on /opt/airflow/dags/daily_monitoring_dag.py
[2025-07-06T00:26:21.945+0000] {processor.py:830} INFO - Processing file /opt/airflow/dags/daily_monitoring_dag.py for tasks to queue
[2025-07-06T00:26:21.946+0000] {logging_mixin.py:188} INFO - [2025-07-06T00:26:21.946+0000] {dagbag.py:545} INFO - Filling up the DagBag from /opt/airflow/dags/daily_monitoring_dag.py
[2025-07-06T00:26:24.888+0000] {logging_mixin.py:188} WARNING - /home/airflow/.local/lib/python3.12/site-packages/evidently/core/metric_types.py:376 FutureWarning: In the future `np.bool` will be defined as the corresponding NumPy scalar.
[2025-07-06T00:26:25.102+0000] {processor.py:840} INFO - DAG(s) 'daily_monitoring_dag' retrieved from /opt/airflow/dags/daily_monitoring_dag.py
[2025-07-06T00:26:25.123+0000] {logging_mixin.py:188} INFO - [2025-07-06T00:26:25.123+0000] {dag.py:3096} INFO - Sync 1 DAGs
[2025-07-06T00:26:25.137+0000] {logging_mixin.py:188} INFO - [2025-07-06T00:26:25.137+0000] {dag.py:3954} INFO - Setting next_dagrun for daily_monitoring_dag to 2025-07-05 00:00:00+00:00, run_after=2025-07-06 00:00:00+00:00
[2025-07-06T00:26:25.149+0000] {processor.py:183} INFO - Processing /opt/airflow/dags/daily_monitoring_dag.py took 3.209 seconds
[2025-07-06T00:26:55.581+0000] {processor.py:161} INFO - Started process (PID=540) to work on /opt/airflow/dags/daily_monitoring_dag.py
[2025-07-06T00:26:55.581+0000] {processor.py:830} INFO - Processing file /opt/airflow/dags/daily_monitoring_dag.py for tasks to queue
[2025-07-06T00:26:55.583+0000] {logging_mixin.py:188} INFO - [2025-07-06T00:26:55.583+0000] {dagbag.py:545} INFO - Filling up the DagBag from /opt/airflow/dags/daily_monitoring_dag.py
[2025-07-06T00:26:58.271+0000] {logging_mixin.py:188} WARNING - /home/airflow/.local/lib/python3.12/site-packages/evidently/core/metric_types.py:376 FutureWarning: In the future `np.bool` will be defined as the corresponding NumPy scalar.
[2025-07-06T00:26:58.467+0000] {processor.py:840} INFO - DAG(s) 'daily_monitoring_dag' retrieved from /opt/airflow/dags/daily_monitoring_dag.py
[2025-07-06T00:26:58.483+0000] {logging_mixin.py:188} INFO - [2025-07-06T00:26:58.482+0000] {dag.py:3096} INFO - Sync 1 DAGs
[2025-07-06T00:26:58.498+0000] {logging_mixin.py:188} INFO - [2025-07-06T00:26:58.498+0000] {dag.py:3954} INFO - Setting next_dagrun for daily_monitoring_dag to 2025-07-05 00:00:00+00:00, run_after=2025-07-06 00:00:00+00:00
[2025-07-06T00:26:58.509+0000] {processor.py:183} INFO - Processing /opt/airflow/dags/daily_monitoring_dag.py took 2.934 seconds
[2025-07-06T00:27:28.543+0000] {processor.py:161} INFO - Started process (PID=560) to work on /opt/airflow/dags/daily_monitoring_dag.py
[2025-07-06T00:27:28.544+0000] {processor.py:830} INFO - Processing file /opt/airflow/dags/daily_monitoring_dag.py for tasks to queue
[2025-07-06T00:27:28.545+0000] {logging_mixin.py:188} INFO - [2025-07-06T00:27:28.545+0000] {dagbag.py:545} INFO - Filling up the DagBag from /opt/airflow/dags/daily_monitoring_dag.py
[2025-07-06T00:27:31.483+0000] {logging_mixin.py:188} WARNING - /home/airflow/.local/lib/python3.12/site-packages/evidently/core/metric_types.py:376 FutureWarning: In the future `np.bool` will be defined as the corresponding NumPy scalar.
[2025-07-06T00:27:31.880+0000] {processor.py:840} INFO - DAG(s) 'daily_monitoring_dag' retrieved from /opt/airflow/dags/daily_monitoring_dag.py
[2025-07-06T00:27:31.915+0000] {logging_mixin.py:188} INFO - [2025-07-06T00:27:31.915+0000] {dag.py:3096} INFO - Sync 1 DAGs
[2025-07-06T00:27:31.944+0000] {logging_mixin.py:188} INFO - [2025-07-06T00:27:31.944+0000] {dag.py:3954} INFO - Setting next_dagrun for daily_monitoring_dag to 2025-07-05 00:00:00+00:00, run_after=2025-07-06 00:00:00+00:00
[2025-07-06T00:27:31.972+0000] {processor.py:183} INFO - Processing /opt/airflow/dags/daily_monitoring_dag.py took 3.434 seconds
[2025-07-06T00:28:02.137+0000] {processor.py:161} INFO - Started process (PID=580) to work on /opt/airflow/dags/daily_monitoring_dag.py
[2025-07-06T00:28:02.138+0000] {processor.py:830} INFO - Processing file /opt/airflow/dags/daily_monitoring_dag.py for tasks to queue
[2025-07-06T00:28:02.139+0000] {logging_mixin.py:188} INFO - [2025-07-06T00:28:02.139+0000] {dagbag.py:545} INFO - Filling up the DagBag from /opt/airflow/dags/daily_monitoring_dag.py
[2025-07-06T00:28:05.931+0000] {logging_mixin.py:188} WARNING - /home/airflow/.local/lib/python3.12/site-packages/evidently/core/metric_types.py:376 FutureWarning: In the future `np.bool` will be defined as the corresponding NumPy scalar.
[2025-07-06T00:28:06.173+0000] {processor.py:840} INFO - DAG(s) 'daily_monitoring_dag' retrieved from /opt/airflow/dags/daily_monitoring_dag.py
[2025-07-06T00:28:06.189+0000] {logging_mixin.py:188} INFO - [2025-07-06T00:28:06.188+0000] {dag.py:3096} INFO - Sync 1 DAGs
[2025-07-06T00:28:06.203+0000] {logging_mixin.py:188} INFO - [2025-07-06T00:28:06.203+0000] {dag.py:3954} INFO - Setting next_dagrun for daily_monitoring_dag to 2025-07-05 00:00:00+00:00, run_after=2025-07-06 00:00:00+00:00
[2025-07-06T00:28:06.216+0000] {processor.py:183} INFO - Processing /opt/airflow/dags/daily_monitoring_dag.py took 4.083 seconds
[2025-07-06T00:28:36.689+0000] {processor.py:161} INFO - Started process (PID=605) to work on /opt/airflow/dags/daily_monitoring_dag.py
[2025-07-06T00:28:36.690+0000] {processor.py:830} INFO - Processing file /opt/airflow/dags/daily_monitoring_dag.py for tasks to queue
[2025-07-06T00:28:36.692+0000] {logging_mixin.py:188} INFO - [2025-07-06T00:28:36.691+0000] {dagbag.py:545} INFO - Filling up the DagBag from /opt/airflow/dags/daily_monitoring_dag.py
[2025-07-06T00:28:39.604+0000] {logging_mixin.py:188} WARNING - /home/airflow/.local/lib/python3.12/site-packages/evidently/core/metric_types.py:376 FutureWarning: In the future `np.bool` will be defined as the corresponding NumPy scalar.
[2025-07-06T00:28:39.818+0000] {processor.py:840} INFO - DAG(s) 'daily_monitoring_dag' retrieved from /opt/airflow/dags/daily_monitoring_dag.py
[2025-07-06T00:28:39.838+0000] {logging_mixin.py:188} INFO - [2025-07-06T00:28:39.837+0000] {dag.py:3096} INFO - Sync 1 DAGs
[2025-07-06T00:28:39.870+0000] {logging_mixin.py:188} INFO - [2025-07-06T00:28:39.870+0000] {dag.py:3954} INFO - Setting next_dagrun for daily_monitoring_dag to 2025-07-05 00:00:00+00:00, run_after=2025-07-06 00:00:00+00:00
[2025-07-06T00:28:39.899+0000] {processor.py:183} INFO - Processing /opt/airflow/dags/daily_monitoring_dag.py took 3.217 seconds
[2025-07-06T00:29:10.401+0000] {processor.py:161} INFO - Started process (PID=627) to work on /opt/airflow/dags/daily_monitoring_dag.py
[2025-07-06T00:29:10.401+0000] {processor.py:830} INFO - Processing file /opt/airflow/dags/daily_monitoring_dag.py for tasks to queue
[2025-07-06T00:29:10.403+0000] {logging_mixin.py:188} INFO - [2025-07-06T00:29:10.402+0000] {dagbag.py:545} INFO - Filling up the DagBag from /opt/airflow/dags/daily_monitoring_dag.py
[2025-07-06T00:29:13.143+0000] {logging_mixin.py:188} WARNING - /home/airflow/.local/lib/python3.12/site-packages/evidently/core/metric_types.py:376 FutureWarning: In the future `np.bool` will be defined as the corresponding NumPy scalar.
[2025-07-06T00:29:13.384+0000] {processor.py:840} INFO - DAG(s) 'daily_monitoring_dag' retrieved from /opt/airflow/dags/daily_monitoring_dag.py
[2025-07-06T00:29:13.404+0000] {logging_mixin.py:188} INFO - [2025-07-06T00:29:13.404+0000] {dag.py:3096} INFO - Sync 1 DAGs
[2025-07-06T00:29:13.428+0000] {logging_mixin.py:188} INFO - [2025-07-06T00:29:13.428+0000] {dag.py:3954} INFO - Setting next_dagrun for daily_monitoring_dag to 2025-07-05 00:00:00+00:00, run_after=2025-07-06 00:00:00+00:00
[2025-07-06T00:29:13.446+0000] {processor.py:183} INFO - Processing /opt/airflow/dags/daily_monitoring_dag.py took 3.051 seconds
[2025-07-06T00:29:43.850+0000] {processor.py:161} INFO - Started process (PID=647) to work on /opt/airflow/dags/daily_monitoring_dag.py
[2025-07-06T00:29:43.851+0000] {processor.py:830} INFO - Processing file /opt/airflow/dags/daily_monitoring_dag.py for tasks to queue
[2025-07-06T00:29:43.852+0000] {logging_mixin.py:188} INFO - [2025-07-06T00:29:43.852+0000] {dagbag.py:545} INFO - Filling up the DagBag from /opt/airflow/dags/daily_monitoring_dag.py
[2025-07-06T00:29:46.636+0000] {logging_mixin.py:188} WARNING - /home/airflow/.local/lib/python3.12/site-packages/evidently/core/metric_types.py:376 FutureWarning: In the future `np.bool` will be defined as the corresponding NumPy scalar.
[2025-07-06T00:29:46.837+0000] {processor.py:840} INFO - DAG(s) 'daily_monitoring_dag' retrieved from /opt/airflow/dags/daily_monitoring_dag.py
[2025-07-06T00:29:46.852+0000] {logging_mixin.py:188} INFO - [2025-07-06T00:29:46.851+0000] {dag.py:3096} INFO - Sync 1 DAGs
[2025-07-06T00:29:46.872+0000] {logging_mixin.py:188} INFO - [2025-07-06T00:29:46.871+0000] {dag.py:3954} INFO - Setting next_dagrun for daily_monitoring_dag to 2025-07-05 00:00:00+00:00, run_after=2025-07-06 00:00:00+00:00
[2025-07-06T00:29:46.892+0000] {processor.py:183} INFO - Processing /opt/airflow/dags/daily_monitoring_dag.py took 3.047 seconds
[2025-07-06T00:30:17.461+0000] {processor.py:161} INFO - Started process (PID=667) to work on /opt/airflow/dags/daily_monitoring_dag.py
[2025-07-06T00:30:17.463+0000] {processor.py:830} INFO - Processing file /opt/airflow/dags/daily_monitoring_dag.py for tasks to queue
[2025-07-06T00:30:17.467+0000] {logging_mixin.py:188} INFO - [2025-07-06T00:30:17.466+0000] {dagbag.py:545} INFO - Filling up the DagBag from /opt/airflow/dags/daily_monitoring_dag.py
[2025-07-06T00:30:20.547+0000] {logging_mixin.py:188} WARNING - /home/airflow/.local/lib/python3.12/site-packages/evidently/core/metric_types.py:376 FutureWarning: In the future `np.bool` will be defined as the corresponding NumPy scalar.
[2025-07-06T00:30:20.742+0000] {processor.py:840} INFO - DAG(s) 'daily_monitoring_dag' retrieved from /opt/airflow/dags/daily_monitoring_dag.py
[2025-07-06T00:30:20.758+0000] {logging_mixin.py:188} INFO - [2025-07-06T00:30:20.757+0000] {dag.py:3096} INFO - Sync 1 DAGs
[2025-07-06T00:30:20.776+0000] {logging_mixin.py:188} INFO - [2025-07-06T00:30:20.775+0000] {dag.py:3954} INFO - Setting next_dagrun for daily_monitoring_dag to 2025-07-05 00:00:00+00:00, run_after=2025-07-06 00:00:00+00:00
[2025-07-06T00:30:20.788+0000] {processor.py:183} INFO - Processing /opt/airflow/dags/daily_monitoring_dag.py took 3.344 seconds
[2025-07-06T00:30:51.430+0000] {processor.py:161} INFO - Started process (PID=696) to work on /opt/airflow/dags/daily_monitoring_dag.py
[2025-07-06T00:30:51.430+0000] {processor.py:830} INFO - Processing file /opt/airflow/dags/daily_monitoring_dag.py for tasks to queue
[2025-07-06T00:30:51.432+0000] {logging_mixin.py:188} INFO - [2025-07-06T00:30:51.431+0000] {dagbag.py:545} INFO - Filling up the DagBag from /opt/airflow/dags/daily_monitoring_dag.py
[2025-07-06T00:30:54.201+0000] {logging_mixin.py:188} WARNING - /home/airflow/.local/lib/python3.12/site-packages/evidently/core/metric_types.py:376 FutureWarning: In the future `np.bool` will be defined as the corresponding NumPy scalar.
[2025-07-06T00:30:54.395+0000] {processor.py:840} INFO - DAG(s) 'daily_monitoring_dag' retrieved from /opt/airflow/dags/daily_monitoring_dag.py
[2025-07-06T00:30:54.410+0000] {logging_mixin.py:188} INFO - [2025-07-06T00:30:54.410+0000] {dag.py:3096} INFO - Sync 1 DAGs
[2025-07-06T00:30:54.424+0000] {logging_mixin.py:188} INFO - [2025-07-06T00:30:54.424+0000] {dag.py:3954} INFO - Setting next_dagrun for daily_monitoring_dag to 2025-07-05 00:00:00+00:00, run_after=2025-07-06 00:00:00+00:00
[2025-07-06T00:30:54.437+0000] {processor.py:183} INFO - Processing /opt/airflow/dags/daily_monitoring_dag.py took 3.012 seconds
[2025-07-06T00:31:24.961+0000] {processor.py:161} INFO - Started process (PID=716) to work on /opt/airflow/dags/daily_monitoring_dag.py
[2025-07-06T00:31:24.961+0000] {processor.py:830} INFO - Processing file /opt/airflow/dags/daily_monitoring_dag.py for tasks to queue
[2025-07-06T00:31:24.963+0000] {logging_mixin.py:188} INFO - [2025-07-06T00:31:24.963+0000] {dagbag.py:545} INFO - Filling up the DagBag from /opt/airflow/dags/daily_monitoring_dag.py
[2025-07-06T00:31:27.748+0000] {logging_mixin.py:188} WARNING - /home/airflow/.local/lib/python3.12/site-packages/evidently/core/metric_types.py:376 FutureWarning: In the future `np.bool` will be defined as the corresponding NumPy scalar.
[2025-07-06T00:31:27.944+0000] {processor.py:840} INFO - DAG(s) 'daily_monitoring_dag' retrieved from /opt/airflow/dags/daily_monitoring_dag.py
[2025-07-06T00:31:27.960+0000] {logging_mixin.py:188} INFO - [2025-07-06T00:31:27.960+0000] {dag.py:3096} INFO - Sync 1 DAGs
[2025-07-06T00:31:27.975+0000] {logging_mixin.py:188} INFO - [2025-07-06T00:31:27.975+0000] {dag.py:3954} INFO - Setting next_dagrun for daily_monitoring_dag to 2025-07-05 00:00:00+00:00, run_after=2025-07-06 00:00:00+00:00
[2025-07-06T00:31:27.987+0000] {processor.py:183} INFO - Processing /opt/airflow/dags/daily_monitoring_dag.py took 3.031 seconds
[2025-07-06T00:31:58.031+0000] {processor.py:161} INFO - Started process (PID=736) to work on /opt/airflow/dags/daily_monitoring_dag.py
[2025-07-06T00:31:58.031+0000] {processor.py:830} INFO - Processing file /opt/airflow/dags/daily_monitoring_dag.py for tasks to queue
[2025-07-06T00:31:58.033+0000] {logging_mixin.py:188} INFO - [2025-07-06T00:31:58.033+0000] {dagbag.py:545} INFO - Filling up the DagBag from /opt/airflow/dags/daily_monitoring_dag.py
[2025-07-06T00:32:00.788+0000] {logging_mixin.py:188} WARNING - /home/airflow/.local/lib/python3.12/site-packages/evidently/core/metric_types.py:376 FutureWarning: In the future `np.bool` will be defined as the corresponding NumPy scalar.
[2025-07-06T00:32:00.983+0000] {processor.py:840} INFO - DAG(s) 'daily_monitoring_dag' retrieved from /opt/airflow/dags/daily_monitoring_dag.py
[2025-07-06T00:32:00.999+0000] {logging_mixin.py:188} INFO - [2025-07-06T00:32:00.999+0000] {dag.py:3096} INFO - Sync 1 DAGs
[2025-07-06T00:32:01.013+0000] {logging_mixin.py:188} INFO - [2025-07-06T00:32:01.013+0000] {dag.py:3954} INFO - Setting next_dagrun for daily_monitoring_dag to 2025-07-05 00:00:00+00:00, run_after=2025-07-06 00:00:00+00:00
[2025-07-06T00:32:01.025+0000] {processor.py:183} INFO - Processing /opt/airflow/dags/daily_monitoring_dag.py took 2.999 seconds
[2025-07-06T00:32:31.160+0000] {processor.py:161} INFO - Started process (PID=756) to work on /opt/airflow/dags/daily_monitoring_dag.py
[2025-07-06T00:32:31.160+0000] {processor.py:830} INFO - Processing file /opt/airflow/dags/daily_monitoring_dag.py for tasks to queue
[2025-07-06T00:32:31.162+0000] {logging_mixin.py:188} INFO - [2025-07-06T00:32:31.162+0000] {dagbag.py:545} INFO - Filling up the DagBag from /opt/airflow/dags/daily_monitoring_dag.py
[2025-07-06T00:32:33.920+0000] {logging_mixin.py:188} WARNING - /home/airflow/.local/lib/python3.12/site-packages/evidently/core/metric_types.py:376 FutureWarning: In the future `np.bool` will be defined as the corresponding NumPy scalar.
[2025-07-06T00:32:34.175+0000] {processor.py:840} INFO - DAG(s) 'daily_monitoring_dag' retrieved from /opt/airflow/dags/daily_monitoring_dag.py
[2025-07-06T00:32:34.190+0000] {logging_mixin.py:188} INFO - [2025-07-06T00:32:34.190+0000] {dag.py:3096} INFO - Sync 1 DAGs
[2025-07-06T00:32:34.204+0000] {logging_mixin.py:188} INFO - [2025-07-06T00:32:34.203+0000] {dag.py:3954} INFO - Setting next_dagrun for daily_monitoring_dag to 2025-07-05 00:00:00+00:00, run_after=2025-07-06 00:00:00+00:00
[2025-07-06T00:32:34.215+0000] {processor.py:183} INFO - Processing /opt/airflow/dags/daily_monitoring_dag.py took 3.060 seconds
[2025-07-06T00:33:05.134+0000] {processor.py:161} INFO - Started process (PID=776) to work on /opt/airflow/dags/daily_monitoring_dag.py
[2025-07-06T00:33:05.134+0000] {processor.py:830} INFO - Processing file /opt/airflow/dags/daily_monitoring_dag.py for tasks to queue
[2025-07-06T00:33:05.136+0000] {logging_mixin.py:188} INFO - [2025-07-06T00:33:05.135+0000] {dagbag.py:545} INFO - Filling up the DagBag from /opt/airflow/dags/daily_monitoring_dag.py
[2025-07-06T00:33:07.762+0000] {logging_mixin.py:188} WARNING - /home/airflow/.local/lib/python3.12/site-packages/evidently/core/metric_types.py:376 FutureWarning: In the future `np.bool` will be defined as the corresponding NumPy scalar.
[2025-07-06T00:33:07.956+0000] {processor.py:840} INFO - DAG(s) 'daily_monitoring_dag' retrieved from /opt/airflow/dags/daily_monitoring_dag.py
[2025-07-06T00:33:07.971+0000] {logging_mixin.py:188} INFO - [2025-07-06T00:33:07.971+0000] {dag.py:3096} INFO - Sync 1 DAGs
[2025-07-06T00:33:07.985+0000] {logging_mixin.py:188} INFO - [2025-07-06T00:33:07.985+0000] {dag.py:3954} INFO - Setting next_dagrun for daily_monitoring_dag to 2025-07-05 00:00:00+00:00, run_after=2025-07-06 00:00:00+00:00
[2025-07-06T00:33:07.997+0000] {processor.py:183} INFO - Processing /opt/airflow/dags/daily_monitoring_dag.py took 2.868 seconds
[2025-07-06T00:33:38.971+0000] {processor.py:161} INFO - Started process (PID=796) to work on /opt/airflow/dags/daily_monitoring_dag.py
[2025-07-06T00:33:38.971+0000] {processor.py:830} INFO - Processing file /opt/airflow/dags/daily_monitoring_dag.py for tasks to queue
[2025-07-06T00:33:38.973+0000] {logging_mixin.py:188} INFO - [2025-07-06T00:33:38.972+0000] {dagbag.py:545} INFO - Filling up the DagBag from /opt/airflow/dags/daily_monitoring_dag.py
[2025-07-06T00:33:41.863+0000] {logging_mixin.py:188} WARNING - /home/airflow/.local/lib/python3.12/site-packages/evidently/core/metric_types.py:376 FutureWarning: In the future `np.bool` will be defined as the corresponding NumPy scalar.
[2025-07-06T00:33:42.124+0000] {processor.py:840} INFO - DAG(s) 'daily_monitoring_dag' retrieved from /opt/airflow/dags/daily_monitoring_dag.py
[2025-07-06T00:33:42.138+0000] {logging_mixin.py:188} INFO - [2025-07-06T00:33:42.138+0000] {dag.py:3096} INFO - Sync 1 DAGs
[2025-07-06T00:33:42.152+0000] {logging_mixin.py:188} INFO - [2025-07-06T00:33:42.152+0000] {dag.py:3954} INFO - Setting next_dagrun for daily_monitoring_dag to 2025-07-05 00:00:00+00:00, run_after=2025-07-06 00:00:00+00:00
[2025-07-06T00:33:42.164+0000] {processor.py:183} INFO - Processing /opt/airflow/dags/daily_monitoring_dag.py took 3.198 seconds
[2025-07-06T00:34:12.454+0000] {processor.py:161} INFO - Started process (PID=816) to work on /opt/airflow/dags/daily_monitoring_dag.py
[2025-07-06T00:34:12.455+0000] {processor.py:830} INFO - Processing file /opt/airflow/dags/daily_monitoring_dag.py for tasks to queue
[2025-07-06T00:34:12.456+0000] {logging_mixin.py:188} INFO - [2025-07-06T00:34:12.456+0000] {dagbag.py:545} INFO - Filling up the DagBag from /opt/airflow/dags/daily_monitoring_dag.py
[2025-07-06T00:34:15.257+0000] {logging_mixin.py:188} WARNING - /home/airflow/.local/lib/python3.12/site-packages/evidently/core/metric_types.py:376 FutureWarning: In the future `np.bool` will be defined as the corresponding NumPy scalar.
[2025-07-06T00:34:15.452+0000] {processor.py:840} INFO - DAG(s) 'daily_monitoring_dag' retrieved from /opt/airflow/dags/daily_monitoring_dag.py
[2025-07-06T00:34:15.468+0000] {logging_mixin.py:188} INFO - [2025-07-06T00:34:15.468+0000] {dag.py:3096} INFO - Sync 1 DAGs
[2025-07-06T00:34:15.482+0000] {logging_mixin.py:188} INFO - [2025-07-06T00:34:15.482+0000] {dag.py:3954} INFO - Setting next_dagrun for daily_monitoring_dag to 2025-07-05 00:00:00+00:00, run_after=2025-07-06 00:00:00+00:00
[2025-07-06T00:34:15.495+0000] {processor.py:183} INFO - Processing /opt/airflow/dags/daily_monitoring_dag.py took 3.045 seconds
[2025-07-06T00:34:45.914+0000] {processor.py:161} INFO - Started process (PID=836) to work on /opt/airflow/dags/daily_monitoring_dag.py
[2025-07-06T00:34:45.914+0000] {processor.py:830} INFO - Processing file /opt/airflow/dags/daily_monitoring_dag.py for tasks to queue
[2025-07-06T00:34:45.916+0000] {logging_mixin.py:188} INFO - [2025-07-06T00:34:45.915+0000] {dagbag.py:545} INFO - Filling up the DagBag from /opt/airflow/dags/daily_monitoring_dag.py
[2025-07-06T00:34:48.611+0000] {logging_mixin.py:188} WARNING - /home/airflow/.local/lib/python3.12/site-packages/evidently/core/metric_types.py:376 FutureWarning: In the future `np.bool` will be defined as the corresponding NumPy scalar.
[2025-07-06T00:34:48.812+0000] {processor.py:840} INFO - DAG(s) 'daily_monitoring_dag' retrieved from /opt/airflow/dags/daily_monitoring_dag.py
[2025-07-06T00:34:48.827+0000] {logging_mixin.py:188} INFO - [2025-07-06T00:34:48.827+0000] {dag.py:3096} INFO - Sync 1 DAGs
[2025-07-06T00:34:48.843+0000] {logging_mixin.py:188} INFO - [2025-07-06T00:34:48.842+0000] {dag.py:3954} INFO - Setting next_dagrun for daily_monitoring_dag to 2025-07-05 00:00:00+00:00, run_after=2025-07-06 00:00:00+00:00
[2025-07-06T00:34:48.858+0000] {processor.py:183} INFO - Processing /opt/airflow/dags/daily_monitoring_dag.py took 2.949 seconds
[2025-07-06T00:35:19.331+0000] {processor.py:161} INFO - Started process (PID=856) to work on /opt/airflow/dags/daily_monitoring_dag.py
[2025-07-06T00:35:19.331+0000] {processor.py:830} INFO - Processing file /opt/airflow/dags/daily_monitoring_dag.py for tasks to queue
[2025-07-06T00:35:19.333+0000] {logging_mixin.py:188} INFO - [2025-07-06T00:35:19.332+0000] {dagbag.py:545} INFO - Filling up the DagBag from /opt/airflow/dags/daily_monitoring_dag.py
[2025-07-06T00:35:22.286+0000] {logging_mixin.py:188} WARNING - /home/airflow/.local/lib/python3.12/site-packages/evidently/core/metric_types.py:376 FutureWarning: In the future `np.bool` will be defined as the corresponding NumPy scalar.
[2025-07-06T00:35:22.516+0000] {processor.py:840} INFO - DAG(s) 'daily_monitoring_dag' retrieved from /opt/airflow/dags/daily_monitoring_dag.py
[2025-07-06T00:35:22.532+0000] {logging_mixin.py:188} INFO - [2025-07-06T00:35:22.532+0000] {dag.py:3096} INFO - Sync 1 DAGs
[2025-07-06T00:35:22.546+0000] {logging_mixin.py:188} INFO - [2025-07-06T00:35:22.546+0000] {dag.py:3954} INFO - Setting next_dagrun for daily_monitoring_dag to 2025-07-05 00:00:00+00:00, run_after=2025-07-06 00:00:00+00:00
[2025-07-06T00:35:22.558+0000] {processor.py:183} INFO - Processing /opt/airflow/dags/daily_monitoring_dag.py took 3.232 seconds
[2025-07-06T00:35:53.072+0000] {processor.py:161} INFO - Started process (PID=876) to work on /opt/airflow/dags/daily_monitoring_dag.py
[2025-07-06T00:35:53.072+0000] {processor.py:830} INFO - Processing file /opt/airflow/dags/daily_monitoring_dag.py for tasks to queue
[2025-07-06T00:35:53.074+0000] {logging_mixin.py:188} INFO - [2025-07-06T00:35:53.074+0000] {dagbag.py:545} INFO - Filling up the DagBag from /opt/airflow/dags/daily_monitoring_dag.py
[2025-07-06T00:35:56.322+0000] {logging_mixin.py:188} WARNING - /home/airflow/.local/lib/python3.12/site-packages/evidently/core/metric_types.py:376 FutureWarning: In the future `np.bool` will be defined as the corresponding NumPy scalar.
[2025-07-06T00:35:56.518+0000] {processor.py:840} INFO - DAG(s) 'daily_monitoring_dag' retrieved from /opt/airflow/dags/daily_monitoring_dag.py
[2025-07-06T00:35:56.533+0000] {logging_mixin.py:188} INFO - [2025-07-06T00:35:56.533+0000] {dag.py:3096} INFO - Sync 1 DAGs
[2025-07-06T00:35:56.547+0000] {logging_mixin.py:188} INFO - [2025-07-06T00:35:56.546+0000] {dag.py:3954} INFO - Setting next_dagrun for daily_monitoring_dag to 2025-07-05 00:00:00+00:00, run_after=2025-07-06 00:00:00+00:00
[2025-07-06T00:35:56.559+0000] {processor.py:183} INFO - Processing /opt/airflow/dags/daily_monitoring_dag.py took 3.492 seconds
[2025-07-06T00:36:26.701+0000] {processor.py:161} INFO - Started process (PID=896) to work on /opt/airflow/dags/daily_monitoring_dag.py
[2025-07-06T00:36:26.702+0000] {processor.py:830} INFO - Processing file /opt/airflow/dags/daily_monitoring_dag.py for tasks to queue
[2025-07-06T00:36:26.704+0000] {logging_mixin.py:188} INFO - [2025-07-06T00:36:26.704+0000] {dagbag.py:545} INFO - Filling up the DagBag from /opt/airflow/dags/daily_monitoring_dag.py
[2025-07-06T00:36:29.525+0000] {logging_mixin.py:188} WARNING - /home/airflow/.local/lib/python3.12/site-packages/evidently/core/metric_types.py:376 FutureWarning: In the future `np.bool` will be defined as the corresponding NumPy scalar.
[2025-07-06T00:36:29.723+0000] {processor.py:840} INFO - DAG(s) 'daily_monitoring_dag' retrieved from /opt/airflow/dags/daily_monitoring_dag.py
[2025-07-06T00:36:29.738+0000] {logging_mixin.py:188} INFO - [2025-07-06T00:36:29.738+0000] {dag.py:3096} INFO - Sync 1 DAGs
[2025-07-06T00:36:29.753+0000] {logging_mixin.py:188} INFO - [2025-07-06T00:36:29.753+0000] {dag.py:3954} INFO - Setting next_dagrun for daily_monitoring_dag to 2025-07-05 00:00:00+00:00, run_after=2025-07-06 00:00:00+00:00
[2025-07-06T00:36:29.764+0000] {processor.py:183} INFO - Processing /opt/airflow/dags/daily_monitoring_dag.py took 3.070 seconds
[2025-07-06T00:37:00.389+0000] {processor.py:161} INFO - Started process (PID=922) to work on /opt/airflow/dags/daily_monitoring_dag.py
[2025-07-06T00:37:00.390+0000] {processor.py:830} INFO - Processing file /opt/airflow/dags/daily_monitoring_dag.py for tasks to queue
[2025-07-06T00:37:00.391+0000] {logging_mixin.py:188} INFO - [2025-07-06T00:37:00.391+0000] {dagbag.py:545} INFO - Filling up the DagBag from /opt/airflow/dags/daily_monitoring_dag.py
[2025-07-06T00:37:03.054+0000] {logging_mixin.py:188} WARNING - /home/airflow/.local/lib/python3.12/site-packages/evidently/core/metric_types.py:376 FutureWarning: In the future `np.bool` will be defined as the corresponding NumPy scalar.
[2025-07-06T00:37:03.307+0000] {processor.py:840} INFO - DAG(s) 'daily_monitoring_dag' retrieved from /opt/airflow/dags/daily_monitoring_dag.py
[2025-07-06T00:37:03.327+0000] {logging_mixin.py:188} INFO - [2025-07-06T00:37:03.327+0000] {dag.py:3096} INFO - Sync 1 DAGs
[2025-07-06T00:37:03.348+0000] {logging_mixin.py:188} INFO - [2025-07-06T00:37:03.348+0000] {dag.py:3954} INFO - Setting next_dagrun for daily_monitoring_dag to 2025-07-05 00:00:00+00:00, run_after=2025-07-06 00:00:00+00:00
[2025-07-06T00:37:03.366+0000] {processor.py:183} INFO - Processing /opt/airflow/dags/daily_monitoring_dag.py took 2.982 seconds
[2025-07-06T00:37:34.022+0000] {processor.py:161} INFO - Started process (PID=942) to work on /opt/airflow/dags/daily_monitoring_dag.py
[2025-07-06T00:37:34.023+0000] {processor.py:830} INFO - Processing file /opt/airflow/dags/daily_monitoring_dag.py for tasks to queue
[2025-07-06T00:37:34.024+0000] {logging_mixin.py:188} INFO - [2025-07-06T00:37:34.024+0000] {dagbag.py:545} INFO - Filling up the DagBag from /opt/airflow/dags/daily_monitoring_dag.py
[2025-07-06T00:37:37.090+0000] {logging_mixin.py:188} WARNING - /home/airflow/.local/lib/python3.12/site-packages/evidently/core/metric_types.py:376 FutureWarning: In the future `np.bool` will be defined as the corresponding NumPy scalar.
[2025-07-06T00:37:37.523+0000] {processor.py:840} INFO - DAG(s) 'daily_monitoring_dag' retrieved from /opt/airflow/dags/daily_monitoring_dag.py
[2025-07-06T00:37:37.544+0000] {logging_mixin.py:188} INFO - [2025-07-06T00:37:37.543+0000] {dag.py:3096} INFO - Sync 1 DAGs
[2025-07-06T00:37:37.566+0000] {logging_mixin.py:188} INFO - [2025-07-06T00:37:37.566+0000] {dag.py:3954} INFO - Setting next_dagrun for daily_monitoring_dag to 2025-07-05 00:00:00+00:00, run_after=2025-07-06 00:00:00+00:00
[2025-07-06T00:37:37.582+0000] {processor.py:183} INFO - Processing /opt/airflow/dags/daily_monitoring_dag.py took 3.564 seconds
[2025-07-06T00:38:08.206+0000] {processor.py:161} INFO - Started process (PID=965) to work on /opt/airflow/dags/daily_monitoring_dag.py
[2025-07-06T00:38:08.207+0000] {processor.py:830} INFO - Processing file /opt/airflow/dags/daily_monitoring_dag.py for tasks to queue
[2025-07-06T00:38:08.209+0000] {logging_mixin.py:188} INFO - [2025-07-06T00:38:08.209+0000] {dagbag.py:545} INFO - Filling up the DagBag from /opt/airflow/dags/daily_monitoring_dag.py
[2025-07-06T00:38:11.837+0000] {logging_mixin.py:188} WARNING - /home/airflow/.local/lib/python3.12/site-packages/evidently/core/metric_types.py:376 FutureWarning: In the future `np.bool` will be defined as the corresponding NumPy scalar.
[2025-07-06T00:38:12.040+0000] {processor.py:840} INFO - DAG(s) 'daily_monitoring_dag' retrieved from /opt/airflow/dags/daily_monitoring_dag.py
[2025-07-06T00:38:12.055+0000] {logging_mixin.py:188} INFO - [2025-07-06T00:38:12.054+0000] {dag.py:3096} INFO - Sync 1 DAGs
[2025-07-06T00:38:12.069+0000] {logging_mixin.py:188} INFO - [2025-07-06T00:38:12.068+0000] {dag.py:3954} INFO - Setting next_dagrun for daily_monitoring_dag to 2025-07-05 00:00:00+00:00, run_after=2025-07-06 00:00:00+00:00
[2025-07-06T00:38:12.080+0000] {processor.py:183} INFO - Processing /opt/airflow/dags/daily_monitoring_dag.py took 3.880 seconds
[2025-07-06T00:38:42.152+0000] {processor.py:161} INFO - Started process (PID=989) to work on /opt/airflow/dags/daily_monitoring_dag.py
[2025-07-06T00:38:42.153+0000] {processor.py:830} INFO - Processing file /opt/airflow/dags/daily_monitoring_dag.py for tasks to queue
[2025-07-06T00:38:42.154+0000] {logging_mixin.py:188} INFO - [2025-07-06T00:38:42.154+0000] {dagbag.py:545} INFO - Filling up the DagBag from /opt/airflow/dags/daily_monitoring_dag.py
[2025-07-06T00:38:45.007+0000] {logging_mixin.py:188} WARNING - /home/airflow/.local/lib/python3.12/site-packages/evidently/core/metric_types.py:376 FutureWarning: In the future `np.bool` will be defined as the corresponding NumPy scalar.
[2025-07-06T00:38:45.207+0000] {processor.py:840} INFO - DAG(s) 'daily_monitoring_dag' retrieved from /opt/airflow/dags/daily_monitoring_dag.py
[2025-07-06T00:38:45.224+0000] {logging_mixin.py:188} INFO - [2025-07-06T00:38:45.224+0000] {dag.py:3096} INFO - Sync 1 DAGs
[2025-07-06T00:38:45.239+0000] {logging_mixin.py:188} INFO - [2025-07-06T00:38:45.238+0000] {dag.py:3954} INFO - Setting next_dagrun for daily_monitoring_dag to 2025-07-05 00:00:00+00:00, run_after=2025-07-06 00:00:00+00:00
[2025-07-06T00:38:45.252+0000] {processor.py:183} INFO - Processing /opt/airflow/dags/daily_monitoring_dag.py took 3.106 seconds
[2025-07-06T00:39:15.767+0000] {processor.py:161} INFO - Started process (PID=1009) to work on /opt/airflow/dags/daily_monitoring_dag.py
[2025-07-06T00:39:15.768+0000] {processor.py:830} INFO - Processing file /opt/airflow/dags/daily_monitoring_dag.py for tasks to queue
[2025-07-06T00:39:15.770+0000] {logging_mixin.py:188} INFO - [2025-07-06T00:39:15.769+0000] {dagbag.py:545} INFO - Filling up the DagBag from /opt/airflow/dags/daily_monitoring_dag.py
[2025-07-06T00:39:18.587+0000] {logging_mixin.py:188} WARNING - /home/airflow/.local/lib/python3.12/site-packages/evidently/core/metric_types.py:376 FutureWarning: In the future `np.bool` will be defined as the corresponding NumPy scalar.
[2025-07-06T00:39:18.788+0000] {processor.py:840} INFO - DAG(s) 'daily_monitoring_dag' retrieved from /opt/airflow/dags/daily_monitoring_dag.py
[2025-07-06T00:39:18.805+0000] {logging_mixin.py:188} INFO - [2025-07-06T00:39:18.805+0000] {dag.py:3096} INFO - Sync 1 DAGs
[2025-07-06T00:39:18.827+0000] {logging_mixin.py:188} INFO - [2025-07-06T00:39:18.827+0000] {dag.py:3954} INFO - Setting next_dagrun for daily_monitoring_dag to 2025-07-05 00:00:00+00:00, run_after=2025-07-06 00:00:00+00:00
[2025-07-06T00:39:18.845+0000] {processor.py:183} INFO - Processing /opt/airflow/dags/daily_monitoring_dag.py took 3.087 seconds
[2025-07-06T00:39:49.353+0000] {processor.py:161} INFO - Started process (PID=1029) to work on /opt/airflow/dags/daily_monitoring_dag.py
[2025-07-06T00:39:49.354+0000] {processor.py:830} INFO - Processing file /opt/airflow/dags/daily_monitoring_dag.py for tasks to queue
[2025-07-06T00:39:49.355+0000] {logging_mixin.py:188} INFO - [2025-07-06T00:39:49.355+0000] {dagbag.py:545} INFO - Filling up the DagBag from /opt/airflow/dags/daily_monitoring_dag.py
[2025-07-06T00:39:52.141+0000] {logging_mixin.py:188} WARNING - /home/airflow/.local/lib/python3.12/site-packages/evidently/core/metric_types.py:376 FutureWarning: In the future `np.bool` will be defined as the corresponding NumPy scalar.
[2025-07-06T00:39:52.350+0000] {processor.py:840} INFO - DAG(s) 'daily_monitoring_dag' retrieved from /opt/airflow/dags/daily_monitoring_dag.py
[2025-07-06T00:39:52.365+0000] {logging_mixin.py:188} INFO - [2025-07-06T00:39:52.365+0000] {dag.py:3096} INFO - Sync 1 DAGs
[2025-07-06T00:39:52.379+0000] {logging_mixin.py:188} INFO - [2025-07-06T00:39:52.379+0000] {dag.py:3954} INFO - Setting next_dagrun for daily_monitoring_dag to 2025-07-05 00:00:00+00:00, run_after=2025-07-06 00:00:00+00:00
[2025-07-06T00:39:52.392+0000] {processor.py:183} INFO - Processing /opt/airflow/dags/daily_monitoring_dag.py took 3.044 seconds
[2025-07-06T00:40:22.875+0000] {processor.py:161} INFO - Started process (PID=1049) to work on /opt/airflow/dags/daily_monitoring_dag.py
[2025-07-06T00:40:22.876+0000] {processor.py:830} INFO - Processing file /opt/airflow/dags/daily_monitoring_dag.py for tasks to queue
[2025-07-06T00:40:22.877+0000] {logging_mixin.py:188} INFO - [2025-07-06T00:40:22.877+0000] {dagbag.py:545} INFO - Filling up the DagBag from /opt/airflow/dags/daily_monitoring_dag.py
[2025-07-06T00:40:25.557+0000] {logging_mixin.py:188} WARNING - /home/airflow/.local/lib/python3.12/site-packages/evidently/core/metric_types.py:376 FutureWarning: In the future `np.bool` will be defined as the corresponding NumPy scalar.
[2025-07-06T00:40:25.750+0000] {processor.py:840} INFO - DAG(s) 'daily_monitoring_dag' retrieved from /opt/airflow/dags/daily_monitoring_dag.py
[2025-07-06T00:40:25.767+0000] {logging_mixin.py:188} INFO - [2025-07-06T00:40:25.767+0000] {dag.py:3096} INFO - Sync 1 DAGs
[2025-07-06T00:40:25.783+0000] {logging_mixin.py:188} INFO - [2025-07-06T00:40:25.782+0000] {dag.py:3954} INFO - Setting next_dagrun for daily_monitoring_dag to 2025-07-05 00:00:00+00:00, run_after=2025-07-06 00:00:00+00:00
[2025-07-06T00:40:25.794+0000] {processor.py:183} INFO - Processing /opt/airflow/dags/daily_monitoring_dag.py took 2.924 seconds
[2025-07-06T00:41:29.443+0000] {processor.py:161} INFO - Started process (PID=161) to work on /opt/airflow/dags/daily_monitoring_dag.py
[2025-07-06T00:41:29.447+0000] {processor.py:830} INFO - Processing file /opt/airflow/dags/daily_monitoring_dag.py for tasks to queue
[2025-07-06T00:41:29.453+0000] {logging_mixin.py:188} INFO - [2025-07-06T00:41:29.450+0000] {dagbag.py:545} INFO - Filling up the DagBag from /opt/airflow/dags/daily_monitoring_dag.py
[2025-07-06T00:41:40.161+0000] {logging_mixin.py:188} WARNING - /home/airflow/.local/lib/python3.12/site-packages/evidently/core/metric_types.py:376 FutureWarning: In the future `np.bool` will be defined as the corresponding NumPy scalar.
[2025-07-06T00:41:40.641+0000] {processor.py:840} INFO - DAG(s) 'daily_monitoring_dag' retrieved from /opt/airflow/dags/daily_monitoring_dag.py
[2025-07-06T00:41:40.664+0000] {logging_mixin.py:188} INFO - [2025-07-06T00:41:40.664+0000] {dag.py:3096} INFO - Sync 1 DAGs
[2025-07-06T00:41:40.686+0000] {logging_mixin.py:188} INFO - [2025-07-06T00:41:40.686+0000] {dag.py:3954} INFO - Setting next_dagrun for daily_monitoring_dag to 2025-07-05 00:00:00+00:00, run_after=2025-07-06 00:00:00+00:00
[2025-07-06T00:41:40.701+0000] {processor.py:183} INFO - Processing /opt/airflow/dags/daily_monitoring_dag.py took 11.278 seconds
[2025-07-06T00:42:11.443+0000] {processor.py:161} INFO - Started process (PID=191) to work on /opt/airflow/dags/daily_monitoring_dag.py
[2025-07-06T00:42:11.444+0000] {processor.py:830} INFO - Processing file /opt/airflow/dags/daily_monitoring_dag.py for tasks to queue
[2025-07-06T00:42:11.445+0000] {logging_mixin.py:188} INFO - [2025-07-06T00:42:11.445+0000] {dagbag.py:545} INFO - Filling up the DagBag from /opt/airflow/dags/daily_monitoring_dag.py
[2025-07-06T00:42:15.016+0000] {logging_mixin.py:188} WARNING - /home/airflow/.local/lib/python3.12/site-packages/evidently/core/metric_types.py:376 FutureWarning: In the future `np.bool` will be defined as the corresponding NumPy scalar.
[2025-07-06T00:42:15.212+0000] {processor.py:840} INFO - DAG(s) 'daily_monitoring_dag' retrieved from /opt/airflow/dags/daily_monitoring_dag.py
[2025-07-06T00:42:15.279+0000] {logging_mixin.py:188} INFO - [2025-07-06T00:42:15.278+0000] {dag.py:3096} INFO - Sync 1 DAGs
[2025-07-06T00:42:15.291+0000] {logging_mixin.py:188} INFO - [2025-07-06T00:42:15.291+0000] {dag.py:3954} INFO - Setting next_dagrun for daily_monitoring_dag to 2025-07-05 00:00:00+00:00, run_after=2025-07-06 00:00:00+00:00
[2025-07-06T00:42:15.304+0000] {processor.py:183} INFO - Processing /opt/airflow/dags/daily_monitoring_dag.py took 3.865 seconds
[2025-07-06T00:42:45.386+0000] {processor.py:161} INFO - Started process (PID=214) to work on /opt/airflow/dags/daily_monitoring_dag.py
[2025-07-06T00:42:45.387+0000] {processor.py:830} INFO - Processing file /opt/airflow/dags/daily_monitoring_dag.py for tasks to queue
[2025-07-06T00:42:45.388+0000] {logging_mixin.py:188} INFO - [2025-07-06T00:42:45.388+0000] {dagbag.py:545} INFO - Filling up the DagBag from /opt/airflow/dags/daily_monitoring_dag.py
[2025-07-06T00:42:48.134+0000] {logging_mixin.py:188} WARNING - /home/airflow/.local/lib/python3.12/site-packages/evidently/core/metric_types.py:376 FutureWarning: In the future `np.bool` will be defined as the corresponding NumPy scalar.
[2025-07-06T00:42:48.364+0000] {processor.py:840} INFO - DAG(s) 'daily_monitoring_dag' retrieved from /opt/airflow/dags/daily_monitoring_dag.py
[2025-07-06T00:42:48.387+0000] {logging_mixin.py:188} INFO - [2025-07-06T00:42:48.386+0000] {dag.py:3096} INFO - Sync 1 DAGs
[2025-07-06T00:42:48.402+0000] {logging_mixin.py:188} INFO - [2025-07-06T00:42:48.402+0000] {dag.py:3954} INFO - Setting next_dagrun for daily_monitoring_dag to 2025-07-05 00:00:00+00:00, run_after=2025-07-06 00:00:00+00:00
[2025-07-06T00:42:48.414+0000] {processor.py:183} INFO - Processing /opt/airflow/dags/daily_monitoring_dag.py took 3.033 seconds
[2025-07-06T00:43:18.850+0000] {processor.py:161} INFO - Started process (PID=234) to work on /opt/airflow/dags/daily_monitoring_dag.py
[2025-07-06T00:43:18.851+0000] {processor.py:830} INFO - Processing file /opt/airflow/dags/daily_monitoring_dag.py for tasks to queue
[2025-07-06T00:43:18.853+0000] {logging_mixin.py:188} INFO - [2025-07-06T00:43:18.852+0000] {dagbag.py:545} INFO - Filling up the DagBag from /opt/airflow/dags/daily_monitoring_dag.py
[2025-07-06T00:43:21.672+0000] {logging_mixin.py:188} WARNING - /home/airflow/.local/lib/python3.12/site-packages/evidently/core/metric_types.py:376 FutureWarning: In the future `np.bool` will be defined as the corresponding NumPy scalar.
[2025-07-06T00:43:21.874+0000] {processor.py:840} INFO - DAG(s) 'daily_monitoring_dag' retrieved from /opt/airflow/dags/daily_monitoring_dag.py
[2025-07-06T00:43:21.889+0000] {logging_mixin.py:188} INFO - [2025-07-06T00:43:21.889+0000] {dag.py:3096} INFO - Sync 1 DAGs
[2025-07-06T00:43:21.906+0000] {logging_mixin.py:188} INFO - [2025-07-06T00:43:21.905+0000] {dag.py:3954} INFO - Setting next_dagrun for daily_monitoring_dag to 2025-07-05 00:00:00+00:00, run_after=2025-07-06 00:00:00+00:00
[2025-07-06T00:43:21.917+0000] {processor.py:183} INFO - Processing /opt/airflow/dags/daily_monitoring_dag.py took 3.071 seconds
[2025-07-06T00:43:52.410+0000] {processor.py:161} INFO - Started process (PID=254) to work on /opt/airflow/dags/daily_monitoring_dag.py
[2025-07-06T00:43:52.410+0000] {processor.py:830} INFO - Processing file /opt/airflow/dags/daily_monitoring_dag.py for tasks to queue
[2025-07-06T00:43:52.412+0000] {logging_mixin.py:188} INFO - [2025-07-06T00:43:52.412+0000] {dagbag.py:545} INFO - Filling up the DagBag from /opt/airflow/dags/daily_monitoring_dag.py
[2025-07-06T00:43:55.092+0000] {logging_mixin.py:188} WARNING - /home/airflow/.local/lib/python3.12/site-packages/evidently/core/metric_types.py:376 FutureWarning: In the future `np.bool` will be defined as the corresponding NumPy scalar.
[2025-07-06T00:43:55.291+0000] {processor.py:840} INFO - DAG(s) 'daily_monitoring_dag' retrieved from /opt/airflow/dags/daily_monitoring_dag.py
[2025-07-06T00:43:55.307+0000] {logging_mixin.py:188} INFO - [2025-07-06T00:43:55.307+0000] {dag.py:3096} INFO - Sync 1 DAGs
[2025-07-06T00:43:55.322+0000] {logging_mixin.py:188} INFO - [2025-07-06T00:43:55.321+0000] {dag.py:3954} INFO - Setting next_dagrun for daily_monitoring_dag to 2025-07-05 00:00:00+00:00, run_after=2025-07-06 00:00:00+00:00
[2025-07-06T00:43:55.333+0000] {processor.py:183} INFO - Processing /opt/airflow/dags/daily_monitoring_dag.py took 2.930 seconds
[2025-07-06T00:44:58.765+0000] {processor.py:161} INFO - Started process (PID=160) to work on /opt/airflow/dags/daily_monitoring_dag.py
[2025-07-06T00:44:58.770+0000] {processor.py:830} INFO - Processing file /opt/airflow/dags/daily_monitoring_dag.py for tasks to queue
[2025-07-06T00:44:58.773+0000] {logging_mixin.py:188} INFO - [2025-07-06T00:44:58.773+0000] {dagbag.py:545} INFO - Filling up the DagBag from /opt/airflow/dags/daily_monitoring_dag.py
[2025-07-06T00:45:08.925+0000] {logging_mixin.py:188} WARNING - /home/airflow/.local/lib/python3.12/site-packages/evidently/core/metric_types.py:376 FutureWarning: In the future `np.bool` will be defined as the corresponding NumPy scalar.
[2025-07-06T00:45:09.444+0000] {processor.py:840} INFO - DAG(s) 'daily_monitoring_dag' retrieved from /opt/airflow/dags/daily_monitoring_dag.py
[2025-07-06T00:45:09.470+0000] {logging_mixin.py:188} INFO - [2025-07-06T00:45:09.469+0000] {dag.py:3096} INFO - Sync 1 DAGs
[2025-07-06T00:45:09.492+0000] {logging_mixin.py:188} INFO - [2025-07-06T00:45:09.492+0000] {dag.py:3954} INFO - Setting next_dagrun for daily_monitoring_dag to 2025-07-05 00:00:00+00:00, run_after=2025-07-06 00:00:00+00:00
[2025-07-06T00:45:09.517+0000] {processor.py:183} INFO - Processing /opt/airflow/dags/daily_monitoring_dag.py took 10.765 seconds
[2025-07-06T00:45:39.626+0000] {processor.py:161} INFO - Started process (PID=191) to work on /opt/airflow/dags/daily_monitoring_dag.py
[2025-07-06T00:45:39.626+0000] {processor.py:830} INFO - Processing file /opt/airflow/dags/daily_monitoring_dag.py for tasks to queue
[2025-07-06T00:45:39.628+0000] {logging_mixin.py:188} INFO - [2025-07-06T00:45:39.627+0000] {dagbag.py:545} INFO - Filling up the DagBag from /opt/airflow/dags/daily_monitoring_dag.py
[2025-07-06T00:45:43.307+0000] {logging_mixin.py:188} WARNING - /home/airflow/.local/lib/python3.12/site-packages/evidently/core/metric_types.py:376 FutureWarning: In the future `np.bool` will be defined as the corresponding NumPy scalar.
[2025-07-06T00:45:43.648+0000] {processor.py:840} INFO - DAG(s) 'daily_monitoring_dag' retrieved from /opt/airflow/dags/daily_monitoring_dag.py
[2025-07-06T00:45:43.733+0000] {logging_mixin.py:188} INFO - [2025-07-06T00:45:43.732+0000] {dag.py:3096} INFO - Sync 1 DAGs
[2025-07-06T00:45:43.750+0000] {logging_mixin.py:188} INFO - [2025-07-06T00:45:43.750+0000] {dag.py:3954} INFO - Setting next_dagrun for daily_monitoring_dag to 2025-07-05 00:00:00+00:00, run_after=2025-07-06 00:00:00+00:00
[2025-07-06T00:45:43.764+0000] {processor.py:183} INFO - Processing /opt/airflow/dags/daily_monitoring_dag.py took 4.143 seconds
[2025-07-06T00:46:14.436+0000] {processor.py:161} INFO - Started process (PID=235) to work on /opt/airflow/dags/daily_monitoring_dag.py
[2025-07-06T00:46:14.438+0000] {processor.py:830} INFO - Processing file /opt/airflow/dags/daily_monitoring_dag.py for tasks to queue
[2025-07-06T00:46:14.440+0000] {logging_mixin.py:188} INFO - [2025-07-06T00:46:14.440+0000] {dagbag.py:545} INFO - Filling up the DagBag from /opt/airflow/dags/daily_monitoring_dag.py
[2025-07-06T00:46:17.988+0000] {logging_mixin.py:188} WARNING - /home/airflow/.local/lib/python3.12/site-packages/evidently/core/metric_types.py:376 FutureWarning: In the future `np.bool` will be defined as the corresponding NumPy scalar.
[2025-07-06T00:46:18.491+0000] {processor.py:840} INFO - DAG(s) 'daily_monitoring_dag' retrieved from /opt/airflow/dags/daily_monitoring_dag.py
[2025-07-06T00:46:18.514+0000] {logging_mixin.py:188} INFO - [2025-07-06T00:46:18.514+0000] {dag.py:3096} INFO - Sync 1 DAGs
[2025-07-06T00:46:18.529+0000] {logging_mixin.py:188} INFO - [2025-07-06T00:46:18.529+0000] {dag.py:3954} INFO - Setting next_dagrun for daily_monitoring_dag to 2025-07-05 00:00:00+00:00, run_after=2025-07-06 00:00:00+00:00
[2025-07-06T00:46:18.541+0000] {processor.py:183} INFO - Processing /opt/airflow/dags/daily_monitoring_dag.py took 4.111 seconds
[2025-07-06T00:46:48.685+0000] {processor.py:161} INFO - Started process (PID=269) to work on /opt/airflow/dags/daily_monitoring_dag.py
[2025-07-06T00:46:48.686+0000] {processor.py:830} INFO - Processing file /opt/airflow/dags/daily_monitoring_dag.py for tasks to queue
[2025-07-06T00:46:48.688+0000] {logging_mixin.py:188} INFO - [2025-07-06T00:46:48.687+0000] {dagbag.py:545} INFO - Filling up the DagBag from /opt/airflow/dags/daily_monitoring_dag.py
[2025-07-06T00:46:51.442+0000] {logging_mixin.py:188} WARNING - /home/airflow/.local/lib/python3.12/site-packages/evidently/core/metric_types.py:376 FutureWarning: In the future `np.bool` will be defined as the corresponding NumPy scalar.
[2025-07-06T00:46:51.641+0000] {processor.py:840} INFO - DAG(s) 'daily_monitoring_dag' retrieved from /opt/airflow/dags/daily_monitoring_dag.py
[2025-07-06T00:46:51.656+0000] {logging_mixin.py:188} INFO - [2025-07-06T00:46:51.656+0000] {dag.py:3096} INFO - Sync 1 DAGs
[2025-07-06T00:46:51.671+0000] {logging_mixin.py:188} INFO - [2025-07-06T00:46:51.671+0000] {dag.py:3954} INFO - Setting next_dagrun for daily_monitoring_dag to 2025-07-06 00:00:00+00:00, run_after=2025-07-07 00:00:00+00:00
[2025-07-06T00:46:51.685+0000] {processor.py:183} INFO - Processing /opt/airflow/dags/daily_monitoring_dag.py took 3.005 seconds
[2025-07-06T00:47:22.160+0000] {processor.py:161} INFO - Started process (PID=292) to work on /opt/airflow/dags/daily_monitoring_dag.py
[2025-07-06T00:47:22.161+0000] {processor.py:830} INFO - Processing file /opt/airflow/dags/daily_monitoring_dag.py for tasks to queue
[2025-07-06T00:47:22.163+0000] {logging_mixin.py:188} INFO - [2025-07-06T00:47:22.163+0000] {dagbag.py:545} INFO - Filling up the DagBag from /opt/airflow/dags/daily_monitoring_dag.py
[2025-07-06T00:47:26.657+0000] {logging_mixin.py:188} WARNING - /home/airflow/.local/lib/python3.12/site-packages/evidently/core/metric_types.py:376 FutureWarning: In the future `np.bool` will be defined as the corresponding NumPy scalar.
[2025-07-06T00:47:27.034+0000] {processor.py:840} INFO - DAG(s) 'daily_monitoring_dag' retrieved from /opt/airflow/dags/daily_monitoring_dag.py
[2025-07-06T00:47:27.056+0000] {logging_mixin.py:188} INFO - [2025-07-06T00:47:27.056+0000] {dag.py:3096} INFO - Sync 1 DAGs
[2025-07-06T00:47:27.078+0000] {logging_mixin.py:188} INFO - [2025-07-06T00:47:27.078+0000] {dag.py:3954} INFO - Setting next_dagrun for daily_monitoring_dag to 2025-07-06 00:00:00+00:00, run_after=2025-07-07 00:00:00+00:00
[2025-07-06T00:47:27.094+0000] {processor.py:183} INFO - Processing /opt/airflow/dags/daily_monitoring_dag.py took 4.942 seconds
[2025-07-06T00:47:57.723+0000] {processor.py:161} INFO - Started process (PID=333) to work on /opt/airflow/dags/daily_monitoring_dag.py
[2025-07-06T00:47:57.724+0000] {processor.py:830} INFO - Processing file /opt/airflow/dags/daily_monitoring_dag.py for tasks to queue
[2025-07-06T00:47:57.725+0000] {logging_mixin.py:188} INFO - [2025-07-06T00:47:57.725+0000] {dagbag.py:545} INFO - Filling up the DagBag from /opt/airflow/dags/daily_monitoring_dag.py
[2025-07-06T00:48:00.433+0000] {logging_mixin.py:188} WARNING - /home/airflow/.local/lib/python3.12/site-packages/evidently/core/metric_types.py:376 FutureWarning: In the future `np.bool` will be defined as the corresponding NumPy scalar.
[2025-07-06T00:48:00.645+0000] {processor.py:840} INFO - DAG(s) 'daily_monitoring_dag' retrieved from /opt/airflow/dags/daily_monitoring_dag.py
[2025-07-06T00:48:00.660+0000] {logging_mixin.py:188} INFO - [2025-07-06T00:48:00.660+0000] {dag.py:3096} INFO - Sync 1 DAGs
[2025-07-06T00:48:00.675+0000] {logging_mixin.py:188} INFO - [2025-07-06T00:48:00.675+0000] {dag.py:3954} INFO - Setting next_dagrun for daily_monitoring_dag to 2025-07-06 00:00:00+00:00, run_after=2025-07-07 00:00:00+00:00
[2025-07-06T00:48:00.690+0000] {processor.py:183} INFO - Processing /opt/airflow/dags/daily_monitoring_dag.py took 2.971 seconds
[2025-07-06T00:48:31.267+0000] {processor.py:161} INFO - Started process (PID=353) to work on /opt/airflow/dags/daily_monitoring_dag.py
[2025-07-06T00:48:31.267+0000] {processor.py:830} INFO - Processing file /opt/airflow/dags/daily_monitoring_dag.py for tasks to queue
[2025-07-06T00:48:31.269+0000] {logging_mixin.py:188} INFO - [2025-07-06T00:48:31.269+0000] {dagbag.py:545} INFO - Filling up the DagBag from /opt/airflow/dags/daily_monitoring_dag.py
[2025-07-06T00:48:33.880+0000] {logging_mixin.py:188} WARNING - /home/airflow/.local/lib/python3.12/site-packages/evidently/core/metric_types.py:376 FutureWarning: In the future `np.bool` will be defined as the corresponding NumPy scalar.
[2025-07-06T00:48:34.107+0000] {processor.py:840} INFO - DAG(s) 'daily_monitoring_dag' retrieved from /opt/airflow/dags/daily_monitoring_dag.py
[2025-07-06T00:48:34.122+0000] {logging_mixin.py:188} INFO - [2025-07-06T00:48:34.122+0000] {dag.py:3096} INFO - Sync 1 DAGs
[2025-07-06T00:48:34.136+0000] {logging_mixin.py:188} INFO - [2025-07-06T00:48:34.136+0000] {dag.py:3954} INFO - Setting next_dagrun for daily_monitoring_dag to 2025-07-06 00:00:00+00:00, run_after=2025-07-07 00:00:00+00:00
[2025-07-06T00:48:34.149+0000] {processor.py:183} INFO - Processing /opt/airflow/dags/daily_monitoring_dag.py took 2.887 seconds
[2025-07-06T00:49:04.618+0000] {processor.py:161} INFO - Started process (PID=373) to work on /opt/airflow/dags/daily_monitoring_dag.py
[2025-07-06T00:49:04.619+0000] {processor.py:830} INFO - Processing file /opt/airflow/dags/daily_monitoring_dag.py for tasks to queue
[2025-07-06T00:49:04.620+0000] {logging_mixin.py:188} INFO - [2025-07-06T00:49:04.620+0000] {dagbag.py:545} INFO - Filling up the DagBag from /opt/airflow/dags/daily_monitoring_dag.py
[2025-07-06T00:49:07.443+0000] {logging_mixin.py:188} WARNING - /home/airflow/.local/lib/python3.12/site-packages/evidently/core/metric_types.py:376 FutureWarning: In the future `np.bool` will be defined as the corresponding NumPy scalar.
[2025-07-06T00:49:07.639+0000] {processor.py:840} INFO - DAG(s) 'daily_monitoring_dag' retrieved from /opt/airflow/dags/daily_monitoring_dag.py
[2025-07-06T00:49:07.655+0000] {logging_mixin.py:188} INFO - [2025-07-06T00:49:07.654+0000] {dag.py:3096} INFO - Sync 1 DAGs
[2025-07-06T00:49:07.669+0000] {logging_mixin.py:188} INFO - [2025-07-06T00:49:07.669+0000] {dag.py:3954} INFO - Setting next_dagrun for daily_monitoring_dag to 2025-07-06 00:00:00+00:00, run_after=2025-07-07 00:00:00+00:00
[2025-07-06T00:49:07.683+0000] {processor.py:183} INFO - Processing /opt/airflow/dags/daily_monitoring_dag.py took 3.069 seconds
[2025-07-06T00:49:38.077+0000] {processor.py:161} INFO - Started process (PID=393) to work on /opt/airflow/dags/daily_monitoring_dag.py
[2025-07-06T00:49:38.078+0000] {processor.py:830} INFO - Processing file /opt/airflow/dags/daily_monitoring_dag.py for tasks to queue
[2025-07-06T00:49:38.079+0000] {logging_mixin.py:188} INFO - [2025-07-06T00:49:38.079+0000] {dagbag.py:545} INFO - Filling up the DagBag from /opt/airflow/dags/daily_monitoring_dag.py
[2025-07-06T00:49:40.883+0000] {logging_mixin.py:188} WARNING - /home/airflow/.local/lib/python3.12/site-packages/evidently/core/metric_types.py:376 FutureWarning: In the future `np.bool` will be defined as the corresponding NumPy scalar.
[2025-07-06T00:49:41.088+0000] {processor.py:840} INFO - DAG(s) 'daily_monitoring_dag' retrieved from /opt/airflow/dags/daily_monitoring_dag.py
[2025-07-06T00:49:41.112+0000] {logging_mixin.py:188} INFO - [2025-07-06T00:49:41.111+0000] {dag.py:3096} INFO - Sync 1 DAGs
[2025-07-06T00:49:41.127+0000] {logging_mixin.py:188} INFO - [2025-07-06T00:49:41.127+0000] {dag.py:3954} INFO - Setting next_dagrun for daily_monitoring_dag to 2025-07-06 00:00:00+00:00, run_after=2025-07-07 00:00:00+00:00
[2025-07-06T00:49:41.140+0000] {processor.py:183} INFO - Processing /opt/airflow/dags/daily_monitoring_dag.py took 3.068 seconds
[2025-07-06T00:50:11.545+0000] {processor.py:161} INFO - Started process (PID=413) to work on /opt/airflow/dags/daily_monitoring_dag.py
[2025-07-06T00:50:11.546+0000] {processor.py:830} INFO - Processing file /opt/airflow/dags/daily_monitoring_dag.py for tasks to queue
[2025-07-06T00:50:11.547+0000] {logging_mixin.py:188} INFO - [2025-07-06T00:50:11.547+0000] {dagbag.py:545} INFO - Filling up the DagBag from /opt/airflow/dags/daily_monitoring_dag.py
[2025-07-06T00:50:14.812+0000] {logging_mixin.py:188} WARNING - /home/airflow/.local/lib/python3.12/site-packages/evidently/core/metric_types.py:376 FutureWarning: In the future `np.bool` will be defined as the corresponding NumPy scalar.
[2025-07-06T00:50:15.018+0000] {processor.py:840} INFO - DAG(s) 'daily_monitoring_dag' retrieved from /opt/airflow/dags/daily_monitoring_dag.py
[2025-07-06T00:50:15.033+0000] {logging_mixin.py:188} INFO - [2025-07-06T00:50:15.033+0000] {dag.py:3096} INFO - Sync 1 DAGs
[2025-07-06T00:50:15.047+0000] {logging_mixin.py:188} INFO - [2025-07-06T00:50:15.047+0000] {dag.py:3954} INFO - Setting next_dagrun for daily_monitoring_dag to 2025-07-06 00:00:00+00:00, run_after=2025-07-07 00:00:00+00:00
[2025-07-06T00:50:15.059+0000] {processor.py:183} INFO - Processing /opt/airflow/dags/daily_monitoring_dag.py took 3.519 seconds
[2025-07-06T00:50:45.424+0000] {processor.py:161} INFO - Started process (PID=439) to work on /opt/airflow/dags/daily_monitoring_dag.py
[2025-07-06T00:50:45.425+0000] {processor.py:830} INFO - Processing file /opt/airflow/dags/daily_monitoring_dag.py for tasks to queue
[2025-07-06T00:50:45.426+0000] {logging_mixin.py:188} INFO - [2025-07-06T00:50:45.426+0000] {dagbag.py:545} INFO - Filling up the DagBag from /opt/airflow/dags/daily_monitoring_dag.py
[2025-07-06T00:50:48.270+0000] {logging_mixin.py:188} WARNING - /home/airflow/.local/lib/python3.12/site-packages/evidently/core/metric_types.py:376 FutureWarning: In the future `np.bool` will be defined as the corresponding NumPy scalar.
[2025-07-06T00:50:48.493+0000] {processor.py:840} INFO - DAG(s) 'daily_monitoring_dag' retrieved from /opt/airflow/dags/daily_monitoring_dag.py
[2025-07-06T00:50:48.509+0000] {logging_mixin.py:188} INFO - [2025-07-06T00:50:48.509+0000] {dag.py:3096} INFO - Sync 1 DAGs
[2025-07-06T00:50:48.524+0000] {logging_mixin.py:188} INFO - [2025-07-06T00:50:48.524+0000] {dag.py:3954} INFO - Setting next_dagrun for daily_monitoring_dag to 2025-07-06 00:00:00+00:00, run_after=2025-07-07 00:00:00+00:00
[2025-07-06T00:50:48.536+0000] {processor.py:183} INFO - Processing /opt/airflow/dags/daily_monitoring_dag.py took 3.117 seconds
[2025-07-06T00:51:19.063+0000] {processor.py:161} INFO - Started process (PID=459) to work on /opt/airflow/dags/daily_monitoring_dag.py
[2025-07-06T00:51:19.064+0000] {processor.py:830} INFO - Processing file /opt/airflow/dags/daily_monitoring_dag.py for tasks to queue
[2025-07-06T00:51:19.066+0000] {logging_mixin.py:188} INFO - [2025-07-06T00:51:19.066+0000] {dagbag.py:545} INFO - Filling up the DagBag from /opt/airflow/dags/daily_monitoring_dag.py
[2025-07-06T00:51:21.888+0000] {logging_mixin.py:188} WARNING - /home/airflow/.local/lib/python3.12/site-packages/evidently/core/metric_types.py:376 FutureWarning: In the future `np.bool` will be defined as the corresponding NumPy scalar.
[2025-07-06T00:51:22.141+0000] {processor.py:840} INFO - DAG(s) 'daily_monitoring_dag' retrieved from /opt/airflow/dags/daily_monitoring_dag.py
[2025-07-06T00:51:22.161+0000] {logging_mixin.py:188} INFO - [2025-07-06T00:51:22.160+0000] {dag.py:3096} INFO - Sync 1 DAGs
[2025-07-06T00:51:22.175+0000] {logging_mixin.py:188} INFO - [2025-07-06T00:51:22.175+0000] {dag.py:3954} INFO - Setting next_dagrun for daily_monitoring_dag to 2025-07-06 00:00:00+00:00, run_after=2025-07-07 00:00:00+00:00
[2025-07-06T00:51:22.187+0000] {processor.py:183} INFO - Processing /opt/airflow/dags/daily_monitoring_dag.py took 3.135 seconds
[2025-07-06T00:55:04.474+0000] {processor.py:161} INFO - Started process (PID=160) to work on /opt/airflow/dags/daily_monitoring_dag.py
[2025-07-06T00:55:04.476+0000] {processor.py:830} INFO - Processing file /opt/airflow/dags/daily_monitoring_dag.py for tasks to queue
[2025-07-06T00:55:04.481+0000] {logging_mixin.py:188} INFO - [2025-07-06T00:55:04.481+0000] {dagbag.py:545} INFO - Filling up the DagBag from /opt/airflow/dags/daily_monitoring_dag.py
[2025-07-06T00:55:14.831+0000] {logging_mixin.py:188} WARNING - /home/airflow/.local/lib/python3.12/site-packages/evidently/core/metric_types.py:376 FutureWarning: In the future `np.bool` will be defined as the corresponding NumPy scalar.
[2025-07-06T00:55:15.496+0000] {processor.py:840} INFO - DAG(s) 'daily_monitoring_dag' retrieved from /opt/airflow/dags/daily_monitoring_dag.py
[2025-07-06T00:55:15.537+0000] {logging_mixin.py:188} INFO - [2025-07-06T00:55:15.535+0000] {dag.py:3096} INFO - Sync 1 DAGs
[2025-07-06T00:55:15.565+0000] {logging_mixin.py:188} INFO - [2025-07-06T00:55:15.565+0000] {dag.py:3954} INFO - Setting next_dagrun for daily_monitoring_dag to 2025-07-06 00:00:00+00:00, run_after=2025-07-07 00:00:00+00:00
[2025-07-06T00:55:15.583+0000] {processor.py:183} INFO - Processing /opt/airflow/dags/daily_monitoring_dag.py took 11.126 seconds
[2025-07-06T00:55:45.966+0000] {processor.py:161} INFO - Started process (PID=190) to work on /opt/airflow/dags/daily_monitoring_dag.py
[2025-07-06T00:55:45.967+0000] {processor.py:830} INFO - Processing file /opt/airflow/dags/daily_monitoring_dag.py for tasks to queue
[2025-07-06T00:55:45.970+0000] {logging_mixin.py:188} INFO - [2025-07-06T00:55:45.969+0000] {dagbag.py:545} INFO - Filling up the DagBag from /opt/airflow/dags/daily_monitoring_dag.py
[2025-07-06T00:55:50.124+0000] {logging_mixin.py:188} WARNING - /home/airflow/.local/lib/python3.12/site-packages/evidently/core/metric_types.py:376 FutureWarning: In the future `np.bool` will be defined as the corresponding NumPy scalar.
[2025-07-06T00:55:50.614+0000] {processor.py:840} INFO - DAG(s) 'daily_monitoring_dag' retrieved from /opt/airflow/dags/daily_monitoring_dag.py
[2025-07-06T00:55:50.784+0000] {logging_mixin.py:188} INFO - [2025-07-06T00:55:50.783+0000] {dag.py:3096} INFO - Sync 1 DAGs
[2025-07-06T00:55:50.818+0000] {logging_mixin.py:188} INFO - [2025-07-06T00:55:50.818+0000] {dag.py:3954} INFO - Setting next_dagrun for daily_monitoring_dag to 2025-07-06 00:00:00+00:00, run_after=2025-07-07 00:00:00+00:00
[2025-07-06T00:55:50.883+0000] {processor.py:183} INFO - Processing /opt/airflow/dags/daily_monitoring_dag.py took 4.923 seconds
[2025-07-06T00:56:21.199+0000] {processor.py:161} INFO - Started process (PID=225) to work on /opt/airflow/dags/daily_monitoring_dag.py
[2025-07-06T00:56:21.199+0000] {processor.py:830} INFO - Processing file /opt/airflow/dags/daily_monitoring_dag.py for tasks to queue
[2025-07-06T00:56:21.201+0000] {logging_mixin.py:188} INFO - [2025-07-06T00:56:21.200+0000] {dagbag.py:545} INFO - Filling up the DagBag from /opt/airflow/dags/daily_monitoring_dag.py
[2025-07-06T00:56:24.068+0000] {logging_mixin.py:188} WARNING - /home/airflow/.local/lib/python3.12/site-packages/evidently/core/metric_types.py:376 FutureWarning: In the future `np.bool` will be defined as the corresponding NumPy scalar.
[2025-07-06T00:56:24.276+0000] {processor.py:840} INFO - DAG(s) 'daily_monitoring_dag' retrieved from /opt/airflow/dags/daily_monitoring_dag.py
[2025-07-06T00:56:24.291+0000] {logging_mixin.py:188} INFO - [2025-07-06T00:56:24.291+0000] {dag.py:3096} INFO - Sync 1 DAGs
[2025-07-06T00:56:24.307+0000] {logging_mixin.py:188} INFO - [2025-07-06T00:56:24.307+0000] {dag.py:3954} INFO - Setting next_dagrun for daily_monitoring_dag to 2025-07-06 00:00:00+00:00, run_after=2025-07-07 00:00:00+00:00
[2025-07-06T00:56:24.319+0000] {processor.py:183} INFO - Processing /opt/airflow/dags/daily_monitoring_dag.py took 3.125 seconds
[2025-07-06T00:56:54.789+0000] {processor.py:161} INFO - Started process (PID=245) to work on /opt/airflow/dags/daily_monitoring_dag.py
[2025-07-06T00:56:54.790+0000] {processor.py:830} INFO - Processing file /opt/airflow/dags/daily_monitoring_dag.py for tasks to queue
[2025-07-06T00:56:54.791+0000] {logging_mixin.py:188} INFO - [2025-07-06T00:56:54.791+0000] {dagbag.py:545} INFO - Filling up the DagBag from /opt/airflow/dags/daily_monitoring_dag.py
[2025-07-06T00:56:57.465+0000] {logging_mixin.py:188} WARNING - /home/airflow/.local/lib/python3.12/site-packages/evidently/core/metric_types.py:376 FutureWarning: In the future `np.bool` will be defined as the corresponding NumPy scalar.
[2025-07-06T00:56:57.660+0000] {processor.py:840} INFO - DAG(s) 'daily_monitoring_dag' retrieved from /opt/airflow/dags/daily_monitoring_dag.py
[2025-07-06T00:56:57.676+0000] {logging_mixin.py:188} INFO - [2025-07-06T00:56:57.675+0000] {dag.py:3096} INFO - Sync 1 DAGs
[2025-07-06T00:56:57.690+0000] {logging_mixin.py:188} INFO - [2025-07-06T00:56:57.690+0000] {dag.py:3954} INFO - Setting next_dagrun for daily_monitoring_dag to 2025-07-06 00:00:00+00:00, run_after=2025-07-07 00:00:00+00:00
[2025-07-06T00:56:57.701+0000] {processor.py:183} INFO - Processing /opt/airflow/dags/daily_monitoring_dag.py took 2.917 seconds
[2025-07-06T00:57:28.346+0000] {processor.py:161} INFO - Started process (PID=265) to work on /opt/airflow/dags/daily_monitoring_dag.py
[2025-07-06T00:57:28.347+0000] {processor.py:830} INFO - Processing file /opt/airflow/dags/daily_monitoring_dag.py for tasks to queue
[2025-07-06T00:57:28.348+0000] {logging_mixin.py:188} INFO - [2025-07-06T00:57:28.348+0000] {dagbag.py:545} INFO - Filling up the DagBag from /opt/airflow/dags/daily_monitoring_dag.py
[2025-07-06T00:57:30.964+0000] {logging_mixin.py:188} WARNING - /home/airflow/.local/lib/python3.12/site-packages/evidently/core/metric_types.py:376 FutureWarning: In the future `np.bool` will be defined as the corresponding NumPy scalar.
[2025-07-06T00:57:31.157+0000] {processor.py:840} INFO - DAG(s) 'daily_monitoring_dag' retrieved from /opt/airflow/dags/daily_monitoring_dag.py
[2025-07-06T00:57:31.172+0000] {logging_mixin.py:188} INFO - [2025-07-06T00:57:31.172+0000] {dag.py:3096} INFO - Sync 1 DAGs
[2025-07-06T00:57:31.186+0000] {logging_mixin.py:188} INFO - [2025-07-06T00:57:31.186+0000] {dag.py:3954} INFO - Setting next_dagrun for daily_monitoring_dag to 2025-07-06 00:00:00+00:00, run_after=2025-07-07 00:00:00+00:00
[2025-07-06T00:57:31.199+0000] {processor.py:183} INFO - Processing /opt/airflow/dags/daily_monitoring_dag.py took 2.858 seconds
[2025-07-06T00:58:01.627+0000] {processor.py:161} INFO - Started process (PID=285) to work on /opt/airflow/dags/daily_monitoring_dag.py
[2025-07-06T00:58:01.628+0000] {processor.py:830} INFO - Processing file /opt/airflow/dags/daily_monitoring_dag.py for tasks to queue
[2025-07-06T00:58:01.629+0000] {logging_mixin.py:188} INFO - [2025-07-06T00:58:01.629+0000] {dagbag.py:545} INFO - Filling up the DagBag from /opt/airflow/dags/daily_monitoring_dag.py
[2025-07-06T00:58:04.263+0000] {logging_mixin.py:188} WARNING - /home/airflow/.local/lib/python3.12/site-packages/evidently/core/metric_types.py:376 FutureWarning: In the future `np.bool` will be defined as the corresponding NumPy scalar.
[2025-07-06T00:58:04.527+0000] {processor.py:840} INFO - DAG(s) 'daily_monitoring_dag' retrieved from /opt/airflow/dags/daily_monitoring_dag.py
[2025-07-06T00:58:04.543+0000] {logging_mixin.py:188} INFO - [2025-07-06T00:58:04.542+0000] {dag.py:3096} INFO - Sync 1 DAGs
[2025-07-06T00:58:04.557+0000] {logging_mixin.py:188} INFO - [2025-07-06T00:58:04.557+0000] {dag.py:3954} INFO - Setting next_dagrun for daily_monitoring_dag to 2025-07-06 00:00:00+00:00, run_after=2025-07-07 00:00:00+00:00
[2025-07-06T00:58:04.570+0000] {processor.py:183} INFO - Processing /opt/airflow/dags/daily_monitoring_dag.py took 2.947 seconds
[2025-07-06T00:58:34.643+0000] {processor.py:161} INFO - Started process (PID=305) to work on /opt/airflow/dags/daily_monitoring_dag.py
[2025-07-06T00:58:34.643+0000] {processor.py:830} INFO - Processing file /opt/airflow/dags/daily_monitoring_dag.py for tasks to queue
[2025-07-06T00:58:34.645+0000] {logging_mixin.py:188} INFO - [2025-07-06T00:58:34.644+0000] {dagbag.py:545} INFO - Filling up the DagBag from /opt/airflow/dags/daily_monitoring_dag.py
