[2025-07-06T00:02:39.495+0000] {processor.py:161} INFO - Started process (PID=158) to work on /opt/airflow/dags/retraining_dag.py
[2025-07-06T00:02:39.503+0000] {processor.py:830} INFO - Processing file /opt/airflow/dags/retraining_dag.py for tasks to queue
[2025-07-06T00:02:39.510+0000] {logging_mixin.py:188} INFO - [2025-07-06T00:02:39.508+0000] {dagbag.py:545} INFO - Filling up the DagBag from /opt/airflow/dags/retraining_dag.py
[2025-07-06T00:02:46.320+0000] {processor.py:840} INFO - DAG(s) 'weekly_model_retraining' retrieved from /opt/airflow/dags/retraining_dag.py
[2025-07-06T00:02:46.369+0000] {logging_mixin.py:188} INFO - [2025-07-06T00:02:46.369+0000] {dag.py:3096} INFO - Sync 1 DAGs
[2025-07-06T00:02:46.395+0000] {logging_mixin.py:188} INFO - [2025-07-06T00:02:46.395+0000] {dag.py:3954} INFO - Setting next_dagrun for weekly_model_retraining to 2025-06-29 00:00:00+00:00, run_after=2025-07-06 00:00:00+00:00
[2025-07-06T00:02:46.410+0000] {processor.py:183} INFO - Processing /opt/airflow/dags/retraining_dag.py took 6.933 seconds
[2025-07-06T00:03:16.860+0000] {processor.py:161} INFO - Started process (PID=179) to work on /opt/airflow/dags/retraining_dag.py
[2025-07-06T00:03:16.861+0000] {processor.py:830} INFO - Processing file /opt/airflow/dags/retraining_dag.py for tasks to queue
[2025-07-06T00:03:16.863+0000] {logging_mixin.py:188} INFO - [2025-07-06T00:03:16.863+0000] {dagbag.py:545} INFO - Filling up the DagBag from /opt/airflow/dags/retraining_dag.py
[2025-07-06T00:03:18.669+0000] {processor.py:840} INFO - DAG(s) 'weekly_model_retraining' retrieved from /opt/airflow/dags/retraining_dag.py
[2025-07-06T00:03:18.845+0000] {logging_mixin.py:188} INFO - [2025-07-06T00:03:18.845+0000] {dag.py:3096} INFO - Sync 1 DAGs
[2025-07-06T00:03:18.873+0000] {logging_mixin.py:188} INFO - [2025-07-06T00:03:18.873+0000] {dag.py:3954} INFO - Setting next_dagrun for weekly_model_retraining to 2025-06-29 00:00:00+00:00, run_after=2025-07-06 00:00:00+00:00
[2025-07-06T00:03:18.918+0000] {processor.py:183} INFO - Processing /opt/airflow/dags/retraining_dag.py took 2.065 seconds
[2025-07-06T00:03:49.246+0000] {processor.py:161} INFO - Started process (PID=213) to work on /opt/airflow/dags/retraining_dag.py
[2025-07-06T00:03:49.249+0000] {processor.py:830} INFO - Processing file /opt/airflow/dags/retraining_dag.py for tasks to queue
[2025-07-06T00:03:49.253+0000] {logging_mixin.py:188} INFO - [2025-07-06T00:03:49.253+0000] {dagbag.py:545} INFO - Filling up the DagBag from /opt/airflow/dags/retraining_dag.py
[2025-07-06T00:03:53.240+0000] {processor.py:840} INFO - DAG(s) 'weekly_model_retraining' retrieved from /opt/airflow/dags/retraining_dag.py
[2025-07-06T00:03:53.258+0000] {logging_mixin.py:188} INFO - [2025-07-06T00:03:53.257+0000] {dag.py:3096} INFO - Sync 1 DAGs
[2025-07-06T00:03:53.273+0000] {logging_mixin.py:188} INFO - [2025-07-06T00:03:53.272+0000] {dag.py:3954} INFO - Setting next_dagrun for weekly_model_retraining to 2025-07-06 00:00:00+00:00, run_after=2025-07-13 00:00:00+00:00
[2025-07-06T00:03:53.284+0000] {processor.py:183} INFO - Processing /opt/airflow/dags/retraining_dag.py took 4.049 seconds
[2025-07-06T00:04:23.688+0000] {processor.py:161} INFO - Started process (PID=241) to work on /opt/airflow/dags/retraining_dag.py
[2025-07-06T00:04:23.688+0000] {processor.py:830} INFO - Processing file /opt/airflow/dags/retraining_dag.py for tasks to queue
[2025-07-06T00:04:23.690+0000] {logging_mixin.py:188} INFO - [2025-07-06T00:04:23.690+0000] {dagbag.py:545} INFO - Filling up the DagBag from /opt/airflow/dags/retraining_dag.py
[2025-07-06T00:04:25.142+0000] {processor.py:840} INFO - DAG(s) 'weekly_model_retraining' retrieved from /opt/airflow/dags/retraining_dag.py
[2025-07-06T00:04:25.163+0000] {logging_mixin.py:188} INFO - [2025-07-06T00:04:25.162+0000] {dag.py:3096} INFO - Sync 1 DAGs
[2025-07-06T00:04:25.188+0000] {logging_mixin.py:188} INFO - [2025-07-06T00:04:25.188+0000] {dag.py:3954} INFO - Setting next_dagrun for weekly_model_retraining to 2025-07-06 00:00:00+00:00, run_after=2025-07-13 00:00:00+00:00
[2025-07-06T00:04:25.224+0000] {processor.py:183} INFO - Processing /opt/airflow/dags/retraining_dag.py took 1.541 seconds
[2025-07-06T00:04:55.435+0000] {processor.py:161} INFO - Started process (PID=261) to work on /opt/airflow/dags/retraining_dag.py
[2025-07-06T00:04:55.436+0000] {processor.py:830} INFO - Processing file /opt/airflow/dags/retraining_dag.py for tasks to queue
[2025-07-06T00:04:55.437+0000] {logging_mixin.py:188} INFO - [2025-07-06T00:04:55.437+0000] {dagbag.py:545} INFO - Filling up the DagBag from /opt/airflow/dags/retraining_dag.py
[2025-07-06T00:04:56.803+0000] {processor.py:840} INFO - DAG(s) 'weekly_model_retraining' retrieved from /opt/airflow/dags/retraining_dag.py
[2025-07-06T00:04:56.822+0000] {logging_mixin.py:188} INFO - [2025-07-06T00:04:56.822+0000] {dag.py:3096} INFO - Sync 1 DAGs
[2025-07-06T00:04:56.846+0000] {logging_mixin.py:188} INFO - [2025-07-06T00:04:56.846+0000] {dag.py:3954} INFO - Setting next_dagrun for weekly_model_retraining to 2025-07-06 00:00:00+00:00, run_after=2025-07-13 00:00:00+00:00
[2025-07-06T00:04:56.859+0000] {processor.py:183} INFO - Processing /opt/airflow/dags/retraining_dag.py took 1.428 seconds
[2025-07-06T00:18:22.369+0000] {processor.py:161} INFO - Started process (PID=158) to work on /opt/airflow/dags/retraining_dag.py
[2025-07-06T00:18:22.371+0000] {processor.py:830} INFO - Processing file /opt/airflow/dags/retraining_dag.py for tasks to queue
[2025-07-06T00:18:22.386+0000] {logging_mixin.py:188} INFO - [2025-07-06T00:18:22.386+0000] {dagbag.py:545} INFO - Filling up the DagBag from /opt/airflow/dags/retraining_dag.py
[2025-07-06T00:18:30.389+0000] {processor.py:840} INFO - DAG(s) 'weekly_model_retraining' retrieved from /opt/airflow/dags/retraining_dag.py
[2025-07-06T00:18:30.804+0000] {logging_mixin.py:188} INFO - [2025-07-06T00:18:30.804+0000] {override.py:1829} INFO - Created Permission View: can delete on DAG:weekly_model_retraining
[2025-07-06T00:18:30.817+0000] {logging_mixin.py:188} INFO - [2025-07-06T00:18:30.817+0000] {override.py:1829} INFO - Created Permission View: can edit on DAG:weekly_model_retraining
[2025-07-06T00:18:30.826+0000] {logging_mixin.py:188} INFO - [2025-07-06T00:18:30.826+0000] {override.py:1829} INFO - Created Permission View: can read on DAG:weekly_model_retraining
[2025-07-06T00:18:30.827+0000] {logging_mixin.py:188} INFO - [2025-07-06T00:18:30.826+0000] {dag.py:3096} INFO - Sync 1 DAGs
[2025-07-06T00:18:30.847+0000] {logging_mixin.py:188} INFO - [2025-07-06T00:18:30.846+0000] {dag.py:3118} INFO - Creating ORM DAG for weekly_model_retraining
[2025-07-06T00:18:30.870+0000] {logging_mixin.py:188} INFO - [2025-07-06T00:18:30.870+0000] {dag.py:3954} INFO - Setting next_dagrun for weekly_model_retraining to 2025-06-29 00:00:00+00:00, run_after=2025-07-06 00:00:00+00:00
[2025-07-06T00:18:30.910+0000] {processor.py:183} INFO - Processing /opt/airflow/dags/retraining_dag.py took 8.558 seconds
[2025-07-06T00:19:01.111+0000] {processor.py:161} INFO - Started process (PID=178) to work on /opt/airflow/dags/retraining_dag.py
[2025-07-06T00:19:01.112+0000] {processor.py:830} INFO - Processing file /opt/airflow/dags/retraining_dag.py for tasks to queue
[2025-07-06T00:19:01.113+0000] {logging_mixin.py:188} INFO - [2025-07-06T00:19:01.113+0000] {dagbag.py:545} INFO - Filling up the DagBag from /opt/airflow/dags/retraining_dag.py
[2025-07-06T00:19:02.627+0000] {processor.py:840} INFO - DAG(s) 'weekly_model_retraining' retrieved from /opt/airflow/dags/retraining_dag.py
[2025-07-06T00:19:02.643+0000] {logging_mixin.py:188} INFO - [2025-07-06T00:19:02.642+0000] {dag.py:3096} INFO - Sync 1 DAGs
[2025-07-06T00:19:02.657+0000] {logging_mixin.py:188} INFO - [2025-07-06T00:19:02.657+0000] {dag.py:3954} INFO - Setting next_dagrun for weekly_model_retraining to 2025-06-29 00:00:00+00:00, run_after=2025-07-06 00:00:00+00:00
[2025-07-06T00:19:02.668+0000] {processor.py:183} INFO - Processing /opt/airflow/dags/retraining_dag.py took 1.562 seconds
[2025-07-06T00:19:33.160+0000] {processor.py:161} INFO - Started process (PID=228) to work on /opt/airflow/dags/retraining_dag.py
[2025-07-06T00:19:33.161+0000] {processor.py:830} INFO - Processing file /opt/airflow/dags/retraining_dag.py for tasks to queue
[2025-07-06T00:19:33.162+0000] {logging_mixin.py:188} INFO - [2025-07-06T00:19:33.162+0000] {dagbag.py:545} INFO - Filling up the DagBag from /opt/airflow/dags/retraining_dag.py
[2025-07-06T00:19:34.944+0000] {processor.py:840} INFO - DAG(s) 'weekly_model_retraining' retrieved from /opt/airflow/dags/retraining_dag.py
[2025-07-06T00:19:34.960+0000] {logging_mixin.py:188} INFO - [2025-07-06T00:19:34.959+0000] {dag.py:3096} INFO - Sync 1 DAGs
[2025-07-06T00:19:34.974+0000] {logging_mixin.py:188} INFO - [2025-07-06T00:19:34.974+0000] {dag.py:3954} INFO - Setting next_dagrun for weekly_model_retraining to 2025-07-06 00:00:00+00:00, run_after=2025-07-13 00:00:00+00:00
[2025-07-06T00:19:34.985+0000] {processor.py:183} INFO - Processing /opt/airflow/dags/retraining_dag.py took 1.830 seconds
[2025-07-06T00:20:05.987+0000] {processor.py:161} INFO - Started process (PID=262) to work on /opt/airflow/dags/retraining_dag.py
[2025-07-06T00:20:05.988+0000] {processor.py:830} INFO - Processing file /opt/airflow/dags/retraining_dag.py for tasks to queue
[2025-07-06T00:20:05.990+0000] {logging_mixin.py:188} INFO - [2025-07-06T00:20:05.989+0000] {dagbag.py:545} INFO - Filling up the DagBag from /opt/airflow/dags/retraining_dag.py
[2025-07-06T00:20:08.044+0000] {processor.py:840} INFO - DAG(s) 'weekly_model_retraining' retrieved from /opt/airflow/dags/retraining_dag.py
[2025-07-06T00:20:08.066+0000] {logging_mixin.py:188} INFO - [2025-07-06T00:20:08.065+0000] {dag.py:3096} INFO - Sync 1 DAGs
[2025-07-06T00:20:08.089+0000] {logging_mixin.py:188} INFO - [2025-07-06T00:20:08.089+0000] {dag.py:3954} INFO - Setting next_dagrun for weekly_model_retraining to 2025-07-06 00:00:00+00:00, run_after=2025-07-13 00:00:00+00:00
[2025-07-06T00:20:08.105+0000] {processor.py:183} INFO - Processing /opt/airflow/dags/retraining_dag.py took 2.123 seconds
[2025-07-06T00:20:38.435+0000] {processor.py:161} INFO - Started process (PID=301) to work on /opt/airflow/dags/retraining_dag.py
[2025-07-06T00:20:38.436+0000] {processor.py:830} INFO - Processing file /opt/airflow/dags/retraining_dag.py for tasks to queue
[2025-07-06T00:20:38.437+0000] {logging_mixin.py:188} INFO - [2025-07-06T00:20:38.437+0000] {dagbag.py:545} INFO - Filling up the DagBag from /opt/airflow/dags/retraining_dag.py
[2025-07-06T00:20:39.829+0000] {processor.py:840} INFO - DAG(s) 'weekly_model_retraining' retrieved from /opt/airflow/dags/retraining_dag.py
[2025-07-06T00:20:39.846+0000] {logging_mixin.py:188} INFO - [2025-07-06T00:20:39.846+0000] {dag.py:3096} INFO - Sync 1 DAGs
[2025-07-06T00:20:39.862+0000] {logging_mixin.py:188} INFO - [2025-07-06T00:20:39.861+0000] {dag.py:3954} INFO - Setting next_dagrun for weekly_model_retraining to 2025-07-06 00:00:00+00:00, run_after=2025-07-13 00:00:00+00:00
[2025-07-06T00:20:39.875+0000] {processor.py:183} INFO - Processing /opt/airflow/dags/retraining_dag.py took 1.444 seconds
[2025-07-06T00:21:10.423+0000] {processor.py:161} INFO - Started process (PID=321) to work on /opt/airflow/dags/retraining_dag.py
[2025-07-06T00:21:10.424+0000] {processor.py:830} INFO - Processing file /opt/airflow/dags/retraining_dag.py for tasks to queue
[2025-07-06T00:21:10.425+0000] {logging_mixin.py:188} INFO - [2025-07-06T00:21:10.425+0000] {dagbag.py:545} INFO - Filling up the DagBag from /opt/airflow/dags/retraining_dag.py
[2025-07-06T00:21:11.665+0000] {processor.py:840} INFO - DAG(s) 'weekly_model_retraining' retrieved from /opt/airflow/dags/retraining_dag.py
[2025-07-06T00:21:11.682+0000] {logging_mixin.py:188} INFO - [2025-07-06T00:21:11.681+0000] {dag.py:3096} INFO - Sync 1 DAGs
[2025-07-06T00:21:11.809+0000] {logging_mixin.py:188} INFO - [2025-07-06T00:21:11.808+0000] {dag.py:3954} INFO - Setting next_dagrun for weekly_model_retraining to 2025-07-06 00:00:00+00:00, run_after=2025-07-13 00:00:00+00:00
[2025-07-06T00:21:11.820+0000] {processor.py:183} INFO - Processing /opt/airflow/dags/retraining_dag.py took 1.402 seconds
[2025-07-06T00:21:41.929+0000] {processor.py:161} INFO - Started process (PID=341) to work on /opt/airflow/dags/retraining_dag.py
[2025-07-06T00:21:41.930+0000] {processor.py:830} INFO - Processing file /opt/airflow/dags/retraining_dag.py for tasks to queue
[2025-07-06T00:21:41.932+0000] {logging_mixin.py:188} INFO - [2025-07-06T00:21:41.931+0000] {dagbag.py:545} INFO - Filling up the DagBag from /opt/airflow/dags/retraining_dag.py
[2025-07-06T00:21:43.343+0000] {processor.py:840} INFO - DAG(s) 'weekly_model_retraining' retrieved from /opt/airflow/dags/retraining_dag.py
[2025-07-06T00:21:43.359+0000] {logging_mixin.py:188} INFO - [2025-07-06T00:21:43.359+0000] {dag.py:3096} INFO - Sync 1 DAGs
[2025-07-06T00:21:43.374+0000] {logging_mixin.py:188} INFO - [2025-07-06T00:21:43.373+0000] {dag.py:3954} INFO - Setting next_dagrun for weekly_model_retraining to 2025-07-06 00:00:00+00:00, run_after=2025-07-13 00:00:00+00:00
[2025-07-06T00:21:43.385+0000] {processor.py:183} INFO - Processing /opt/airflow/dags/retraining_dag.py took 1.460 seconds
[2025-07-06T00:22:14.085+0000] {processor.py:161} INFO - Started process (PID=361) to work on /opt/airflow/dags/retraining_dag.py
[2025-07-06T00:22:14.086+0000] {processor.py:830} INFO - Processing file /opt/airflow/dags/retraining_dag.py for tasks to queue
[2025-07-06T00:22:14.088+0000] {logging_mixin.py:188} INFO - [2025-07-06T00:22:14.088+0000] {dagbag.py:545} INFO - Filling up the DagBag from /opt/airflow/dags/retraining_dag.py
[2025-07-06T00:22:15.478+0000] {processor.py:840} INFO - DAG(s) 'weekly_model_retraining' retrieved from /opt/airflow/dags/retraining_dag.py
[2025-07-06T00:22:15.495+0000] {logging_mixin.py:188} INFO - [2025-07-06T00:22:15.495+0000] {dag.py:3096} INFO - Sync 1 DAGs
[2025-07-06T00:22:15.511+0000] {logging_mixin.py:188} INFO - [2025-07-06T00:22:15.510+0000] {dag.py:3954} INFO - Setting next_dagrun for weekly_model_retraining to 2025-07-06 00:00:00+00:00, run_after=2025-07-13 00:00:00+00:00
[2025-07-06T00:22:15.530+0000] {processor.py:183} INFO - Processing /opt/airflow/dags/retraining_dag.py took 1.449 seconds
[2025-07-06T00:22:45.680+0000] {processor.py:161} INFO - Started process (PID=381) to work on /opt/airflow/dags/retraining_dag.py
[2025-07-06T00:22:45.681+0000] {processor.py:830} INFO - Processing file /opt/airflow/dags/retraining_dag.py for tasks to queue
[2025-07-06T00:22:45.684+0000] {logging_mixin.py:188} INFO - [2025-07-06T00:22:45.684+0000] {dagbag.py:545} INFO - Filling up the DagBag from /opt/airflow/dags/retraining_dag.py
[2025-07-06T00:22:47.087+0000] {processor.py:840} INFO - DAG(s) 'weekly_model_retraining' retrieved from /opt/airflow/dags/retraining_dag.py
[2025-07-06T00:22:47.104+0000] {logging_mixin.py:188} INFO - [2025-07-06T00:22:47.103+0000] {dag.py:3096} INFO - Sync 1 DAGs
[2025-07-06T00:22:47.125+0000] {logging_mixin.py:188} INFO - [2025-07-06T00:22:47.125+0000] {dag.py:3954} INFO - Setting next_dagrun for weekly_model_retraining to 2025-07-06 00:00:00+00:00, run_after=2025-07-13 00:00:00+00:00
[2025-07-06T00:22:47.150+0000] {processor.py:183} INFO - Processing /opt/airflow/dags/retraining_dag.py took 1.477 seconds
[2025-07-06T00:23:17.304+0000] {processor.py:161} INFO - Started process (PID=401) to work on /opt/airflow/dags/retraining_dag.py
[2025-07-06T00:23:17.304+0000] {processor.py:830} INFO - Processing file /opt/airflow/dags/retraining_dag.py for tasks to queue
[2025-07-06T00:23:17.306+0000] {logging_mixin.py:188} INFO - [2025-07-06T00:23:17.306+0000] {dagbag.py:545} INFO - Filling up the DagBag from /opt/airflow/dags/retraining_dag.py
[2025-07-06T00:23:18.629+0000] {processor.py:840} INFO - DAG(s) 'weekly_model_retraining' retrieved from /opt/airflow/dags/retraining_dag.py
[2025-07-06T00:23:18.644+0000] {logging_mixin.py:188} INFO - [2025-07-06T00:23:18.644+0000] {dag.py:3096} INFO - Sync 1 DAGs
[2025-07-06T00:23:18.660+0000] {logging_mixin.py:188} INFO - [2025-07-06T00:23:18.660+0000] {dag.py:3954} INFO - Setting next_dagrun for weekly_model_retraining to 2025-07-06 00:00:00+00:00, run_after=2025-07-13 00:00:00+00:00
[2025-07-06T00:23:18.673+0000] {processor.py:183} INFO - Processing /opt/airflow/dags/retraining_dag.py took 1.374 seconds
[2025-07-06T00:23:48.865+0000] {processor.py:161} INFO - Started process (PID=421) to work on /opt/airflow/dags/retraining_dag.py
[2025-07-06T00:23:48.866+0000] {processor.py:830} INFO - Processing file /opt/airflow/dags/retraining_dag.py for tasks to queue
[2025-07-06T00:23:48.868+0000] {logging_mixin.py:188} INFO - [2025-07-06T00:23:48.867+0000] {dagbag.py:545} INFO - Filling up the DagBag from /opt/airflow/dags/retraining_dag.py
[2025-07-06T00:23:50.437+0000] {processor.py:840} INFO - DAG(s) 'weekly_model_retraining' retrieved from /opt/airflow/dags/retraining_dag.py
[2025-07-06T00:23:50.460+0000] {logging_mixin.py:188} INFO - [2025-07-06T00:23:50.460+0000] {dag.py:3096} INFO - Sync 1 DAGs
[2025-07-06T00:23:50.482+0000] {logging_mixin.py:188} INFO - [2025-07-06T00:23:50.482+0000] {dag.py:3954} INFO - Setting next_dagrun for weekly_model_retraining to 2025-07-06 00:00:00+00:00, run_after=2025-07-13 00:00:00+00:00
[2025-07-06T00:23:50.496+0000] {processor.py:183} INFO - Processing /opt/airflow/dags/retraining_dag.py took 1.635 seconds
[2025-07-06T00:24:20.702+0000] {processor.py:161} INFO - Started process (PID=441) to work on /opt/airflow/dags/retraining_dag.py
[2025-07-06T00:24:20.703+0000] {processor.py:830} INFO - Processing file /opt/airflow/dags/retraining_dag.py for tasks to queue
[2025-07-06T00:24:20.704+0000] {logging_mixin.py:188} INFO - [2025-07-06T00:24:20.704+0000] {dagbag.py:545} INFO - Filling up the DagBag from /opt/airflow/dags/retraining_dag.py
[2025-07-06T00:24:22.281+0000] {processor.py:840} INFO - DAG(s) 'weekly_model_retraining' retrieved from /opt/airflow/dags/retraining_dag.py
[2025-07-06T00:24:22.304+0000] {logging_mixin.py:188} INFO - [2025-07-06T00:24:22.303+0000] {dag.py:3096} INFO - Sync 1 DAGs
[2025-07-06T00:24:22.321+0000] {logging_mixin.py:188} INFO - [2025-07-06T00:24:22.321+0000] {dag.py:3954} INFO - Setting next_dagrun for weekly_model_retraining to 2025-07-06 00:00:00+00:00, run_after=2025-07-13 00:00:00+00:00
[2025-07-06T00:24:22.335+0000] {processor.py:183} INFO - Processing /opt/airflow/dags/retraining_dag.py took 1.637 seconds
[2025-07-06T00:24:52.471+0000] {processor.py:161} INFO - Started process (PID=461) to work on /opt/airflow/dags/retraining_dag.py
[2025-07-06T00:24:52.472+0000] {processor.py:830} INFO - Processing file /opt/airflow/dags/retraining_dag.py for tasks to queue
[2025-07-06T00:24:52.473+0000] {logging_mixin.py:188} INFO - [2025-07-06T00:24:52.473+0000] {dagbag.py:545} INFO - Filling up the DagBag from /opt/airflow/dags/retraining_dag.py
[2025-07-06T00:24:53.887+0000] {processor.py:840} INFO - DAG(s) 'weekly_model_retraining' retrieved from /opt/airflow/dags/retraining_dag.py
[2025-07-06T00:24:53.903+0000] {logging_mixin.py:188} INFO - [2025-07-06T00:24:53.902+0000] {dag.py:3096} INFO - Sync 1 DAGs
[2025-07-06T00:24:53.918+0000] {logging_mixin.py:188} INFO - [2025-07-06T00:24:53.918+0000] {dag.py:3954} INFO - Setting next_dagrun for weekly_model_retraining to 2025-07-06 00:00:00+00:00, run_after=2025-07-13 00:00:00+00:00
[2025-07-06T00:24:53.931+0000] {processor.py:183} INFO - Processing /opt/airflow/dags/retraining_dag.py took 1.465 seconds
[2025-07-06T00:25:24.069+0000] {processor.py:161} INFO - Started process (PID=484) to work on /opt/airflow/dags/retraining_dag.py
[2025-07-06T00:25:24.070+0000] {processor.py:830} INFO - Processing file /opt/airflow/dags/retraining_dag.py for tasks to queue
[2025-07-06T00:25:24.072+0000] {logging_mixin.py:188} INFO - [2025-07-06T00:25:24.071+0000] {dagbag.py:545} INFO - Filling up the DagBag from /opt/airflow/dags/retraining_dag.py
[2025-07-06T00:25:26.149+0000] {processor.py:840} INFO - DAG(s) 'weekly_model_retraining' retrieved from /opt/airflow/dags/retraining_dag.py
[2025-07-06T00:25:26.172+0000] {logging_mixin.py:188} INFO - [2025-07-06T00:25:26.172+0000] {dag.py:3096} INFO - Sync 1 DAGs
[2025-07-06T00:25:26.195+0000] {logging_mixin.py:188} INFO - [2025-07-06T00:25:26.194+0000] {dag.py:3954} INFO - Setting next_dagrun for weekly_model_retraining to 2025-07-06 00:00:00+00:00, run_after=2025-07-13 00:00:00+00:00
[2025-07-06T00:25:26.210+0000] {processor.py:183} INFO - Processing /opt/airflow/dags/retraining_dag.py took 2.147 seconds
[2025-07-06T00:25:56.358+0000] {processor.py:161} INFO - Started process (PID=507) to work on /opt/airflow/dags/retraining_dag.py
[2025-07-06T00:25:56.359+0000] {processor.py:830} INFO - Processing file /opt/airflow/dags/retraining_dag.py for tasks to queue
[2025-07-06T00:25:56.360+0000] {logging_mixin.py:188} INFO - [2025-07-06T00:25:56.360+0000] {dagbag.py:545} INFO - Filling up the DagBag from /opt/airflow/dags/retraining_dag.py
[2025-07-06T00:25:57.790+0000] {processor.py:840} INFO - DAG(s) 'weekly_model_retraining' retrieved from /opt/airflow/dags/retraining_dag.py
[2025-07-06T00:25:57.806+0000] {logging_mixin.py:188} INFO - [2025-07-06T00:25:57.805+0000] {dag.py:3096} INFO - Sync 1 DAGs
[2025-07-06T00:25:57.821+0000] {logging_mixin.py:188} INFO - [2025-07-06T00:25:57.821+0000] {dag.py:3954} INFO - Setting next_dagrun for weekly_model_retraining to 2025-07-06 00:00:00+00:00, run_after=2025-07-13 00:00:00+00:00
[2025-07-06T00:25:57.833+0000] {processor.py:183} INFO - Processing /opt/airflow/dags/retraining_dag.py took 1.480 seconds
[2025-07-06T00:26:27.971+0000] {processor.py:161} INFO - Started process (PID=527) to work on /opt/airflow/dags/retraining_dag.py
[2025-07-06T00:26:27.971+0000] {processor.py:830} INFO - Processing file /opt/airflow/dags/retraining_dag.py for tasks to queue
[2025-07-06T00:26:27.973+0000] {logging_mixin.py:188} INFO - [2025-07-06T00:26:27.972+0000] {dagbag.py:545} INFO - Filling up the DagBag from /opt/airflow/dags/retraining_dag.py
[2025-07-06T00:26:29.423+0000] {processor.py:840} INFO - DAG(s) 'weekly_model_retraining' retrieved from /opt/airflow/dags/retraining_dag.py
[2025-07-06T00:26:29.438+0000] {logging_mixin.py:188} INFO - [2025-07-06T00:26:29.437+0000] {dag.py:3096} INFO - Sync 1 DAGs
[2025-07-06T00:26:29.454+0000] {logging_mixin.py:188} INFO - [2025-07-06T00:26:29.453+0000] {dag.py:3954} INFO - Setting next_dagrun for weekly_model_retraining to 2025-07-06 00:00:00+00:00, run_after=2025-07-13 00:00:00+00:00
[2025-07-06T00:26:29.465+0000] {processor.py:183} INFO - Processing /opt/airflow/dags/retraining_dag.py took 1.499 seconds
[2025-07-06T00:26:59.545+0000] {processor.py:161} INFO - Started process (PID=547) to work on /opt/airflow/dags/retraining_dag.py
[2025-07-06T00:26:59.545+0000] {processor.py:830} INFO - Processing file /opt/airflow/dags/retraining_dag.py for tasks to queue
[2025-07-06T00:26:59.547+0000] {logging_mixin.py:188} INFO - [2025-07-06T00:26:59.546+0000] {dagbag.py:545} INFO - Filling up the DagBag from /opt/airflow/dags/retraining_dag.py
[2025-07-06T00:27:00.917+0000] {processor.py:840} INFO - DAG(s) 'weekly_model_retraining' retrieved from /opt/airflow/dags/retraining_dag.py
[2025-07-06T00:27:00.933+0000] {logging_mixin.py:188} INFO - [2025-07-06T00:27:00.933+0000] {dag.py:3096} INFO - Sync 1 DAGs
[2025-07-06T00:27:00.947+0000] {logging_mixin.py:188} INFO - [2025-07-06T00:27:00.947+0000] {dag.py:3954} INFO - Setting next_dagrun for weekly_model_retraining to 2025-07-06 00:00:00+00:00, run_after=2025-07-13 00:00:00+00:00
[2025-07-06T00:27:00.959+0000] {processor.py:183} INFO - Processing /opt/airflow/dags/retraining_dag.py took 1.419 seconds
[2025-07-06T00:27:31.163+0000] {processor.py:161} INFO - Started process (PID=565) to work on /opt/airflow/dags/retraining_dag.py
[2025-07-06T00:27:31.171+0000] {processor.py:830} INFO - Processing file /opt/airflow/dags/retraining_dag.py for tasks to queue
[2025-07-06T00:27:31.175+0000] {logging_mixin.py:188} INFO - [2025-07-06T00:27:31.175+0000] {dagbag.py:545} INFO - Filling up the DagBag from /opt/airflow/dags/retraining_dag.py
[2025-07-06T00:27:32.977+0000] {processor.py:840} INFO - DAG(s) 'weekly_model_retraining' retrieved from /opt/airflow/dags/retraining_dag.py
[2025-07-06T00:27:32.993+0000] {logging_mixin.py:188} INFO - [2025-07-06T00:27:32.992+0000] {dag.py:3096} INFO - Sync 1 DAGs
[2025-07-06T00:27:33.007+0000] {logging_mixin.py:188} INFO - [2025-07-06T00:27:33.007+0000] {dag.py:3954} INFO - Setting next_dagrun for weekly_model_retraining to 2025-07-06 00:00:00+00:00, run_after=2025-07-13 00:00:00+00:00
[2025-07-06T00:27:33.020+0000] {processor.py:183} INFO - Processing /opt/airflow/dags/retraining_dag.py took 1.888 seconds
[2025-07-06T00:28:03.150+0000] {processor.py:161} INFO - Started process (PID=585) to work on /opt/airflow/dags/retraining_dag.py
[2025-07-06T00:28:03.151+0000] {processor.py:830} INFO - Processing file /opt/airflow/dags/retraining_dag.py for tasks to queue
[2025-07-06T00:28:03.153+0000] {logging_mixin.py:188} INFO - [2025-07-06T00:28:03.153+0000] {dagbag.py:545} INFO - Filling up the DagBag from /opt/airflow/dags/retraining_dag.py
[2025-07-06T00:28:05.457+0000] {processor.py:840} INFO - DAG(s) 'weekly_model_retraining' retrieved from /opt/airflow/dags/retraining_dag.py
[2025-07-06T00:28:05.479+0000] {logging_mixin.py:188} INFO - [2025-07-06T00:28:05.479+0000] {dag.py:3096} INFO - Sync 1 DAGs
[2025-07-06T00:28:05.502+0000] {logging_mixin.py:188} INFO - [2025-07-06T00:28:05.502+0000] {dag.py:3954} INFO - Setting next_dagrun for weekly_model_retraining to 2025-07-06 00:00:00+00:00, run_after=2025-07-13 00:00:00+00:00
[2025-07-06T00:28:05.518+0000] {processor.py:183} INFO - Processing /opt/airflow/dags/retraining_dag.py took 2.375 seconds
[2025-07-06T00:28:35.676+0000] {processor.py:161} INFO - Started process (PID=600) to work on /opt/airflow/dags/retraining_dag.py
[2025-07-06T00:28:35.676+0000] {processor.py:830} INFO - Processing file /opt/airflow/dags/retraining_dag.py for tasks to queue
[2025-07-06T00:28:35.678+0000] {logging_mixin.py:188} INFO - [2025-07-06T00:28:35.678+0000] {dagbag.py:545} INFO - Filling up the DagBag from /opt/airflow/dags/retraining_dag.py
[2025-07-06T00:28:37.243+0000] {processor.py:840} INFO - DAG(s) 'weekly_model_retraining' retrieved from /opt/airflow/dags/retraining_dag.py
[2025-07-06T00:28:37.265+0000] {logging_mixin.py:188} INFO - [2025-07-06T00:28:37.265+0000] {dag.py:3096} INFO - Sync 1 DAGs
[2025-07-06T00:28:37.291+0000] {logging_mixin.py:188} INFO - [2025-07-06T00:28:37.290+0000] {dag.py:3954} INFO - Setting next_dagrun for weekly_model_retraining to 2025-07-06 00:00:00+00:00, run_after=2025-07-13 00:00:00+00:00
[2025-07-06T00:28:37.309+0000] {processor.py:183} INFO - Processing /opt/airflow/dags/retraining_dag.py took 1.638 seconds
[2025-07-06T00:29:07.386+0000] {processor.py:161} INFO - Started process (PID=620) to work on /opt/airflow/dags/retraining_dag.py
[2025-07-06T00:29:07.386+0000] {processor.py:830} INFO - Processing file /opt/airflow/dags/retraining_dag.py for tasks to queue
[2025-07-06T00:29:07.387+0000] {logging_mixin.py:188} INFO - [2025-07-06T00:29:07.387+0000] {dagbag.py:545} INFO - Filling up the DagBag from /opt/airflow/dags/retraining_dag.py
[2025-07-06T00:29:08.787+0000] {processor.py:840} INFO - DAG(s) 'weekly_model_retraining' retrieved from /opt/airflow/dags/retraining_dag.py
[2025-07-06T00:29:08.802+0000] {logging_mixin.py:188} INFO - [2025-07-06T00:29:08.802+0000] {dag.py:3096} INFO - Sync 1 DAGs
[2025-07-06T00:29:08.818+0000] {logging_mixin.py:188} INFO - [2025-07-06T00:29:08.817+0000] {dag.py:3954} INFO - Setting next_dagrun for weekly_model_retraining to 2025-07-06 00:00:00+00:00, run_after=2025-07-13 00:00:00+00:00
[2025-07-06T00:29:08.830+0000] {processor.py:183} INFO - Processing /opt/airflow/dags/retraining_dag.py took 1.449 seconds
[2025-07-06T00:29:39.557+0000] {processor.py:161} INFO - Started process (PID=640) to work on /opt/airflow/dags/retraining_dag.py
[2025-07-06T00:29:39.557+0000] {processor.py:830} INFO - Processing file /opt/airflow/dags/retraining_dag.py for tasks to queue
[2025-07-06T00:29:39.559+0000] {logging_mixin.py:188} INFO - [2025-07-06T00:29:39.558+0000] {dagbag.py:545} INFO - Filling up the DagBag from /opt/airflow/dags/retraining_dag.py
[2025-07-06T00:29:40.882+0000] {processor.py:840} INFO - DAG(s) 'weekly_model_retraining' retrieved from /opt/airflow/dags/retraining_dag.py
[2025-07-06T00:29:40.904+0000] {logging_mixin.py:188} INFO - [2025-07-06T00:29:40.904+0000] {dag.py:3096} INFO - Sync 1 DAGs
[2025-07-06T00:29:41.037+0000] {logging_mixin.py:188} INFO - [2025-07-06T00:29:41.037+0000] {dag.py:3954} INFO - Setting next_dagrun for weekly_model_retraining to 2025-07-06 00:00:00+00:00, run_after=2025-07-13 00:00:00+00:00
[2025-07-06T00:29:41.051+0000] {processor.py:183} INFO - Processing /opt/airflow/dags/retraining_dag.py took 1.499 seconds
[2025-07-06T00:30:11.411+0000] {processor.py:161} INFO - Started process (PID=660) to work on /opt/airflow/dags/retraining_dag.py
[2025-07-06T00:30:11.411+0000] {processor.py:830} INFO - Processing file /opt/airflow/dags/retraining_dag.py for tasks to queue
[2025-07-06T00:30:11.413+0000] {logging_mixin.py:188} INFO - [2025-07-06T00:30:11.413+0000] {dagbag.py:545} INFO - Filling up the DagBag from /opt/airflow/dags/retraining_dag.py
[2025-07-06T00:30:12.813+0000] {processor.py:840} INFO - DAG(s) 'weekly_model_retraining' retrieved from /opt/airflow/dags/retraining_dag.py
[2025-07-06T00:30:12.830+0000] {logging_mixin.py:188} INFO - [2025-07-06T00:30:12.829+0000] {dag.py:3096} INFO - Sync 1 DAGs
[2025-07-06T00:30:12.844+0000] {logging_mixin.py:188} INFO - [2025-07-06T00:30:12.844+0000] {dag.py:3954} INFO - Setting next_dagrun for weekly_model_retraining to 2025-07-06 00:00:00+00:00, run_after=2025-07-13 00:00:00+00:00
[2025-07-06T00:30:12.856+0000] {processor.py:183} INFO - Processing /opt/airflow/dags/retraining_dag.py took 1.449 seconds
[2025-07-06T00:30:42.895+0000] {processor.py:161} INFO - Started process (PID=683) to work on /opt/airflow/dags/retraining_dag.py
[2025-07-06T00:30:42.896+0000] {processor.py:830} INFO - Processing file /opt/airflow/dags/retraining_dag.py for tasks to queue
[2025-07-06T00:30:42.897+0000] {logging_mixin.py:188} INFO - [2025-07-06T00:30:42.897+0000] {dagbag.py:545} INFO - Filling up the DagBag from /opt/airflow/dags/retraining_dag.py
[2025-07-06T00:30:44.335+0000] {processor.py:840} INFO - DAG(s) 'weekly_model_retraining' retrieved from /opt/airflow/dags/retraining_dag.py
[2025-07-06T00:30:44.351+0000] {logging_mixin.py:188} INFO - [2025-07-06T00:30:44.350+0000] {dag.py:3096} INFO - Sync 1 DAGs
[2025-07-06T00:30:44.365+0000] {logging_mixin.py:188} INFO - [2025-07-06T00:30:44.364+0000] {dag.py:3954} INFO - Setting next_dagrun for weekly_model_retraining to 2025-07-06 00:00:00+00:00, run_after=2025-07-13 00:00:00+00:00
[2025-07-06T00:30:44.376+0000] {processor.py:183} INFO - Processing /opt/airflow/dags/retraining_dag.py took 1.486 seconds
[2025-07-06T00:31:14.516+0000] {processor.py:161} INFO - Started process (PID=703) to work on /opt/airflow/dags/retraining_dag.py
[2025-07-06T00:31:14.517+0000] {processor.py:830} INFO - Processing file /opt/airflow/dags/retraining_dag.py for tasks to queue
[2025-07-06T00:31:14.519+0000] {logging_mixin.py:188} INFO - [2025-07-06T00:31:14.519+0000] {dagbag.py:545} INFO - Filling up the DagBag from /opt/airflow/dags/retraining_dag.py
[2025-07-06T00:31:15.851+0000] {processor.py:840} INFO - DAG(s) 'weekly_model_retraining' retrieved from /opt/airflow/dags/retraining_dag.py
[2025-07-06T00:31:15.867+0000] {logging_mixin.py:188} INFO - [2025-07-06T00:31:15.867+0000] {dag.py:3096} INFO - Sync 1 DAGs
[2025-07-06T00:31:15.881+0000] {logging_mixin.py:188} INFO - [2025-07-06T00:31:15.881+0000] {dag.py:3954} INFO - Setting next_dagrun for weekly_model_retraining to 2025-07-06 00:00:00+00:00, run_after=2025-07-13 00:00:00+00:00
[2025-07-06T00:31:15.893+0000] {processor.py:183} INFO - Processing /opt/airflow/dags/retraining_dag.py took 1.381 seconds
[2025-07-06T00:31:46.043+0000] {processor.py:161} INFO - Started process (PID=723) to work on /opt/airflow/dags/retraining_dag.py
[2025-07-06T00:31:46.044+0000] {processor.py:830} INFO - Processing file /opt/airflow/dags/retraining_dag.py for tasks to queue
[2025-07-06T00:31:46.046+0000] {logging_mixin.py:188} INFO - [2025-07-06T00:31:46.045+0000] {dagbag.py:545} INFO - Filling up the DagBag from /opt/airflow/dags/retraining_dag.py
[2025-07-06T00:31:47.590+0000] {processor.py:840} INFO - DAG(s) 'weekly_model_retraining' retrieved from /opt/airflow/dags/retraining_dag.py
[2025-07-06T00:31:47.608+0000] {logging_mixin.py:188} INFO - [2025-07-06T00:31:47.607+0000] {dag.py:3096} INFO - Sync 1 DAGs
[2025-07-06T00:31:47.626+0000] {logging_mixin.py:188} INFO - [2025-07-06T00:31:47.626+0000] {dag.py:3954} INFO - Setting next_dagrun for weekly_model_retraining to 2025-07-06 00:00:00+00:00, run_after=2025-07-13 00:00:00+00:00
[2025-07-06T00:31:47.639+0000] {processor.py:183} INFO - Processing /opt/airflow/dags/retraining_dag.py took 1.600 seconds
[2025-07-06T00:32:18.104+0000] {processor.py:161} INFO - Started process (PID=743) to work on /opt/airflow/dags/retraining_dag.py
[2025-07-06T00:32:18.105+0000] {processor.py:830} INFO - Processing file /opt/airflow/dags/retraining_dag.py for tasks to queue
[2025-07-06T00:32:18.106+0000] {logging_mixin.py:188} INFO - [2025-07-06T00:32:18.106+0000] {dagbag.py:545} INFO - Filling up the DagBag from /opt/airflow/dags/retraining_dag.py
[2025-07-06T00:32:19.622+0000] {processor.py:840} INFO - DAG(s) 'weekly_model_retraining' retrieved from /opt/airflow/dags/retraining_dag.py
[2025-07-06T00:32:19.645+0000] {logging_mixin.py:188} INFO - [2025-07-06T00:32:19.645+0000] {dag.py:3096} INFO - Sync 1 DAGs
[2025-07-06T00:32:19.669+0000] {logging_mixin.py:188} INFO - [2025-07-06T00:32:19.669+0000] {dag.py:3954} INFO - Setting next_dagrun for weekly_model_retraining to 2025-07-06 00:00:00+00:00, run_after=2025-07-13 00:00:00+00:00
[2025-07-06T00:32:19.692+0000] {processor.py:183} INFO - Processing /opt/airflow/dags/retraining_dag.py took 1.592 seconds
[2025-07-06T00:32:50.242+0000] {processor.py:161} INFO - Started process (PID=763) to work on /opt/airflow/dags/retraining_dag.py
[2025-07-06T00:32:50.243+0000] {processor.py:830} INFO - Processing file /opt/airflow/dags/retraining_dag.py for tasks to queue
[2025-07-06T00:32:50.244+0000] {logging_mixin.py:188} INFO - [2025-07-06T00:32:50.244+0000] {dagbag.py:545} INFO - Filling up the DagBag from /opt/airflow/dags/retraining_dag.py
[2025-07-06T00:32:51.956+0000] {processor.py:840} INFO - DAG(s) 'weekly_model_retraining' retrieved from /opt/airflow/dags/retraining_dag.py
[2025-07-06T00:32:51.984+0000] {logging_mixin.py:188} INFO - [2025-07-06T00:32:51.983+0000] {dag.py:3096} INFO - Sync 1 DAGs
[2025-07-06T00:32:52.015+0000] {logging_mixin.py:188} INFO - [2025-07-06T00:32:52.014+0000] {dag.py:3954} INFO - Setting next_dagrun for weekly_model_retraining to 2025-07-06 00:00:00+00:00, run_after=2025-07-13 00:00:00+00:00
[2025-07-06T00:32:52.034+0000] {processor.py:183} INFO - Processing /opt/airflow/dags/retraining_dag.py took 1.797 seconds
[2025-07-06T00:33:22.191+0000] {processor.py:161} INFO - Started process (PID=783) to work on /opt/airflow/dags/retraining_dag.py
[2025-07-06T00:33:22.192+0000] {processor.py:830} INFO - Processing file /opt/airflow/dags/retraining_dag.py for tasks to queue
[2025-07-06T00:33:22.194+0000] {logging_mixin.py:188} INFO - [2025-07-06T00:33:22.194+0000] {dagbag.py:545} INFO - Filling up the DagBag from /opt/airflow/dags/retraining_dag.py
[2025-07-06T00:33:23.859+0000] {processor.py:840} INFO - DAG(s) 'weekly_model_retraining' retrieved from /opt/airflow/dags/retraining_dag.py
[2025-07-06T00:33:23.875+0000] {logging_mixin.py:188} INFO - [2025-07-06T00:33:23.875+0000] {dag.py:3096} INFO - Sync 1 DAGs
[2025-07-06T00:33:23.890+0000] {logging_mixin.py:188} INFO - [2025-07-06T00:33:23.890+0000] {dag.py:3954} INFO - Setting next_dagrun for weekly_model_retraining to 2025-07-06 00:00:00+00:00, run_after=2025-07-13 00:00:00+00:00
[2025-07-06T00:33:23.901+0000] {processor.py:183} INFO - Processing /opt/airflow/dags/retraining_dag.py took 1.716 seconds
[2025-07-06T00:33:54.244+0000] {processor.py:161} INFO - Started process (PID=809) to work on /opt/airflow/dags/retraining_dag.py
[2025-07-06T00:33:54.245+0000] {processor.py:830} INFO - Processing file /opt/airflow/dags/retraining_dag.py for tasks to queue
[2025-07-06T00:33:54.247+0000] {logging_mixin.py:188} INFO - [2025-07-06T00:33:54.247+0000] {dagbag.py:545} INFO - Filling up the DagBag from /opt/airflow/dags/retraining_dag.py
[2025-07-06T00:33:55.636+0000] {processor.py:840} INFO - DAG(s) 'weekly_model_retraining' retrieved from /opt/airflow/dags/retraining_dag.py
[2025-07-06T00:33:55.651+0000] {logging_mixin.py:188} INFO - [2025-07-06T00:33:55.651+0000] {dag.py:3096} INFO - Sync 1 DAGs
[2025-07-06T00:33:55.666+0000] {logging_mixin.py:188} INFO - [2025-07-06T00:33:55.665+0000] {dag.py:3954} INFO - Setting next_dagrun for weekly_model_retraining to 2025-07-06 00:00:00+00:00, run_after=2025-07-13 00:00:00+00:00
[2025-07-06T00:33:55.677+0000] {processor.py:183} INFO - Processing /opt/airflow/dags/retraining_dag.py took 1.440 seconds
[2025-07-06T00:34:25.846+0000] {processor.py:161} INFO - Started process (PID=829) to work on /opt/airflow/dags/retraining_dag.py
[2025-07-06T00:34:25.847+0000] {processor.py:830} INFO - Processing file /opt/airflow/dags/retraining_dag.py for tasks to queue
[2025-07-06T00:34:25.848+0000] {logging_mixin.py:188} INFO - [2025-07-06T00:34:25.848+0000] {dagbag.py:545} INFO - Filling up the DagBag from /opt/airflow/dags/retraining_dag.py
[2025-07-06T00:34:27.259+0000] {processor.py:840} INFO - DAG(s) 'weekly_model_retraining' retrieved from /opt/airflow/dags/retraining_dag.py
[2025-07-06T00:34:27.274+0000] {logging_mixin.py:188} INFO - [2025-07-06T00:34:27.274+0000] {dag.py:3096} INFO - Sync 1 DAGs
[2025-07-06T00:34:27.289+0000] {logging_mixin.py:188} INFO - [2025-07-06T00:34:27.289+0000] {dag.py:3954} INFO - Setting next_dagrun for weekly_model_retraining to 2025-07-06 00:00:00+00:00, run_after=2025-07-13 00:00:00+00:00
[2025-07-06T00:34:27.302+0000] {processor.py:183} INFO - Processing /opt/airflow/dags/retraining_dag.py took 1.460 seconds
[2025-07-06T00:34:57.925+0000] {processor.py:161} INFO - Started process (PID=849) to work on /opt/airflow/dags/retraining_dag.py
[2025-07-06T00:34:57.926+0000] {processor.py:830} INFO - Processing file /opt/airflow/dags/retraining_dag.py for tasks to queue
[2025-07-06T00:34:57.927+0000] {logging_mixin.py:188} INFO - [2025-07-06T00:34:57.927+0000] {dagbag.py:545} INFO - Filling up the DagBag from /opt/airflow/dags/retraining_dag.py
[2025-07-06T00:34:59.330+0000] {processor.py:840} INFO - DAG(s) 'weekly_model_retraining' retrieved from /opt/airflow/dags/retraining_dag.py
[2025-07-06T00:34:59.345+0000] {logging_mixin.py:188} INFO - [2025-07-06T00:34:59.344+0000] {dag.py:3096} INFO - Sync 1 DAGs
[2025-07-06T00:34:59.360+0000] {logging_mixin.py:188} INFO - [2025-07-06T00:34:59.360+0000] {dag.py:3954} INFO - Setting next_dagrun for weekly_model_retraining to 2025-07-06 00:00:00+00:00, run_after=2025-07-13 00:00:00+00:00
[2025-07-06T00:34:59.372+0000] {processor.py:183} INFO - Processing /opt/airflow/dags/retraining_dag.py took 1.452 seconds
[2025-07-06T00:35:29.616+0000] {processor.py:161} INFO - Started process (PID=869) to work on /opt/airflow/dags/retraining_dag.py
[2025-07-06T00:35:29.616+0000] {processor.py:830} INFO - Processing file /opt/airflow/dags/retraining_dag.py for tasks to queue
[2025-07-06T00:35:29.618+0000] {logging_mixin.py:188} INFO - [2025-07-06T00:35:29.618+0000] {dagbag.py:545} INFO - Filling up the DagBag from /opt/airflow/dags/retraining_dag.py
[2025-07-06T00:35:31.002+0000] {processor.py:840} INFO - DAG(s) 'weekly_model_retraining' retrieved from /opt/airflow/dags/retraining_dag.py
[2025-07-06T00:35:31.027+0000] {logging_mixin.py:188} INFO - [2025-07-06T00:35:31.026+0000] {dag.py:3096} INFO - Sync 1 DAGs
[2025-07-06T00:35:31.049+0000] {logging_mixin.py:188} INFO - [2025-07-06T00:35:31.049+0000] {dag.py:3954} INFO - Setting next_dagrun for weekly_model_retraining to 2025-07-06 00:00:00+00:00, run_after=2025-07-13 00:00:00+00:00
[2025-07-06T00:35:31.067+0000] {processor.py:183} INFO - Processing /opt/airflow/dags/retraining_dag.py took 1.455 seconds
[2025-07-06T00:36:01.209+0000] {processor.py:161} INFO - Started process (PID=889) to work on /opt/airflow/dags/retraining_dag.py
[2025-07-06T00:36:01.209+0000] {processor.py:830} INFO - Processing file /opt/airflow/dags/retraining_dag.py for tasks to queue
[2025-07-06T00:36:01.211+0000] {logging_mixin.py:188} INFO - [2025-07-06T00:36:01.211+0000] {dagbag.py:545} INFO - Filling up the DagBag from /opt/airflow/dags/retraining_dag.py
[2025-07-06T00:36:02.710+0000] {processor.py:840} INFO - DAG(s) 'weekly_model_retraining' retrieved from /opt/airflow/dags/retraining_dag.py
[2025-07-06T00:36:02.726+0000] {logging_mixin.py:188} INFO - [2025-07-06T00:36:02.725+0000] {dag.py:3096} INFO - Sync 1 DAGs
[2025-07-06T00:36:02.746+0000] {logging_mixin.py:188} INFO - [2025-07-06T00:36:02.746+0000] {dag.py:3954} INFO - Setting next_dagrun for weekly_model_retraining to 2025-07-06 00:00:00+00:00, run_after=2025-07-13 00:00:00+00:00
[2025-07-06T00:36:02.757+0000] {processor.py:183} INFO - Processing /opt/airflow/dags/retraining_dag.py took 1.553 seconds
[2025-07-06T00:36:32.813+0000] {processor.py:161} INFO - Started process (PID=909) to work on /opt/airflow/dags/retraining_dag.py
[2025-07-06T00:36:32.814+0000] {processor.py:830} INFO - Processing file /opt/airflow/dags/retraining_dag.py for tasks to queue
[2025-07-06T00:36:32.816+0000] {logging_mixin.py:188} INFO - [2025-07-06T00:36:32.816+0000] {dagbag.py:545} INFO - Filling up the DagBag from /opt/airflow/dags/retraining_dag.py
[2025-07-06T00:36:34.241+0000] {processor.py:840} INFO - DAG(s) 'weekly_model_retraining' retrieved from /opt/airflow/dags/retraining_dag.py
[2025-07-06T00:36:34.257+0000] {logging_mixin.py:188} INFO - [2025-07-06T00:36:34.257+0000] {dag.py:3096} INFO - Sync 1 DAGs
[2025-07-06T00:36:34.272+0000] {logging_mixin.py:188} INFO - [2025-07-06T00:36:34.272+0000] {dag.py:3954} INFO - Setting next_dagrun for weekly_model_retraining to 2025-07-06 00:00:00+00:00, run_after=2025-07-13 00:00:00+00:00
[2025-07-06T00:36:34.284+0000] {processor.py:183} INFO - Processing /opt/airflow/dags/retraining_dag.py took 1.478 seconds
[2025-07-06T00:37:04.404+0000] {processor.py:161} INFO - Started process (PID=929) to work on /opt/airflow/dags/retraining_dag.py
[2025-07-06T00:37:04.405+0000] {processor.py:830} INFO - Processing file /opt/airflow/dags/retraining_dag.py for tasks to queue
[2025-07-06T00:37:04.407+0000] {logging_mixin.py:188} INFO - [2025-07-06T00:37:04.407+0000] {dagbag.py:545} INFO - Filling up the DagBag from /opt/airflow/dags/retraining_dag.py
[2025-07-06T00:37:05.866+0000] {processor.py:840} INFO - DAG(s) 'weekly_model_retraining' retrieved from /opt/airflow/dags/retraining_dag.py
[2025-07-06T00:37:05.881+0000] {logging_mixin.py:188} INFO - [2025-07-06T00:37:05.880+0000] {dag.py:3096} INFO - Sync 1 DAGs
[2025-07-06T00:37:05.895+0000] {logging_mixin.py:188} INFO - [2025-07-06T00:37:05.895+0000] {dag.py:3954} INFO - Setting next_dagrun for weekly_model_retraining to 2025-07-06 00:00:00+00:00, run_after=2025-07-13 00:00:00+00:00
[2025-07-06T00:37:05.907+0000] {processor.py:183} INFO - Processing /opt/airflow/dags/retraining_dag.py took 1.507 seconds
[2025-07-06T00:37:36.038+0000] {processor.py:161} INFO - Started process (PID=947) to work on /opt/airflow/dags/retraining_dag.py
[2025-07-06T00:37:36.039+0000] {processor.py:830} INFO - Processing file /opt/airflow/dags/retraining_dag.py for tasks to queue
[2025-07-06T00:37:36.041+0000] {logging_mixin.py:188} INFO - [2025-07-06T00:37:36.040+0000] {dagbag.py:545} INFO - Filling up the DagBag from /opt/airflow/dags/retraining_dag.py
[2025-07-06T00:37:38.026+0000] {processor.py:840} INFO - DAG(s) 'weekly_model_retraining' retrieved from /opt/airflow/dags/retraining_dag.py
[2025-07-06T00:37:38.042+0000] {logging_mixin.py:188} INFO - [2025-07-06T00:37:38.041+0000] {dag.py:3096} INFO - Sync 1 DAGs
[2025-07-06T00:37:38.057+0000] {logging_mixin.py:188} INFO - [2025-07-06T00:37:38.057+0000] {dag.py:3954} INFO - Setting next_dagrun for weekly_model_retraining to 2025-07-06 00:00:00+00:00, run_after=2025-07-13 00:00:00+00:00
[2025-07-06T00:37:38.068+0000] {processor.py:183} INFO - Processing /opt/airflow/dags/retraining_dag.py took 2.038 seconds
[2025-07-06T00:38:08.196+0000] {processor.py:161} INFO - Started process (PID=962) to work on /opt/airflow/dags/retraining_dag.py
[2025-07-06T00:38:08.197+0000] {processor.py:830} INFO - Processing file /opt/airflow/dags/retraining_dag.py for tasks to queue
[2025-07-06T00:38:08.199+0000] {logging_mixin.py:188} INFO - [2025-07-06T00:38:08.199+0000] {dagbag.py:545} INFO - Filling up the DagBag from /opt/airflow/dags/retraining_dag.py
[2025-07-06T00:38:10.478+0000] {processor.py:840} INFO - DAG(s) 'weekly_model_retraining' retrieved from /opt/airflow/dags/retraining_dag.py
[2025-07-06T00:38:10.500+0000] {logging_mixin.py:188} INFO - [2025-07-06T00:38:10.500+0000] {dag.py:3096} INFO - Sync 1 DAGs
[2025-07-06T00:38:10.525+0000] {logging_mixin.py:188} INFO - [2025-07-06T00:38:10.525+0000] {dag.py:3954} INFO - Setting next_dagrun for weekly_model_retraining to 2025-07-06 00:00:00+00:00, run_after=2025-07-13 00:00:00+00:00
[2025-07-06T00:38:10.554+0000] {processor.py:183} INFO - Processing /opt/airflow/dags/retraining_dag.py took 2.364 seconds
[2025-07-06T00:38:40.715+0000] {processor.py:161} INFO - Started process (PID=982) to work on /opt/airflow/dags/retraining_dag.py
[2025-07-06T00:38:40.716+0000] {processor.py:830} INFO - Processing file /opt/airflow/dags/retraining_dag.py for tasks to queue
[2025-07-06T00:38:40.717+0000] {logging_mixin.py:188} INFO - [2025-07-06T00:38:40.717+0000] {dagbag.py:545} INFO - Filling up the DagBag from /opt/airflow/dags/retraining_dag.py
[2025-07-06T00:38:42.080+0000] {processor.py:840} INFO - DAG(s) 'weekly_model_retraining' retrieved from /opt/airflow/dags/retraining_dag.py
[2025-07-06T00:38:42.096+0000] {logging_mixin.py:188} INFO - [2025-07-06T00:38:42.095+0000] {dag.py:3096} INFO - Sync 1 DAGs
[2025-07-06T00:38:42.110+0000] {logging_mixin.py:188} INFO - [2025-07-06T00:38:42.110+0000] {dag.py:3954} INFO - Setting next_dagrun for weekly_model_retraining to 2025-07-06 00:00:00+00:00, run_after=2025-07-13 00:00:00+00:00
[2025-07-06T00:38:42.121+0000] {processor.py:183} INFO - Processing /opt/airflow/dags/retraining_dag.py took 1.411 seconds
[2025-07-06T00:39:12.374+0000] {processor.py:161} INFO - Started process (PID=1002) to work on /opt/airflow/dags/retraining_dag.py
[2025-07-06T00:39:12.375+0000] {processor.py:830} INFO - Processing file /opt/airflow/dags/retraining_dag.py for tasks to queue
[2025-07-06T00:39:12.376+0000] {logging_mixin.py:188} INFO - [2025-07-06T00:39:12.376+0000] {dagbag.py:545} INFO - Filling up the DagBag from /opt/airflow/dags/retraining_dag.py
[2025-07-06T00:39:13.758+0000] {processor.py:840} INFO - DAG(s) 'weekly_model_retraining' retrieved from /opt/airflow/dags/retraining_dag.py
[2025-07-06T00:39:13.773+0000] {logging_mixin.py:188} INFO - [2025-07-06T00:39:13.773+0000] {dag.py:3096} INFO - Sync 1 DAGs
[2025-07-06T00:39:13.787+0000] {logging_mixin.py:188} INFO - [2025-07-06T00:39:13.787+0000] {dag.py:3954} INFO - Setting next_dagrun for weekly_model_retraining to 2025-07-06 00:00:00+00:00, run_after=2025-07-13 00:00:00+00:00
[2025-07-06T00:39:13.799+0000] {processor.py:183} INFO - Processing /opt/airflow/dags/retraining_dag.py took 1.430 seconds
[2025-07-06T00:39:43.970+0000] {processor.py:161} INFO - Started process (PID=1022) to work on /opt/airflow/dags/retraining_dag.py
[2025-07-06T00:39:43.971+0000] {processor.py:830} INFO - Processing file /opt/airflow/dags/retraining_dag.py for tasks to queue
[2025-07-06T00:39:43.972+0000] {logging_mixin.py:188} INFO - [2025-07-06T00:39:43.972+0000] {dagbag.py:545} INFO - Filling up the DagBag from /opt/airflow/dags/retraining_dag.py
[2025-07-06T00:39:45.603+0000] {processor.py:840} INFO - DAG(s) 'weekly_model_retraining' retrieved from /opt/airflow/dags/retraining_dag.py
[2025-07-06T00:39:45.639+0000] {logging_mixin.py:188} INFO - [2025-07-06T00:39:45.638+0000] {dag.py:3096} INFO - Sync 1 DAGs
[2025-07-06T00:39:45.674+0000] {logging_mixin.py:188} INFO - [2025-07-06T00:39:45.674+0000] {dag.py:3954} INFO - Setting next_dagrun for weekly_model_retraining to 2025-07-06 00:00:00+00:00, run_after=2025-07-13 00:00:00+00:00
[2025-07-06T00:39:45.707+0000] {processor.py:183} INFO - Processing /opt/airflow/dags/retraining_dag.py took 1.744 seconds
[2025-07-06T00:40:15.843+0000] {processor.py:161} INFO - Started process (PID=1042) to work on /opt/airflow/dags/retraining_dag.py
[2025-07-06T00:40:15.843+0000] {processor.py:830} INFO - Processing file /opt/airflow/dags/retraining_dag.py for tasks to queue
[2025-07-06T00:40:15.845+0000] {logging_mixin.py:188} INFO - [2025-07-06T00:40:15.844+0000] {dagbag.py:545} INFO - Filling up the DagBag from /opt/airflow/dags/retraining_dag.py
[2025-07-06T00:40:17.321+0000] {processor.py:840} INFO - DAG(s) 'weekly_model_retraining' retrieved from /opt/airflow/dags/retraining_dag.py
[2025-07-06T00:40:17.342+0000] {logging_mixin.py:188} INFO - [2025-07-06T00:40:17.341+0000] {dag.py:3096} INFO - Sync 1 DAGs
[2025-07-06T00:40:17.357+0000] {logging_mixin.py:188} INFO - [2025-07-06T00:40:17.357+0000] {dag.py:3954} INFO - Setting next_dagrun for weekly_model_retraining to 2025-07-06 00:00:00+00:00, run_after=2025-07-13 00:00:00+00:00
[2025-07-06T00:40:17.368+0000] {processor.py:183} INFO - Processing /opt/airflow/dags/retraining_dag.py took 1.530 seconds
[2025-07-06T00:41:29.425+0000] {processor.py:161} INFO - Started process (PID=158) to work on /opt/airflow/dags/retraining_dag.py
[2025-07-06T00:41:29.430+0000] {processor.py:830} INFO - Processing file /opt/airflow/dags/retraining_dag.py for tasks to queue
[2025-07-06T00:41:29.435+0000] {logging_mixin.py:188} INFO - [2025-07-06T00:41:29.435+0000] {dagbag.py:545} INFO - Filling up the DagBag from /opt/airflow/dags/retraining_dag.py
[2025-07-06T00:41:36.886+0000] {processor.py:840} INFO - DAG(s) 'weekly_model_retraining' retrieved from /opt/airflow/dags/retraining_dag.py
[2025-07-06T00:41:36.925+0000] {logging_mixin.py:188} INFO - [2025-07-06T00:41:36.924+0000] {dag.py:3096} INFO - Sync 1 DAGs
[2025-07-06T00:41:36.998+0000] {logging_mixin.py:188} INFO - [2025-07-06T00:41:36.997+0000] {dag.py:3954} INFO - Setting next_dagrun for weekly_model_retraining to 2025-07-06 00:00:00+00:00, run_after=2025-07-13 00:00:00+00:00
[2025-07-06T00:41:37.053+0000] {processor.py:183} INFO - Processing /opt/airflow/dags/retraining_dag.py took 7.643 seconds
[2025-07-06T00:42:07.404+0000] {processor.py:161} INFO - Started process (PID=178) to work on /opt/airflow/dags/retraining_dag.py
[2025-07-06T00:42:07.405+0000] {processor.py:830} INFO - Processing file /opt/airflow/dags/retraining_dag.py for tasks to queue
[2025-07-06T00:42:07.406+0000] {logging_mixin.py:188} INFO - [2025-07-06T00:42:07.406+0000] {dagbag.py:545} INFO - Filling up the DagBag from /opt/airflow/dags/retraining_dag.py
[2025-07-06T00:42:09.325+0000] {processor.py:840} INFO - DAG(s) 'weekly_model_retraining' retrieved from /opt/airflow/dags/retraining_dag.py
[2025-07-06T00:42:09.429+0000] {logging_mixin.py:188} INFO - [2025-07-06T00:42:09.429+0000] {dag.py:3096} INFO - Sync 1 DAGs
[2025-07-06T00:42:09.443+0000] {logging_mixin.py:188} INFO - [2025-07-06T00:42:09.443+0000] {dag.py:3954} INFO - Setting next_dagrun for weekly_model_retraining to 2025-07-06 00:00:00+00:00, run_after=2025-07-13 00:00:00+00:00
[2025-07-06T00:42:09.462+0000] {processor.py:183} INFO - Processing /opt/airflow/dags/retraining_dag.py took 2.063 seconds
[2025-07-06T00:42:39.644+0000] {processor.py:161} INFO - Started process (PID=201) to work on /opt/airflow/dags/retraining_dag.py
[2025-07-06T00:42:39.645+0000] {processor.py:830} INFO - Processing file /opt/airflow/dags/retraining_dag.py for tasks to queue
[2025-07-06T00:42:39.647+0000] {logging_mixin.py:188} INFO - [2025-07-06T00:42:39.646+0000] {dagbag.py:545} INFO - Filling up the DagBag from /opt/airflow/dags/retraining_dag.py
[2025-07-06T00:42:41.301+0000] {processor.py:840} INFO - DAG(s) 'weekly_model_retraining' retrieved from /opt/airflow/dags/retraining_dag.py
[2025-07-06T00:42:41.316+0000] {logging_mixin.py:188} INFO - [2025-07-06T00:42:41.316+0000] {dag.py:3096} INFO - Sync 1 DAGs
[2025-07-06T00:42:41.331+0000] {logging_mixin.py:188} INFO - [2025-07-06T00:42:41.330+0000] {dag.py:3954} INFO - Setting next_dagrun for weekly_model_retraining to 2025-07-06 00:00:00+00:00, run_after=2025-07-13 00:00:00+00:00
[2025-07-06T00:42:41.342+0000] {processor.py:183} INFO - Processing /opt/airflow/dags/retraining_dag.py took 1.704 seconds
[2025-07-06T00:43:11.509+0000] {processor.py:161} INFO - Started process (PID=227) to work on /opt/airflow/dags/retraining_dag.py
[2025-07-06T00:43:11.510+0000] {processor.py:830} INFO - Processing file /opt/airflow/dags/retraining_dag.py for tasks to queue
[2025-07-06T00:43:11.511+0000] {logging_mixin.py:188} INFO - [2025-07-06T00:43:11.511+0000] {dagbag.py:545} INFO - Filling up the DagBag from /opt/airflow/dags/retraining_dag.py
[2025-07-06T00:43:12.823+0000] {processor.py:840} INFO - DAG(s) 'weekly_model_retraining' retrieved from /opt/airflow/dags/retraining_dag.py
[2025-07-06T00:43:12.838+0000] {logging_mixin.py:188} INFO - [2025-07-06T00:43:12.838+0000] {dag.py:3096} INFO - Sync 1 DAGs
[2025-07-06T00:43:12.852+0000] {logging_mixin.py:188} INFO - [2025-07-06T00:43:12.852+0000] {dag.py:3954} INFO - Setting next_dagrun for weekly_model_retraining to 2025-07-06 00:00:00+00:00, run_after=2025-07-13 00:00:00+00:00
[2025-07-06T00:43:12.865+0000] {processor.py:183} INFO - Processing /opt/airflow/dags/retraining_dag.py took 1.360 seconds
[2025-07-06T00:43:43.011+0000] {processor.py:161} INFO - Started process (PID=247) to work on /opt/airflow/dags/retraining_dag.py
[2025-07-06T00:43:43.012+0000] {processor.py:830} INFO - Processing file /opt/airflow/dags/retraining_dag.py for tasks to queue
[2025-07-06T00:43:43.013+0000] {logging_mixin.py:188} INFO - [2025-07-06T00:43:43.013+0000] {dagbag.py:545} INFO - Filling up the DagBag from /opt/airflow/dags/retraining_dag.py
[2025-07-06T00:43:44.381+0000] {processor.py:840} INFO - DAG(s) 'weekly_model_retraining' retrieved from /opt/airflow/dags/retraining_dag.py
[2025-07-06T00:43:44.396+0000] {logging_mixin.py:188} INFO - [2025-07-06T00:43:44.396+0000] {dag.py:3096} INFO - Sync 1 DAGs
[2025-07-06T00:43:44.412+0000] {logging_mixin.py:188} INFO - [2025-07-06T00:43:44.411+0000] {dag.py:3954} INFO - Setting next_dagrun for weekly_model_retraining to 2025-07-06 00:00:00+00:00, run_after=2025-07-13 00:00:00+00:00
[2025-07-06T00:43:44.423+0000] {processor.py:183} INFO - Processing /opt/airflow/dags/retraining_dag.py took 1.417 seconds
[2025-07-06T00:44:58.745+0000] {processor.py:161} INFO - Started process (PID=157) to work on /opt/airflow/dags/retraining_dag.py
[2025-07-06T00:44:58.758+0000] {processor.py:830} INFO - Processing file /opt/airflow/dags/retraining_dag.py for tasks to queue
[2025-07-06T00:44:58.774+0000] {logging_mixin.py:188} INFO - [2025-07-06T00:44:58.759+0000] {dagbag.py:545} INFO - Filling up the DagBag from /opt/airflow/dags/retraining_dag.py
[2025-07-06T00:45:05.278+0000] {processor.py:840} INFO - DAG(s) 'weekly_model_retraining' retrieved from /opt/airflow/dags/retraining_dag.py
[2025-07-06T00:45:05.304+0000] {logging_mixin.py:188} INFO - [2025-07-06T00:45:05.303+0000] {dag.py:3096} INFO - Sync 1 DAGs
[2025-07-06T00:45:05.326+0000] {logging_mixin.py:188} INFO - [2025-07-06T00:45:05.326+0000] {dag.py:3954} INFO - Setting next_dagrun for weekly_model_retraining to 2025-07-06 00:00:00+00:00, run_after=2025-07-13 00:00:00+00:00
[2025-07-06T00:45:05.348+0000] {processor.py:183} INFO - Processing /opt/airflow/dags/retraining_dag.py took 6.616 seconds
[2025-07-06T00:45:35.478+0000] {processor.py:161} INFO - Started process (PID=178) to work on /opt/airflow/dags/retraining_dag.py
[2025-07-06T00:45:35.478+0000] {processor.py:830} INFO - Processing file /opt/airflow/dags/retraining_dag.py for tasks to queue
[2025-07-06T00:45:35.480+0000] {logging_mixin.py:188} INFO - [2025-07-06T00:45:35.480+0000] {dagbag.py:545} INFO - Filling up the DagBag from /opt/airflow/dags/retraining_dag.py
[2025-07-06T00:45:37.199+0000] {processor.py:840} INFO - DAG(s) 'weekly_model_retraining' retrieved from /opt/airflow/dags/retraining_dag.py
[2025-07-06T00:45:37.442+0000] {logging_mixin.py:188} INFO - [2025-07-06T00:45:37.437+0000] {dag.py:3096} INFO - Sync 1 DAGs
[2025-07-06T00:45:37.478+0000] {logging_mixin.py:188} INFO - [2025-07-06T00:45:37.478+0000] {dag.py:3954} INFO - Setting next_dagrun for weekly_model_retraining to 2025-07-06 00:00:00+00:00, run_after=2025-07-13 00:00:00+00:00
[2025-07-06T00:45:37.540+0000] {processor.py:183} INFO - Processing /opt/airflow/dags/retraining_dag.py took 2.066 seconds
[2025-07-06T00:46:07.861+0000] {processor.py:161} INFO - Started process (PID=222) to work on /opt/airflow/dags/retraining_dag.py
[2025-07-06T00:46:07.862+0000] {processor.py:830} INFO - Processing file /opt/airflow/dags/retraining_dag.py for tasks to queue
[2025-07-06T00:46:07.864+0000] {logging_mixin.py:188} INFO - [2025-07-06T00:46:07.863+0000] {dagbag.py:545} INFO - Filling up the DagBag from /opt/airflow/dags/retraining_dag.py
[2025-07-06T00:46:09.677+0000] {processor.py:840} INFO - DAG(s) 'weekly_model_retraining' retrieved from /opt/airflow/dags/retraining_dag.py
[2025-07-06T00:46:09.693+0000] {logging_mixin.py:188} INFO - [2025-07-06T00:46:09.692+0000] {dag.py:3096} INFO - Sync 1 DAGs
[2025-07-06T00:46:09.707+0000] {logging_mixin.py:188} INFO - [2025-07-06T00:46:09.707+0000] {dag.py:3954} INFO - Setting next_dagrun for weekly_model_retraining to 2025-07-06 00:00:00+00:00, run_after=2025-07-13 00:00:00+00:00
[2025-07-06T00:46:09.718+0000] {processor.py:183} INFO - Processing /opt/airflow/dags/retraining_dag.py took 1.863 seconds
[2025-07-06T00:46:39.958+0000] {processor.py:161} INFO - Started process (PID=262) to work on /opt/airflow/dags/retraining_dag.py
[2025-07-06T00:46:39.959+0000] {processor.py:830} INFO - Processing file /opt/airflow/dags/retraining_dag.py for tasks to queue
[2025-07-06T00:46:39.961+0000] {logging_mixin.py:188} INFO - [2025-07-06T00:46:39.960+0000] {dagbag.py:545} INFO - Filling up the DagBag from /opt/airflow/dags/retraining_dag.py
[2025-07-06T00:46:41.514+0000] {processor.py:840} INFO - DAG(s) 'weekly_model_retraining' retrieved from /opt/airflow/dags/retraining_dag.py
[2025-07-06T00:46:41.552+0000] {logging_mixin.py:188} INFO - [2025-07-06T00:46:41.551+0000] {dag.py:3096} INFO - Sync 1 DAGs
[2025-07-06T00:46:41.588+0000] {logging_mixin.py:188} INFO - [2025-07-06T00:46:41.587+0000] {dag.py:3954} INFO - Setting next_dagrun for weekly_model_retraining to 2025-07-06 00:00:00+00:00, run_after=2025-07-13 00:00:00+00:00
[2025-07-06T00:46:41.611+0000] {processor.py:183} INFO - Processing /opt/airflow/dags/retraining_dag.py took 1.657 seconds
[2025-07-06T00:47:11.781+0000] {processor.py:161} INFO - Started process (PID=282) to work on /opt/airflow/dags/retraining_dag.py
[2025-07-06T00:47:11.781+0000] {processor.py:830} INFO - Processing file /opt/airflow/dags/retraining_dag.py for tasks to queue
[2025-07-06T00:47:11.783+0000] {logging_mixin.py:188} INFO - [2025-07-06T00:47:11.783+0000] {dagbag.py:545} INFO - Filling up the DagBag from /opt/airflow/dags/retraining_dag.py
[2025-07-06T00:47:13.193+0000] {processor.py:840} INFO - DAG(s) 'weekly_model_retraining' retrieved from /opt/airflow/dags/retraining_dag.py
[2025-07-06T00:47:13.208+0000] {logging_mixin.py:188} INFO - [2025-07-06T00:47:13.208+0000] {dag.py:3096} INFO - Sync 1 DAGs
[2025-07-06T00:47:13.224+0000] {logging_mixin.py:188} INFO - [2025-07-06T00:47:13.224+0000] {dag.py:3954} INFO - Setting next_dagrun for weekly_model_retraining to 2025-07-06 00:00:00+00:00, run_after=2025-07-13 00:00:00+00:00
[2025-07-06T00:47:13.236+0000] {processor.py:183} INFO - Processing /opt/airflow/dags/retraining_dag.py took 1.460 seconds
[2025-07-06T00:47:43.366+0000] {processor.py:161} INFO - Started process (PID=326) to work on /opt/airflow/dags/retraining_dag.py
[2025-07-06T00:47:43.367+0000] {processor.py:830} INFO - Processing file /opt/airflow/dags/retraining_dag.py for tasks to queue
[2025-07-06T00:47:43.369+0000] {logging_mixin.py:188} INFO - [2025-07-06T00:47:43.368+0000] {dagbag.py:545} INFO - Filling up the DagBag from /opt/airflow/dags/retraining_dag.py
[2025-07-06T00:47:44.776+0000] {processor.py:840} INFO - DAG(s) 'weekly_model_retraining' retrieved from /opt/airflow/dags/retraining_dag.py
[2025-07-06T00:47:44.792+0000] {logging_mixin.py:188} INFO - [2025-07-06T00:47:44.791+0000] {dag.py:3096} INFO - Sync 1 DAGs
[2025-07-06T00:47:44.808+0000] {logging_mixin.py:188} INFO - [2025-07-06T00:47:44.808+0000] {dag.py:3954} INFO - Setting next_dagrun for weekly_model_retraining to 2025-07-06 00:00:00+00:00, run_after=2025-07-13 00:00:00+00:00
[2025-07-06T00:47:44.820+0000] {processor.py:183} INFO - Processing /opt/airflow/dags/retraining_dag.py took 1.459 seconds
[2025-07-06T00:48:14.945+0000] {processor.py:161} INFO - Started process (PID=346) to work on /opt/airflow/dags/retraining_dag.py
[2025-07-06T00:48:14.946+0000] {processor.py:830} INFO - Processing file /opt/airflow/dags/retraining_dag.py for tasks to queue
[2025-07-06T00:48:14.947+0000] {logging_mixin.py:188} INFO - [2025-07-06T00:48:14.947+0000] {dagbag.py:545} INFO - Filling up the DagBag from /opt/airflow/dags/retraining_dag.py
[2025-07-06T00:48:16.368+0000] {processor.py:840} INFO - DAG(s) 'weekly_model_retraining' retrieved from /opt/airflow/dags/retraining_dag.py
[2025-07-06T00:48:16.384+0000] {logging_mixin.py:188} INFO - [2025-07-06T00:48:16.384+0000] {dag.py:3096} INFO - Sync 1 DAGs
[2025-07-06T00:48:16.399+0000] {logging_mixin.py:188} INFO - [2025-07-06T00:48:16.399+0000] {dag.py:3954} INFO - Setting next_dagrun for weekly_model_retraining to 2025-07-06 00:00:00+00:00, run_after=2025-07-13 00:00:00+00:00
[2025-07-06T00:48:16.411+0000] {processor.py:183} INFO - Processing /opt/airflow/dags/retraining_dag.py took 1.470 seconds
[2025-07-06T00:48:46.537+0000] {processor.py:161} INFO - Started process (PID=366) to work on /opt/airflow/dags/retraining_dag.py
[2025-07-06T00:48:46.538+0000] {processor.py:830} INFO - Processing file /opt/airflow/dags/retraining_dag.py for tasks to queue
[2025-07-06T00:48:46.539+0000] {logging_mixin.py:188} INFO - [2025-07-06T00:48:46.539+0000] {dagbag.py:545} INFO - Filling up the DagBag from /opt/airflow/dags/retraining_dag.py
[2025-07-06T00:48:47.877+0000] {processor.py:840} INFO - DAG(s) 'weekly_model_retraining' retrieved from /opt/airflow/dags/retraining_dag.py
[2025-07-06T00:48:47.892+0000] {logging_mixin.py:188} INFO - [2025-07-06T00:48:47.892+0000] {dag.py:3096} INFO - Sync 1 DAGs
[2025-07-06T00:48:47.907+0000] {logging_mixin.py:188} INFO - [2025-07-06T00:48:47.907+0000] {dag.py:3954} INFO - Setting next_dagrun for weekly_model_retraining to 2025-07-06 00:00:00+00:00, run_after=2025-07-13 00:00:00+00:00
[2025-07-06T00:48:47.918+0000] {processor.py:183} INFO - Processing /opt/airflow/dags/retraining_dag.py took 1.385 seconds
[2025-07-06T00:49:18.011+0000] {processor.py:161} INFO - Started process (PID=386) to work on /opt/airflow/dags/retraining_dag.py
[2025-07-06T00:49:18.011+0000] {processor.py:830} INFO - Processing file /opt/airflow/dags/retraining_dag.py for tasks to queue
[2025-07-06T00:49:18.013+0000] {logging_mixin.py:188} INFO - [2025-07-06T00:49:18.012+0000] {dagbag.py:545} INFO - Filling up the DagBag from /opt/airflow/dags/retraining_dag.py
[2025-07-06T00:49:19.406+0000] {processor.py:840} INFO - DAG(s) 'weekly_model_retraining' retrieved from /opt/airflow/dags/retraining_dag.py
[2025-07-06T00:49:19.421+0000] {logging_mixin.py:188} INFO - [2025-07-06T00:49:19.421+0000] {dag.py:3096} INFO - Sync 1 DAGs
[2025-07-06T00:49:19.435+0000] {logging_mixin.py:188} INFO - [2025-07-06T00:49:19.435+0000] {dag.py:3954} INFO - Setting next_dagrun for weekly_model_retraining to 2025-07-06 00:00:00+00:00, run_after=2025-07-13 00:00:00+00:00
[2025-07-06T00:49:19.447+0000] {processor.py:183} INFO - Processing /opt/airflow/dags/retraining_dag.py took 1.441 seconds
[2025-07-06T00:49:50.212+0000] {processor.py:161} INFO - Started process (PID=406) to work on /opt/airflow/dags/retraining_dag.py
[2025-07-06T00:49:50.213+0000] {processor.py:830} INFO - Processing file /opt/airflow/dags/retraining_dag.py for tasks to queue
[2025-07-06T00:49:50.215+0000] {logging_mixin.py:188} INFO - [2025-07-06T00:49:50.214+0000] {dagbag.py:545} INFO - Filling up the DagBag from /opt/airflow/dags/retraining_dag.py
[2025-07-06T00:49:51.747+0000] {processor.py:840} INFO - DAG(s) 'weekly_model_retraining' retrieved from /opt/airflow/dags/retraining_dag.py
[2025-07-06T00:49:51.762+0000] {logging_mixin.py:188} INFO - [2025-07-06T00:49:51.762+0000] {dag.py:3096} INFO - Sync 1 DAGs
[2025-07-06T00:49:51.780+0000] {logging_mixin.py:188} INFO - [2025-07-06T00:49:51.779+0000] {dag.py:3954} INFO - Setting next_dagrun for weekly_model_retraining to 2025-07-06 00:00:00+00:00, run_after=2025-07-13 00:00:00+00:00
[2025-07-06T00:49:51.791+0000] {processor.py:183} INFO - Processing /opt/airflow/dags/retraining_dag.py took 1.584 seconds
[2025-07-06T00:50:21.939+0000] {processor.py:161} INFO - Started process (PID=426) to work on /opt/airflow/dags/retraining_dag.py
[2025-07-06T00:50:21.940+0000] {processor.py:830} INFO - Processing file /opt/airflow/dags/retraining_dag.py for tasks to queue
[2025-07-06T00:50:21.942+0000] {logging_mixin.py:188} INFO - [2025-07-06T00:50:21.941+0000] {dagbag.py:545} INFO - Filling up the DagBag from /opt/airflow/dags/retraining_dag.py
[2025-07-06T00:50:23.274+0000] {processor.py:840} INFO - DAG(s) 'weekly_model_retraining' retrieved from /opt/airflow/dags/retraining_dag.py
[2025-07-06T00:50:23.292+0000] {logging_mixin.py:188} INFO - [2025-07-06T00:50:23.292+0000] {dag.py:3096} INFO - Sync 1 DAGs
[2025-07-06T00:50:23.308+0000] {logging_mixin.py:188} INFO - [2025-07-06T00:50:23.308+0000] {dag.py:3954} INFO - Setting next_dagrun for weekly_model_retraining to 2025-07-06 00:00:00+00:00, run_after=2025-07-13 00:00:00+00:00
[2025-07-06T00:50:23.320+0000] {processor.py:183} INFO - Processing /opt/airflow/dags/retraining_dag.py took 1.385 seconds
[2025-07-06T00:50:53.454+0000] {processor.py:161} INFO - Started process (PID=446) to work on /opt/airflow/dags/retraining_dag.py
[2025-07-06T00:50:53.455+0000] {processor.py:830} INFO - Processing file /opt/airflow/dags/retraining_dag.py for tasks to queue
[2025-07-06T00:50:53.456+0000] {logging_mixin.py:188} INFO - [2025-07-06T00:50:53.456+0000] {dagbag.py:545} INFO - Filling up the DagBag from /opt/airflow/dags/retraining_dag.py
[2025-07-06T00:50:54.907+0000] {processor.py:840} INFO - DAG(s) 'weekly_model_retraining' retrieved from /opt/airflow/dags/retraining_dag.py
[2025-07-06T00:50:54.924+0000] {logging_mixin.py:188} INFO - [2025-07-06T00:50:54.923+0000] {dag.py:3096} INFO - Sync 1 DAGs
[2025-07-06T00:50:54.939+0000] {logging_mixin.py:188} INFO - [2025-07-06T00:50:54.938+0000] {dag.py:3954} INFO - Setting next_dagrun for weekly_model_retraining to 2025-07-06 00:00:00+00:00, run_after=2025-07-13 00:00:00+00:00
[2025-07-06T00:50:54.950+0000] {processor.py:183} INFO - Processing /opt/airflow/dags/retraining_dag.py took 1.501 seconds
[2025-07-06T00:51:25.186+0000] {processor.py:161} INFO - Started process (PID=466) to work on /opt/airflow/dags/retraining_dag.py
[2025-07-06T00:51:25.186+0000] {processor.py:830} INFO - Processing file /opt/airflow/dags/retraining_dag.py for tasks to queue
[2025-07-06T00:51:25.188+0000] {logging_mixin.py:188} INFO - [2025-07-06T00:51:25.188+0000] {dagbag.py:545} INFO - Filling up the DagBag from /opt/airflow/dags/retraining_dag.py
[2025-07-06T00:51:26.546+0000] {processor.py:840} INFO - DAG(s) 'weekly_model_retraining' retrieved from /opt/airflow/dags/retraining_dag.py
[2025-07-06T00:51:26.561+0000] {logging_mixin.py:188} INFO - [2025-07-06T00:51:26.561+0000] {dag.py:3096} INFO - Sync 1 DAGs
[2025-07-06T00:51:26.576+0000] {logging_mixin.py:188} INFO - [2025-07-06T00:51:26.575+0000] {dag.py:3954} INFO - Setting next_dagrun for weekly_model_retraining to 2025-07-06 00:00:00+00:00, run_after=2025-07-13 00:00:00+00:00
[2025-07-06T00:51:26.587+0000] {processor.py:183} INFO - Processing /opt/airflow/dags/retraining_dag.py took 1.406 seconds
[2025-07-06T00:55:04.451+0000] {processor.py:161} INFO - Started process (PID=157) to work on /opt/airflow/dags/retraining_dag.py
[2025-07-06T00:55:04.453+0000] {processor.py:830} INFO - Processing file /opt/airflow/dags/retraining_dag.py for tasks to queue
[2025-07-06T00:55:04.457+0000] {logging_mixin.py:188} INFO - [2025-07-06T00:55:04.457+0000] {dagbag.py:545} INFO - Filling up the DagBag from /opt/airflow/dags/retraining_dag.py
[2025-07-06T00:55:12.506+0000] {processor.py:840} INFO - DAG(s) 'weekly_model_retraining' retrieved from /opt/airflow/dags/retraining_dag.py
[2025-07-06T00:55:12.557+0000] {logging_mixin.py:188} INFO - [2025-07-06T00:55:12.557+0000] {dag.py:3096} INFO - Sync 1 DAGs
[2025-07-06T00:55:12.623+0000] {logging_mixin.py:188} INFO - [2025-07-06T00:55:12.623+0000] {dag.py:3954} INFO - Setting next_dagrun for weekly_model_retraining to 2025-07-06 00:00:00+00:00, run_after=2025-07-13 00:00:00+00:00
[2025-07-06T00:55:12.681+0000] {processor.py:183} INFO - Processing /opt/airflow/dags/retraining_dag.py took 8.245 seconds
[2025-07-06T00:55:42.907+0000] {processor.py:161} INFO - Started process (PID=177) to work on /opt/airflow/dags/retraining_dag.py
[2025-07-06T00:55:42.908+0000] {processor.py:830} INFO - Processing file /opt/airflow/dags/retraining_dag.py for tasks to queue
[2025-07-06T00:55:42.910+0000] {logging_mixin.py:188} INFO - [2025-07-06T00:55:42.910+0000] {dagbag.py:545} INFO - Filling up the DagBag from /opt/airflow/dags/retraining_dag.py
[2025-07-06T00:55:44.667+0000] {processor.py:840} INFO - DAG(s) 'weekly_model_retraining' retrieved from /opt/airflow/dags/retraining_dag.py
[2025-07-06T00:55:44.848+0000] {logging_mixin.py:188} INFO - [2025-07-06T00:55:44.848+0000] {dag.py:3096} INFO - Sync 1 DAGs
[2025-07-06T00:55:44.868+0000] {logging_mixin.py:188} INFO - [2025-07-06T00:55:44.868+0000] {dag.py:3954} INFO - Setting next_dagrun for weekly_model_retraining to 2025-07-06 00:00:00+00:00, run_after=2025-07-13 00:00:00+00:00
[2025-07-06T00:55:44.886+0000] {processor.py:183} INFO - Processing /opt/airflow/dags/retraining_dag.py took 1.985 seconds
[2025-07-06T00:56:15.028+0000] {processor.py:161} INFO - Started process (PID=212) to work on /opt/airflow/dags/retraining_dag.py
[2025-07-06T00:56:15.028+0000] {processor.py:830} INFO - Processing file /opt/airflow/dags/retraining_dag.py for tasks to queue
[2025-07-06T00:56:15.030+0000] {logging_mixin.py:188} INFO - [2025-07-06T00:56:15.030+0000] {dagbag.py:545} INFO - Filling up the DagBag from /opt/airflow/dags/retraining_dag.py
[2025-07-06T00:56:17.212+0000] {processor.py:840} INFO - DAG(s) 'weekly_model_retraining' retrieved from /opt/airflow/dags/retraining_dag.py
[2025-07-06T00:56:17.228+0000] {logging_mixin.py:188} INFO - [2025-07-06T00:56:17.227+0000] {dag.py:3096} INFO - Sync 1 DAGs
[2025-07-06T00:56:17.243+0000] {logging_mixin.py:188} INFO - [2025-07-06T00:56:17.243+0000] {dag.py:3954} INFO - Setting next_dagrun for weekly_model_retraining to 2025-07-06 00:00:00+00:00, run_after=2025-07-13 00:00:00+00:00
[2025-07-06T00:56:17.255+0000] {processor.py:183} INFO - Processing /opt/airflow/dags/retraining_dag.py took 2.233 seconds
[2025-07-06T00:56:47.407+0000] {processor.py:161} INFO - Started process (PID=238) to work on /opt/airflow/dags/retraining_dag.py
[2025-07-06T00:56:47.408+0000] {processor.py:830} INFO - Processing file /opt/airflow/dags/retraining_dag.py for tasks to queue
[2025-07-06T00:56:47.409+0000] {logging_mixin.py:188} INFO - [2025-07-06T00:56:47.409+0000] {dagbag.py:545} INFO - Filling up the DagBag from /opt/airflow/dags/retraining_dag.py
[2025-07-06T00:56:48.813+0000] {processor.py:840} INFO - DAG(s) 'weekly_model_retraining' retrieved from /opt/airflow/dags/retraining_dag.py
[2025-07-06T00:56:48.828+0000] {logging_mixin.py:188} INFO - [2025-07-06T00:56:48.828+0000] {dag.py:3096} INFO - Sync 1 DAGs
[2025-07-06T00:56:48.844+0000] {logging_mixin.py:188} INFO - [2025-07-06T00:56:48.844+0000] {dag.py:3954} INFO - Setting next_dagrun for weekly_model_retraining to 2025-07-06 00:00:00+00:00, run_after=2025-07-13 00:00:00+00:00
[2025-07-06T00:56:48.855+0000] {processor.py:183} INFO - Processing /opt/airflow/dags/retraining_dag.py took 1.453 seconds
[2025-07-06T00:57:18.977+0000] {processor.py:161} INFO - Started process (PID=258) to work on /opt/airflow/dags/retraining_dag.py
[2025-07-06T00:57:18.978+0000] {processor.py:830} INFO - Processing file /opt/airflow/dags/retraining_dag.py for tasks to queue
[2025-07-06T00:57:18.979+0000] {logging_mixin.py:188} INFO - [2025-07-06T00:57:18.979+0000] {dagbag.py:545} INFO - Filling up the DagBag from /opt/airflow/dags/retraining_dag.py
[2025-07-06T00:57:20.401+0000] {processor.py:840} INFO - DAG(s) 'weekly_model_retraining' retrieved from /opt/airflow/dags/retraining_dag.py
[2025-07-06T00:57:20.419+0000] {logging_mixin.py:188} INFO - [2025-07-06T00:57:20.418+0000] {dag.py:3096} INFO - Sync 1 DAGs
[2025-07-06T00:57:20.438+0000] {logging_mixin.py:188} INFO - [2025-07-06T00:57:20.438+0000] {dag.py:3954} INFO - Setting next_dagrun for weekly_model_retraining to 2025-07-06 00:00:00+00:00, run_after=2025-07-13 00:00:00+00:00
[2025-07-06T00:57:20.454+0000] {processor.py:183} INFO - Processing /opt/airflow/dags/retraining_dag.py took 1.482 seconds
[2025-07-06T00:57:50.588+0000] {processor.py:161} INFO - Started process (PID=278) to work on /opt/airflow/dags/retraining_dag.py
[2025-07-06T00:57:50.589+0000] {processor.py:830} INFO - Processing file /opt/airflow/dags/retraining_dag.py for tasks to queue
[2025-07-06T00:57:50.590+0000] {logging_mixin.py:188} INFO - [2025-07-06T00:57:50.590+0000] {dagbag.py:545} INFO - Filling up the DagBag from /opt/airflow/dags/retraining_dag.py
[2025-07-06T00:57:51.967+0000] {processor.py:840} INFO - DAG(s) 'weekly_model_retraining' retrieved from /opt/airflow/dags/retraining_dag.py
[2025-07-06T00:57:51.989+0000] {logging_mixin.py:188} INFO - [2025-07-06T00:57:51.988+0000] {dag.py:3096} INFO - Sync 1 DAGs
[2025-07-06T00:57:52.004+0000] {logging_mixin.py:188} INFO - [2025-07-06T00:57:52.004+0000] {dag.py:3954} INFO - Setting next_dagrun for weekly_model_retraining to 2025-07-06 00:00:00+00:00, run_after=2025-07-13 00:00:00+00:00
[2025-07-06T00:57:52.015+0000] {processor.py:183} INFO - Processing /opt/airflow/dags/retraining_dag.py took 1.432 seconds
[2025-07-06T00:58:22.143+0000] {processor.py:161} INFO - Started process (PID=298) to work on /opt/airflow/dags/retraining_dag.py
[2025-07-06T00:58:22.144+0000] {processor.py:830} INFO - Processing file /opt/airflow/dags/retraining_dag.py for tasks to queue
[2025-07-06T00:58:22.145+0000] {logging_mixin.py:188} INFO - [2025-07-06T00:58:22.145+0000] {dagbag.py:545} INFO - Filling up the DagBag from /opt/airflow/dags/retraining_dag.py
[2025-07-06T00:58:23.537+0000] {processor.py:840} INFO - DAG(s) 'weekly_model_retraining' retrieved from /opt/airflow/dags/retraining_dag.py
[2025-07-06T00:58:23.552+0000] {logging_mixin.py:188} INFO - [2025-07-06T00:58:23.552+0000] {dag.py:3096} INFO - Sync 1 DAGs
[2025-07-06T00:58:23.567+0000] {logging_mixin.py:188} INFO - [2025-07-06T00:58:23.567+0000] {dag.py:3954} INFO - Setting next_dagrun for weekly_model_retraining to 2025-07-06 00:00:00+00:00, run_after=2025-07-13 00:00:00+00:00
[2025-07-06T00:58:23.579+0000] {processor.py:183} INFO - Processing /opt/airflow/dags/retraining_dag.py took 1.440 seconds
