[2025-07-06T00:45:54.926+0000] {local_task_job_runner.py:120} INFO - ::group::Pre task execution logs
[2025-07-06T00:45:54.947+0000] {taskinstance.py:2076} INFO - Dependencies all met for dep_context=non-requeueable deps ti=<TaskInstance: daily_github_inference.run_model_inference manual__2025-07-06T00:45:44.307618+00:00 [queued]>
[2025-07-06T00:45:54.953+0000] {taskinstance.py:2076} INFO - Dependencies all met for dep_context=requeueable deps ti=<TaskInstance: daily_github_inference.run_model_inference manual__2025-07-06T00:45:44.307618+00:00 [queued]>
[2025-07-06T00:45:54.953+0000] {taskinstance.py:2306} INFO - Starting attempt 1 of 2
[2025-07-06T00:45:54.962+0000] {taskinstance.py:2330} INFO - Executing <Task(PythonOperator): run_model_inference> on 2025-07-06 00:45:44.307618+00:00
[2025-07-06T00:45:54.970+0000] {logging_mixin.py:188} WARNING - /home/***/.local/lib/python3.12/site-packages/***/task/task_runner/standard_task_runner.py:61 DeprecationWarning: This process (pid=210) is multi-threaded, use of fork() may lead to deadlocks in the child.
[2025-07-06T00:45:54.971+0000] {standard_task_runner.py:63} INFO - Started process 212 to run task
[2025-07-06T00:45:54.970+0000] {standard_task_runner.py:90} INFO - Running: ['***', 'tasks', 'run', 'daily_github_inference', 'run_model_inference', 'manual__2025-07-06T00:45:44.307618+00:00', '--job-id', '17', '--raw', '--subdir', 'DAGS_FOLDER/daily_github_inference.py', '--cfg-path', '/tmp/tmp3p0trubn']
[2025-07-06T00:45:54.972+0000] {standard_task_runner.py:91} INFO - Job 17: Subtask run_model_inference
[2025-07-06T00:45:54.986+0000] {logging_mixin.py:188} WARNING - /home/***/.local/lib/python3.12/site-packages/***/settings.py:195 DeprecationWarning: The sql_alchemy_conn option in [core] has been moved to the sql_alchemy_conn option in [database] - the old setting has been used, but please update your config.
[2025-07-06T00:45:55.008+0000] {task_command.py:426} INFO - Running <TaskInstance: daily_github_inference.run_model_inference manual__2025-07-06T00:45:44.307618+00:00 [running]> on host 48f6ecca7c13
[2025-07-06T00:45:55.195+0000] {taskinstance.py:2648} INFO - Exporting env vars: AIRFLOW_CTX_DAG_OWNER='rajat' AIRFLOW_CTX_DAG_ID='daily_github_inference' AIRFLOW_CTX_TASK_ID='run_model_inference' AIRFLOW_CTX_EXECUTION_DATE='2025-07-06T00:45:44.307618+00:00' AIRFLOW_CTX_TRY_NUMBER='1' AIRFLOW_CTX_DAG_RUN_ID='manual__2025-07-06T00:45:44.307618+00:00'
[2025-07-06T00:45:55.196+0000] {taskinstance.py:430} INFO - ::endgroup::
[2025-07-06T00:45:55.205+0000] {logging_mixin.py:188} INFO - [INFO] Running inference for timestamp: 2025-07-05-15
[2025-07-06T00:45:56.726+0000] {logging_mixin.py:188} INFO - [INFO] Inference complete. Output saved to data/features/actor_predictions_2025-07-05-15.parquet
[2025-07-06T00:45:56.727+0000] {python.py:237} INFO - Done. Returned value was: None
[2025-07-06T00:45:56.727+0000] {taskinstance.py:441} INFO - ::group::Post task execution logs
[2025-07-06T00:45:56.734+0000] {taskinstance.py:1206} INFO - Marking task as SUCCESS. dag_id=daily_github_inference, task_id=run_model_inference, run_id=manual__2025-07-06T00:45:44.307618+00:00, execution_date=20250706T004544, start_date=20250706T004554, end_date=20250706T004556
[2025-07-06T00:45:56.801+0000] {local_task_job_runner.py:240} INFO - Task exited with return code 0
[2025-07-06T00:45:56.818+0000] {taskinstance.py:3498} INFO - 1 downstream tasks scheduled from follow-on schedule check
[2025-07-06T00:45:56.819+0000] {local_task_job_runner.py:222} INFO - ::endgroup::
