[2025-07-04T16:23:37.018+0000] {local_task_job_runner.py:120} INFO - ::group::Pre task execution logs
[2025-07-04T16:23:37.088+0000] {taskinstance.py:2076} INFO - Dependencies all met for dep_context=non-requeueable deps ti=<TaskInstance: daily_github_inference.download_and_parse_github_data manual__2025-07-04T16:23:34.847481+00:00 [queued]>
[2025-07-04T16:23:37.108+0000] {taskinstance.py:2076} INFO - Dependencies all met for dep_context=requeueable deps ti=<TaskInstance: daily_github_inference.download_and_parse_github_data manual__2025-07-04T16:23:34.847481+00:00 [queued]>
[2025-07-04T16:23:37.111+0000] {taskinstance.py:2306} INFO - Starting attempt 1 of 2
[2025-07-04T16:23:37.149+0000] {taskinstance.py:2330} INFO - Executing <Task(PythonOperator): download_and_parse_github_data> on 2025-07-04 16:23:34.847481+00:00
[2025-07-04T16:23:37.175+0000] {logging_mixin.py:188} WARNING - /home/***/.local/lib/python3.12/site-packages/***/task/task_runner/standard_task_runner.py:61 DeprecationWarning: This process (pid=197) is multi-threaded, use of fork() may lead to deadlocks in the child.
[2025-07-04T16:23:37.178+0000] {standard_task_runner.py:63} INFO - Started process 201 to run task
[2025-07-04T16:23:37.174+0000] {standard_task_runner.py:90} INFO - Running: ['***', 'tasks', 'run', 'daily_github_inference', 'download_and_parse_github_data', 'manual__2025-07-04T16:23:34.847481+00:00', '--job-id', '4', '--raw', '--subdir', 'DAGS_FOLDER/daily_github_inference.py', '--cfg-path', '/tmp/tmp7v9f8u52']
[2025-07-04T16:23:37.179+0000] {standard_task_runner.py:91} INFO - Job 4: Subtask download_and_parse_github_data
[2025-07-04T16:23:37.213+0000] {logging_mixin.py:188} WARNING - /home/***/.local/lib/python3.12/site-packages/***/settings.py:195 DeprecationWarning: The sql_alchemy_conn option in [core] has been moved to the sql_alchemy_conn option in [database] - the old setting has been used, but please update your config.
[2025-07-04T16:23:37.570+0000] {task_command.py:426} INFO - Running <TaskInstance: daily_github_inference.download_and_parse_github_data manual__2025-07-04T16:23:34.847481+00:00 [running]> on host 1f9ae480a8ef
[2025-07-04T16:23:37.712+0000] {taskinstance.py:2648} INFO - Exporting env vars: AIRFLOW_CTX_DAG_OWNER='rajat' AIRFLOW_CTX_DAG_ID='daily_github_inference' AIRFLOW_CTX_TASK_ID='download_and_parse_github_data' AIRFLOW_CTX_EXECUTION_DATE='2025-07-04T16:23:34.847481+00:00' AIRFLOW_CTX_TRY_NUMBER='1' AIRFLOW_CTX_DAG_RUN_ID='manual__2025-07-04T16:23:34.847481+00:00'
[2025-07-04T16:23:37.713+0000] {taskinstance.py:430} INFO - ::endgroup::
[2025-07-04T16:23:37.748+0000] {logging_mixin.py:188} INFO - [INFO] Starting ingestion for timestamp: 2025-07-03-15
[2025-07-04T16:23:39.167+0000] {logging_mixin.py:188} INFO - [INFO] Downloaded https://data.gharchive.org/2025-07-03-15.json.gz to data/raw/2025-07-03-15.json.gz
[2025-07-04T16:23:50.709+0000] {logging_mixin.py:188} INFO - [INFO] Parsed 100000 events
[2025-07-04T16:23:50.709+0000] {logging_mixin.py:188} INFO - [INFO] Saved structured data to data/processed/2025-07-03-15.parquet
[2025-07-04T16:23:50.743+0000] {python.py:237} INFO - Done. Returned value was: None
[2025-07-04T16:23:50.743+0000] {taskinstance.py:441} INFO - ::group::Post task execution logs
[2025-07-04T16:23:50.753+0000] {taskinstance.py:1206} INFO - Marking task as SUCCESS. dag_id=daily_github_inference, task_id=download_and_parse_github_data, run_id=manual__2025-07-04T16:23:34.847481+00:00, execution_date=20250704T162334, start_date=20250704T162337, end_date=20250704T162350
[2025-07-04T16:23:50.813+0000] {local_task_job_runner.py:240} INFO - Task exited with return code 0
[2025-07-04T16:23:50.839+0000] {taskinstance.py:3498} INFO - 1 downstream tasks scheduled from follow-on schedule check
[2025-07-04T16:23:50.840+0000] {local_task_job_runner.py:222} INFO - ::endgroup::
