[2025-07-09T20:35:13.499+0000] {local_task_job_runner.py:120} INFO - ::group::Pre task execution logs
[2025-07-09T20:35:13.519+0000] {taskinstance.py:2076} INFO - Dependencies all met for dep_context=non-requeueable deps ti=<TaskInstance: daily_github_inference.run_model_inference manual__2025-07-09T20:34:54.875460+00:00 [queued]>
[2025-07-09T20:35:13.525+0000] {taskinstance.py:2076} INFO - Dependencies all met for dep_context=requeueable deps ti=<TaskInstance: daily_github_inference.run_model_inference manual__2025-07-09T20:34:54.875460+00:00 [queued]>
[2025-07-09T20:35:13.525+0000] {taskinstance.py:2306} INFO - Starting attempt 1 of 2
[2025-07-09T20:35:13.533+0000] {taskinstance.py:2330} INFO - Executing <Task(PythonOperator): run_model_inference> on 2025-07-09 20:34:54.875460+00:00
[2025-07-09T20:35:13.542+0000] {logging_mixin.py:188} WARNING - /home/***/.local/lib/python3.12/site-packages/***/task/task_runner/standard_task_runner.py:61 DeprecationWarning: This process (pid=223) is multi-threaded, use of fork() may lead to deadlocks in the child.
[2025-07-09T20:35:13.543+0000] {standard_task_runner.py:63} INFO - Started process 226 to run task
[2025-07-09T20:35:13.543+0000] {standard_task_runner.py:90} INFO - Running: ['***', 'tasks', 'run', 'daily_github_inference', 'run_model_inference', 'manual__2025-07-09T20:34:54.875460+00:00', '--job-id', '65', '--raw', '--subdir', 'DAGS_FOLDER/daily_github_inference.py', '--cfg-path', '/tmp/tmptpeaudij']
[2025-07-09T20:35:13.545+0000] {standard_task_runner.py:91} INFO - Job 65: Subtask run_model_inference
[2025-07-09T20:35:13.555+0000] {logging_mixin.py:188} WARNING - /home/***/.local/lib/python3.12/site-packages/***/settings.py:195 DeprecationWarning: The sql_alchemy_conn option in [core] has been moved to the sql_alchemy_conn option in [database] - the old setting has been used, but please update your config.
[2025-07-09T20:35:13.577+0000] {task_command.py:426} INFO - Running <TaskInstance: daily_github_inference.run_model_inference manual__2025-07-09T20:34:54.875460+00:00 [running]> on host 49b9a4a3b242
[2025-07-09T20:35:13.639+0000] {taskinstance.py:2648} INFO - Exporting env vars: AIRFLOW_CTX_DAG_OWNER='rajat' AIRFLOW_CTX_DAG_ID='daily_github_inference' AIRFLOW_CTX_TASK_ID='run_model_inference' AIRFLOW_CTX_EXECUTION_DATE='2025-07-09T20:34:54.875460+00:00' AIRFLOW_CTX_TRY_NUMBER='1' AIRFLOW_CTX_DAG_RUN_ID='manual__2025-07-09T20:34:54.875460+00:00'
[2025-07-09T20:35:13.640+0000] {taskinstance.py:430} INFO - ::endgroup::
[2025-07-09T20:35:13.650+0000] {logging_mixin.py:188} INFO - [INFO] Running inference for timestamp: 2025-07-08-15
[2025-07-09T20:35:13.680+0000] {credentials.py:567} INFO - Found credentials in environment variables.
[2025-07-09T20:35:14.929+0000] {credentials.py:567} INFO - Found credentials in environment variables.
[2025-07-09T20:35:16.812+0000] {credentials.py:567} INFO - Found credentials in environment variables.
[2025-07-09T20:35:17.747+0000] {logging_mixin.py:188} INFO - [INFO] Inference complete. Output saved to s3: features/actor_predictions_2025-07-08-15.parquet
[2025-07-09T20:35:17.748+0000] {python.py:237} INFO - Done. Returned value was: None
[2025-07-09T20:35:17.748+0000] {taskinstance.py:441} INFO - ::group::Post task execution logs
[2025-07-09T20:35:17.755+0000] {taskinstance.py:1206} INFO - Marking task as SUCCESS. dag_id=daily_github_inference, task_id=run_model_inference, run_id=manual__2025-07-09T20:34:54.875460+00:00, execution_date=20250709T203454, start_date=20250709T203513, end_date=20250709T203517
[2025-07-09T20:35:17.814+0000] {local_task_job_runner.py:240} INFO - Task exited with return code 0
[2025-07-09T20:35:17.830+0000] {taskinstance.py:3498} INFO - 1 downstream tasks scheduled from follow-on schedule check
[2025-07-09T20:35:17.831+0000] {local_task_job_runner.py:222} INFO - ::endgroup::
