[2025-07-05T16:59:25.975+0000] {local_task_job_runner.py:120} INFO - ::group::Pre task execution logs
[2025-07-05T16:59:26.013+0000] {taskinstance.py:2076} INFO - Dependencies all met for dep_context=non-requeueable deps ti=<TaskInstance: daily_github_inference.run_feature_engineering scheduled__2025-07-04T00:00:00+00:00 [queued]>
[2025-07-05T16:59:26.023+0000] {taskinstance.py:2076} INFO - Dependencies all met for dep_context=requeueable deps ti=<TaskInstance: daily_github_inference.run_feature_engineering scheduled__2025-07-04T00:00:00+00:00 [queued]>
[2025-07-05T16:59:26.024+0000] {taskinstance.py:2306} INFO - Starting attempt 1 of 2
[2025-07-05T16:59:26.042+0000] {taskinstance.py:2330} INFO - Executing <Task(PythonOperator): run_feature_engineering> on 2025-07-04 00:00:00+00:00
[2025-07-05T16:59:26.060+0000] {standard_task_runner.py:90} INFO - Running: ['***', 'tasks', 'run', 'daily_github_inference', 'run_feature_engineering', 'scheduled__2025-07-04T00:00:00+00:00', '--job-id', '56', '--raw', '--subdir', 'DAGS_FOLDER/daily_github_inference.py', '--cfg-path', '/tmp/tmppz7shtlm']
[2025-07-05T16:59:26.059+0000] {logging_mixin.py:188} WARNING - /home/***/.local/lib/python3.12/site-packages/***/task/task_runner/standard_task_runner.py:61 DeprecationWarning: This process (pid=190) is multi-threaded, use of fork() may lead to deadlocks in the child.
[2025-07-05T16:59:26.063+0000] {standard_task_runner.py:63} INFO - Started process 192 to run task
[2025-07-05T16:59:26.065+0000] {standard_task_runner.py:91} INFO - Job 56: Subtask run_feature_engineering
[2025-07-05T16:59:26.086+0000] {logging_mixin.py:188} WARNING - /home/***/.local/lib/python3.12/site-packages/***/settings.py:195 DeprecationWarning: The sql_alchemy_conn option in [core] has been moved to the sql_alchemy_conn option in [database] - the old setting has been used, but please update your config.
[2025-07-05T16:59:26.128+0000] {task_command.py:426} INFO - Running <TaskInstance: daily_github_inference.run_feature_engineering scheduled__2025-07-04T00:00:00+00:00 [running]> on host e98cc3c92ee0
[2025-07-05T16:59:26.588+0000] {taskinstance.py:2648} INFO - Exporting env vars: AIRFLOW_CTX_DAG_OWNER='rajat' AIRFLOW_CTX_DAG_ID='daily_github_inference' AIRFLOW_CTX_TASK_ID='run_feature_engineering' AIRFLOW_CTX_EXECUTION_DATE='2025-07-04T00:00:00+00:00' AIRFLOW_CTX_TRY_NUMBER='1' AIRFLOW_CTX_DAG_RUN_ID='scheduled__2025-07-04T00:00:00+00:00'
[2025-07-05T16:59:26.590+0000] {taskinstance.py:430} INFO - ::endgroup::
[2025-07-05T16:59:29.916+0000] {logging_mixin.py:188} INFO - [INFO] Saved engineered features to: data/features/actor_features_2025-07-03-15.parquet
[2025-07-05T16:59:29.936+0000] {logging_mixin.py:188} INFO -          actor            timestamp_hour  ...  fork_count  repo_diversity
0   0-kodiya-0 2025-07-03 15:00:00+00:00  ...           0               1
1  00-10-01-11 2025-07-03 15:00:00+00:00  ...           0               1
2   001ryu-ryu 2025-07-03 15:00:00+00:00  ...           0               1
3       0047ol 2025-07-03 15:00:00+00:00  ...           0               2
4      004Ajay 2025-07-03 15:00:00+00:00  ...           0               1

[5 rows x 7 columns]
[2025-07-05T16:59:29.940+0000] {python.py:237} INFO - Done. Returned value was: None
[2025-07-05T16:59:29.941+0000] {taskinstance.py:441} INFO - ::group::Post task execution logs
[2025-07-05T16:59:29.956+0000] {taskinstance.py:1206} INFO - Marking task as SUCCESS. dag_id=daily_github_inference, task_id=run_feature_engineering, run_id=scheduled__2025-07-04T00:00:00+00:00, execution_date=20250704T000000, start_date=20250705T165926, end_date=20250705T165929
[2025-07-05T16:59:30.025+0000] {local_task_job_runner.py:240} INFO - Task exited with return code 0
[2025-07-05T16:59:30.056+0000] {taskinstance.py:3498} INFO - 1 downstream tasks scheduled from follow-on schedule check
[2025-07-05T16:59:30.057+0000] {local_task_job_runner.py:222} INFO - ::endgroup::
[2025-07-05T22:48:01.469+0000] {local_task_job_runner.py:120} INFO - ::group::Pre task execution logs
[2025-07-05T22:48:01.535+0000] {taskinstance.py:2076} INFO - Dependencies all met for dep_context=non-requeueable deps ti=<TaskInstance: daily_github_inference.run_feature_engineering scheduled__2025-07-04T00:00:00+00:00 [queued]>
[2025-07-05T22:48:01.552+0000] {taskinstance.py:2076} INFO - Dependencies all met for dep_context=requeueable deps ti=<TaskInstance: daily_github_inference.run_feature_engineering scheduled__2025-07-04T00:00:00+00:00 [queued]>
[2025-07-05T22:48:01.552+0000] {taskinstance.py:2306} INFO - Starting attempt 1 of 2
[2025-07-05T22:48:01.568+0000] {taskinstance.py:2330} INFO - Executing <Task(PythonOperator): run_feature_engineering> on 2025-07-04 00:00:00+00:00
[2025-07-05T22:48:01.582+0000] {logging_mixin.py:188} WARNING - /home/***/.local/lib/python3.12/site-packages/***/task/task_runner/standard_task_runner.py:61 DeprecationWarning: This process (pid=266) is multi-threaded, use of fork() may lead to deadlocks in the child.
[2025-07-05T22:48:01.585+0000] {standard_task_runner.py:63} INFO - Started process 271 to run task
[2025-07-05T22:48:01.584+0000] {standard_task_runner.py:90} INFO - Running: ['***', 'tasks', 'run', 'daily_github_inference', 'run_feature_engineering', 'scheduled__2025-07-04T00:00:00+00:00', '--job-id', '5', '--raw', '--subdir', 'DAGS_FOLDER/daily_github_inference.py', '--cfg-path', '/tmp/tmpolibco7r']
[2025-07-05T22:48:01.587+0000] {standard_task_runner.py:91} INFO - Job 5: Subtask run_feature_engineering
[2025-07-05T22:48:01.612+0000] {logging_mixin.py:188} WARNING - /home/***/.local/lib/python3.12/site-packages/***/settings.py:195 DeprecationWarning: The sql_alchemy_conn option in [core] has been moved to the sql_alchemy_conn option in [database] - the old setting has been used, but please update your config.
[2025-07-05T22:48:01.668+0000] {task_command.py:426} INFO - Running <TaskInstance: daily_github_inference.run_feature_engineering scheduled__2025-07-04T00:00:00+00:00 [running]> on host ca9d5d7b2943
[2025-07-05T22:48:02.027+0000] {taskinstance.py:2648} INFO - Exporting env vars: AIRFLOW_CTX_DAG_OWNER='rajat' AIRFLOW_CTX_DAG_ID='daily_github_inference' AIRFLOW_CTX_TASK_ID='run_feature_engineering' AIRFLOW_CTX_EXECUTION_DATE='2025-07-04T00:00:00+00:00' AIRFLOW_CTX_TRY_NUMBER='1' AIRFLOW_CTX_DAG_RUN_ID='scheduled__2025-07-04T00:00:00+00:00'
[2025-07-05T22:48:02.030+0000] {taskinstance.py:430} INFO - ::endgroup::
[2025-07-05T22:48:05.322+0000] {logging_mixin.py:188} INFO - [INFO] Saved engineered features to: data/features/actor_features_2025-07-03-15.parquet
[2025-07-05T22:48:05.328+0000] {logging_mixin.py:188} INFO -          actor            timestamp_hour  ...  fork_count  repo_diversity
0   0-kodiya-0 2025-07-03 15:00:00+00:00  ...           0               1
1  00-10-01-11 2025-07-03 15:00:00+00:00  ...           0               1
2   001ryu-ryu 2025-07-03 15:00:00+00:00  ...           0               1
3       0047ol 2025-07-03 15:00:00+00:00  ...           0               2
4      004Ajay 2025-07-03 15:00:00+00:00  ...           0               1

[5 rows x 7 columns]
[2025-07-05T22:48:05.329+0000] {python.py:237} INFO - Done. Returned value was: None
[2025-07-05T22:48:05.330+0000] {taskinstance.py:441} INFO - ::group::Post task execution logs
[2025-07-05T22:48:05.336+0000] {taskinstance.py:1206} INFO - Marking task as SUCCESS. dag_id=daily_github_inference, task_id=run_feature_engineering, run_id=scheduled__2025-07-04T00:00:00+00:00, execution_date=20250704T000000, start_date=20250705T224801, end_date=20250705T224805
[2025-07-05T22:48:05.394+0000] {local_task_job_runner.py:240} INFO - Task exited with return code 0
[2025-07-05T22:48:05.480+0000] {taskinstance.py:3498} INFO - 0 downstream tasks scheduled from follow-on schedule check
[2025-07-05T22:48:05.485+0000] {local_task_job_runner.py:222} INFO - ::endgroup::
[2025-07-05T23:25:31.392+0000] {local_task_job_runner.py:120} INFO - ::group::Pre task execution logs
[2025-07-05T23:25:31.443+0000] {taskinstance.py:2076} INFO - Dependencies all met for dep_context=non-requeueable deps ti=<TaskInstance: daily_github_inference.run_feature_engineering scheduled__2025-07-04T00:00:00+00:00 [queued]>
[2025-07-05T23:25:31.451+0000] {taskinstance.py:2076} INFO - Dependencies all met for dep_context=requeueable deps ti=<TaskInstance: daily_github_inference.run_feature_engineering scheduled__2025-07-04T00:00:00+00:00 [queued]>
[2025-07-05T23:25:31.452+0000] {taskinstance.py:2306} INFO - Starting attempt 1 of 2
[2025-07-05T23:25:31.464+0000] {taskinstance.py:2330} INFO - Executing <Task(PythonOperator): run_feature_engineering> on 2025-07-04 00:00:00+00:00
[2025-07-05T23:25:31.478+0000] {logging_mixin.py:188} WARNING - /home/***/.local/lib/python3.12/site-packages/***/task/task_runner/standard_task_runner.py:61 DeprecationWarning: This process (pid=207) is multi-threaded, use of fork() may lead to deadlocks in the child.
[2025-07-05T23:25:31.481+0000] {standard_task_runner.py:63} INFO - Started process 211 to run task
[2025-07-05T23:25:31.479+0000] {standard_task_runner.py:90} INFO - Running: ['***', 'tasks', 'run', 'daily_github_inference', 'run_feature_engineering', 'scheduled__2025-07-04T00:00:00+00:00', '--job-id', '4', '--raw', '--subdir', 'DAGS_FOLDER/daily_github_inference.py', '--cfg-path', '/tmp/tmpjm2jpdcj']
[2025-07-05T23:25:31.483+0000] {standard_task_runner.py:91} INFO - Job 4: Subtask run_feature_engineering
[2025-07-05T23:25:31.501+0000] {logging_mixin.py:188} WARNING - /home/***/.local/lib/python3.12/site-packages/***/settings.py:195 DeprecationWarning: The sql_alchemy_conn option in [core] has been moved to the sql_alchemy_conn option in [database] - the old setting has been used, but please update your config.
[2025-07-05T23:25:31.540+0000] {task_command.py:426} INFO - Running <TaskInstance: daily_github_inference.run_feature_engineering scheduled__2025-07-04T00:00:00+00:00 [running]> on host 9da7b743aeb0
[2025-07-05T23:25:31.894+0000] {taskinstance.py:2648} INFO - Exporting env vars: AIRFLOW_CTX_DAG_OWNER='rajat' AIRFLOW_CTX_DAG_ID='daily_github_inference' AIRFLOW_CTX_TASK_ID='run_feature_engineering' AIRFLOW_CTX_EXECUTION_DATE='2025-07-04T00:00:00+00:00' AIRFLOW_CTX_TRY_NUMBER='1' AIRFLOW_CTX_DAG_RUN_ID='scheduled__2025-07-04T00:00:00+00:00'
[2025-07-05T23:25:31.898+0000] {taskinstance.py:430} INFO - ::endgroup::
[2025-07-05T23:25:35.190+0000] {logging_mixin.py:188} INFO - [INFO] Saved engineered features to: data/features/actor_features_2025-07-03-15.parquet
[2025-07-05T23:25:35.201+0000] {logging_mixin.py:188} INFO -          actor            timestamp_hour  ...  fork_count  repo_diversity
0   0-kodiya-0 2025-07-03 15:00:00+00:00  ...           0               1
1  00-10-01-11 2025-07-03 15:00:00+00:00  ...           0               1
2   001ryu-ryu 2025-07-03 15:00:00+00:00  ...           0               1
3       0047ol 2025-07-03 15:00:00+00:00  ...           0               2
4      004Ajay 2025-07-03 15:00:00+00:00  ...           0               1

[5 rows x 7 columns]
[2025-07-05T23:25:35.202+0000] {python.py:237} INFO - Done. Returned value was: None
[2025-07-05T23:25:35.203+0000] {taskinstance.py:441} INFO - ::group::Post task execution logs
[2025-07-05T23:25:35.212+0000] {taskinstance.py:1206} INFO - Marking task as SUCCESS. dag_id=daily_github_inference, task_id=run_feature_engineering, run_id=scheduled__2025-07-04T00:00:00+00:00, execution_date=20250704T000000, start_date=20250705T232531, end_date=20250705T232535
[2025-07-05T23:25:35.291+0000] {local_task_job_runner.py:240} INFO - Task exited with return code 0
[2025-07-05T23:25:35.306+0000] {local_task_job_runner.py:222} INFO - ::endgroup::
