[2025-07-04T20:16:27.460+0000] {local_task_job_runner.py:120} INFO - ::group::Pre task execution logs
[2025-07-04T20:16:27.480+0000] {taskinstance.py:2076} INFO - Dependencies all met for dep_context=non-requeueable deps ti=<TaskInstance: daily_monitoring_dag.run_drift_monitoring manual__2025-07-04T20:16:23.305086+00:00 [queued]>
[2025-07-04T20:16:27.486+0000] {taskinstance.py:2076} INFO - Dependencies all met for dep_context=requeueable deps ti=<TaskInstance: daily_monitoring_dag.run_drift_monitoring manual__2025-07-04T20:16:23.305086+00:00 [queued]>
[2025-07-04T20:16:27.486+0000] {taskinstance.py:2306} INFO - Starting attempt 1 of 2
[2025-07-04T20:16:27.496+0000] {taskinstance.py:2330} INFO - Executing <Task(PythonOperator): run_drift_monitoring> on 2025-07-04 20:16:23.305086+00:00
[2025-07-04T20:16:27.506+0000] {logging_mixin.py:188} WARNING - /home/***/.local/lib/python3.12/site-packages/***/task/task_runner/standard_task_runner.py:61 DeprecationWarning: This process (pid=197) is multi-threaded, use of fork() may lead to deadlocks in the child.
[2025-07-04T20:16:27.507+0000] {standard_task_runner.py:63} INFO - Started process 200 to run task
[2025-07-04T20:16:27.506+0000] {standard_task_runner.py:90} INFO - Running: ['***', 'tasks', 'run', 'daily_monitoring_dag', 'run_drift_monitoring', 'manual__2025-07-04T20:16:23.305086+00:00', '--job-id', '52', '--raw', '--subdir', 'DAGS_FOLDER/daily_monitoring_dag.py', '--cfg-path', '/tmp/tmptzwcilbt']
[2025-07-04T20:16:27.508+0000] {standard_task_runner.py:91} INFO - Job 52: Subtask run_drift_monitoring
[2025-07-04T20:16:27.518+0000] {logging_mixin.py:188} WARNING - /home/***/.local/lib/python3.12/site-packages/***/settings.py:195 DeprecationWarning: The sql_alchemy_conn option in [core] has been moved to the sql_alchemy_conn option in [database] - the old setting has been used, but please update your config.
[2025-07-04T20:16:27.544+0000] {task_command.py:426} INFO - Running <TaskInstance: daily_monitoring_dag.run_drift_monitoring manual__2025-07-04T20:16:23.305086+00:00 [running]> on host fc2cb358a822
[2025-07-04T20:16:27.611+0000] {taskinstance.py:2648} INFO - Exporting env vars: AIRFLOW_CTX_DAG_OWNER='rajat' AIRFLOW_CTX_DAG_ID='daily_monitoring_dag' AIRFLOW_CTX_TASK_ID='run_drift_monitoring' AIRFLOW_CTX_EXECUTION_DATE='2025-07-04T20:16:23.305086+00:00' AIRFLOW_CTX_TRY_NUMBER='1' AIRFLOW_CTX_DAG_RUN_ID='manual__2025-07-04T20:16:23.305086+00:00'
[2025-07-04T20:16:27.611+0000] {taskinstance.py:430} INFO - ::endgroup::
[2025-07-04T20:16:27.694+0000] {logging_mixin.py:188} INFO - [INFO] Monitoring drift: ref=2025-07-02-15, current=2025-07-03-15
[2025-07-04T20:16:28.746+0000] {logging_mixin.py:188} INFO - [INFO] Drift report saved:
 - reports/drift_report_2025-07-04-201628.html
 - reports/drift_report_2025-07-04-201628.json
[2025-07-04T20:16:29.036+0000] {logging_mixin.py:188} INFO - [SLACK] Alert sent: :white_check_mark: Test: Slack alert works!
[2025-07-04T20:16:30.526+0000] {logging_mixin.py:188} INFO - [EMAIL] Alert sent successfully.
[2025-07-04T20:16:30.571+0000] {python.py:237} INFO - Done. Returned value was: None
[2025-07-04T20:16:30.571+0000] {taskinstance.py:441} INFO - ::group::Post task execution logs
[2025-07-04T20:16:30.578+0000] {taskinstance.py:1206} INFO - Marking task as SUCCESS. dag_id=daily_monitoring_dag, task_id=run_drift_monitoring, run_id=manual__2025-07-04T20:16:23.305086+00:00, execution_date=20250704T201623, start_date=20250704T201627, end_date=20250704T201630
[2025-07-04T20:16:30.611+0000] {local_task_job_runner.py:240} INFO - Task exited with return code 0
[2025-07-04T20:16:30.622+0000] {taskinstance.py:3498} INFO - 0 downstream tasks scheduled from follow-on schedule check
[2025-07-04T20:16:30.623+0000] {local_task_job_runner.py:222} INFO - ::endgroup::
