[2025-07-05T22:05:53.275+0000] {local_task_job_runner.py:120} INFO - ::group::Pre task execution logs
[2025-07-05T22:05:53.297+0000] {taskinstance.py:2076} INFO - Dependencies all met for dep_context=non-requeueable deps ti=<TaskInstance: weekly_model_retraining.retrain_model manual__2025-07-05T22:05:50.677339+00:00 [queued]>
[2025-07-05T22:05:53.303+0000] {taskinstance.py:2076} INFO - Dependencies all met for dep_context=requeueable deps ti=<TaskInstance: weekly_model_retraining.retrain_model manual__2025-07-05T22:05:50.677339+00:00 [queued]>
[2025-07-05T22:05:53.303+0000] {taskinstance.py:2306} INFO - Starting attempt 1 of 2
[2025-07-05T22:05:53.314+0000] {taskinstance.py:2330} INFO - Executing <Task(PythonOperator): retrain_model> on 2025-07-05 22:05:50.677339+00:00
[2025-07-05T22:05:53.323+0000] {logging_mixin.py:188} WARNING - /home/***/.local/lib/python3.12/site-packages/***/task/task_runner/standard_task_runner.py:61 DeprecationWarning: This process (pid=262) is multi-threaded, use of fork() may lead to deadlocks in the child.
[2025-07-05T22:05:53.324+0000] {standard_task_runner.py:63} INFO - Started process 265 to run task
[2025-07-05T22:05:53.323+0000] {standard_task_runner.py:90} INFO - Running: ['***', 'tasks', 'run', 'weekly_model_retraining', 'retrain_model', 'manual__2025-07-05T22:05:50.677339+00:00', '--job-id', '69', '--raw', '--subdir', 'DAGS_FOLDER/retraining_dag.py', '--cfg-path', '/tmp/tmp8py9czkq']
[2025-07-05T22:05:53.325+0000] {standard_task_runner.py:91} INFO - Job 69: Subtask retrain_model
[2025-07-05T22:05:53.337+0000] {logging_mixin.py:188} WARNING - /home/***/.local/lib/python3.12/site-packages/***/settings.py:195 DeprecationWarning: The sql_alchemy_conn option in [core] has been moved to the sql_alchemy_conn option in [database] - the old setting has been used, but please update your config.
[2025-07-05T22:05:53.360+0000] {task_command.py:426} INFO - Running <TaskInstance: weekly_model_retraining.retrain_model manual__2025-07-05T22:05:50.677339+00:00 [running]> on host 7a94b2965fbf
[2025-07-05T22:05:53.422+0000] {taskinstance.py:2648} INFO - Exporting env vars: AIRFLOW_CTX_DAG_OWNER='rajat' AIRFLOW_CTX_DAG_ID='weekly_model_retraining' AIRFLOW_CTX_TASK_ID='retrain_model' AIRFLOW_CTX_EXECUTION_DATE='2025-07-05T22:05:50.677339+00:00' AIRFLOW_CTX_TRY_NUMBER='1' AIRFLOW_CTX_DAG_RUN_ID='manual__2025-07-05T22:05:50.677339+00:00'
[2025-07-05T22:05:53.423+0000] {taskinstance.py:430} INFO - ::endgroup::
[2025-07-05T22:05:53.433+0000] {logging_mixin.py:188} INFO - [INFO] Found latest timestamp: 2025-07-04-15
[2025-07-05T22:05:53.433+0000] {logging_mixin.py:188} INFO - [INFO] Starting model training...
[2025-07-05T22:05:53.487+0000] {logging_mixin.py:188} WARNING - 2025/07/05 22:05:53 INFO mlflow.tracking.fluent: Experiment with name 'anomaly_detection_github' does not exist. Creating a new experiment.
[2025-07-05T22:05:53.545+0000] {logging_mixin.py:188} WARNING - 2025/07/05 22:05:53 WARNING mlflow.utils.git_utils: Failed to import Git (the Git executable is probably not on your PATH), so Git SHA is not available. Error: Failed to initialize: Bad git executable.
The git executable must be specified in one of the following ways:
    - be included in your $PATH
    - be set via $GIT_PYTHON_GIT_EXECUTABLE
    - explicitly set via git.refresh(<full-path-to-git-executable>)

All git commands will error until this is rectified.

This initial message can be silenced or aggravated in the future by setting the
$GIT_PYTHON_REFRESH environment variable. Use one of the following values:
    - quiet|q|silence|s|silent|none|n|0: for no message or exception
    - warn|w|warning|log|l|1: for a warning message (logging level CRITICAL, displayed by default)
    - error|e|exception|raise|r|2: for a raised exception

Example:
    export GIT_PYTHON_REFRESH=quiet
[2025-07-05T22:05:54.140+0000] {logging_mixin.py:188} WARNING - 2025/07/05 22:05:54 WARNING mlflow.models.model: `artifact_path` is deprecated. Please use `name` instead.
[2025-07-05T22:06:00.157+0000] {logging_mixin.py:188} WARNING - 2025/07/05 22:06:00 WARNING mlflow.models.model: Model logged without a signature and input example. Please set `input_example` parameter when logging the model to auto infer the model signature.
[2025-07-05T22:06:00.209+0000] {logging_mixin.py:188} WARNING - Successfully registered model 'github-anomaly-isolation-forest'.
[2025-07-05T22:06:00.217+0000] {logging_mixin.py:188} WARNING - Created version '1' of model 'github-anomaly-isolation-forest'.
[2025-07-05T22:06:00.265+0000] {logging_mixin.py:188} INFO -        actor  anomaly_score  anomaly
0       0-st       0.293130    False
1  00-uno-00       0.293130    False
2  0001Moksh       0.271735    False
3     0047ol       0.293130    False
4   006-Ekta       0.293130    False
[2025-07-05T22:06:00.268+0000] {logging_mixin.py:188} INFO - [INFO] Training completed successfully.
[2025-07-05T22:06:00.269+0000] {python.py:237} INFO - Done. Returned value was: None
[2025-07-05T22:06:00.270+0000] {taskinstance.py:441} INFO - ::group::Post task execution logs
[2025-07-05T22:06:00.281+0000] {taskinstance.py:1206} INFO - Marking task as SUCCESS. dag_id=weekly_model_retraining, task_id=retrain_model, run_id=manual__2025-07-05T22:05:50.677339+00:00, execution_date=20250705T220550, start_date=20250705T220553, end_date=20250705T220600
[2025-07-05T22:06:00.415+0000] {local_task_job_runner.py:240} INFO - Task exited with return code 0
[2025-07-05T22:06:00.470+0000] {taskinstance.py:3498} INFO - 0 downstream tasks scheduled from follow-on schedule check
[2025-07-05T22:06:00.473+0000] {local_task_job_runner.py:222} INFO - ::endgroup::
