[2025-07-04T12:08:33.444+0000] {local_task_job_runner.py:120} INFO - ::group::Pre task execution logs
[2025-07-04T12:08:33.604+0000] {taskinstance.py:2076} INFO - Dependencies all met for dep_context=non-requeueable deps ti=<TaskInstance: daily_github_inference.run_inference manual__2025-07-04T12:08:32.598406+00:00 [queued]>
[2025-07-04T12:08:33.635+0000] {taskinstance.py:2076} INFO - Dependencies all met for dep_context=requeueable deps ti=<TaskInstance: daily_github_inference.run_inference manual__2025-07-04T12:08:32.598406+00:00 [queued]>
[2025-07-04T12:08:33.639+0000] {taskinstance.py:2306} INFO - Starting attempt 1 of 2
[2025-07-04T12:08:33.709+0000] {taskinstance.py:2330} INFO - Executing <Task(PythonOperator): run_inference> on 2025-07-04 12:08:32.598406+00:00
[2025-07-04T12:08:33.750+0000] {logging_mixin.py:188} WARNING - /home/***/.local/lib/python3.12/site-packages/***/task/task_runner/standard_task_runner.py:61 DeprecationWarning: This process (pid=169) is multi-threaded, use of fork() may lead to deadlocks in the child.
[2025-07-04T12:08:33.757+0000] {standard_task_runner.py:63} INFO - Started process 171 to run task
[2025-07-04T12:08:33.746+0000] {standard_task_runner.py:90} INFO - Running: ['***', 'tasks', 'run', 'daily_github_inference', 'run_inference', 'manual__2025-07-04T12:08:32.598406+00:00', '--job-id', '3', '--raw', '--subdir', 'DAGS_FOLDER/inference_dag.py', '--cfg-path', '/tmp/tmp16pje91q']
[2025-07-04T12:08:33.763+0000] {standard_task_runner.py:91} INFO - Job 3: Subtask run_inference
[2025-07-04T12:08:33.847+0000] {logging_mixin.py:188} WARNING - /home/***/.local/lib/python3.12/site-packages/***/settings.py:195 DeprecationWarning: The sql_alchemy_conn option in [core] has been moved to the sql_alchemy_conn option in [database] - the old setting has been used, but please update your config.
[2025-07-04T12:08:33.980+0000] {task_command.py:426} INFO - Running <TaskInstance: daily_github_inference.run_inference manual__2025-07-04T12:08:32.598406+00:00 [running]> on host 4be506410e95
[2025-07-04T12:08:34.114+0000] {taskinstance.py:2648} INFO - Exporting env vars: AIRFLOW_CTX_DAG_OWNER='rajat' AIRFLOW_CTX_DAG_ID='daily_github_inference' AIRFLOW_CTX_TASK_ID='run_inference' AIRFLOW_CTX_EXECUTION_DATE='2025-07-04T12:08:32.598406+00:00' AIRFLOW_CTX_TRY_NUMBER='1' AIRFLOW_CTX_DAG_RUN_ID='manual__2025-07-04T12:08:32.598406+00:00'
[2025-07-04T12:08:34.122+0000] {taskinstance.py:430} INFO - ::endgroup::
[2025-07-04T12:08:36.777+0000] {logging_mixin.py:188} INFO - [INFO] Running inference...
[2025-07-04T12:08:38.986+0000] {logging_mixin.py:188} INFO - [INFO] Written predictions to data/features/actor_predictions_2024-01-01-15.parquet
[2025-07-04T12:08:38.987+0000] {python.py:237} INFO - Done. Returned value was: None
[2025-07-04T12:08:38.988+0000] {taskinstance.py:441} INFO - ::group::Post task execution logs
[2025-07-04T12:08:38.997+0000] {taskinstance.py:1206} INFO - Marking task as SUCCESS. dag_id=daily_github_inference, task_id=run_inference, run_id=manual__2025-07-04T12:08:32.598406+00:00, execution_date=20250704T120832, start_date=20250704T120833, end_date=20250704T120838
[2025-07-04T12:08:39.081+0000] {local_task_job_runner.py:240} INFO - Task exited with return code 0
[2025-07-04T12:08:39.098+0000] {taskinstance.py:3498} INFO - 0 downstream tasks scheduled from follow-on schedule check
[2025-07-04T12:08:39.099+0000] {local_task_job_runner.py:222} INFO - ::endgroup::
