[2025-07-11T20:28:43.788+0000] {local_task_job_runner.py:120} INFO - ::group::Pre task execution logs
[2025-07-11T20:28:43.809+0000] {taskinstance.py:2076} INFO - Dependencies all met for dep_context=non-requeueable deps ti=<TaskInstance: daily_github_inference.run_feature_engineering manual__2025-07-11T20:28:33.112389+00:00 [queued]>
[2025-07-11T20:28:43.814+0000] {taskinstance.py:2076} INFO - Dependencies all met for dep_context=requeueable deps ti=<TaskInstance: daily_github_inference.run_feature_engineering manual__2025-07-11T20:28:33.112389+00:00 [queued]>
[2025-07-11T20:28:43.815+0000] {taskinstance.py:2306} INFO - Starting attempt 1 of 2
[2025-07-11T20:28:43.825+0000] {taskinstance.py:2330} INFO - Executing <Task(PythonOperator): run_feature_engineering> on 2025-07-11 20:28:33.112389+00:00
[2025-07-11T20:28:43.833+0000] {logging_mixin.py:188} WARNING - /home/***/.local/lib/python3.12/site-packages/***/task/task_runner/standard_task_runner.py:61 DeprecationWarning: This process (pid=208) is multi-threaded, use of fork() may lead to deadlocks in the child.
[2025-07-11T20:28:43.834+0000] {standard_task_runner.py:63} INFO - Started process 210 to run task
[2025-07-11T20:28:43.833+0000] {standard_task_runner.py:90} INFO - Running: ['***', 'tasks', 'run', 'daily_github_inference', 'run_feature_engineering', 'manual__2025-07-11T20:28:33.112389+00:00', '--job-id', '119', '--raw', '--subdir', 'DAGS_FOLDER/daily_github_inference.py', '--cfg-path', '/tmp/tmp010m7j62']
[2025-07-11T20:28:43.835+0000] {standard_task_runner.py:91} INFO - Job 119: Subtask run_feature_engineering
[2025-07-11T20:28:43.846+0000] {logging_mixin.py:188} WARNING - /home/***/.local/lib/python3.12/site-packages/***/settings.py:195 DeprecationWarning: The sql_alchemy_conn option in [core] has been moved to the sql_alchemy_conn option in [database] - the old setting has been used, but please update your config.
[2025-07-11T20:28:43.868+0000] {task_command.py:426} INFO - Running <TaskInstance: daily_github_inference.run_feature_engineering manual__2025-07-11T20:28:33.112389+00:00 [running]> on host 3e5763139738
[2025-07-11T20:28:43.943+0000] {taskinstance.py:2648} INFO - Exporting env vars: AIRFLOW_CTX_DAG_OWNER='rajat' AIRFLOW_CTX_DAG_ID='daily_github_inference' AIRFLOW_CTX_TASK_ID='run_feature_engineering' AIRFLOW_CTX_EXECUTION_DATE='2025-07-11T20:28:33.112389+00:00' AIRFLOW_CTX_TRY_NUMBER='1' AIRFLOW_CTX_DAG_RUN_ID='manual__2025-07-11T20:28:33.112389+00:00'
[2025-07-11T20:28:43.944+0000] {taskinstance.py:430} INFO - ::endgroup::
[2025-07-11T20:28:46.423+0000] {logging_mixin.py:188} INFO - [INFO] Saved engineered features to: local → features/actor_features_2025-07-10-15.parquet
[2025-07-11T20:28:46.437+0000] {logging_mixin.py:188} INFO -         actor            timestamp_hour  ...  fork_count  repo_diversity
0      0-skar 2025-07-10 15:00:00+00:00  ...           0               1
1   00-uno-00 2025-07-10 15:00:00+00:00  ...           0               1
2       000RF 2025-07-10 15:00:00+00:00  ...           0               1
3  00752-tech 2025-07-10 15:00:00+00:00  ...           0               1
4   00QUIMA11 2025-07-10 15:00:00+00:00  ...           0               1

[5 rows x 7 columns]
[2025-07-11T20:28:46.438+0000] {python.py:237} INFO - Done. Returned value was: None
[2025-07-11T20:28:46.439+0000] {taskinstance.py:441} INFO - ::group::Post task execution logs
[2025-07-11T20:28:46.448+0000] {taskinstance.py:1206} INFO - Marking task as SUCCESS. dag_id=daily_github_inference, task_id=run_feature_engineering, run_id=manual__2025-07-11T20:28:33.112389+00:00, execution_date=20250711T202833, start_date=20250711T202843, end_date=20250711T202846
[2025-07-11T20:28:46.518+0000] {local_task_job_runner.py:240} INFO - Task exited with return code 0
[2025-07-11T20:28:46.544+0000] {taskinstance.py:3498} INFO - 1 downstream tasks scheduled from follow-on schedule check
[2025-07-11T20:28:46.546+0000] {local_task_job_runner.py:222} INFO - ::endgroup::
