[2025-07-04T15:50:03.035+0000] {local_task_job_runner.py:120} INFO - ::group::Pre task execution logs
[2025-07-04T15:50:03.071+0000] {taskinstance.py:2076} INFO - Dependencies all met for dep_context=non-requeueable deps ti=<TaskInstance: daily_github_inference.run_inference manual__2025-07-04T15:50:01.326403+00:00 [queued]>
[2025-07-04T15:50:03.088+0000] {taskinstance.py:2076} INFO - Dependencies all met for dep_context=requeueable deps ti=<TaskInstance: daily_github_inference.run_inference manual__2025-07-04T15:50:01.326403+00:00 [queued]>
[2025-07-04T15:50:03.088+0000] {taskinstance.py:2306} INFO - Starting attempt 1 of 2
[2025-07-04T15:50:03.102+0000] {taskinstance.py:2330} INFO - Executing <Task(PythonOperator): run_inference> on 2025-07-04 15:50:01.326403+00:00
[2025-07-04T15:50:03.114+0000] {logging_mixin.py:188} WARNING - /home/***/.local/lib/python3.12/site-packages/***/task/task_runner/standard_task_runner.py:61 DeprecationWarning: This process (pid=198) is multi-threaded, use of fork() may lead to deadlocks in the child.
[2025-07-04T15:50:03.115+0000] {standard_task_runner.py:63} INFO - Started process 203 to run task
[2025-07-04T15:50:03.113+0000] {standard_task_runner.py:90} INFO - Running: ['***', 'tasks', 'run', 'daily_github_inference', 'run_inference', 'manual__2025-07-04T15:50:01.326403+00:00', '--job-id', '3', '--raw', '--subdir', 'DAGS_FOLDER/inference_dag.py', '--cfg-path', '/tmp/tmpk426ivfr']
[2025-07-04T15:50:03.121+0000] {standard_task_runner.py:91} INFO - Job 3: Subtask run_inference
[2025-07-04T15:50:03.137+0000] {logging_mixin.py:188} WARNING - /home/***/.local/lib/python3.12/site-packages/***/settings.py:195 DeprecationWarning: The sql_alchemy_conn option in [core] has been moved to the sql_alchemy_conn option in [database] - the old setting has been used, but please update your config.
[2025-07-04T15:50:03.174+0000] {task_command.py:426} INFO - Running <TaskInstance: daily_github_inference.run_inference manual__2025-07-04T15:50:01.326403+00:00 [running]> on host feb6e6e9f62a
[2025-07-04T15:50:03.491+0000] {taskinstance.py:2648} INFO - Exporting env vars: AIRFLOW_CTX_DAG_OWNER='rajat' AIRFLOW_CTX_DAG_ID='daily_github_inference' AIRFLOW_CTX_TASK_ID='run_inference' AIRFLOW_CTX_EXECUTION_DATE='2025-07-04T15:50:01.326403+00:00' AIRFLOW_CTX_TRY_NUMBER='1' AIRFLOW_CTX_DAG_RUN_ID='manual__2025-07-04T15:50:01.326403+00:00'
[2025-07-04T15:50:03.494+0000] {taskinstance.py:430} INFO - ::endgroup::
[2025-07-04T15:50:03.537+0000] {logging_mixin.py:188} INFO - [INFO] Running daily inference on: 2024-01-01-16
[2025-07-04T15:50:03.538+0000] {logging_mixin.py:188} INFO - [INFO] Running inference for timestamp: 2024-01-01-16
[2025-07-04T15:50:04.894+0000] {logging_mixin.py:188} INFO - [INFO] Inference complete. Output saved to data/features/actor_predictions_2024-01-01-16.parquet
[2025-07-04T15:50:04.895+0000] {python.py:237} INFO - Done. Returned value was: None
[2025-07-04T15:50:04.896+0000] {taskinstance.py:441} INFO - ::group::Post task execution logs
[2025-07-04T15:50:04.912+0000] {taskinstance.py:1206} INFO - Marking task as SUCCESS. dag_id=daily_github_inference, task_id=run_inference, run_id=manual__2025-07-04T15:50:01.326403+00:00, execution_date=20250704T155001, start_date=20250704T155003, end_date=20250704T155004
[2025-07-04T15:50:04.948+0000] {local_task_job_runner.py:240} INFO - Task exited with return code 0
[2025-07-04T15:50:04.961+0000] {taskinstance.py:3498} INFO - 0 downstream tasks scheduled from follow-on schedule check
[2025-07-04T15:50:04.963+0000] {local_task_job_runner.py:222} INFO - ::endgroup::
