[2025-07-06T00:47:19.790+0000] {local_task_job_runner.py:120} INFO - ::group::Pre task execution logs
[2025-07-06T00:47:19.812+0000] {taskinstance.py:2076} INFO - Dependencies all met for dep_context=non-requeueable deps ti=<TaskInstance: daily_github_inference.download_and_parse_github_data manual__2025-07-06T00:42:16.975421+00:00 [queued]>
[2025-07-06T00:47:19.818+0000] {taskinstance.py:2076} INFO - Dependencies all met for dep_context=requeueable deps ti=<TaskInstance: daily_github_inference.download_and_parse_github_data manual__2025-07-06T00:42:16.975421+00:00 [queued]>
[2025-07-06T00:47:19.818+0000] {taskinstance.py:2306} INFO - Starting attempt 2 of 2
[2025-07-06T00:47:19.827+0000] {taskinstance.py:2330} INFO - Executing <Task(PythonOperator): download_and_parse_github_data> on 2025-07-06 00:42:16.975421+00:00
[2025-07-06T00:47:19.834+0000] {logging_mixin.py:188} WARNING - /home/***/.local/lib/python3.12/site-packages/***/task/task_runner/standard_task_runner.py:61 DeprecationWarning: This process (pid=289) is multi-threaded, use of fork() may lead to deadlocks in the child.
[2025-07-06T00:47:19.835+0000] {standard_task_runner.py:63} INFO - Started process 291 to run task
[2025-07-06T00:47:19.835+0000] {standard_task_runner.py:90} INFO - Running: ['***', 'tasks', 'run', 'daily_github_inference', 'download_and_parse_github_data', 'manual__2025-07-06T00:42:16.975421+00:00', '--job-id', '21', '--raw', '--subdir', 'DAGS_FOLDER/daily_github_inference.py', '--cfg-path', '/tmp/tmp0_anwt91']
[2025-07-06T00:47:19.838+0000] {standard_task_runner.py:91} INFO - Job 21: Subtask download_and_parse_github_data
[2025-07-06T00:47:19.852+0000] {logging_mixin.py:188} WARNING - /home/***/.local/lib/python3.12/site-packages/***/settings.py:195 DeprecationWarning: The sql_alchemy_conn option in [core] has been moved to the sql_alchemy_conn option in [database] - the old setting has been used, but please update your config.
[2025-07-06T00:47:19.874+0000] {task_command.py:426} INFO - Running <TaskInstance: daily_github_inference.download_and_parse_github_data manual__2025-07-06T00:42:16.975421+00:00 [running]> on host 48f6ecca7c13
[2025-07-06T00:47:20.072+0000] {taskinstance.py:2648} INFO - Exporting env vars: AIRFLOW_CTX_DAG_OWNER='rajat' AIRFLOW_CTX_DAG_ID='daily_github_inference' AIRFLOW_CTX_TASK_ID='download_and_parse_github_data' AIRFLOW_CTX_EXECUTION_DATE='2025-07-06T00:42:16.975421+00:00' AIRFLOW_CTX_TRY_NUMBER='2' AIRFLOW_CTX_DAG_RUN_ID='manual__2025-07-06T00:42:16.975421+00:00'
[2025-07-06T00:47:20.073+0000] {taskinstance.py:430} INFO - ::endgroup::
[2025-07-06T00:47:20.082+0000] {logging_mixin.py:188} INFO - [INFO] Starting ingestion for timestamp: 2025-07-05-15
[2025-07-06T00:47:20.082+0000] {logging_mixin.py:188} INFO - [INFO] Raw file already exists: data/raw/2025-07-05-15.json.gz
[2025-07-06T00:47:24.971+0000] {logging_mixin.py:188} INFO - [INFO] Parsed 100000 events
[2025-07-06T00:47:24.972+0000] {logging_mixin.py:188} INFO - [INFO] Saved structured data to data/processed/2025-07-05-15.parquet
[2025-07-06T00:47:25.002+0000] {python.py:237} INFO - Done. Returned value was: None
[2025-07-06T00:47:25.002+0000] {taskinstance.py:441} INFO - ::group::Post task execution logs
[2025-07-06T00:47:25.011+0000] {taskinstance.py:1206} INFO - Marking task as SUCCESS. dag_id=daily_github_inference, task_id=download_and_parse_github_data, run_id=manual__2025-07-06T00:42:16.975421+00:00, execution_date=20250706T004216, start_date=20250706T004719, end_date=20250706T004725
[2025-07-06T00:47:25.084+0000] {local_task_job_runner.py:240} INFO - Task exited with return code 0
[2025-07-06T00:47:25.109+0000] {taskinstance.py:3498} INFO - 1 downstream tasks scheduled from follow-on schedule check
[2025-07-06T00:47:25.114+0000] {local_task_job_runner.py:222} INFO - ::endgroup::
