[2025-07-04T17:42:21.485+0000] {local_task_job_runner.py:120} INFO - ::group::Pre task execution logs
[2025-07-04T17:42:21.506+0000] {taskinstance.py:2076} INFO - Dependencies all met for dep_context=non-requeueable deps ti=<TaskInstance: daily_github_inference.run_feature_engineering manual__2025-07-04T17:42:13.043980+00:00 [queued]>
[2025-07-04T17:42:21.515+0000] {taskinstance.py:2076} INFO - Dependencies all met for dep_context=requeueable deps ti=<TaskInstance: daily_github_inference.run_feature_engineering manual__2025-07-04T17:42:13.043980+00:00 [queued]>
[2025-07-04T17:42:21.516+0000] {taskinstance.py:2306} INFO - Starting attempt 1 of 2
[2025-07-04T17:42:21.526+0000] {taskinstance.py:2330} INFO - Executing <Task(PythonOperator): run_feature_engineering> on 2025-07-04 17:42:13.043980+00:00
[2025-07-04T17:42:21.533+0000] {logging_mixin.py:188} WARNING - /home/***/.local/lib/python3.12/site-packages/***/task/task_runner/standard_task_runner.py:61 DeprecationWarning: This process (pid=188) is multi-threaded, use of fork() may lead to deadlocks in the child.
[2025-07-04T17:42:21.534+0000] {standard_task_runner.py:63} INFO - Started process 190 to run task
[2025-07-04T17:42:21.534+0000] {standard_task_runner.py:90} INFO - Running: ['***', 'tasks', 'run', 'daily_github_inference', 'run_feature_engineering', 'manual__2025-07-04T17:42:13.043980+00:00', '--job-id', '23', '--raw', '--subdir', 'DAGS_FOLDER/daily_github_inference.py', '--cfg-path', '/tmp/tmpbufl2r2c']
[2025-07-04T17:42:21.536+0000] {standard_task_runner.py:91} INFO - Job 23: Subtask run_feature_engineering
[2025-07-04T17:42:21.550+0000] {logging_mixin.py:188} WARNING - /home/***/.local/lib/python3.12/site-packages/***/settings.py:195 DeprecationWarning: The sql_alchemy_conn option in [core] has been moved to the sql_alchemy_conn option in [database] - the old setting has been used, but please update your config.
[2025-07-04T17:42:21.716+0000] {task_command.py:426} INFO - Running <TaskInstance: daily_github_inference.run_feature_engineering manual__2025-07-04T17:42:13.043980+00:00 [running]> on host 1f9ae480a8ef
[2025-07-04T17:42:21.772+0000] {taskinstance.py:2648} INFO - Exporting env vars: AIRFLOW_CTX_DAG_OWNER='rajat' AIRFLOW_CTX_DAG_ID='daily_github_inference' AIRFLOW_CTX_TASK_ID='run_feature_engineering' AIRFLOW_CTX_EXECUTION_DATE='2025-07-04T17:42:13.043980+00:00' AIRFLOW_CTX_TRY_NUMBER='1' AIRFLOW_CTX_DAG_RUN_ID='manual__2025-07-04T17:42:13.043980+00:00'
[2025-07-04T17:42:21.773+0000] {taskinstance.py:430} INFO - ::endgroup::
[2025-07-04T17:42:23.413+0000] {logging_mixin.py:188} INFO - [INFO] Saved engineered features to: data/features/actor_features_2025-07-03-15.parquet
[2025-07-04T17:42:23.422+0000] {logging_mixin.py:188} INFO -          actor            timestamp_hour  ...  fork_count  repo_diversity
0   0-kodiya-0 2025-07-03 15:00:00+00:00  ...           0               1
1  00-10-01-11 2025-07-03 15:00:00+00:00  ...           0               1
2   001ryu-ryu 2025-07-03 15:00:00+00:00  ...           0               1
3       0047ol 2025-07-03 15:00:00+00:00  ...           0               2
4      004Ajay 2025-07-03 15:00:00+00:00  ...           0               1

[5 rows x 7 columns]
[2025-07-04T17:42:23.423+0000] {python.py:237} INFO - Done. Returned value was: None
[2025-07-04T17:42:23.424+0000] {taskinstance.py:441} INFO - ::group::Post task execution logs
[2025-07-04T17:42:23.431+0000] {taskinstance.py:1206} INFO - Marking task as SUCCESS. dag_id=daily_github_inference, task_id=run_feature_engineering, run_id=manual__2025-07-04T17:42:13.043980+00:00, execution_date=20250704T174213, start_date=20250704T174221, end_date=20250704T174223
[2025-07-04T17:42:23.477+0000] {local_task_job_runner.py:240} INFO - Task exited with return code 0
[2025-07-04T17:42:23.622+0000] {taskinstance.py:3498} INFO - 1 downstream tasks scheduled from follow-on schedule check
[2025-07-04T17:42:23.623+0000] {local_task_job_runner.py:222} INFO - ::endgroup::
