[2025-07-06T00:20:10.878+0000] {local_task_job_runner.py:120} INFO - ::group::Pre task execution logs
[2025-07-06T00:20:10.900+0000] {taskinstance.py:2076} INFO - Dependencies all met for dep_context=non-requeueable deps ti=<TaskInstance: daily_github_inference.run_model_inference scheduled__2025-07-05T00:00:00+00:00 [queued]>
[2025-07-06T00:20:10.906+0000] {taskinstance.py:2076} INFO - Dependencies all met for dep_context=requeueable deps ti=<TaskInstance: daily_github_inference.run_model_inference scheduled__2025-07-05T00:00:00+00:00 [queued]>
[2025-07-06T00:20:10.906+0000] {taskinstance.py:2306} INFO - Starting attempt 1 of 2
[2025-07-06T00:20:10.916+0000] {taskinstance.py:2330} INFO - Executing <Task(PythonOperator): run_model_inference> on 2025-07-05 00:00:00+00:00
[2025-07-06T00:20:10.924+0000] {logging_mixin.py:188} WARNING - /home/***/.local/lib/python3.12/site-packages/***/task/task_runner/standard_task_runner.py:61 DeprecationWarning: This process (pid=276) is multi-threaded, use of fork() may lead to deadlocks in the child.
[2025-07-06T00:20:10.925+0000] {standard_task_runner.py:63} INFO - Started process 278 to run task
[2025-07-06T00:20:10.924+0000] {standard_task_runner.py:90} INFO - Running: ['***', 'tasks', 'run', 'daily_github_inference', 'run_model_inference', 'scheduled__2025-07-05T00:00:00+00:00', '--job-id', '7', '--raw', '--subdir', 'DAGS_FOLDER/daily_github_inference.py', '--cfg-path', '/tmp/tmp1jz4i7ds']
[2025-07-06T00:20:10.926+0000] {standard_task_runner.py:91} INFO - Job 7: Subtask run_model_inference
[2025-07-06T00:20:10.936+0000] {logging_mixin.py:188} WARNING - /home/***/.local/lib/python3.12/site-packages/***/settings.py:195 DeprecationWarning: The sql_alchemy_conn option in [core] has been moved to the sql_alchemy_conn option in [database] - the old setting has been used, but please update your config.
[2025-07-06T00:20:10.959+0000] {task_command.py:426} INFO - Running <TaskInstance: daily_github_inference.run_model_inference scheduled__2025-07-05T00:00:00+00:00 [running]> on host 99d948e6500d
[2025-07-06T00:20:11.159+0000] {taskinstance.py:2648} INFO - Exporting env vars: AIRFLOW_CTX_DAG_OWNER='rajat' AIRFLOW_CTX_DAG_ID='daily_github_inference' AIRFLOW_CTX_TASK_ID='run_model_inference' AIRFLOW_CTX_EXECUTION_DATE='2025-07-05T00:00:00+00:00' AIRFLOW_CTX_TRY_NUMBER='1' AIRFLOW_CTX_DAG_RUN_ID='scheduled__2025-07-05T00:00:00+00:00'
[2025-07-06T00:20:11.159+0000] {taskinstance.py:430} INFO - ::endgroup::
[2025-07-06T00:20:11.168+0000] {logging_mixin.py:188} INFO - [INFO] Running inference for timestamp: 2025-07-04-15
[2025-07-06T00:20:12.011+0000] {logging_mixin.py:188} INFO - [INFO] Inference complete. Output saved to data/features/actor_predictions_2025-07-04-15.parquet
[2025-07-06T00:20:12.012+0000] {python.py:237} INFO - Done. Returned value was: None
[2025-07-06T00:20:12.012+0000] {taskinstance.py:441} INFO - ::group::Post task execution logs
[2025-07-06T00:20:12.019+0000] {taskinstance.py:1206} INFO - Marking task as SUCCESS. dag_id=daily_github_inference, task_id=run_model_inference, run_id=scheduled__2025-07-05T00:00:00+00:00, execution_date=20250705T000000, start_date=20250706T002010, end_date=20250706T002012
[2025-07-06T00:20:12.062+0000] {local_task_job_runner.py:240} INFO - Task exited with return code 0
[2025-07-06T00:20:12.079+0000] {taskinstance.py:3498} INFO - 1 downstream tasks scheduled from follow-on schedule check
[2025-07-06T00:20:12.080+0000] {local_task_job_runner.py:222} INFO - ::endgroup::
