[2025-07-04T17:38:04.479+0000] {local_task_job_runner.py:120} INFO - ::group::Pre task execution logs
[2025-07-04T17:38:04.518+0000] {taskinstance.py:2076} INFO - Dependencies all met for dep_context=non-requeueable deps ti=<TaskInstance: daily_github_inference.download_and_parse_github_data manual__2025-07-04T17:38:02.568515+00:00 [queued]>
[2025-07-04T17:38:04.530+0000] {taskinstance.py:2076} INFO - Dependencies all met for dep_context=requeueable deps ti=<TaskInstance: daily_github_inference.download_and_parse_github_data manual__2025-07-04T17:38:02.568515+00:00 [queued]>
[2025-07-04T17:38:04.531+0000] {taskinstance.py:2306} INFO - Starting attempt 1 of 2
[2025-07-04T17:38:04.546+0000] {taskinstance.py:2330} INFO - Executing <Task(PythonOperator): download_and_parse_github_data> on 2025-07-04 17:38:02.568515+00:00
[2025-07-04T17:38:04.559+0000] {logging_mixin.py:188} WARNING - /home/***/.local/lib/python3.12/site-packages/***/task/task_runner/standard_task_runner.py:61 DeprecationWarning: This process (pid=196) is multi-threaded, use of fork() may lead to deadlocks in the child.
[2025-07-04T17:38:04.565+0000] {standard_task_runner.py:63} INFO - Started process 198 to run task
[2025-07-04T17:38:04.561+0000] {standard_task_runner.py:90} INFO - Running: ['***', 'tasks', 'run', 'daily_github_inference', 'download_and_parse_github_data', 'manual__2025-07-04T17:38:02.568515+00:00', '--job-id', '17', '--raw', '--subdir', 'DAGS_FOLDER/daily_github_inference.py', '--cfg-path', '/tmp/tmp9aynltqk']
[2025-07-04T17:38:04.567+0000] {standard_task_runner.py:91} INFO - Job 17: Subtask download_and_parse_github_data
[2025-07-04T17:38:04.794+0000] {logging_mixin.py:188} WARNING - /home/***/.local/lib/python3.12/site-packages/***/settings.py:195 DeprecationWarning: The sql_alchemy_conn option in [core] has been moved to the sql_alchemy_conn option in [database] - the old setting has been used, but please update your config.
[2025-07-04T17:38:04.827+0000] {task_command.py:426} INFO - Running <TaskInstance: daily_github_inference.download_and_parse_github_data manual__2025-07-04T17:38:02.568515+00:00 [running]> on host 1f9ae480a8ef
[2025-07-04T17:38:04.935+0000] {taskinstance.py:2648} INFO - Exporting env vars: AIRFLOW_CTX_DAG_OWNER='rajat' AIRFLOW_CTX_DAG_ID='daily_github_inference' AIRFLOW_CTX_TASK_ID='download_and_parse_github_data' AIRFLOW_CTX_EXECUTION_DATE='2025-07-04T17:38:02.568515+00:00' AIRFLOW_CTX_TRY_NUMBER='1' AIRFLOW_CTX_DAG_RUN_ID='manual__2025-07-04T17:38:02.568515+00:00'
[2025-07-04T17:38:04.936+0000] {taskinstance.py:430} INFO - ::endgroup::
[2025-07-04T17:38:04.954+0000] {logging_mixin.py:188} INFO - [INFO] Starting ingestion for timestamp: 2025-07-03-15
[2025-07-04T17:38:04.954+0000] {logging_mixin.py:188} INFO - [INFO] Raw file already exists: data/raw/2025-07-03-15.json.gz
[2025-07-04T17:38:11.125+0000] {logging_mixin.py:188} INFO - [INFO] Parsed 100000 events
[2025-07-04T17:38:11.125+0000] {logging_mixin.py:188} INFO - [INFO] Saved structured data to data/processed/2025-07-03-15.parquet
[2025-07-04T17:38:11.146+0000] {python.py:237} INFO - Done. Returned value was: None
[2025-07-04T17:38:11.147+0000] {taskinstance.py:441} INFO - ::group::Post task execution logs
[2025-07-04T17:38:11.154+0000] {taskinstance.py:1206} INFO - Marking task as SUCCESS. dag_id=daily_github_inference, task_id=download_and_parse_github_data, run_id=manual__2025-07-04T17:38:02.568515+00:00, execution_date=20250704T173802, start_date=20250704T173804, end_date=20250704T173811
[2025-07-04T17:38:11.224+0000] {local_task_job_runner.py:240} INFO - Task exited with return code 0
[2025-07-04T17:38:11.242+0000] {taskinstance.py:3498} INFO - 1 downstream tasks scheduled from follow-on schedule check
[2025-07-04T17:38:11.243+0000] {local_task_job_runner.py:222} INFO - ::endgroup::
