[2025-07-05T16:59:30.995+0000] {local_task_job_runner.py:120} INFO - ::group::Pre task execution logs
[2025-07-05T16:59:31.032+0000] {taskinstance.py:2076} INFO - Dependencies all met for dep_context=non-requeueable deps ti=<TaskInstance: daily_github_inference.run_model_inference scheduled__2025-07-04T00:00:00+00:00 [queued]>
[2025-07-05T16:59:31.043+0000] {taskinstance.py:2076} INFO - Dependencies all met for dep_context=requeueable deps ti=<TaskInstance: daily_github_inference.run_model_inference scheduled__2025-07-04T00:00:00+00:00 [queued]>
[2025-07-05T16:59:31.043+0000] {taskinstance.py:2306} INFO - Starting attempt 1 of 2
[2025-07-05T16:59:31.058+0000] {taskinstance.py:2330} INFO - Executing <Task(PythonOperator): run_model_inference> on 2025-07-04 00:00:00+00:00
[2025-07-05T16:59:31.076+0000] {logging_mixin.py:188} WARNING - /home/***/.local/lib/python3.12/site-packages/***/task/task_runner/standard_task_runner.py:61 DeprecationWarning: This process (pid=198) is multi-threaded, use of fork() may lead to deadlocks in the child.
[2025-07-05T16:59:31.079+0000] {standard_task_runner.py:63} INFO - Started process 200 to run task
[2025-07-05T16:59:31.075+0000] {standard_task_runner.py:90} INFO - Running: ['***', 'tasks', 'run', 'daily_github_inference', 'run_model_inference', 'scheduled__2025-07-04T00:00:00+00:00', '--job-id', '57', '--raw', '--subdir', 'DAGS_FOLDER/daily_github_inference.py', '--cfg-path', '/tmp/tmp0s80oqdj']
[2025-07-05T16:59:31.081+0000] {standard_task_runner.py:91} INFO - Job 57: Subtask run_model_inference
[2025-07-05T16:59:31.099+0000] {logging_mixin.py:188} WARNING - /home/***/.local/lib/python3.12/site-packages/***/settings.py:195 DeprecationWarning: The sql_alchemy_conn option in [core] has been moved to the sql_alchemy_conn option in [database] - the old setting has been used, but please update your config.
[2025-07-05T16:59:31.128+0000] {task_command.py:426} INFO - Running <TaskInstance: daily_github_inference.run_model_inference scheduled__2025-07-04T00:00:00+00:00 [running]> on host e98cc3c92ee0
[2025-07-05T16:59:31.511+0000] {taskinstance.py:2648} INFO - Exporting env vars: AIRFLOW_CTX_DAG_OWNER='rajat' AIRFLOW_CTX_DAG_ID='daily_github_inference' AIRFLOW_CTX_TASK_ID='run_model_inference' AIRFLOW_CTX_EXECUTION_DATE='2025-07-04T00:00:00+00:00' AIRFLOW_CTX_TRY_NUMBER='1' AIRFLOW_CTX_DAG_RUN_ID='scheduled__2025-07-04T00:00:00+00:00'
[2025-07-05T16:59:31.513+0000] {taskinstance.py:430} INFO - ::endgroup::
[2025-07-05T16:59:31.530+0000] {logging_mixin.py:188} INFO - [INFO] Running inference for timestamp: 2025-07-03-15
[2025-07-05T16:59:32.932+0000] {logging_mixin.py:188} INFO - [INFO] Inference complete. Output saved to data/features/actor_predictions_2025-07-03-15.parquet
[2025-07-05T16:59:32.934+0000] {python.py:237} INFO - Done. Returned value was: None
[2025-07-05T16:59:32.934+0000] {taskinstance.py:441} INFO - ::group::Post task execution logs
[2025-07-05T16:59:32.946+0000] {taskinstance.py:1206} INFO - Marking task as SUCCESS. dag_id=daily_github_inference, task_id=run_model_inference, run_id=scheduled__2025-07-04T00:00:00+00:00, execution_date=20250704T000000, start_date=20250705T165931, end_date=20250705T165932
[2025-07-05T16:59:33.019+0000] {local_task_job_runner.py:240} INFO - Task exited with return code 0
[2025-07-05T16:59:33.043+0000] {taskinstance.py:3498} INFO - 1 downstream tasks scheduled from follow-on schedule check
[2025-07-05T16:59:33.044+0000] {local_task_job_runner.py:222} INFO - ::endgroup::
