[2025-07-09T20:39:03.456+0000] {local_task_job_runner.py:120} INFO - ::group::Pre task execution logs
[2025-07-09T20:39:03.553+0000] {taskinstance.py:2076} INFO - Dependencies all met for dep_context=non-requeueable deps ti=<TaskInstance: daily_github_inference.download_and_parse_github_data manual__2025-07-09T20:39:01.748547+00:00 [queued]>
[2025-07-09T20:39:03.562+0000] {taskinstance.py:2076} INFO - Dependencies all met for dep_context=requeueable deps ti=<TaskInstance: daily_github_inference.download_and_parse_github_data manual__2025-07-09T20:39:01.748547+00:00 [queued]>
[2025-07-09T20:39:03.562+0000] {taskinstance.py:2306} INFO - Starting attempt 1 of 2
[2025-07-09T20:39:03.594+0000] {taskinstance.py:2330} INFO - Executing <Task(PythonOperator): download_and_parse_github_data> on 2025-07-09 20:39:01.748547+00:00
[2025-07-09T20:39:03.631+0000] {standard_task_runner.py:90} INFO - Running: ['***', 'tasks', 'run', 'daily_github_inference', 'download_and_parse_github_data', 'manual__2025-07-09T20:39:01.748547+00:00', '--job-id', '70', '--raw', '--subdir', 'DAGS_FOLDER/daily_github_inference.py', '--cfg-path', '/tmp/tmpue3gcvdk']
[2025-07-09T20:39:03.637+0000] {logging_mixin.py:188} WARNING - /home/***/.local/lib/python3.12/site-packages/***/task/task_runner/standard_task_runner.py:61 DeprecationWarning: This process (pid=224) is multi-threaded, use of fork() may lead to deadlocks in the child.
[2025-07-09T20:39:03.637+0000] {standard_task_runner.py:63} INFO - Started process 230 to run task
[2025-07-09T20:39:03.637+0000] {standard_task_runner.py:91} INFO - Job 70: Subtask download_and_parse_github_data
[2025-07-09T20:39:03.721+0000] {logging_mixin.py:188} WARNING - /home/***/.local/lib/python3.12/site-packages/***/settings.py:195 DeprecationWarning: The sql_alchemy_conn option in [core] has been moved to the sql_alchemy_conn option in [database] - the old setting has been used, but please update your config.
[2025-07-09T20:39:03.903+0000] {task_command.py:426} INFO - Running <TaskInstance: daily_github_inference.download_and_parse_github_data manual__2025-07-09T20:39:01.748547+00:00 [running]> on host 87ab12aa1dea
[2025-07-09T20:39:04.203+0000] {taskinstance.py:2648} INFO - Exporting env vars: AIRFLOW_CTX_DAG_OWNER='rajat' AIRFLOW_CTX_DAG_ID='daily_github_inference' AIRFLOW_CTX_TASK_ID='download_and_parse_github_data' AIRFLOW_CTX_EXECUTION_DATE='2025-07-09T20:39:01.748547+00:00' AIRFLOW_CTX_TRY_NUMBER='1' AIRFLOW_CTX_DAG_RUN_ID='manual__2025-07-09T20:39:01.748547+00:00'
[2025-07-09T20:39:04.205+0000] {taskinstance.py:430} INFO - ::endgroup::
[2025-07-09T20:39:04.258+0000] {logging_mixin.py:188} INFO - [INFO] Starting ingestion for timestamp: 2025-07-08-15
[2025-07-09T20:39:04.264+0000] {logging_mixin.py:188} INFO - [INFO] Raw file already exists: data/raw/2025-07-08-15.json.gz
[2025-07-09T20:39:11.897+0000] {credentials.py:567} INFO - Found credentials in environment variables.
[2025-07-09T20:39:13.281+0000] {logging_mixin.py:188} INFO - [INFO] Parsed 100000 events
[2025-07-09T20:39:13.282+0000] {logging_mixin.py:188} INFO - [INFO] Saved structured data to s3://github-anomaly-project/processed/2025-07-08-15.parquet
[2025-07-09T20:39:13.312+0000] {python.py:237} INFO - Done. Returned value was: None
[2025-07-09T20:39:13.312+0000] {taskinstance.py:441} INFO - ::group::Post task execution logs
[2025-07-09T20:39:13.323+0000] {taskinstance.py:1206} INFO - Marking task as SUCCESS. dag_id=daily_github_inference, task_id=download_and_parse_github_data, run_id=manual__2025-07-09T20:39:01.748547+00:00, execution_date=20250709T203901, start_date=20250709T203903, end_date=20250709T203913
[2025-07-09T20:39:13.359+0000] {local_task_job_runner.py:240} INFO - Task exited with return code 0
[2025-07-09T20:39:13.380+0000] {taskinstance.py:3498} INFO - 1 downstream tasks scheduled from follow-on schedule check
[2025-07-09T20:39:13.381+0000] {local_task_job_runner.py:222} INFO - ::endgroup::
