[2025-07-06T00:20:07.137+0000] {local_task_job_runner.py:120} INFO - ::group::Pre task execution logs
[2025-07-06T00:20:07.172+0000] {taskinstance.py:2076} INFO - Dependencies all met for dep_context=non-requeueable deps ti=<TaskInstance: daily_github_inference.run_feature_engineering scheduled__2025-07-05T00:00:00+00:00 [queued]>
[2025-07-06T00:20:07.180+0000] {taskinstance.py:2076} INFO - Dependencies all met for dep_context=requeueable deps ti=<TaskInstance: daily_github_inference.run_feature_engineering scheduled__2025-07-05T00:00:00+00:00 [queued]>
[2025-07-06T00:20:07.181+0000] {taskinstance.py:2306} INFO - Starting attempt 1 of 2
[2025-07-06T00:20:07.196+0000] {taskinstance.py:2330} INFO - Executing <Task(PythonOperator): run_feature_engineering> on 2025-07-05 00:00:00+00:00
[2025-07-06T00:20:07.210+0000] {logging_mixin.py:188} WARNING - /home/***/.local/lib/python3.12/site-packages/***/task/task_runner/standard_task_runner.py:61 DeprecationWarning: This process (pid=266) is multi-threaded, use of fork() may lead to deadlocks in the child.
[2025-07-06T00:20:07.211+0000] {standard_task_runner.py:63} INFO - Started process 269 to run task
[2025-07-06T00:20:07.212+0000] {standard_task_runner.py:90} INFO - Running: ['***', 'tasks', 'run', 'daily_github_inference', 'run_feature_engineering', 'scheduled__2025-07-05T00:00:00+00:00', '--job-id', '6', '--raw', '--subdir', 'DAGS_FOLDER/daily_github_inference.py', '--cfg-path', '/tmp/tmpl2f4cz00']
[2025-07-06T00:20:07.215+0000] {standard_task_runner.py:91} INFO - Job 6: Subtask run_feature_engineering
[2025-07-06T00:20:07.230+0000] {logging_mixin.py:188} WARNING - /home/***/.local/lib/python3.12/site-packages/***/settings.py:195 DeprecationWarning: The sql_alchemy_conn option in [core] has been moved to the sql_alchemy_conn option in [database] - the old setting has been used, but please update your config.
[2025-07-06T00:20:07.268+0000] {task_command.py:426} INFO - Running <TaskInstance: daily_github_inference.run_feature_engineering scheduled__2025-07-05T00:00:00+00:00 [running]> on host 99d948e6500d
[2025-07-06T00:20:07.589+0000] {taskinstance.py:2648} INFO - Exporting env vars: AIRFLOW_CTX_DAG_OWNER='rajat' AIRFLOW_CTX_DAG_ID='daily_github_inference' AIRFLOW_CTX_TASK_ID='run_feature_engineering' AIRFLOW_CTX_EXECUTION_DATE='2025-07-05T00:00:00+00:00' AIRFLOW_CTX_TRY_NUMBER='1' AIRFLOW_CTX_DAG_RUN_ID='scheduled__2025-07-05T00:00:00+00:00'
[2025-07-06T00:20:07.593+0000] {taskinstance.py:430} INFO - ::endgroup::
[2025-07-06T00:20:09.529+0000] {logging_mixin.py:188} INFO - [INFO] Saved engineered features to: data/features/actor_features_2025-07-04-15.parquet
[2025-07-06T00:20:09.543+0000] {logging_mixin.py:188} INFO -        actor            timestamp_hour  ...  fork_count  repo_diversity
0       0-st 2025-07-04 15:00:00+00:00  ...           0               1
1  00-uno-00 2025-07-04 15:00:00+00:00  ...           0               1
2  0001Moksh 2025-07-04 15:00:00+00:00  ...           0               1
3     0047ol 2025-07-04 15:00:00+00:00  ...           0               1
4   006-Ekta 2025-07-04 15:00:00+00:00  ...           0               1

[5 rows x 7 columns]
[2025-07-06T00:20:09.544+0000] {python.py:237} INFO - Done. Returned value was: None
[2025-07-06T00:20:09.544+0000] {taskinstance.py:441} INFO - ::group::Post task execution logs
[2025-07-06T00:20:09.554+0000] {taskinstance.py:1206} INFO - Marking task as SUCCESS. dag_id=daily_github_inference, task_id=run_feature_engineering, run_id=scheduled__2025-07-05T00:00:00+00:00, execution_date=20250705T000000, start_date=20250706T002007, end_date=20250706T002009
[2025-07-06T00:20:09.589+0000] {local_task_job_runner.py:240} INFO - Task exited with return code 0
[2025-07-06T00:20:09.606+0000] {taskinstance.py:3498} INFO - 1 downstream tasks scheduled from follow-on schedule check
[2025-07-06T00:20:09.607+0000] {local_task_job_runner.py:222} INFO - ::endgroup::
