[2025-07-05T22:47:44.788+0000] {local_task_job_runner.py:120} INFO - ::group::Pre task execution logs
[2025-07-05T22:47:44.823+0000] {taskinstance.py:2076} INFO - Dependencies all met for dep_context=non-requeueable deps ti=<TaskInstance: daily_github_inference.download_and_parse_github_data manual__2025-07-05T22:47:42.143107+00:00 [queued]>
[2025-07-05T22:47:44.830+0000] {taskinstance.py:2076} INFO - Dependencies all met for dep_context=requeueable deps ti=<TaskInstance: daily_github_inference.download_and_parse_github_data manual__2025-07-05T22:47:42.143107+00:00 [queued]>
[2025-07-05T22:47:44.830+0000] {taskinstance.py:2306} INFO - Starting attempt 1 of 2
[2025-07-05T22:47:44.843+0000] {taskinstance.py:2330} INFO - Executing <Task(PythonOperator): download_and_parse_github_data> on 2025-07-05 22:47:42.143107+00:00
[2025-07-05T22:47:44.858+0000] {logging_mixin.py:188} WARNING - /home/***/.local/lib/python3.12/site-packages/***/task/task_runner/standard_task_runner.py:61 DeprecationWarning: This process (pid=243) is multi-threaded, use of fork() may lead to deadlocks in the child.
[2025-07-05T22:47:44.858+0000] {standard_task_runner.py:63} INFO - Started process 248 to run task
[2025-07-05T22:47:44.856+0000] {standard_task_runner.py:90} INFO - Running: ['***', 'tasks', 'run', 'daily_github_inference', 'download_and_parse_github_data', 'manual__2025-07-05T22:47:42.143107+00:00', '--job-id', '2', '--raw', '--subdir', 'DAGS_FOLDER/daily_github_inference.py', '--cfg-path', '/tmp/tmpyjxfyb27']
[2025-07-05T22:47:44.860+0000] {standard_task_runner.py:91} INFO - Job 2: Subtask download_and_parse_github_data
[2025-07-05T22:47:44.877+0000] {logging_mixin.py:188} WARNING - /home/***/.local/lib/python3.12/site-packages/***/settings.py:195 DeprecationWarning: The sql_alchemy_conn option in [core] has been moved to the sql_alchemy_conn option in [database] - the old setting has been used, but please update your config.
[2025-07-05T22:47:44.911+0000] {task_command.py:426} INFO - Running <TaskInstance: daily_github_inference.download_and_parse_github_data manual__2025-07-05T22:47:42.143107+00:00 [running]> on host ca9d5d7b2943
[2025-07-05T22:47:45.002+0000] {taskinstance.py:2648} INFO - Exporting env vars: AIRFLOW_CTX_DAG_OWNER='rajat' AIRFLOW_CTX_DAG_ID='daily_github_inference' AIRFLOW_CTX_TASK_ID='download_and_parse_github_data' AIRFLOW_CTX_EXECUTION_DATE='2025-07-05T22:47:42.143107+00:00' AIRFLOW_CTX_TRY_NUMBER='1' AIRFLOW_CTX_DAG_RUN_ID='manual__2025-07-05T22:47:42.143107+00:00'
[2025-07-05T22:47:45.004+0000] {taskinstance.py:430} INFO - ::endgroup::
[2025-07-05T22:47:45.255+0000] {logging_mixin.py:188} INFO - [INFO] Starting ingestion for timestamp: 2025-07-04-15
[2025-07-05T22:47:45.256+0000] {logging_mixin.py:188} INFO - [INFO] Raw file already exists: data/raw/2025-07-04-15.json.gz
[2025-07-05T22:47:59.206+0000] {logging_mixin.py:188} INFO - [INFO] Parsed 100000 events
[2025-07-05T22:47:59.206+0000] {logging_mixin.py:188} INFO - [INFO] Saved structured data to data/processed/2025-07-04-15.parquet
[2025-07-05T22:47:59.296+0000] {python.py:237} INFO - Done. Returned value was: None
[2025-07-05T22:47:59.296+0000] {taskinstance.py:441} INFO - ::group::Post task execution logs
[2025-07-05T22:47:59.319+0000] {taskinstance.py:1206} INFO - Marking task as SUCCESS. dag_id=daily_github_inference, task_id=download_and_parse_github_data, run_id=manual__2025-07-05T22:47:42.143107+00:00, execution_date=20250705T224742, start_date=20250705T224744, end_date=20250705T224759
[2025-07-05T22:47:59.469+0000] {local_task_job_runner.py:240} INFO - Task exited with return code 0
[2025-07-05T22:47:59.497+0000] {taskinstance.py:3498} INFO - 1 downstream tasks scheduled from follow-on schedule check
[2025-07-05T22:47:59.506+0000] {local_task_job_runner.py:222} INFO - ::endgroup::
