[2025-07-09T20:34:56.572+0000] {local_task_job_runner.py:120} INFO - ::group::Pre task execution logs
[2025-07-09T20:34:56.597+0000] {taskinstance.py:2076} INFO - Dependencies all met for dep_context=non-requeueable deps ti=<TaskInstance: daily_github_inference.download_and_parse_github_data manual__2025-07-09T20:34:54.875460+00:00 [queued]>
[2025-07-09T20:34:56.603+0000] {taskinstance.py:2076} INFO - Dependencies all met for dep_context=requeueable deps ti=<TaskInstance: daily_github_inference.download_and_parse_github_data manual__2025-07-09T20:34:54.875460+00:00 [queued]>
[2025-07-09T20:34:56.604+0000] {taskinstance.py:2306} INFO - Starting attempt 1 of 2
[2025-07-09T20:34:56.612+0000] {taskinstance.py:2330} INFO - Executing <Task(PythonOperator): download_and_parse_github_data> on 2025-07-09 20:34:54.875460+00:00
[2025-07-09T20:34:56.624+0000] {logging_mixin.py:188} WARNING - /home/***/.local/lib/python3.12/site-packages/***/task/task_runner/standard_task_runner.py:61 DeprecationWarning: This process (pid=188) is multi-threaded, use of fork() may lead to deadlocks in the child.
[2025-07-09T20:34:56.625+0000] {standard_task_runner.py:63} INFO - Started process 191 to run task
[2025-07-09T20:34:56.624+0000] {standard_task_runner.py:90} INFO - Running: ['***', 'tasks', 'run', 'daily_github_inference', 'download_and_parse_github_data', 'manual__2025-07-09T20:34:54.875460+00:00', '--job-id', '63', '--raw', '--subdir', 'DAGS_FOLDER/daily_github_inference.py', '--cfg-path', '/tmp/tmpd52ymuu4']
[2025-07-09T20:34:56.626+0000] {standard_task_runner.py:91} INFO - Job 63: Subtask download_and_parse_github_data
[2025-07-09T20:34:56.638+0000] {logging_mixin.py:188} WARNING - /home/***/.local/lib/python3.12/site-packages/***/settings.py:195 DeprecationWarning: The sql_alchemy_conn option in [core] has been moved to the sql_alchemy_conn option in [database] - the old setting has been used, but please update your config.
[2025-07-09T20:34:56.675+0000] {task_command.py:426} INFO - Running <TaskInstance: daily_github_inference.download_and_parse_github_data manual__2025-07-09T20:34:54.875460+00:00 [running]> on host 49b9a4a3b242
[2025-07-09T20:34:56.759+0000] {taskinstance.py:2648} INFO - Exporting env vars: AIRFLOW_CTX_DAG_OWNER='rajat' AIRFLOW_CTX_DAG_ID='daily_github_inference' AIRFLOW_CTX_TASK_ID='download_and_parse_github_data' AIRFLOW_CTX_EXECUTION_DATE='2025-07-09T20:34:54.875460+00:00' AIRFLOW_CTX_TRY_NUMBER='1' AIRFLOW_CTX_DAG_RUN_ID='manual__2025-07-09T20:34:54.875460+00:00'
[2025-07-09T20:34:56.759+0000] {taskinstance.py:430} INFO - ::endgroup::
[2025-07-09T20:34:56.772+0000] {logging_mixin.py:188} INFO - [INFO] Starting ingestion for timestamp: 2025-07-08-15
[2025-07-09T20:34:56.772+0000] {logging_mixin.py:188} INFO - [INFO] Raw file already exists: data/raw/2025-07-08-15.json.gz
[2025-07-09T20:35:04.763+0000] {credentials.py:567} INFO - Found credentials in environment variables.
[2025-07-09T20:35:06.122+0000] {logging_mixin.py:188} INFO - [INFO] Parsed 100000 events
[2025-07-09T20:35:06.122+0000] {logging_mixin.py:188} INFO - [INFO] Saved structured data to s3://github-anomaly-project/processed/2025-07-08-15.parquet
[2025-07-09T20:35:06.150+0000] {python.py:237} INFO - Done. Returned value was: None
[2025-07-09T20:35:06.151+0000] {taskinstance.py:441} INFO - ::group::Post task execution logs
[2025-07-09T20:35:06.160+0000] {taskinstance.py:1206} INFO - Marking task as SUCCESS. dag_id=daily_github_inference, task_id=download_and_parse_github_data, run_id=manual__2025-07-09T20:34:54.875460+00:00, execution_date=20250709T203454, start_date=20250709T203456, end_date=20250709T203506
[2025-07-09T20:35:06.218+0000] {local_task_job_runner.py:240} INFO - Task exited with return code 0
[2025-07-09T20:35:06.252+0000] {taskinstance.py:3498} INFO - 1 downstream tasks scheduled from follow-on schedule check
[2025-07-09T20:35:06.261+0000] {local_task_job_runner.py:222} INFO - ::endgroup::
