[2025-07-09T21:19:11.767+0000] {local_task_job_runner.py:120} INFO - ::group::Pre task execution logs
[2025-07-09T21:19:11.785+0000] {taskinstance.py:2076} INFO - Dependencies all met for dep_context=non-requeueable deps ti=<TaskInstance: daily_github_inference.cleanup_old_files manual__2025-07-09T21:18:58.559704+00:00 [queued]>
[2025-07-09T21:19:11.791+0000] {taskinstance.py:2076} INFO - Dependencies all met for dep_context=requeueable deps ti=<TaskInstance: daily_github_inference.cleanup_old_files manual__2025-07-09T21:18:58.559704+00:00 [queued]>
[2025-07-09T21:19:11.791+0000] {taskinstance.py:2306} INFO - Starting attempt 1 of 2
[2025-07-09T21:19:11.800+0000] {taskinstance.py:2330} INFO - Executing <Task(PythonOperator): cleanup_old_files> on 2025-07-09 21:18:58.559704+00:00
[2025-07-09T21:19:11.808+0000] {logging_mixin.py:188} WARNING - /home/***/.local/lib/python3.12/site-packages/***/task/task_runner/standard_task_runner.py:61 DeprecationWarning: This process (pid=219) is multi-threaded, use of fork() may lead to deadlocks in the child.
[2025-07-09T21:19:11.810+0000] {standard_task_runner.py:63} INFO - Started process 221 to run task
[2025-07-09T21:19:11.809+0000] {standard_task_runner.py:90} INFO - Running: ['***', 'tasks', 'run', 'daily_github_inference', 'cleanup_old_files', 'manual__2025-07-09T21:18:58.559704+00:00', '--job-id', '101', '--raw', '--subdir', 'DAGS_FOLDER/daily_github_inference.py', '--cfg-path', '/tmp/tmp87agz7k4']
[2025-07-09T21:19:11.811+0000] {standard_task_runner.py:91} INFO - Job 101: Subtask cleanup_old_files
[2025-07-09T21:19:11.822+0000] {logging_mixin.py:188} WARNING - /home/***/.local/lib/python3.12/site-packages/***/settings.py:195 DeprecationWarning: The sql_alchemy_conn option in [core] has been moved to the sql_alchemy_conn option in [database] - the old setting has been used, but please update your config.
[2025-07-09T21:19:11.844+0000] {task_command.py:426} INFO - Running <TaskInstance: daily_github_inference.cleanup_old_files manual__2025-07-09T21:18:58.559704+00:00 [running]> on host 6f7c25b7640a
[2025-07-09T21:19:11.909+0000] {taskinstance.py:2648} INFO - Exporting env vars: AIRFLOW_CTX_DAG_OWNER='rajat' AIRFLOW_CTX_DAG_ID='daily_github_inference' AIRFLOW_CTX_TASK_ID='cleanup_old_files' AIRFLOW_CTX_EXECUTION_DATE='2025-07-09T21:18:58.559704+00:00' AIRFLOW_CTX_TRY_NUMBER='1' AIRFLOW_CTX_DAG_RUN_ID='manual__2025-07-09T21:18:58.559704+00:00'
[2025-07-09T21:19:11.910+0000] {taskinstance.py:430} INFO - ::endgroup::
[2025-07-09T21:19:11.931+0000] {logging_mixin.py:188} INFO - [CLEANUP] Deleted 6 old files.
[2025-07-09T21:19:11.931+0000] {logging_mixin.py:188} INFO -  - data/raw/2025-07-05-15.json.gz
[2025-07-09T21:19:11.931+0000] {logging_mixin.py:188} INFO -  - data/raw/2025-07-04-15.json.gz
[2025-07-09T21:19:11.932+0000] {logging_mixin.py:188} INFO -  - data/features/actor_predictions_2025-07-04-15.parquet
[2025-07-09T21:19:11.932+0000] {logging_mixin.py:188} INFO -  - data/features/actor_features_2025-07-05-15.parquet
[2025-07-09T21:19:11.932+0000] {logging_mixin.py:188} INFO -  - data/features/actor_predictions_2025-07-05-15.parquet
[2025-07-09T21:19:11.932+0000] {logging_mixin.py:188} INFO -  - data/features/actor_features_2025-07-04-15.parquet
[2025-07-09T21:19:11.932+0000] {logging_mixin.py:188} INFO - [CLEANUP] Retained timestamps: ['2025-07-07-15', '2025-07-08-15']
[2025-07-09T21:19:11.932+0000] {python.py:237} INFO - Done. Returned value was: None
[2025-07-09T21:19:11.933+0000] {taskinstance.py:441} INFO - ::group::Post task execution logs
[2025-07-09T21:19:11.941+0000] {taskinstance.py:1206} INFO - Marking task as SUCCESS. dag_id=daily_github_inference, task_id=cleanup_old_files, run_id=manual__2025-07-09T21:18:58.559704+00:00, execution_date=20250709T211858, start_date=20250709T211911, end_date=20250709T211911
[2025-07-09T21:19:11.984+0000] {local_task_job_runner.py:240} INFO - Task exited with return code 0
[2025-07-09T21:19:11.995+0000] {taskinstance.py:3498} INFO - 0 downstream tasks scheduled from follow-on schedule check
[2025-07-09T21:19:11.996+0000] {local_task_job_runner.py:222} INFO - ::endgroup::
