[2025-07-04T17:43:18.111+0000] {local_task_job_runner.py:120} INFO - ::group::Pre task execution logs
[2025-07-04T17:43:18.132+0000] {taskinstance.py:2076} INFO - Dependencies all met for dep_context=non-requeueable deps ti=<TaskInstance: daily_github_inference.cleanup_old_files manual__2025-07-04T17:38:02.568515+00:00 [queued]>
[2025-07-04T17:43:18.139+0000] {taskinstance.py:2076} INFO - Dependencies all met for dep_context=requeueable deps ti=<TaskInstance: daily_github_inference.cleanup_old_files manual__2025-07-04T17:38:02.568515+00:00 [queued]>
[2025-07-04T17:43:18.139+0000] {taskinstance.py:2306} INFO - Starting attempt 2 of 2
[2025-07-04T17:43:18.148+0000] {taskinstance.py:2330} INFO - Executing <Task(PythonOperator): cleanup_old_files> on 2025-07-04 17:38:02.568515+00:00
[2025-07-04T17:43:18.155+0000] {logging_mixin.py:188} WARNING - /home/***/.local/lib/python3.12/site-packages/***/task/task_runner/standard_task_runner.py:61 DeprecationWarning: This process (pid=241) is multi-threaded, use of fork() may lead to deadlocks in the child.
[2025-07-04T17:43:18.156+0000] {standard_task_runner.py:63} INFO - Started process 243 to run task
[2025-07-04T17:43:18.156+0000] {standard_task_runner.py:90} INFO - Running: ['***', 'tasks', 'run', 'daily_github_inference', 'cleanup_old_files', 'manual__2025-07-04T17:38:02.568515+00:00', '--job-id', '26', '--raw', '--subdir', 'DAGS_FOLDER/daily_github_inference.py', '--cfg-path', '/tmp/tmp_5fedsyf']
[2025-07-04T17:43:18.158+0000] {standard_task_runner.py:91} INFO - Job 26: Subtask cleanup_old_files
[2025-07-04T17:43:18.172+0000] {logging_mixin.py:188} WARNING - /home/***/.local/lib/python3.12/site-packages/***/settings.py:195 DeprecationWarning: The sql_alchemy_conn option in [core] has been moved to the sql_alchemy_conn option in [database] - the old setting has been used, but please update your config.
[2025-07-04T17:43:18.195+0000] {task_command.py:426} INFO - Running <TaskInstance: daily_github_inference.cleanup_old_files manual__2025-07-04T17:38:02.568515+00:00 [running]> on host 1f9ae480a8ef
[2025-07-04T17:43:18.399+0000] {taskinstance.py:2648} INFO - Exporting env vars: AIRFLOW_CTX_DAG_OWNER='rajat' AIRFLOW_CTX_DAG_ID='daily_github_inference' AIRFLOW_CTX_TASK_ID='cleanup_old_files' AIRFLOW_CTX_EXECUTION_DATE='2025-07-04T17:38:02.568515+00:00' AIRFLOW_CTX_TRY_NUMBER='2' AIRFLOW_CTX_DAG_RUN_ID='manual__2025-07-04T17:38:02.568515+00:00'
[2025-07-04T17:43:18.399+0000] {taskinstance.py:430} INFO - ::endgroup::
[2025-07-04T17:43:18.409+0000] {logging_mixin.py:188} INFO - [CLEANUP] Deleted 0 old files.
[2025-07-04T17:43:18.409+0000] {logging_mixin.py:188} INFO - [CLEANUP] Retained timestamps: ['2025-07-02-15', '2025-07-03-15']
[2025-07-04T17:43:18.409+0000] {python.py:237} INFO - Done. Returned value was: None
[2025-07-04T17:43:18.409+0000] {taskinstance.py:441} INFO - ::group::Post task execution logs
[2025-07-04T17:43:18.416+0000] {taskinstance.py:1206} INFO - Marking task as SUCCESS. dag_id=daily_github_inference, task_id=cleanup_old_files, run_id=manual__2025-07-04T17:38:02.568515+00:00, execution_date=20250704T173802, start_date=20250704T174318, end_date=20250704T174318
[2025-07-04T17:43:18.450+0000] {local_task_job_runner.py:240} INFO - Task exited with return code 0
[2025-07-04T17:43:18.468+0000] {taskinstance.py:3498} INFO - 0 downstream tasks scheduled from follow-on schedule check
[2025-07-04T17:43:18.469+0000] {local_task_job_runner.py:222} INFO - ::endgroup::
