[2025-07-04T17:38:17.341+0000] {local_task_job_runner.py:120} INFO - ::group::Pre task execution logs
[2025-07-04T17:38:17.364+0000] {taskinstance.py:2076} INFO - Dependencies all met for dep_context=non-requeueable deps ti=<TaskInstance: daily_github_inference.cleanup_old_files manual__2025-07-04T17:38:02.568515+00:00 [queued]>
[2025-07-04T17:38:17.371+0000] {taskinstance.py:2076} INFO - Dependencies all met for dep_context=requeueable deps ti=<TaskInstance: daily_github_inference.cleanup_old_files manual__2025-07-04T17:38:02.568515+00:00 [queued]>
[2025-07-04T17:38:17.372+0000] {taskinstance.py:2306} INFO - Starting attempt 1 of 2
[2025-07-04T17:38:17.385+0000] {taskinstance.py:2330} INFO - Executing <Task(PythonOperator): cleanup_old_files> on 2025-07-04 17:38:02.568515+00:00
[2025-07-04T17:38:17.394+0000] {logging_mixin.py:188} WARNING - /home/***/.local/lib/python3.12/site-packages/***/task/task_runner/standard_task_runner.py:61 DeprecationWarning: This process (pid=219) is multi-threaded, use of fork() may lead to deadlocks in the child.
[2025-07-04T17:38:17.395+0000] {standard_task_runner.py:63} INFO - Started process 221 to run task
[2025-07-04T17:38:17.394+0000] {standard_task_runner.py:90} INFO - Running: ['***', 'tasks', 'run', 'daily_github_inference', 'cleanup_old_files', 'manual__2025-07-04T17:38:02.568515+00:00', '--job-id', '20', '--raw', '--subdir', 'DAGS_FOLDER/daily_github_inference.py', '--cfg-path', '/tmp/tmpkacuv7br']
[2025-07-04T17:38:17.396+0000] {standard_task_runner.py:91} INFO - Job 20: Subtask cleanup_old_files
[2025-07-04T17:38:17.556+0000] {logging_mixin.py:188} WARNING - /home/***/.local/lib/python3.12/site-packages/***/settings.py:195 DeprecationWarning: The sql_alchemy_conn option in [core] has been moved to the sql_alchemy_conn option in [database] - the old setting has been used, but please update your config.
[2025-07-04T17:38:17.579+0000] {task_command.py:426} INFO - Running <TaskInstance: daily_github_inference.cleanup_old_files manual__2025-07-04T17:38:02.568515+00:00 [running]> on host 1f9ae480a8ef
[2025-07-04T17:38:17.642+0000] {taskinstance.py:2648} INFO - Exporting env vars: AIRFLOW_CTX_DAG_OWNER='rajat' AIRFLOW_CTX_DAG_ID='daily_github_inference' AIRFLOW_CTX_TASK_ID='cleanup_old_files' AIRFLOW_CTX_EXECUTION_DATE='2025-07-04T17:38:02.568515+00:00' AIRFLOW_CTX_TRY_NUMBER='1' AIRFLOW_CTX_DAG_RUN_ID='manual__2025-07-04T17:38:02.568515+00:00'
[2025-07-04T17:38:17.643+0000] {taskinstance.py:430} INFO - ::endgroup::
[2025-07-04T17:38:17.653+0000] {taskinstance.py:441} INFO - ::group::Post task execution logs
[2025-07-04T17:38:17.654+0000] {taskinstance.py:2905} ERROR - Task failed with exception
Traceback (most recent call last):
  File "/home/airflow/.local/lib/python3.12/site-packages/airflow/models/taskinstance.py", line 465, in _execute_task
    result = _execute_callable(context=context, **execute_callable_kwargs)
             ^^^^^^^^^^^^^^^^^^^^^^^^^^^^^^^^^^^^^^^^^^^^^^^^^^^^^^^^^^^^^
  File "/home/airflow/.local/lib/python3.12/site-packages/airflow/models/taskinstance.py", line 432, in _execute_callable
    return execute_callable(context=context, **execute_callable_kwargs)
           ^^^^^^^^^^^^^^^^^^^^^^^^^^^^^^^^^^^^^^^^^^^^^^^^^^^^^^^^^^^^
  File "/home/airflow/.local/lib/python3.12/site-packages/airflow/models/baseoperator.py", line 400, in wrapper
    return func(self, *args, **kwargs)
           ^^^^^^^^^^^^^^^^^^^^^^^^^^^
  File "/home/airflow/.local/lib/python3.12/site-packages/airflow/operators/python.py", line 235, in execute
    return_value = self.execute_callable()
                   ^^^^^^^^^^^^^^^^^^^^^^^
  File "/home/airflow/.local/lib/python3.12/site-packages/airflow/operators/python.py", line 252, in execute_callable
    return self.python_callable(*self.op_args, **self.op_kwargs)
           ^^^^^^^^^^^^^^^^^^^^^^^^^^^^^^^^^^^^^^^^^^^^^^^^^^^^^
TypeError: run_cleanup() missing 1 required positional argument: 'keep_timestamps'
[2025-07-04T17:38:17.667+0000] {taskinstance.py:1206} INFO - Marking task as UP_FOR_RETRY. dag_id=daily_github_inference, task_id=cleanup_old_files, run_id=manual__2025-07-04T17:38:02.568515+00:00, execution_date=20250704T173802, start_date=20250704T173817, end_date=20250704T173817
[2025-07-04T17:38:17.679+0000] {standard_task_runner.py:110} ERROR - Failed to execute job 20 for task cleanup_old_files (run_cleanup() missing 1 required positional argument: 'keep_timestamps'; 221)
[2025-07-04T17:38:17.730+0000] {local_task_job_runner.py:240} INFO - Task exited with return code 1
[2025-07-04T17:38:17.881+0000] {taskinstance.py:3498} INFO - 0 downstream tasks scheduled from follow-on schedule check
[2025-07-04T17:38:17.883+0000] {local_task_job_runner.py:222} INFO - ::endgroup::
