[2025-07-11T20:20:20.057+0000] {local_task_job_runner.py:120} INFO - ::group::Pre task execution logs
[2025-07-11T20:20:20.093+0000] {taskinstance.py:2076} INFO - Dependencies all met for dep_context=non-requeueable deps ti=<TaskInstance: daily_monitoring_dag.run_drift_monitoring scheduled__2025-07-10T00:00:00+00:00 [queued]>
[2025-07-11T20:20:20.101+0000] {taskinstance.py:2076} INFO - Dependencies all met for dep_context=requeueable deps ti=<TaskInstance: daily_monitoring_dag.run_drift_monitoring scheduled__2025-07-10T00:00:00+00:00 [queued]>
[2025-07-11T20:20:20.101+0000] {taskinstance.py:2306} INFO - Starting attempt 2 of 2
[2025-07-11T20:20:20.113+0000] {taskinstance.py:2330} INFO - Executing <Task(PythonOperator): run_drift_monitoring> on 2025-07-10 00:00:00+00:00
[2025-07-11T20:20:20.133+0000] {standard_task_runner.py:90} INFO - Running: ['***', 'tasks', 'run', 'daily_monitoring_dag', 'run_drift_monitoring', 'scheduled__2025-07-10T00:00:00+00:00', '--job-id', '114', '--raw', '--subdir', 'DAGS_FOLDER/daily_monitoring_dag.py', '--cfg-path', '/tmp/tmpll2zdgta']
[2025-07-11T20:20:20.134+0000] {logging_mixin.py:188} WARNING - /home/***/.local/lib/python3.12/site-packages/***/task/task_runner/standard_task_runner.py:61 DeprecationWarning: This process (pid=287) is multi-threaded, use of fork() may lead to deadlocks in the child.
[2025-07-11T20:20:20.137+0000] {standard_task_runner.py:63} INFO - Started process 303 to run task
[2025-07-11T20:20:20.139+0000] {standard_task_runner.py:91} INFO - Job 114: Subtask run_drift_monitoring
[2025-07-11T20:20:20.157+0000] {logging_mixin.py:188} WARNING - /home/***/.local/lib/python3.12/site-packages/***/settings.py:195 DeprecationWarning: The sql_alchemy_conn option in [core] has been moved to the sql_alchemy_conn option in [database] - the old setting has been used, but please update your config.
[2025-07-11T20:20:20.223+0000] {task_command.py:426} INFO - Running <TaskInstance: daily_monitoring_dag.run_drift_monitoring scheduled__2025-07-10T00:00:00+00:00 [running]> on host 67f854b37ae3
[2025-07-11T20:20:20.325+0000] {taskinstance.py:2648} INFO - Exporting env vars: AIRFLOW_CTX_DAG_OWNER='rajat' AIRFLOW_CTX_DAG_ID='daily_monitoring_dag' AIRFLOW_CTX_TASK_ID='run_drift_monitoring' AIRFLOW_CTX_EXECUTION_DATE='2025-07-10T00:00:00+00:00' AIRFLOW_CTX_TRY_NUMBER='2' AIRFLOW_CTX_DAG_RUN_ID='scheduled__2025-07-10T00:00:00+00:00'
[2025-07-11T20:20:20.326+0000] {taskinstance.py:430} INFO - ::endgroup::
[2025-07-11T20:20:20.342+0000] {logging_mixin.py:188} INFO - [INFO] Monitoring drift: ref=2025-07-08-15, current=2025-07-09-15
[2025-07-11T20:20:21.839+0000] {logging_mixin.py:188} INFO - [INFO] Drift report saved:
 - reports/drift_report_2025-07-11-202021.html
 - reports/drift_report_2025-07-11-202021.json
[2025-07-11T20:20:21.841+0000] {python.py:237} INFO - Done. Returned value was: None
[2025-07-11T20:20:21.841+0000] {taskinstance.py:441} INFO - ::group::Post task execution logs
[2025-07-11T20:20:21.857+0000] {taskinstance.py:1206} INFO - Marking task as SUCCESS. dag_id=daily_monitoring_dag, task_id=run_drift_monitoring, run_id=scheduled__2025-07-10T00:00:00+00:00, execution_date=20250710T000000, start_date=20250711T202020, end_date=20250711T202021
[2025-07-11T20:20:21.926+0000] {local_task_job_runner.py:240} INFO - Task exited with return code 0
[2025-07-11T20:20:21.937+0000] {taskinstance.py:3498} INFO - 0 downstream tasks scheduled from follow-on schedule check
[2025-07-11T20:20:21.938+0000] {local_task_job_runner.py:222} INFO - ::endgroup::
