[2025-07-04T11:59:24.304+0000] {local_task_job_runner.py:120} INFO - ::group::Pre task execution logs
[2025-07-04T11:59:24.367+0000] {taskinstance.py:2076} INFO - Dependencies all met for dep_context=non-requeueable deps ti=<TaskInstance: daily_github_inference.run_inference manual__2025-07-04T11:54:20.215001+00:00 [queued]>
[2025-07-04T11:59:24.400+0000] {taskinstance.py:2076} INFO - Dependencies all met for dep_context=requeueable deps ti=<TaskInstance: daily_github_inference.run_inference manual__2025-07-04T11:54:20.215001+00:00 [queued]>
[2025-07-04T11:59:24.400+0000] {taskinstance.py:2306} INFO - Starting attempt 2 of 2
[2025-07-04T11:59:24.423+0000] {taskinstance.py:2330} INFO - Executing <Task(PythonOperator): run_inference> on 2025-07-04 11:54:20.215001+00:00
[2025-07-04T11:59:24.435+0000] {logging_mixin.py:188} WARNING - /home/***/.local/lib/python3.12/site-packages/***/task/task_runner/standard_task_runner.py:61 DeprecationWarning: This process (pid=224) is multi-threaded, use of fork() may lead to deadlocks in the child.
[2025-07-04T11:59:24.441+0000] {standard_task_runner.py:63} INFO - Started process 227 to run task
[2025-07-04T11:59:24.437+0000] {standard_task_runner.py:90} INFO - Running: ['***', 'tasks', 'run', 'daily_github_inference', 'run_inference', 'manual__2025-07-04T11:54:20.215001+00:00', '--job-id', '5', '--raw', '--subdir', 'DAGS_FOLDER/inference_dag.py', '--cfg-path', '/tmp/tmpobt_mv65']
[2025-07-04T11:59:24.441+0000] {standard_task_runner.py:91} INFO - Job 5: Subtask run_inference
[2025-07-04T11:59:24.467+0000] {logging_mixin.py:188} WARNING - /home/***/.local/lib/python3.12/site-packages/***/settings.py:195 DeprecationWarning: The sql_alchemy_conn option in [core] has been moved to the sql_alchemy_conn option in [database] - the old setting has been used, but please update your config.
[2025-07-04T11:59:24.531+0000] {task_command.py:426} INFO - Running <TaskInstance: daily_github_inference.run_inference manual__2025-07-04T11:54:20.215001+00:00 [running]> on host 199d7a58df9c
[2025-07-04T11:59:24.667+0000] {taskinstance.py:2648} INFO - Exporting env vars: AIRFLOW_CTX_DAG_OWNER='rajat' AIRFLOW_CTX_DAG_ID='daily_github_inference' AIRFLOW_CTX_TASK_ID='run_inference' AIRFLOW_CTX_EXECUTION_DATE='2025-07-04T11:54:20.215001+00:00' AIRFLOW_CTX_TRY_NUMBER='2' AIRFLOW_CTX_DAG_RUN_ID='manual__2025-07-04T11:54:20.215001+00:00'
[2025-07-04T11:59:24.668+0000] {taskinstance.py:430} INFO - ::endgroup::
[2025-07-04T11:59:25.378+0000] {logging_mixin.py:188} INFO - [INFO] Running inference...
[2025-07-04T11:59:25.379+0000] {taskinstance.py:441} INFO - ::group::Post task execution logs
[2025-07-04T11:59:25.379+0000] {taskinstance.py:2905} ERROR - Task failed with exception
Traceback (most recent call last):
  File "/home/airflow/.local/lib/python3.12/site-packages/airflow/models/taskinstance.py", line 465, in _execute_task
    result = _execute_callable(context=context, **execute_callable_kwargs)
             ^^^^^^^^^^^^^^^^^^^^^^^^^^^^^^^^^^^^^^^^^^^^^^^^^^^^^^^^^^^^^
  File "/home/airflow/.local/lib/python3.12/site-packages/airflow/models/taskinstance.py", line 432, in _execute_callable
    return execute_callable(context=context, **execute_callable_kwargs)
           ^^^^^^^^^^^^^^^^^^^^^^^^^^^^^^^^^^^^^^^^^^^^^^^^^^^^^^^^^^^^
  File "/home/airflow/.local/lib/python3.12/site-packages/airflow/models/baseoperator.py", line 400, in wrapper
    return func(self, *args, **kwargs)
           ^^^^^^^^^^^^^^^^^^^^^^^^^^^
  File "/home/airflow/.local/lib/python3.12/site-packages/airflow/operators/python.py", line 235, in execute
    return_value = self.execute_callable()
                   ^^^^^^^^^^^^^^^^^^^^^^^
  File "/home/airflow/.local/lib/python3.12/site-packages/airflow/operators/python.py", line 252, in execute_callable
    return self.python_callable(*self.op_args, **self.op_kwargs)
           ^^^^^^^^^^^^^^^^^^^^^^^^^^^^^^^^^^^^^^^^^^^^^^^^^^^^^
  File "/opt/airflow/github_pipeline/inference.py", line 11, in run_inference
    model = joblib.load("models/isolation_forest.pkl")
            ^^^^^^^^^^^^^^^^^^^^^^^^^^^^^^^^^^^^^^^^^^
  File "/home/airflow/.local/lib/python3.12/site-packages/joblib/numpy_pickle.py", line 749, in load
    obj = _unpickle(
          ^^^^^^^^^^
  File "/home/airflow/.local/lib/python3.12/site-packages/joblib/numpy_pickle.py", line 626, in _unpickle
    obj = unpickler.load()
          ^^^^^^^^^^^^^^^^
  File "/usr/local/lib/python3.12/pickle.py", line 1205, in load
    dispatch[key[0]](self)
  File "/usr/local/lib/python3.12/pickle.py", line 1530, in load_stack_global
    self.append(self.find_class(module, name))
                ^^^^^^^^^^^^^^^^^^^^^^^^^^^^^
  File "/usr/local/lib/python3.12/pickle.py", line 1572, in find_class
    __import__(module, level=0)
ModuleNotFoundError: No module named 'sklearn'
[2025-07-04T11:59:25.389+0000] {taskinstance.py:1206} INFO - Marking task as FAILED. dag_id=daily_github_inference, task_id=run_inference, run_id=manual__2025-07-04T11:54:20.215001+00:00, execution_date=20250704T115420, start_date=20250704T115924, end_date=20250704T115925
[2025-07-04T11:59:25.400+0000] {standard_task_runner.py:110} ERROR - Failed to execute job 5 for task run_inference (No module named 'sklearn'; 227)
[2025-07-04T11:59:25.433+0000] {local_task_job_runner.py:240} INFO - Task exited with return code 1
[2025-07-04T11:59:25.455+0000] {taskinstance.py:3498} INFO - 0 downstream tasks scheduled from follow-on schedule check
[2025-07-04T11:59:25.457+0000] {local_task_job_runner.py:222} INFO - ::endgroup::
