[2025-07-05T16:59:34.561+0000] {local_task_job_runner.py:120} INFO - ::group::Pre task execution logs
[2025-07-05T16:59:34.600+0000] {taskinstance.py:2076} INFO - Dependencies all met for dep_context=non-requeueable deps ti=<TaskInstance: daily_github_inference.cleanup_old_files scheduled__2025-07-04T00:00:00+00:00 [queued]>
[2025-07-05T16:59:34.609+0000] {taskinstance.py:2076} INFO - Dependencies all met for dep_context=requeueable deps ti=<TaskInstance: daily_github_inference.cleanup_old_files scheduled__2025-07-04T00:00:00+00:00 [queued]>
[2025-07-05T16:59:34.610+0000] {taskinstance.py:2306} INFO - Starting attempt 1 of 2
[2025-07-05T16:59:34.631+0000] {taskinstance.py:2330} INFO - Executing <Task(PythonOperator): cleanup_old_files> on 2025-07-04 00:00:00+00:00
[2025-07-05T16:59:34.652+0000] {logging_mixin.py:188} WARNING - /home/***/.local/lib/python3.12/site-packages/***/task/task_runner/standard_task_runner.py:61 DeprecationWarning: This process (pid=207) is multi-threaded, use of fork() may lead to deadlocks in the child.
[2025-07-05T16:59:34.656+0000] {standard_task_runner.py:90} INFO - Running: ['***', 'tasks', 'run', 'daily_github_inference', 'cleanup_old_files', 'scheduled__2025-07-04T00:00:00+00:00', '--job-id', '58', '--raw', '--subdir', 'DAGS_FOLDER/daily_github_inference.py', '--cfg-path', '/tmp/tmpbxid7u9l']
[2025-07-05T16:59:34.666+0000] {standard_task_runner.py:63} INFO - Started process 209 to run task
[2025-07-05T16:59:34.671+0000] {standard_task_runner.py:91} INFO - Job 58: Subtask cleanup_old_files
[2025-07-05T16:59:34.709+0000] {logging_mixin.py:188} WARNING - /home/***/.local/lib/python3.12/site-packages/***/settings.py:195 DeprecationWarning: The sql_alchemy_conn option in [core] has been moved to the sql_alchemy_conn option in [database] - the old setting has been used, but please update your config.
[2025-07-05T16:59:34.781+0000] {task_command.py:426} INFO - Running <TaskInstance: daily_github_inference.cleanup_old_files scheduled__2025-07-04T00:00:00+00:00 [running]> on host e98cc3c92ee0
[2025-07-05T16:59:35.264+0000] {taskinstance.py:2648} INFO - Exporting env vars: AIRFLOW_CTX_DAG_OWNER='rajat' AIRFLOW_CTX_DAG_ID='daily_github_inference' AIRFLOW_CTX_TASK_ID='cleanup_old_files' AIRFLOW_CTX_EXECUTION_DATE='2025-07-04T00:00:00+00:00' AIRFLOW_CTX_TRY_NUMBER='1' AIRFLOW_CTX_DAG_RUN_ID='scheduled__2025-07-04T00:00:00+00:00'
[2025-07-05T16:59:35.269+0000] {taskinstance.py:430} INFO - ::endgroup::
[2025-07-05T16:59:35.292+0000] {logging_mixin.py:188} INFO - [CLEANUP] Deleted 0 old files.
[2025-07-05T16:59:35.292+0000] {logging_mixin.py:188} INFO - [CLEANUP] Retained timestamps: ['2025-07-02-15', '2025-07-03-15']
[2025-07-05T16:59:35.293+0000] {python.py:237} INFO - Done. Returned value was: None
[2025-07-05T16:59:35.294+0000] {taskinstance.py:441} INFO - ::group::Post task execution logs
[2025-07-05T16:59:35.311+0000] {taskinstance.py:1206} INFO - Marking task as SUCCESS. dag_id=daily_github_inference, task_id=cleanup_old_files, run_id=scheduled__2025-07-04T00:00:00+00:00, execution_date=20250704T000000, start_date=20250705T165934, end_date=20250705T165935
[2025-07-05T16:59:35.394+0000] {local_task_job_runner.py:240} INFO - Task exited with return code 0
[2025-07-05T16:59:35.458+0000] {taskinstance.py:3498} INFO - 0 downstream tasks scheduled from follow-on schedule check
[2025-07-05T16:59:35.464+0000] {local_task_job_runner.py:222} INFO - ::endgroup::
