[2025-07-04T17:26:39.009+0000] {local_task_job_runner.py:120} INFO - ::group::Pre task execution logs
[2025-07-04T17:26:39.038+0000] {taskinstance.py:2076} INFO - Dependencies all met for dep_context=non-requeueable deps ti=<TaskInstance: daily_github_inference.run_model_inference manual__2025-07-04T17:26:18.159463+00:00 [queued]>
[2025-07-04T17:26:39.044+0000] {taskinstance.py:2076} INFO - Dependencies all met for dep_context=requeueable deps ti=<TaskInstance: daily_github_inference.run_model_inference manual__2025-07-04T17:26:18.159463+00:00 [queued]>
[2025-07-04T17:26:39.044+0000] {taskinstance.py:2306} INFO - Starting attempt 1 of 2
[2025-07-04T17:26:39.057+0000] {taskinstance.py:2330} INFO - Executing <Task(PythonOperator): run_model_inference> on 2025-07-04 17:26:18.159463+00:00
[2025-07-04T17:26:39.078+0000] {logging_mixin.py:188} WARNING - /home/***/.local/lib/python3.12/site-packages/***/task/task_runner/standard_task_runner.py:61 DeprecationWarning: This process (pid=221) is multi-threaded, use of fork() may lead to deadlocks in the child.
[2025-07-04T17:26:39.079+0000] {standard_task_runner.py:63} INFO - Started process 225 to run task
[2025-07-04T17:26:39.080+0000] {standard_task_runner.py:90} INFO - Running: ['***', 'tasks', 'run', 'daily_github_inference', 'run_model_inference', 'manual__2025-07-04T17:26:18.159463+00:00', '--job-id', '14', '--raw', '--subdir', 'DAGS_FOLDER/daily_github_inference.py', '--cfg-path', '/tmp/tmp0u45ctqf']
[2025-07-04T17:26:39.084+0000] {standard_task_runner.py:91} INFO - Job 14: Subtask run_model_inference
[2025-07-04T17:26:39.109+0000] {logging_mixin.py:188} WARNING - /home/***/.local/lib/python3.12/site-packages/***/settings.py:195 DeprecationWarning: The sql_alchemy_conn option in [core] has been moved to the sql_alchemy_conn option in [database] - the old setting has been used, but please update your config.
[2025-07-04T17:26:39.368+0000] {task_command.py:426} INFO - Running <TaskInstance: daily_github_inference.run_model_inference manual__2025-07-04T17:26:18.159463+00:00 [running]> on host 1f9ae480a8ef
[2025-07-04T17:26:39.445+0000] {taskinstance.py:2648} INFO - Exporting env vars: AIRFLOW_CTX_DAG_OWNER='rajat' AIRFLOW_CTX_DAG_ID='daily_github_inference' AIRFLOW_CTX_TASK_ID='run_model_inference' AIRFLOW_CTX_EXECUTION_DATE='2025-07-04T17:26:18.159463+00:00' AIRFLOW_CTX_TRY_NUMBER='1' AIRFLOW_CTX_DAG_RUN_ID='manual__2025-07-04T17:26:18.159463+00:00'
[2025-07-04T17:26:39.446+0000] {taskinstance.py:430} INFO - ::endgroup::
[2025-07-04T17:26:39.457+0000] {logging_mixin.py:188} INFO - [INFO] Running inference for timestamp: 2025-07-03-15
[2025-07-04T17:26:40.325+0000] {logging_mixin.py:188} INFO - [INFO] Inference complete. Output saved to data/features/actor_predictions_2025-07-03-15.parquet
[2025-07-04T17:26:40.327+0000] {python.py:237} INFO - Done. Returned value was: None
[2025-07-04T17:26:40.327+0000] {taskinstance.py:441} INFO - ::group::Post task execution logs
[2025-07-04T17:26:40.334+0000] {taskinstance.py:1206} INFO - Marking task as SUCCESS. dag_id=daily_github_inference, task_id=run_model_inference, run_id=manual__2025-07-04T17:26:18.159463+00:00, execution_date=20250704T172618, start_date=20250704T172639, end_date=20250704T172640
[2025-07-04T17:26:40.390+0000] {local_task_job_runner.py:240} INFO - Task exited with return code 0
[2025-07-04T17:26:40.416+0000] {taskinstance.py:3498} INFO - 0 downstream tasks scheduled from follow-on schedule check
[2025-07-04T17:26:40.417+0000] {local_task_job_runner.py:222} INFO - ::endgroup::
