[2025-07-04T16:23:56.850+0000] {local_task_job_runner.py:120} INFO - ::group::Pre task execution logs
[2025-07-04T16:23:56.884+0000] {taskinstance.py:2076} INFO - Dependencies all met for dep_context=non-requeueable deps ti=<TaskInstance: daily_github_inference.run_model_inference scheduled__2025-07-03T00:00:00+00:00 [queued]>
[2025-07-04T16:23:56.893+0000] {taskinstance.py:2076} INFO - Dependencies all met for dep_context=requeueable deps ti=<TaskInstance: daily_github_inference.run_model_inference scheduled__2025-07-03T00:00:00+00:00 [queued]>
[2025-07-04T16:23:56.894+0000] {taskinstance.py:2306} INFO - Starting attempt 1 of 2
[2025-07-04T16:23:56.908+0000] {taskinstance.py:2330} INFO - Executing <Task(PythonOperator): run_model_inference> on 2025-07-03 00:00:00+00:00
[2025-07-04T16:23:56.921+0000] {logging_mixin.py:188} WARNING - /home/***/.local/lib/python3.12/site-packages/***/task/task_runner/standard_task_runner.py:61 DeprecationWarning: This process (pid=225) is multi-threaded, use of fork() may lead to deadlocks in the child.
[2025-07-04T16:23:56.925+0000] {standard_task_runner.py:63} INFO - Started process 229 to run task
[2025-07-04T16:23:56.923+0000] {standard_task_runner.py:90} INFO - Running: ['***', 'tasks', 'run', 'daily_github_inference', 'run_model_inference', 'scheduled__2025-07-03T00:00:00+00:00', '--job-id', '8', '--raw', '--subdir', 'DAGS_FOLDER/daily_github_inference.py', '--cfg-path', '/tmp/tmp3q0v7nn4']
[2025-07-04T16:23:56.928+0000] {standard_task_runner.py:91} INFO - Job 8: Subtask run_model_inference
[2025-07-04T16:23:56.949+0000] {logging_mixin.py:188} WARNING - /home/***/.local/lib/python3.12/site-packages/***/settings.py:195 DeprecationWarning: The sql_alchemy_conn option in [core] has been moved to the sql_alchemy_conn option in [database] - the old setting has been used, but please update your config.
[2025-07-04T16:23:57.179+0000] {task_command.py:426} INFO - Running <TaskInstance: daily_github_inference.run_model_inference scheduled__2025-07-03T00:00:00+00:00 [running]> on host 1f9ae480a8ef
[2025-07-04T16:23:57.272+0000] {taskinstance.py:2648} INFO - Exporting env vars: AIRFLOW_CTX_DAG_OWNER='rajat' AIRFLOW_CTX_DAG_ID='daily_github_inference' AIRFLOW_CTX_TASK_ID='run_model_inference' AIRFLOW_CTX_EXECUTION_DATE='2025-07-03T00:00:00+00:00' AIRFLOW_CTX_TRY_NUMBER='1' AIRFLOW_CTX_DAG_RUN_ID='scheduled__2025-07-03T00:00:00+00:00'
[2025-07-04T16:23:57.275+0000] {taskinstance.py:430} INFO - ::endgroup::
[2025-07-04T16:23:57.299+0000] {logging_mixin.py:188} INFO - [INFO] Running inference for timestamp: 2025-07-02-15
[2025-07-04T16:23:59.237+0000] {logging_mixin.py:188} INFO - [INFO] Inference complete. Output saved to data/features/actor_predictions_2025-07-02-15.parquet
[2025-07-04T16:23:59.238+0000] {python.py:237} INFO - Done. Returned value was: None
[2025-07-04T16:23:59.239+0000] {taskinstance.py:441} INFO - ::group::Post task execution logs
[2025-07-04T16:23:59.248+0000] {taskinstance.py:1206} INFO - Marking task as SUCCESS. dag_id=daily_github_inference, task_id=run_model_inference, run_id=scheduled__2025-07-03T00:00:00+00:00, execution_date=20250703T000000, start_date=20250704T162356, end_date=20250704T162359
[2025-07-04T16:23:59.312+0000] {local_task_job_runner.py:240} INFO - Task exited with return code 0
[2025-07-04T16:23:59.512+0000] {taskinstance.py:3498} INFO - 0 downstream tasks scheduled from follow-on schedule check
[2025-07-04T16:23:59.513+0000] {local_task_job_runner.py:222} INFO - ::endgroup::
