[2025-07-11T20:17:50.147+0000] {processor.py:161} INFO - Started process (PID=178) to work on /opt/airflow/dags/retraining_dag.py
[2025-07-11T20:17:50.148+0000] {processor.py:830} INFO - Processing file /opt/airflow/dags/retraining_dag.py for tasks to queue
[2025-07-11T20:17:50.172+0000] {logging_mixin.py:188} INFO - [2025-07-11T20:17:50.171+0000] {dagbag.py:545} INFO - Filling up the DagBag from /opt/airflow/dags/retraining_dag.py
[2025-07-11T20:18:07.055+0000] {processor.py:840} INFO - DAG(s) 'weekly_model_retraining' retrieved from /opt/airflow/dags/retraining_dag.py
[2025-07-11T20:18:07.134+0000] {logging_mixin.py:188} INFO - [2025-07-11T20:18:07.132+0000] {dag.py:3096} INFO - Sync 1 DAGs
[2025-07-11T20:18:07.192+0000] {logging_mixin.py:188} INFO - [2025-07-11T20:18:07.192+0000] {dag.py:3954} INFO - Setting next_dagrun for weekly_model_retraining to 2025-07-06 00:00:00+00:00, run_after=2025-07-13 00:00:00+00:00
[2025-07-11T20:18:07.306+0000] {processor.py:183} INFO - Processing /opt/airflow/dags/retraining_dag.py took 17.188 seconds
[2025-07-11T20:18:37.622+0000] {processor.py:161} INFO - Started process (PID=226) to work on /opt/airflow/dags/retraining_dag.py
[2025-07-11T20:18:37.623+0000] {processor.py:830} INFO - Processing file /opt/airflow/dags/retraining_dag.py for tasks to queue
[2025-07-11T20:18:37.624+0000] {logging_mixin.py:188} INFO - [2025-07-11T20:18:37.624+0000] {dagbag.py:545} INFO - Filling up the DagBag from /opt/airflow/dags/retraining_dag.py
[2025-07-11T20:18:39.449+0000] {processor.py:840} INFO - DAG(s) 'weekly_model_retraining' retrieved from /opt/airflow/dags/retraining_dag.py
[2025-07-11T20:18:39.465+0000] {logging_mixin.py:188} INFO - [2025-07-11T20:18:39.465+0000] {dag.py:3096} INFO - Sync 1 DAGs
[2025-07-11T20:18:39.482+0000] {logging_mixin.py:188} INFO - [2025-07-11T20:18:39.482+0000] {dag.py:3954} INFO - Setting next_dagrun for weekly_model_retraining to 2025-07-06 00:00:00+00:00, run_after=2025-07-13 00:00:00+00:00
[2025-07-11T20:18:39.500+0000] {processor.py:183} INFO - Processing /opt/airflow/dags/retraining_dag.py took 1.884 seconds
[2025-07-11T20:19:09.811+0000] {processor.py:161} INFO - Started process (PID=246) to work on /opt/airflow/dags/retraining_dag.py
[2025-07-11T20:19:09.812+0000] {processor.py:830} INFO - Processing file /opt/airflow/dags/retraining_dag.py for tasks to queue
[2025-07-11T20:19:09.813+0000] {logging_mixin.py:188} INFO - [2025-07-11T20:19:09.812+0000] {dagbag.py:545} INFO - Filling up the DagBag from /opt/airflow/dags/retraining_dag.py
[2025-07-11T20:19:11.386+0000] {processor.py:840} INFO - DAG(s) 'weekly_model_retraining' retrieved from /opt/airflow/dags/retraining_dag.py
[2025-07-11T20:19:11.403+0000] {logging_mixin.py:188} INFO - [2025-07-11T20:19:11.402+0000] {dag.py:3096} INFO - Sync 1 DAGs
[2025-07-11T20:19:11.420+0000] {logging_mixin.py:188} INFO - [2025-07-11T20:19:11.420+0000] {dag.py:3954} INFO - Setting next_dagrun for weekly_model_retraining to 2025-07-06 00:00:00+00:00, run_after=2025-07-13 00:00:00+00:00
[2025-07-11T20:19:11.436+0000] {processor.py:183} INFO - Processing /opt/airflow/dags/retraining_dag.py took 1.631 seconds
[2025-07-11T20:19:41.614+0000] {processor.py:161} INFO - Started process (PID=266) to work on /opt/airflow/dags/retraining_dag.py
[2025-07-11T20:19:41.615+0000] {processor.py:830} INFO - Processing file /opt/airflow/dags/retraining_dag.py for tasks to queue
[2025-07-11T20:19:41.616+0000] {logging_mixin.py:188} INFO - [2025-07-11T20:19:41.616+0000] {dagbag.py:545} INFO - Filling up the DagBag from /opt/airflow/dags/retraining_dag.py
[2025-07-11T20:19:43.090+0000] {processor.py:840} INFO - DAG(s) 'weekly_model_retraining' retrieved from /opt/airflow/dags/retraining_dag.py
[2025-07-11T20:19:43.107+0000] {logging_mixin.py:188} INFO - [2025-07-11T20:19:43.106+0000] {dag.py:3096} INFO - Sync 1 DAGs
[2025-07-11T20:19:43.122+0000] {logging_mixin.py:188} INFO - [2025-07-11T20:19:43.122+0000] {dag.py:3954} INFO - Setting next_dagrun for weekly_model_retraining to 2025-07-06 00:00:00+00:00, run_after=2025-07-13 00:00:00+00:00
[2025-07-11T20:19:43.135+0000] {processor.py:183} INFO - Processing /opt/airflow/dags/retraining_dag.py took 1.526 seconds
[2025-07-11T20:20:13.651+0000] {processor.py:161} INFO - Started process (PID=290) to work on /opt/airflow/dags/retraining_dag.py
[2025-07-11T20:20:13.655+0000] {processor.py:830} INFO - Processing file /opt/airflow/dags/retraining_dag.py for tasks to queue
[2025-07-11T20:20:13.656+0000] {logging_mixin.py:188} INFO - [2025-07-11T20:20:13.656+0000] {dagbag.py:545} INFO - Filling up the DagBag from /opt/airflow/dags/retraining_dag.py
[2025-07-11T20:20:17.360+0000] {processor.py:840} INFO - DAG(s) 'weekly_model_retraining' retrieved from /opt/airflow/dags/retraining_dag.py
[2025-07-11T20:20:17.399+0000] {logging_mixin.py:188} INFO - [2025-07-11T20:20:17.398+0000] {dag.py:3096} INFO - Sync 1 DAGs
[2025-07-11T20:20:17.447+0000] {logging_mixin.py:188} INFO - [2025-07-11T20:20:17.447+0000] {dag.py:3954} INFO - Setting next_dagrun for weekly_model_retraining to 2025-07-06 00:00:00+00:00, run_after=2025-07-13 00:00:00+00:00
[2025-07-11T20:20:17.477+0000] {processor.py:183} INFO - Processing /opt/airflow/dags/retraining_dag.py took 3.842 seconds
[2025-07-11T20:20:48.302+0000] {processor.py:161} INFO - Started process (PID=320) to work on /opt/airflow/dags/retraining_dag.py
[2025-07-11T20:20:48.303+0000] {processor.py:830} INFO - Processing file /opt/airflow/dags/retraining_dag.py for tasks to queue
[2025-07-11T20:20:48.303+0000] {logging_mixin.py:188} INFO - [2025-07-11T20:20:48.303+0000] {dagbag.py:545} INFO - Filling up the DagBag from /opt/airflow/dags/retraining_dag.py
[2025-07-11T20:20:49.869+0000] {processor.py:840} INFO - DAG(s) 'weekly_model_retraining' retrieved from /opt/airflow/dags/retraining_dag.py
[2025-07-11T20:20:49.888+0000] {logging_mixin.py:188} INFO - [2025-07-11T20:20:49.888+0000] {dag.py:3096} INFO - Sync 1 DAGs
[2025-07-11T20:20:49.903+0000] {logging_mixin.py:188} INFO - [2025-07-11T20:20:49.903+0000] {dag.py:3954} INFO - Setting next_dagrun for weekly_model_retraining to 2025-07-06 00:00:00+00:00, run_after=2025-07-13 00:00:00+00:00
[2025-07-11T20:20:49.915+0000] {processor.py:183} INFO - Processing /opt/airflow/dags/retraining_dag.py took 1.619 seconds
[2025-07-11T20:21:20.167+0000] {processor.py:161} INFO - Started process (PID=340) to work on /opt/airflow/dags/retraining_dag.py
[2025-07-11T20:21:20.167+0000] {processor.py:830} INFO - Processing file /opt/airflow/dags/retraining_dag.py for tasks to queue
[2025-07-11T20:21:20.168+0000] {logging_mixin.py:188} INFO - [2025-07-11T20:21:20.168+0000] {dagbag.py:545} INFO - Filling up the DagBag from /opt/airflow/dags/retraining_dag.py
[2025-07-11T20:21:21.622+0000] {processor.py:840} INFO - DAG(s) 'weekly_model_retraining' retrieved from /opt/airflow/dags/retraining_dag.py
[2025-07-11T20:21:21.637+0000] {logging_mixin.py:188} INFO - [2025-07-11T20:21:21.637+0000] {dag.py:3096} INFO - Sync 1 DAGs
[2025-07-11T20:21:21.652+0000] {logging_mixin.py:188} INFO - [2025-07-11T20:21:21.652+0000] {dag.py:3954} INFO - Setting next_dagrun for weekly_model_retraining to 2025-07-06 00:00:00+00:00, run_after=2025-07-13 00:00:00+00:00
[2025-07-11T20:21:21.666+0000] {processor.py:183} INFO - Processing /opt/airflow/dags/retraining_dag.py took 1.505 seconds
[2025-07-11T20:21:51.927+0000] {processor.py:161} INFO - Started process (PID=360) to work on /opt/airflow/dags/retraining_dag.py
[2025-07-11T20:21:51.929+0000] {processor.py:830} INFO - Processing file /opt/airflow/dags/retraining_dag.py for tasks to queue
[2025-07-11T20:21:51.930+0000] {logging_mixin.py:188} INFO - [2025-07-11T20:21:51.930+0000] {dagbag.py:545} INFO - Filling up the DagBag from /opt/airflow/dags/retraining_dag.py
[2025-07-11T20:21:53.436+0000] {processor.py:840} INFO - DAG(s) 'weekly_model_retraining' retrieved from /opt/airflow/dags/retraining_dag.py
[2025-07-11T20:21:53.452+0000] {logging_mixin.py:188} INFO - [2025-07-11T20:21:53.450+0000] {dag.py:3096} INFO - Sync 1 DAGs
[2025-07-11T20:21:53.466+0000] {logging_mixin.py:188} INFO - [2025-07-11T20:21:53.466+0000] {dag.py:3954} INFO - Setting next_dagrun for weekly_model_retraining to 2025-07-06 00:00:00+00:00, run_after=2025-07-13 00:00:00+00:00
[2025-07-11T20:21:53.478+0000] {processor.py:183} INFO - Processing /opt/airflow/dags/retraining_dag.py took 1.558 seconds
[2025-07-11T20:22:23.626+0000] {processor.py:161} INFO - Started process (PID=380) to work on /opt/airflow/dags/retraining_dag.py
[2025-07-11T20:22:23.626+0000] {processor.py:830} INFO - Processing file /opt/airflow/dags/retraining_dag.py for tasks to queue
[2025-07-11T20:22:23.627+0000] {logging_mixin.py:188} INFO - [2025-07-11T20:22:23.627+0000] {dagbag.py:545} INFO - Filling up the DagBag from /opt/airflow/dags/retraining_dag.py
[2025-07-11T20:22:25.163+0000] {processor.py:840} INFO - DAG(s) 'weekly_model_retraining' retrieved from /opt/airflow/dags/retraining_dag.py
[2025-07-11T20:22:25.179+0000] {logging_mixin.py:188} INFO - [2025-07-11T20:22:25.179+0000] {dag.py:3096} INFO - Sync 1 DAGs
[2025-07-11T20:22:25.194+0000] {logging_mixin.py:188} INFO - [2025-07-11T20:22:25.194+0000] {dag.py:3954} INFO - Setting next_dagrun for weekly_model_retraining to 2025-07-06 00:00:00+00:00, run_after=2025-07-13 00:00:00+00:00
[2025-07-11T20:22:25.206+0000] {processor.py:183} INFO - Processing /opt/airflow/dags/retraining_dag.py took 1.585 seconds
[2025-07-11T20:22:55.606+0000] {processor.py:161} INFO - Started process (PID=400) to work on /opt/airflow/dags/retraining_dag.py
[2025-07-11T20:22:55.606+0000] {processor.py:830} INFO - Processing file /opt/airflow/dags/retraining_dag.py for tasks to queue
[2025-07-11T20:22:55.607+0000] {logging_mixin.py:188} INFO - [2025-07-11T20:22:55.607+0000] {dagbag.py:545} INFO - Filling up the DagBag from /opt/airflow/dags/retraining_dag.py
[2025-07-11T20:22:57.137+0000] {processor.py:840} INFO - DAG(s) 'weekly_model_retraining' retrieved from /opt/airflow/dags/retraining_dag.py
[2025-07-11T20:22:57.153+0000] {logging_mixin.py:188} INFO - [2025-07-11T20:22:57.153+0000] {dag.py:3096} INFO - Sync 1 DAGs
[2025-07-11T20:22:57.168+0000] {logging_mixin.py:188} INFO - [2025-07-11T20:22:57.168+0000] {dag.py:3954} INFO - Setting next_dagrun for weekly_model_retraining to 2025-07-06 00:00:00+00:00, run_after=2025-07-13 00:00:00+00:00
[2025-07-11T20:22:57.180+0000] {processor.py:183} INFO - Processing /opt/airflow/dags/retraining_dag.py took 1.580 seconds
[2025-07-11T20:23:27.407+0000] {processor.py:161} INFO - Started process (PID=432) to work on /opt/airflow/dags/retraining_dag.py
[2025-07-11T20:23:27.408+0000] {processor.py:830} INFO - Processing file /opt/airflow/dags/retraining_dag.py for tasks to queue
[2025-07-11T20:23:27.408+0000] {logging_mixin.py:188} INFO - [2025-07-11T20:23:27.408+0000] {dagbag.py:545} INFO - Filling up the DagBag from /opt/airflow/dags/retraining_dag.py
[2025-07-11T20:23:28.846+0000] {processor.py:840} INFO - DAG(s) 'weekly_model_retraining' retrieved from /opt/airflow/dags/retraining_dag.py
[2025-07-11T20:23:28.874+0000] {logging_mixin.py:188} INFO - [2025-07-11T20:23:28.874+0000] {dag.py:3096} INFO - Sync 1 DAGs
[2025-07-11T20:23:28.896+0000] {logging_mixin.py:188} INFO - [2025-07-11T20:23:28.896+0000] {dag.py:3954} INFO - Setting next_dagrun for weekly_model_retraining to 2025-07-06 00:00:00+00:00, run_after=2025-07-13 00:00:00+00:00
[2025-07-11T20:23:28.909+0000] {processor.py:183} INFO - Processing /opt/airflow/dags/retraining_dag.py took 1.508 seconds
[2025-07-11T20:23:59.159+0000] {processor.py:161} INFO - Started process (PID=452) to work on /opt/airflow/dags/retraining_dag.py
[2025-07-11T20:23:59.160+0000] {processor.py:830} INFO - Processing file /opt/airflow/dags/retraining_dag.py for tasks to queue
[2025-07-11T20:23:59.161+0000] {logging_mixin.py:188} INFO - [2025-07-11T20:23:59.160+0000] {dagbag.py:545} INFO - Filling up the DagBag from /opt/airflow/dags/retraining_dag.py
[2025-07-11T20:24:01.043+0000] {processor.py:840} INFO - DAG(s) 'weekly_model_retraining' retrieved from /opt/airflow/dags/retraining_dag.py
[2025-07-11T20:24:01.064+0000] {logging_mixin.py:188} INFO - [2025-07-11T20:24:01.063+0000] {dag.py:3096} INFO - Sync 1 DAGs
[2025-07-11T20:24:01.084+0000] {logging_mixin.py:188} INFO - [2025-07-11T20:24:01.084+0000] {dag.py:3954} INFO - Setting next_dagrun for weekly_model_retraining to 2025-07-06 00:00:00+00:00, run_after=2025-07-13 00:00:00+00:00
[2025-07-11T20:24:01.097+0000] {processor.py:183} INFO - Processing /opt/airflow/dags/retraining_dag.py took 1.943 seconds
[2025-07-11T20:24:31.233+0000] {processor.py:161} INFO - Started process (PID=475) to work on /opt/airflow/dags/retraining_dag.py
[2025-07-11T20:24:31.234+0000] {processor.py:830} INFO - Processing file /opt/airflow/dags/retraining_dag.py for tasks to queue
[2025-07-11T20:24:31.235+0000] {logging_mixin.py:188} INFO - [2025-07-11T20:24:31.235+0000] {dagbag.py:545} INFO - Filling up the DagBag from /opt/airflow/dags/retraining_dag.py
[2025-07-11T20:24:33.032+0000] {processor.py:840} INFO - DAG(s) 'weekly_model_retraining' retrieved from /opt/airflow/dags/retraining_dag.py
[2025-07-11T20:24:33.048+0000] {logging_mixin.py:188} INFO - [2025-07-11T20:24:33.047+0000] {dag.py:3096} INFO - Sync 1 DAGs
[2025-07-11T20:24:33.064+0000] {logging_mixin.py:188} INFO - [2025-07-11T20:24:33.063+0000] {dag.py:3954} INFO - Setting next_dagrun for weekly_model_retraining to 2025-07-06 00:00:00+00:00, run_after=2025-07-13 00:00:00+00:00
[2025-07-11T20:24:33.076+0000] {processor.py:183} INFO - Processing /opt/airflow/dags/retraining_dag.py took 1.850 seconds
[2025-07-11T20:27:33.667+0000] {processor.py:161} INFO - Started process (PID=168) to work on /opt/airflow/dags/retraining_dag.py
[2025-07-11T20:27:33.669+0000] {processor.py:830} INFO - Processing file /opt/airflow/dags/retraining_dag.py for tasks to queue
[2025-07-11T20:27:33.672+0000] {logging_mixin.py:188} INFO - [2025-07-11T20:27:33.672+0000] {dagbag.py:545} INFO - Filling up the DagBag from /opt/airflow/dags/retraining_dag.py
[2025-07-11T20:27:38.657+0000] {processor.py:840} INFO - DAG(s) 'weekly_model_retraining' retrieved from /opt/airflow/dags/retraining_dag.py
[2025-07-11T20:27:38.676+0000] {logging_mixin.py:188} INFO - [2025-07-11T20:27:38.675+0000] {dag.py:3096} INFO - Sync 1 DAGs
[2025-07-11T20:27:38.705+0000] {logging_mixin.py:188} INFO - [2025-07-11T20:27:38.704+0000] {dag.py:3954} INFO - Setting next_dagrun for weekly_model_retraining to 2025-07-06 00:00:00+00:00, run_after=2025-07-13 00:00:00+00:00
[2025-07-11T20:27:38.732+0000] {processor.py:183} INFO - Processing /opt/airflow/dags/retraining_dag.py took 5.071 seconds
[2025-07-11T20:28:09.039+0000] {processor.py:161} INFO - Started process (PID=183) to work on /opt/airflow/dags/retraining_dag.py
[2025-07-11T20:28:09.040+0000] {processor.py:830} INFO - Processing file /opt/airflow/dags/retraining_dag.py for tasks to queue
[2025-07-11T20:28:09.042+0000] {logging_mixin.py:188} INFO - [2025-07-11T20:28:09.042+0000] {dagbag.py:545} INFO - Filling up the DagBag from /opt/airflow/dags/retraining_dag.py
[2025-07-11T20:28:13.966+0000] {processor.py:840} INFO - DAG(s) 'weekly_model_retraining' retrieved from /opt/airflow/dags/retraining_dag.py
[2025-07-11T20:28:14.699+0000] {logging_mixin.py:188} INFO - [2025-07-11T20:28:14.698+0000] {dag.py:3096} INFO - Sync 1 DAGs
[2025-07-11T20:28:14.722+0000] {logging_mixin.py:188} INFO - [2025-07-11T20:28:14.722+0000] {dag.py:3954} INFO - Setting next_dagrun for weekly_model_retraining to 2025-07-06 00:00:00+00:00, run_after=2025-07-13 00:00:00+00:00
[2025-07-11T20:28:14.735+0000] {processor.py:183} INFO - Processing /opt/airflow/dags/retraining_dag.py took 5.703 seconds
[2025-07-11T20:28:44.856+0000] {processor.py:161} INFO - Started process (PID=214) to work on /opt/airflow/dags/retraining_dag.py
[2025-07-11T20:28:44.858+0000] {processor.py:830} INFO - Processing file /opt/airflow/dags/retraining_dag.py for tasks to queue
[2025-07-11T20:28:44.861+0000] {logging_mixin.py:188} INFO - [2025-07-11T20:28:44.861+0000] {dagbag.py:545} INFO - Filling up the DagBag from /opt/airflow/dags/retraining_dag.py
[2025-07-11T20:28:47.625+0000] {processor.py:840} INFO - DAG(s) 'weekly_model_retraining' retrieved from /opt/airflow/dags/retraining_dag.py
[2025-07-11T20:28:47.656+0000] {logging_mixin.py:188} INFO - [2025-07-11T20:28:47.655+0000] {dag.py:3096} INFO - Sync 1 DAGs
[2025-07-11T20:28:47.679+0000] {logging_mixin.py:188} INFO - [2025-07-11T20:28:47.679+0000] {dag.py:3954} INFO - Setting next_dagrun for weekly_model_retraining to 2025-07-06 00:00:00+00:00, run_after=2025-07-13 00:00:00+00:00
[2025-07-11T20:28:47.702+0000] {processor.py:183} INFO - Processing /opt/airflow/dags/retraining_dag.py took 2.859 seconds
[2025-07-11T20:29:18.268+0000] {processor.py:161} INFO - Started process (PID=270) to work on /opt/airflow/dags/retraining_dag.py
[2025-07-11T20:29:18.268+0000] {processor.py:830} INFO - Processing file /opt/airflow/dags/retraining_dag.py for tasks to queue
[2025-07-11T20:29:18.270+0000] {logging_mixin.py:188} INFO - [2025-07-11T20:29:18.269+0000] {dagbag.py:545} INFO - Filling up the DagBag from /opt/airflow/dags/retraining_dag.py
[2025-07-11T20:29:19.754+0000] {processor.py:840} INFO - DAG(s) 'weekly_model_retraining' retrieved from /opt/airflow/dags/retraining_dag.py
[2025-07-11T20:29:19.769+0000] {logging_mixin.py:188} INFO - [2025-07-11T20:29:19.769+0000] {dag.py:3096} INFO - Sync 1 DAGs
[2025-07-11T20:29:19.783+0000] {logging_mixin.py:188} INFO - [2025-07-11T20:29:19.783+0000] {dag.py:3954} INFO - Setting next_dagrun for weekly_model_retraining to 2025-07-06 00:00:00+00:00, run_after=2025-07-13 00:00:00+00:00
[2025-07-11T20:29:19.795+0000] {processor.py:183} INFO - Processing /opt/airflow/dags/retraining_dag.py took 1.532 seconds
[2025-07-11T20:29:50.116+0000] {processor.py:161} INFO - Started process (PID=290) to work on /opt/airflow/dags/retraining_dag.py
[2025-07-11T20:29:50.117+0000] {processor.py:830} INFO - Processing file /opt/airflow/dags/retraining_dag.py for tasks to queue
[2025-07-11T20:29:50.119+0000] {logging_mixin.py:188} INFO - [2025-07-11T20:29:50.119+0000] {dagbag.py:545} INFO - Filling up the DagBag from /opt/airflow/dags/retraining_dag.py
[2025-07-11T20:29:51.610+0000] {processor.py:840} INFO - DAG(s) 'weekly_model_retraining' retrieved from /opt/airflow/dags/retraining_dag.py
[2025-07-11T20:29:51.633+0000] {logging_mixin.py:188} INFO - [2025-07-11T20:29:51.632+0000] {dag.py:3096} INFO - Sync 1 DAGs
[2025-07-11T20:29:51.654+0000] {logging_mixin.py:188} INFO - [2025-07-11T20:29:51.654+0000] {dag.py:3954} INFO - Setting next_dagrun for weekly_model_retraining to 2025-07-06 00:00:00+00:00, run_after=2025-07-13 00:00:00+00:00
[2025-07-11T20:29:51.699+0000] {processor.py:183} INFO - Processing /opt/airflow/dags/retraining_dag.py took 1.587 seconds
