[2025-07-04T17:42:14.320+0000] {local_task_job_runner.py:120} INFO - ::group::Pre task execution logs
[2025-07-04T17:42:14.341+0000] {taskinstance.py:2076} INFO - Dependencies all met for dep_context=non-requeueable deps ti=<TaskInstance: daily_github_inference.download_and_parse_github_data manual__2025-07-04T17:42:13.043980+00:00 [queued]>
[2025-07-04T17:42:14.347+0000] {taskinstance.py:2076} INFO - Dependencies all met for dep_context=requeueable deps ti=<TaskInstance: daily_github_inference.download_and_parse_github_data manual__2025-07-04T17:42:13.043980+00:00 [queued]>
[2025-07-04T17:42:14.347+0000] {taskinstance.py:2306} INFO - Starting attempt 1 of 2
[2025-07-04T17:42:14.355+0000] {taskinstance.py:2330} INFO - Executing <Task(PythonOperator): download_and_parse_github_data> on 2025-07-04 17:42:13.043980+00:00
[2025-07-04T17:42:14.364+0000] {logging_mixin.py:188} WARNING - /home/***/.local/lib/python3.12/site-packages/***/task/task_runner/standard_task_runner.py:61 DeprecationWarning: This process (pid=177) is multi-threaded, use of fork() may lead to deadlocks in the child.
[2025-07-04T17:42:14.365+0000] {standard_task_runner.py:63} INFO - Started process 179 to run task
[2025-07-04T17:42:14.364+0000] {standard_task_runner.py:90} INFO - Running: ['***', 'tasks', 'run', 'daily_github_inference', 'download_and_parse_github_data', 'manual__2025-07-04T17:42:13.043980+00:00', '--job-id', '22', '--raw', '--subdir', 'DAGS_FOLDER/daily_github_inference.py', '--cfg-path', '/tmp/tmp9_v93jzv']
[2025-07-04T17:42:14.367+0000] {standard_task_runner.py:91} INFO - Job 22: Subtask download_and_parse_github_data
[2025-07-04T17:42:14.381+0000] {logging_mixin.py:188} WARNING - /home/***/.local/lib/python3.12/site-packages/***/settings.py:195 DeprecationWarning: The sql_alchemy_conn option in [core] has been moved to the sql_alchemy_conn option in [database] - the old setting has been used, but please update your config.
[2025-07-04T17:42:14.540+0000] {task_command.py:426} INFO - Running <TaskInstance: daily_github_inference.download_and_parse_github_data manual__2025-07-04T17:42:13.043980+00:00 [running]> on host 1f9ae480a8ef
[2025-07-04T17:42:14.598+0000] {taskinstance.py:2648} INFO - Exporting env vars: AIRFLOW_CTX_DAG_OWNER='rajat' AIRFLOW_CTX_DAG_ID='daily_github_inference' AIRFLOW_CTX_TASK_ID='download_and_parse_github_data' AIRFLOW_CTX_EXECUTION_DATE='2025-07-04T17:42:13.043980+00:00' AIRFLOW_CTX_TRY_NUMBER='1' AIRFLOW_CTX_DAG_RUN_ID='manual__2025-07-04T17:42:13.043980+00:00'
[2025-07-04T17:42:14.599+0000] {taskinstance.py:430} INFO - ::endgroup::
[2025-07-04T17:42:14.608+0000] {logging_mixin.py:188} INFO - [INFO] Starting ingestion for timestamp: 2025-07-03-15
[2025-07-04T17:42:14.608+0000] {logging_mixin.py:188} INFO - [INFO] Raw file already exists: data/raw/2025-07-03-15.json.gz
[2025-07-04T17:42:20.584+0000] {logging_mixin.py:188} INFO - [INFO] Parsed 100000 events
[2025-07-04T17:42:20.585+0000] {logging_mixin.py:188} INFO - [INFO] Saved structured data to data/processed/2025-07-03-15.parquet
[2025-07-04T17:42:20.601+0000] {python.py:237} INFO - Done. Returned value was: None
[2025-07-04T17:42:20.602+0000] {taskinstance.py:441} INFO - ::group::Post task execution logs
[2025-07-04T17:42:20.608+0000] {taskinstance.py:1206} INFO - Marking task as SUCCESS. dag_id=daily_github_inference, task_id=download_and_parse_github_data, run_id=manual__2025-07-04T17:42:13.043980+00:00, execution_date=20250704T174213, start_date=20250704T174214, end_date=20250704T174220
[2025-07-04T17:42:20.666+0000] {local_task_job_runner.py:240} INFO - Task exited with return code 0
[2025-07-04T17:42:20.682+0000] {taskinstance.py:3498} INFO - 1 downstream tasks scheduled from follow-on schedule check
[2025-07-04T17:42:20.683+0000] {local_task_job_runner.py:222} INFO - ::endgroup::
