[2025-07-05T16:59:09.251+0000] {processor.py:161} INFO - Started process (PID=176) to work on /opt/airflow/dags/daily_github_inference.py
[2025-07-05T16:59:09.252+0000] {processor.py:830} INFO - Processing file /opt/airflow/dags/daily_github_inference.py for tasks to queue
[2025-07-05T16:59:09.256+0000] {logging_mixin.py:188} INFO - [2025-07-05T16:59:09.256+0000] {dagbag.py:545} INFO - Filling up the DagBag from /opt/airflow/dags/daily_github_inference.py
[2025-07-05T16:59:11.140+0000] {processor.py:840} INFO - DAG(s) 'daily_github_inference' retrieved from /opt/airflow/dags/daily_github_inference.py
[2025-07-05T16:59:11.172+0000] {logging_mixin.py:188} INFO - [2025-07-05T16:59:11.171+0000] {dag.py:3096} INFO - Sync 1 DAGs
[2025-07-05T16:59:11.242+0000] {logging_mixin.py:188} INFO - [2025-07-05T16:59:11.242+0000] {dag.py:3954} INFO - Setting next_dagrun for daily_github_inference to 2025-07-05 00:00:00+00:00, run_after=2025-07-06 00:00:00+00:00
[2025-07-05T16:59:11.291+0000] {processor.py:183} INFO - Processing /opt/airflow/dags/daily_github_inference.py took 2.070 seconds
[2025-07-05T16:59:41.593+0000] {processor.py:161} INFO - Started process (PID=215) to work on /opt/airflow/dags/daily_github_inference.py
[2025-07-05T16:59:41.595+0000] {processor.py:830} INFO - Processing file /opt/airflow/dags/daily_github_inference.py for tasks to queue
[2025-07-05T16:59:41.598+0000] {logging_mixin.py:188} INFO - [2025-07-05T16:59:41.597+0000] {dagbag.py:545} INFO - Filling up the DagBag from /opt/airflow/dags/daily_github_inference.py
[2025-07-05T16:59:42.419+0000] {processor.py:840} INFO - DAG(s) 'daily_github_inference' retrieved from /opt/airflow/dags/daily_github_inference.py
[2025-07-05T16:59:43.363+0000] {logging_mixin.py:188} INFO - [2025-07-05T16:59:43.362+0000] {dag.py:3096} INFO - Sync 1 DAGs
[2025-07-05T16:59:43.387+0000] {logging_mixin.py:188} INFO - [2025-07-05T16:59:43.386+0000] {dag.py:3954} INFO - Setting next_dagrun for daily_github_inference to 2025-07-05 00:00:00+00:00, run_after=2025-07-06 00:00:00+00:00
[2025-07-05T16:59:43.427+0000] {processor.py:183} INFO - Processing /opt/airflow/dags/daily_github_inference.py took 1.864 seconds
[2025-07-05T17:00:13.643+0000] {processor.py:161} INFO - Started process (PID=252) to work on /opt/airflow/dags/daily_github_inference.py
[2025-07-05T17:00:13.645+0000] {processor.py:830} INFO - Processing file /opt/airflow/dags/daily_github_inference.py for tasks to queue
[2025-07-05T17:00:13.649+0000] {logging_mixin.py:188} INFO - [2025-07-05T17:00:13.649+0000] {dagbag.py:545} INFO - Filling up the DagBag from /opt/airflow/dags/daily_github_inference.py
[2025-07-05T17:00:14.432+0000] {processor.py:840} INFO - DAG(s) 'daily_github_inference' retrieved from /opt/airflow/dags/daily_github_inference.py
[2025-07-05T17:00:14.487+0000] {logging_mixin.py:188} INFO - [2025-07-05T17:00:14.486+0000] {dag.py:3096} INFO - Sync 1 DAGs
[2025-07-05T17:00:14.549+0000] {logging_mixin.py:188} INFO - [2025-07-05T17:00:14.549+0000] {dag.py:3954} INFO - Setting next_dagrun for daily_github_inference to 2025-07-05 00:00:00+00:00, run_after=2025-07-06 00:00:00+00:00
[2025-07-05T17:00:14.591+0000] {processor.py:183} INFO - Processing /opt/airflow/dags/daily_github_inference.py took 0.965 seconds
