[2025-07-05T22:05:43.766+0000] {local_task_job_runner.py:120} INFO - ::group::Pre task execution logs
[2025-07-05T22:05:43.787+0000] {taskinstance.py:2076} INFO - Dependencies all met for dep_context=non-requeueable deps ti=<TaskInstance: daily_monitoring_dag.run_drift_monitoring manual__2025-07-05T22:05:39.191341+00:00 [queued]>
[2025-07-05T22:05:43.793+0000] {taskinstance.py:2076} INFO - Dependencies all met for dep_context=requeueable deps ti=<TaskInstance: daily_monitoring_dag.run_drift_monitoring manual__2025-07-05T22:05:39.191341+00:00 [queued]>
[2025-07-05T22:05:43.793+0000] {taskinstance.py:2306} INFO - Starting attempt 1 of 2
[2025-07-05T22:05:43.803+0000] {taskinstance.py:2330} INFO - Executing <Task(PythonOperator): run_drift_monitoring> on 2025-07-05 22:05:39.191341+00:00
[2025-07-05T22:05:43.813+0000] {logging_mixin.py:188} WARNING - /home/***/.local/lib/python3.12/site-packages/***/task/task_runner/standard_task_runner.py:61 DeprecationWarning: This process (pid=242) is multi-threaded, use of fork() may lead to deadlocks in the child.
[2025-07-05T22:05:43.813+0000] {standard_task_runner.py:63} INFO - Started process 245 to run task
[2025-07-05T22:05:43.813+0000] {standard_task_runner.py:90} INFO - Running: ['***', 'tasks', 'run', 'daily_monitoring_dag', 'run_drift_monitoring', 'manual__2025-07-05T22:05:39.191341+00:00', '--job-id', '68', '--raw', '--subdir', 'DAGS_FOLDER/daily_monitoring_dag.py', '--cfg-path', '/tmp/tmppcbeungb']
[2025-07-05T22:05:43.815+0000] {standard_task_runner.py:91} INFO - Job 68: Subtask run_drift_monitoring
[2025-07-05T22:05:43.825+0000] {logging_mixin.py:188} WARNING - /home/***/.local/lib/python3.12/site-packages/***/settings.py:195 DeprecationWarning: The sql_alchemy_conn option in [core] has been moved to the sql_alchemy_conn option in [database] - the old setting has been used, but please update your config.
[2025-07-05T22:05:43.857+0000] {task_command.py:426} INFO - Running <TaskInstance: daily_monitoring_dag.run_drift_monitoring manual__2025-07-05T22:05:39.191341+00:00 [running]> on host 7a94b2965fbf
[2025-07-05T22:05:43.968+0000] {taskinstance.py:2648} INFO - Exporting env vars: AIRFLOW_CTX_DAG_OWNER='rajat' AIRFLOW_CTX_DAG_ID='daily_monitoring_dag' AIRFLOW_CTX_TASK_ID='run_drift_monitoring' AIRFLOW_CTX_EXECUTION_DATE='2025-07-05T22:05:39.191341+00:00' AIRFLOW_CTX_TRY_NUMBER='1' AIRFLOW_CTX_DAG_RUN_ID='manual__2025-07-05T22:05:39.191341+00:00'
[2025-07-05T22:05:43.969+0000] {taskinstance.py:430} INFO - ::endgroup::
[2025-07-05T22:05:43.983+0000] {logging_mixin.py:188} INFO - [INFO] Monitoring drift: ref=2025-07-03-15, current=2025-07-04-15
[2025-07-05T22:05:44.889+0000] {logging_mixin.py:188} INFO - [INFO] Drift report saved:
 - reports/drift_report_2025-07-05-220544.html
 - reports/drift_report_2025-07-05-220544.json
[2025-07-05T22:05:44.905+0000] {python.py:237} INFO - Done. Returned value was: None
[2025-07-05T22:05:44.906+0000] {taskinstance.py:441} INFO - ::group::Post task execution logs
[2025-07-05T22:05:44.913+0000] {taskinstance.py:1206} INFO - Marking task as SUCCESS. dag_id=daily_monitoring_dag, task_id=run_drift_monitoring, run_id=manual__2025-07-05T22:05:39.191341+00:00, execution_date=20250705T220539, start_date=20250705T220543, end_date=20250705T220544
[2025-07-05T22:05:44.951+0000] {local_task_job_runner.py:240} INFO - Task exited with return code 0
[2025-07-05T22:05:44.964+0000] {taskinstance.py:3498} INFO - 0 downstream tasks scheduled from follow-on schedule check
[2025-07-05T22:05:44.965+0000] {local_task_job_runner.py:222} INFO - ::endgroup::
