[2025-07-05T16:59:00.377+0000] {local_task_job_runner.py:120} INFO - ::group::Pre task execution logs
[2025-07-05T16:59:00.560+0000] {taskinstance.py:2076} INFO - Dependencies all met for dep_context=non-requeueable deps ti=<TaskInstance: daily_github_inference.download_and_parse_github_data scheduled__2025-07-04T00:00:00+00:00 [queued]>
[2025-07-05T16:59:00.614+0000] {taskinstance.py:2076} INFO - Dependencies all met for dep_context=requeueable deps ti=<TaskInstance: daily_github_inference.download_and_parse_github_data scheduled__2025-07-04T00:00:00+00:00 [queued]>
[2025-07-05T16:59:00.618+0000] {taskinstance.py:2306} INFO - Starting attempt 1 of 2
[2025-07-05T16:59:00.716+0000] {taskinstance.py:2330} INFO - Executing <Task(PythonOperator): download_and_parse_github_data> on 2025-07-04 00:00:00+00:00
[2025-07-05T16:59:00.790+0000] {standard_task_runner.py:90} INFO - Running: ['***', 'tasks', 'run', 'daily_github_inference', 'download_and_parse_github_data', 'scheduled__2025-07-04T00:00:00+00:00', '--job-id', '54', '--raw', '--subdir', 'DAGS_FOLDER/daily_github_inference.py', '--cfg-path', '/tmp/tmpihxkd9qd']
[2025-07-05T16:59:00.799+0000] {standard_task_runner.py:91} INFO - Job 54: Subtask download_and_parse_github_data
[2025-07-05T16:59:00.794+0000] {logging_mixin.py:188} WARNING - /home/***/.local/lib/python3.12/site-packages/***/task/task_runner/standard_task_runner.py:61 DeprecationWarning: This process (pid=167) is multi-threaded, use of fork() may lead to deadlocks in the child.
[2025-07-05T16:59:00.808+0000] {standard_task_runner.py:63} INFO - Started process 170 to run task
[2025-07-05T16:59:00.863+0000] {logging_mixin.py:188} WARNING - /home/***/.local/lib/python3.12/site-packages/***/settings.py:195 DeprecationWarning: The sql_alchemy_conn option in [core] has been moved to the sql_alchemy_conn option in [database] - the old setting has been used, but please update your config.
[2025-07-05T16:59:01.712+0000] {task_command.py:426} INFO - Running <TaskInstance: daily_github_inference.download_and_parse_github_data scheduled__2025-07-04T00:00:00+00:00 [running]> on host e98cc3c92ee0
[2025-07-05T16:59:02.162+0000] {taskinstance.py:2648} INFO - Exporting env vars: AIRFLOW_CTX_DAG_OWNER='rajat' AIRFLOW_CTX_DAG_ID='daily_github_inference' AIRFLOW_CTX_TASK_ID='download_and_parse_github_data' AIRFLOW_CTX_EXECUTION_DATE='2025-07-04T00:00:00+00:00' AIRFLOW_CTX_TRY_NUMBER='1' AIRFLOW_CTX_DAG_RUN_ID='scheduled__2025-07-04T00:00:00+00:00'
[2025-07-05T16:59:02.174+0000] {taskinstance.py:430} INFO - ::endgroup::
[2025-07-05T16:59:02.500+0000] {logging_mixin.py:188} INFO - [INFO] Starting ingestion for timestamp: 2025-07-03-15
[2025-07-05T16:59:02.503+0000] {logging_mixin.py:188} INFO - [INFO] Raw file already exists: data/raw/2025-07-03-15.json.gz
[2025-07-05T16:59:24.219+0000] {logging_mixin.py:188} INFO - [INFO] Parsed 100000 events
[2025-07-05T16:59:24.220+0000] {logging_mixin.py:188} INFO - [INFO] Saved structured data to data/processed/2025-07-03-15.parquet
[2025-07-05T16:59:24.257+0000] {python.py:237} INFO - Done. Returned value was: None
[2025-07-05T16:59:24.259+0000] {taskinstance.py:441} INFO - ::group::Post task execution logs
[2025-07-05T16:59:24.273+0000] {taskinstance.py:1206} INFO - Marking task as SUCCESS. dag_id=daily_github_inference, task_id=download_and_parse_github_data, run_id=scheduled__2025-07-04T00:00:00+00:00, execution_date=20250704T000000, start_date=20250705T165900, end_date=20250705T165924
[2025-07-05T16:59:24.348+0000] {local_task_job_runner.py:240} INFO - Task exited with return code 0
[2025-07-05T16:59:24.378+0000] {taskinstance.py:3498} INFO - 1 downstream tasks scheduled from follow-on schedule check
[2025-07-05T16:59:24.379+0000] {local_task_job_runner.py:222} INFO - ::endgroup::
