[2025-07-06T00:20:00.628+0000] {local_task_job_runner.py:120} INFO - ::group::Pre task execution logs
[2025-07-06T00:20:00.664+0000] {taskinstance.py:2076} INFO - Dependencies all met for dep_context=non-requeueable deps ti=<TaskInstance: daily_github_inference.download_and_parse_github_data scheduled__2025-07-05T00:00:00+00:00 [queued]>
[2025-07-06T00:20:00.671+0000] {taskinstance.py:2076} INFO - Dependencies all met for dep_context=requeueable deps ti=<TaskInstance: daily_github_inference.download_and_parse_github_data scheduled__2025-07-05T00:00:00+00:00 [queued]>
[2025-07-06T00:20:00.672+0000] {taskinstance.py:2306} INFO - Starting attempt 1 of 2
[2025-07-06T00:20:00.686+0000] {taskinstance.py:2330} INFO - Executing <Task(PythonOperator): download_and_parse_github_data> on 2025-07-05 00:00:00+00:00
[2025-07-06T00:20:00.722+0000] {logging_mixin.py:188} WARNING - /home/***/.local/lib/python3.12/site-packages/***/task/task_runner/standard_task_runner.py:61 DeprecationWarning: This process (pid=248) is multi-threaded, use of fork() may lead to deadlocks in the child.
[2025-07-06T00:20:00.716+0000] {standard_task_runner.py:90} INFO - Running: ['***', 'tasks', 'run', 'daily_github_inference', 'download_and_parse_github_data', 'scheduled__2025-07-05T00:00:00+00:00', '--job-id', '5', '--raw', '--subdir', 'DAGS_FOLDER/daily_github_inference.py', '--cfg-path', '/tmp/tmp_puju4vx']
[2025-07-06T00:20:00.728+0000] {standard_task_runner.py:91} INFO - Job 5: Subtask download_and_parse_github_data
[2025-07-06T00:20:00.729+0000] {standard_task_runner.py:63} INFO - Started process 253 to run task
[2025-07-06T00:20:00.755+0000] {logging_mixin.py:188} WARNING - /home/***/.local/lib/python3.12/site-packages/***/settings.py:195 DeprecationWarning: The sql_alchemy_conn option in [core] has been moved to the sql_alchemy_conn option in [database] - the old setting has been used, but please update your config.
[2025-07-06T00:20:00.798+0000] {task_command.py:426} INFO - Running <TaskInstance: daily_github_inference.download_and_parse_github_data scheduled__2025-07-05T00:00:00+00:00 [running]> on host 99d948e6500d
[2025-07-06T00:20:01.072+0000] {taskinstance.py:2648} INFO - Exporting env vars: AIRFLOW_CTX_DAG_OWNER='rajat' AIRFLOW_CTX_DAG_ID='daily_github_inference' AIRFLOW_CTX_TASK_ID='download_and_parse_github_data' AIRFLOW_CTX_EXECUTION_DATE='2025-07-05T00:00:00+00:00' AIRFLOW_CTX_TRY_NUMBER='1' AIRFLOW_CTX_DAG_RUN_ID='scheduled__2025-07-05T00:00:00+00:00'
[2025-07-06T00:20:01.074+0000] {taskinstance.py:430} INFO - ::endgroup::
[2025-07-06T00:20:01.087+0000] {logging_mixin.py:188} INFO - [INFO] Starting ingestion for timestamp: 2025-07-04-15
[2025-07-06T00:20:01.087+0000] {logging_mixin.py:188} INFO - [INFO] Raw file already exists: data/raw/2025-07-04-15.json.gz
[2025-07-06T00:20:05.799+0000] {logging_mixin.py:188} INFO - [INFO] Parsed 100000 events
[2025-07-06T00:20:05.799+0000] {logging_mixin.py:188} INFO - [INFO] Saved structured data to data/processed/2025-07-04-15.parquet
[2025-07-06T00:20:05.816+0000] {python.py:237} INFO - Done. Returned value was: None
[2025-07-06T00:20:05.816+0000] {taskinstance.py:441} INFO - ::group::Post task execution logs
[2025-07-06T00:20:05.823+0000] {taskinstance.py:1206} INFO - Marking task as SUCCESS. dag_id=daily_github_inference, task_id=download_and_parse_github_data, run_id=scheduled__2025-07-05T00:00:00+00:00, execution_date=20250705T000000, start_date=20250706T002000, end_date=20250706T002005
[2025-07-06T00:20:05.895+0000] {local_task_job_runner.py:240} INFO - Task exited with return code 0
[2025-07-06T00:20:05.911+0000] {taskinstance.py:3498} INFO - 1 downstream tasks scheduled from follow-on schedule check
[2025-07-06T00:20:05.912+0000] {local_task_job_runner.py:222} INFO - ::endgroup::
